# JRE version: OpenJDK Runtime Environment Temurin-21.0.8+9 (21.0.8+9) (build 21.0.8+9-LTS)
# Java VM: OpenJDK 64-Bit Server VM Temurin-21.0.8+9 (21.0.8+9-LTS, mixed mode, sharing, tiered, compressed oops, compressed class ptrs, parallel gc, windows-amd64)
GC Precious Log:
 CardTable entry size: 512
 CPUs: 16 total, 16 available
 Memory: 16085M
 Large Page Support: Disabled
 NUMA Support: Disabled
 Compressed Oops: Enabled (32-bit)
 Alignments: Space 512K, Generation 512K, Heap 2M
 Heap Min Capacity: 100M
 Heap Initial Capacity: 100M
 Heap Max Capacity: 2G
 Pre-touch: Disabled
 Parallel Workers: 13
Heap:
 PSYoungGen      total 10240K, used 7592K [0x00000000d5580000, 0x00000000d6000000, 0x0000000100000000)
  eden space 9216K, 79% used [0x00000000d5580000,0x00000000d5cacfd8,0x00000000d5e80000)
  from space 1024K, 23% used [0x00000000d5e80000,0x00000000d5ebd200,0x00000000d5f80000)
  to   space 512K, 0% used [0x00000000d5f80000,0x00000000d5f80000,0x00000000d6000000)
 ParOldGen       total 124928K, used 124612K [0x0000000080000000, 0x0000000087a00000, 0x00000000d5580000)
  object space 124928K, 99% used [0x0000000080000000,0x00000000879b1348,0x0000000087a00000)
 Metaspace       used 66693K, committed 68224K, reserved 1114112K
  class space    used 6706K, committed 7360K, reserved 1048576K
GC Heap History (20 events):
Event: 9.928 GC heap before
{Heap before GC invocations=141 (full 3):
 PSYoungGen      total 10752K, used 10474K [0x00000000d5580000, 0x00000000d6280000, 0x0000000100000000)
  eden space 9216K, 100% used [0x00000000d5580000,0x00000000d5e80000,0x00000000d5e80000)
  from space 1536K, 81% used [0x00000000d5e80000,0x00000000d5fba910,0x00000000d6000000)
  to   space 2048K, 0% used [0x00000000d6080000,0x00000000d6080000,0x00000000d6280000)
 ParOldGen       total 117760K, used 117412K [0x0000000080000000, 0x0000000087300000, 0x00000000d5580000)
  object space 117760K, 99% used [0x0000000080000000,0x00000000872a90c8,0x0000000087300000)
 Metaspace       used 66297K, committed 67840K, reserved 1114112K
  class space    used 6688K, committed 7360K, reserved 1048576K
}
Event: 9.930 GC heap after
{Heap after GC invocations=141 (full 3):
 PSYoungGen      total 11264K, used 1560K [0x00000000d5580000, 0x00000000d6280000, 0x0000000100000000)
  eden space 9216K, 0% used [0x00000000d5580000,0x00000000d5580000,0x00000000d5e80000)
  from space 2048K, 76% used [0x00000000d6080000,0x00000000d6206028,0x00000000d6280000)
  to   space 2048K, 0% used [0x00000000d5e80000,0x00000000d5e80000,0x00000000d6080000)
 ParOldGen       total 118784K, used 118380K [0x0000000080000000, 0x0000000087400000, 0x00000000d5580000)
  object space 118784K, 99% used [0x0000000080000000,0x000000008739b2b0,0x0000000087400000)
 Metaspace       used 66297K, committed 67840K, reserved 1114112K
  class space    used 6688K, committed 7360K, reserved 1048576K
}
Event: 9.952 GC heap before
{Heap before GC invocations=142 (full 3):
 PSYoungGen      total 11264K, used 10776K [0x00000000d5580000, 0x00000000d6280000, 0x0000000100000000)
  eden space 9216K, 100% used [0x00000000d5580000,0x00000000d5e80000,0x00000000d5e80000)
  from space 2048K, 76% used [0x00000000d6080000,0x00000000d6206028,0x00000000d6280000)
  to   space 2048K, 0% used [0x00000000d5e80000,0x00000000d5e80000,0x00000000d6080000)
 ParOldGen       total 118784K, used 118380K [0x0000000080000000, 0x0000000087400000, 0x00000000d5580000)
  object space 118784K, 99% used [0x0000000080000000,0x000000008739b2b0,0x0000000087400000)
 Metaspace       used 66303K, committed 67840K, reserved 1114112K
  class space    used 6688K, committed 7360K, reserved 1048576K
}
Event: 9.953 GC heap after
{Heap after GC invocations=142 (full 3):
 PSYoungGen      total 10752K, used 1108K [0x00000000d5580000, 0x00000000d6180000, 0x0000000100000000)
  eden space 9216K, 0% used [0x00000000d5580000,0x00000000d5580000,0x00000000d5e80000)
  from space 1536K, 72% used [0x00000000d5e80000,0x00000000d5f95220,0x00000000d6000000)
  to   space 1536K, 0% used [0x00000000d6000000,0x00000000d6000000,0x00000000d6180000)
 ParOldGen       total 119808K, used 119592K [0x0000000080000000, 0x0000000087500000, 0x00000000d5580000)
  object space 119808K, 99% used [0x0000000080000000,0x00000000874ca1a8,0x0000000087500000)
 Metaspace       used 66303K, committed 67840K, reserved 1114112K
  class space    used 6688K, committed 7360K, reserved 1048576K
}
Event: 9.972 GC heap before
{Heap before GC invocations=143 (full 3):
 PSYoungGen      total 10752K, used 10324K [0x00000000d5580000, 0x00000000d6180000, 0x0000000100000000)
  eden space 9216K, 100% used [0x00000000d5580000,0x00000000d5e80000,0x00000000d5e80000)
  from space 1536K, 72% used [0x00000000d5e80000,0x00000000d5f95220,0x00000000d6000000)
  to   space 1536K, 0% used [0x00000000d6000000,0x00000000d6000000,0x00000000d6180000)
 ParOldGen       total 119808K, used 119592K [0x0000000080000000, 0x0000000087500000, 0x00000000d5580000)
  object space 119808K, 99% used [0x0000000080000000,0x00000000874ca1a8,0x0000000087500000)
 Metaspace       used 66314K, committed 67904K, reserved 1114112K
  class space    used 6688K, committed 7360K, reserved 1048576K
}
Event: 9.974 GC heap after
{Heap after GC invocations=143 (full 3):
 PSYoungGen      total 10240K, used 746K [0x00000000d5580000, 0x00000000d6100000, 0x0000000100000000)
  eden space 9216K, 0% used [0x00000000d5580000,0x00000000d5580000,0x00000000d5e80000)
  from space 1024K, 72% used [0x00000000d6000000,0x00000000d60ba910,0x00000000d6100000)
  to   space 1024K, 0% used [0x00000000d5f00000,0x00000000d5f00000,0x00000000d6000000)
 ParOldGen       total 120832K, used 120420K [0x0000000080000000, 0x0000000087600000, 0x00000000d5580000)
  object space 120832K, 99% used [0x0000000080000000,0x00000000875991d8,0x0000000087600000)
 Metaspace       used 66314K, committed 67904K, reserved 1114112K
  class space    used 6688K, committed 7360K, reserved 1048576K
}
Event: 9.992 GC heap before
{Heap before GC invocations=144 (full 3):
 PSYoungGen      total 10240K, used 9962K [0x00000000d5580000, 0x00000000d6100000, 0x0000000100000000)
  eden space 9216K, 100% used [0x00000000d5580000,0x00000000d5e80000,0x00000000d5e80000)
  from space 1024K, 72% used [0x00000000d6000000,0x00000000d60ba910,0x00000000d6100000)
  to   space 1024K, 0% used [0x00000000d5f00000,0x00000000d5f00000,0x00000000d6000000)
 ParOldGen       total 120832K, used 120420K [0x0000000080000000, 0x0000000087600000, 0x00000000d5580000)
  object space 120832K, 99% used [0x0000000080000000,0x00000000875991d8,0x0000000087600000)
 Metaspace       used 66330K, committed 67904K, reserved 1114112K
  class space    used 6688K, committed 7360K, reserved 1048576K
}
Event: 9.993 GC heap after
{Heap after GC invocations=144 (full 3):
 PSYoungGen      total 10240K, used 1018K [0x00000000d5580000, 0x00000000d6180000, 0x0000000100000000)
  eden space 9216K, 0% used [0x00000000d5580000,0x00000000d5580000,0x00000000d5e80000)
  from space 1024K, 99% used [0x00000000d5f00000,0x00000000d5ffe920,0x00000000d6000000)
  to   space 1536K, 0% used [0x00000000d6000000,0x00000000d6000000,0x00000000d6180000)
 ParOldGen       total 121344K, used 120986K [0x0000000080000000, 0x0000000087680000, 0x00000000d5580000)
  object space 121344K, 99% used [0x0000000080000000,0x00000000876268b0,0x0000000087680000)
 Metaspace       used 66330K, committed 67904K, reserved 1114112K
  class space    used 6688K, committed 7360K, reserved 1048576K
}
Event: 10.006 GC heap before
{Heap before GC invocations=145 (full 3):
 PSYoungGen      total 10240K, used 10234K [0x00000000d5580000, 0x00000000d6180000, 0x0000000100000000)
  eden space 9216K, 100% used [0x00000000d5580000,0x00000000d5e80000,0x00000000d5e80000)
  from space 1024K, 99% used [0x00000000d5f00000,0x00000000d5ffe920,0x00000000d6000000)
  to   space 1536K, 0% used [0x00000000d6000000,0x00000000d6000000,0x00000000d6180000)
 ParOldGen       total 121344K, used 120986K [0x0000000080000000, 0x0000000087680000, 0x00000000d5580000)
  object space 121344K, 99% used [0x0000000080000000,0x00000000876268b0,0x0000000087680000)
 Metaspace       used 66336K, committed 67904K, reserved 1114112K
  class space    used 6688K, committed 7360K, reserved 1048576K
}
Event: 10.007 GC heap after
{Heap after GC invocations=145 (full 3):
 PSYoungGen      total 10752K, used 1024K [0x00000000d5580000, 0x00000000d6180000, 0x0000000100000000)
  eden space 9216K, 0% used [0x00000000d5580000,0x00000000d5580000,0x00000000d5e80000)
  from space 1536K, 66% used [0x00000000d6000000,0x00000000d6100020,0x00000000d6180000)
  to   space 1536K, 0% used [0x00000000d5e80000,0x00000000d5e80000,0x00000000d6000000)
 ParOldGen       total 122368K, used 121861K [0x0000000080000000, 0x0000000087780000, 0x00000000d5580000)
  object space 122368K, 99% used [0x0000000080000000,0x0000000087701728,0x0000000087780000)
 Metaspace       used 66336K, committed 67904K, reserved 1114112K
  class space    used 6688K, committed 7360K, reserved 1048576K
}
Event: 10.036 GC heap before
{Heap before GC invocations=146 (full 3):
 PSYoungGen      total 10752K, used 10240K [0x00000000d5580000, 0x00000000d6180000, 0x0000000100000000)
  eden space 9216K, 100% used [0x00000000d5580000,0x00000000d5e80000,0x00000000d5e80000)
  from space 1536K, 66% used [0x00000000d6000000,0x00000000d6100020,0x00000000d6180000)
  to   space 1536K, 0% used [0x00000000d5e80000,0x00000000d5e80000,0x00000000d6000000)
 ParOldGen       total 122368K, used 121861K [0x0000000080000000, 0x0000000087780000, 0x00000000d5580000)
  object space 122368K, 99% used [0x0000000080000000,0x0000000087701728,0x0000000087780000)
 Metaspace       used 66360K, committed 67904K, reserved 1114112K
  class space    used 6689K, committed 7360K, reserved 1048576K
}
Event: 10.038 GC heap after
{Heap after GC invocations=146 (full 3):
 PSYoungGen      total 9728K, used 500K [0x00000000d5580000, 0x00000000d6080000, 0x0000000100000000)
  eden space 9216K, 0% used [0x00000000d5580000,0x00000000d5580000,0x00000000d5e80000)
  from space 512K, 97% used [0x00000000d5e80000,0x00000000d5efd200,0x00000000d5f00000)
  to   space 1024K, 0% used [0x00000000d5f80000,0x00000000d5f80000,0x00000000d6080000)
 ParOldGen       total 122880K, used 122757K [0x0000000080000000, 0x0000000087800000, 0x00000000d5580000)
  object space 122880K, 99% used [0x0000000080000000,0x00000000877e1768,0x0000000087800000)
 Metaspace       used 66360K, committed 67904K, reserved 1114112K
  class space    used 6689K, committed 7360K, reserved 1048576K
}
Event: 10.060 GC heap before
{Heap before GC invocations=147 (full 3):
 PSYoungGen      total 9728K, used 9716K [0x00000000d5580000, 0x00000000d6080000, 0x0000000100000000)
  eden space 9216K, 100% used [0x00000000d5580000,0x00000000d5e80000,0x00000000d5e80000)
  from space 512K, 97% used [0x00000000d5e80000,0x00000000d5efd200,0x00000000d5f00000)
  to   space 1024K, 0% used [0x00000000d5f80000,0x00000000d5f80000,0x00000000d6080000)
 ParOldGen       total 122880K, used 122757K [0x0000000080000000, 0x0000000087800000, 0x00000000d5580000)
  object space 122880K, 99% used [0x0000000080000000,0x00000000877e1768,0x0000000087800000)
 Metaspace       used 66374K, committed 67904K, reserved 1114112K
  class space    used 6689K, committed 7360K, reserved 1048576K
}
Event: 10.061 GC heap after
{Heap after GC invocations=147 (full 3):
 PSYoungGen      total 10240K, used 682K [0x00000000d5580000, 0x00000000d6080000, 0x0000000100000000)
  eden space 9216K, 0% used [0x00000000d5580000,0x00000000d5580000,0x00000000d5e80000)
  from space 1024K, 66% used [0x00000000d5f80000,0x00000000d602a910,0x00000000d6080000)
  to   space 1024K, 0% used [0x00000000d5e80000,0x00000000d5e80000,0x00000000d5f80000)
 ParOldGen       total 123392K, used 123021K [0x0000000080000000, 0x0000000087880000, 0x00000000d5580000)
  object space 123392K, 99% used [0x0000000080000000,0x0000000087823768,0x0000000087880000)
 Metaspace       used 66374K, committed 67904K, reserved 1114112K
  class space    used 6689K, committed 7360K, reserved 1048576K
}
Event: 10.092 GC heap before
{Heap before GC invocations=148 (full 3):
 PSYoungGen      total 10240K, used 9898K [0x00000000d5580000, 0x00000000d6080000, 0x0000000100000000)
  eden space 9216K, 100% used [0x00000000d5580000,0x00000000d5e80000,0x00000000d5e80000)
  from space 1024K, 66% used [0x00000000d5f80000,0x00000000d602a910,0x00000000d6080000)
  to   space 1024K, 0% used [0x00000000d5e80000,0x00000000d5e80000,0x00000000d5f80000)
 ParOldGen       total 123392K, used 123021K [0x0000000080000000, 0x0000000087880000, 0x00000000d5580000)
  object space 123392K, 99% used [0x0000000080000000,0x0000000087823768,0x0000000087880000)
 Metaspace       used 66406K, committed 67968K, reserved 1114112K
  class space    used 6690K, committed 7360K, reserved 1048576K
}
Event: 10.093 GC heap after
{Heap after GC invocations=148 (full 3):
 PSYoungGen      total 10240K, used 666K [0x00000000d5580000, 0x00000000d6080000, 0x0000000100000000)
  eden space 9216K, 0% used [0x00000000d5580000,0x00000000d5580000,0x00000000d5e80000)
  from space 1024K, 65% used [0x00000000d5e80000,0x00000000d5f26900,0x00000000d5f80000)
  to   space 1024K, 0% used [0x00000000d5f80000,0x00000000d5f80000,0x00000000d6080000)
 ParOldGen       total 123904K, used 123498K [0x0000000080000000, 0x0000000087900000, 0x00000000d5580000)
  object space 123904K, 99% used [0x0000000080000000,0x000000008789a998,0x0000000087900000)
 Metaspace       used 66406K, committed 67968K, reserved 1114112K
  class space    used 6690K, committed 7360K, reserved 1048576K
}
Event: 10.116 GC heap before
{Heap before GC invocations=149 (full 3):
 PSYoungGen      total 10240K, used 9882K [0x00000000d5580000, 0x00000000d6080000, 0x0000000100000000)
  eden space 9216K, 100% used [0x00000000d5580000,0x00000000d5e80000,0x00000000d5e80000)
  from space 1024K, 65% used [0x00000000d5e80000,0x00000000d5f26900,0x00000000d5f80000)
  to   space 1024K, 0% used [0x00000000d5f80000,0x00000000d5f80000,0x00000000d6080000)
 ParOldGen       total 123904K, used 123498K [0x0000000080000000, 0x0000000087900000, 0x00000000d5580000)
  object space 123904K, 99% used [0x0000000080000000,0x000000008789a998,0x0000000087900000)
 Metaspace       used 66412K, committed 67968K, reserved 1114112K
  class space    used 6690K, committed 7360K, reserved 1048576K
}
Event: 10.117 GC heap after
{Heap after GC invocations=149 (full 3):
 PSYoungGen      total 10240K, used 704K [0x00000000d5580000, 0x00000000d6080000, 0x0000000100000000)
  eden space 9216K, 0% used [0x00000000d5580000,0x00000000d5580000,0x00000000d5e80000)
  from space 1024K, 68% used [0x00000000d5f80000,0x00000000d6030000,0x00000000d6080000)
  to   space 1024K, 0% used [0x00000000d5e80000,0x00000000d5e80000,0x00000000d5f80000)
 ParOldGen       total 124416K, used 123974K [0x0000000080000000, 0x0000000087980000, 0x00000000d5580000)
  object space 124416K, 99% used [0x0000000080000000,0x0000000087911ba8,0x0000000087980000)
 Metaspace       used 66412K, committed 67968K, reserved 1114112K
  class space    used 6690K, committed 7360K, reserved 1048576K
}
Event: 10.143 GC heap before
{Heap before GC invocations=150 (full 3):
 PSYoungGen      total 10240K, used 9920K [0x00000000d5580000, 0x00000000d6080000, 0x0000000100000000)
  eden space 9216K, 100% used [0x00000000d5580000,0x00000000d5e80000,0x00000000d5e80000)
  from space 1024K, 68% used [0x00000000d5f80000,0x00000000d6030000,0x00000000d6080000)
  to   space 1024K, 0% used [0x00000000d5e80000,0x00000000d5e80000,0x00000000d5f80000)
 ParOldGen       total 124416K, used 123974K [0x0000000080000000, 0x0000000087980000, 0x00000000d5580000)
  object space 124416K, 99% used [0x0000000080000000,0x0000000087911ba8,0x0000000087980000)
 Metaspace       used 66422K, committed 67968K, reserved 1114112K
  class space    used 6690K, committed 7360K, reserved 1048576K
}
Event: 10.144 GC heap after
{Heap after GC invocations=150 (full 3):
 PSYoungGen      total 10240K, used 244K [0x00000000d5580000, 0x00000000d6000000, 0x0000000100000000)
  eden space 9216K, 0% used [0x00000000d5580000,0x00000000d5580000,0x00000000d5e80000)
  from space 1024K, 23% used [0x00000000d5e80000,0x00000000d5ebd200,0x00000000d5f80000)
  to   space 512K, 0% used [0x00000000d5f80000,0x00000000d5f80000,0x00000000d6000000)
 ParOldGen       total 124928K, used 124612K [0x0000000080000000, 0x0000000087a00000, 0x00000000d5580000)
  object space 124928K, 99% used [0x0000000080000000,0x00000000879b1348,0x0000000087a00000)
 Metaspace       used 66422K, committed 67968K, reserved 1114112K
  class space    used 6690K, committed 7360K, reserved 1048576K
}

