# JRE version: OpenJDK Runtime Environment Temurin-21.0.8+9 (21.0.8+9) (build 21.0.8+9-LTS)
# Java VM: OpenJDK 64-Bit Server VM Temurin-21.0.8+9 (21.0.8+9-LTS, mixed mode, sharing, tiered, compressed oops, compressed class ptrs, parallel gc, windows-amd64)
GC Precious Log:
 CardTable entry size: 512
 CPUs: 16 total, 16 available
 Memory: 16085M
 Large Page Support: Disabled
 NUMA Support: Disabled
 Compressed Oops: Enabled (32-bit)
 Alignments: Space 512K, Generation 512K, Heap 2M
 Heap Min Capacity: 100M
 Heap Initial Capacity: 100M
 Heap Max Capacity: 2G
 Pre-touch: Disabled
 Parallel Workers: 13
Heap:
 PSYoungGen      total 14336K, used 4026K [0x00000000d5580000, 0x00000000d6480000, 0x0000000100000000)
  eden space 13312K, 27% used [0x00000000d5580000,0x00000000d5906be8,0x00000000d6280000)
  from space 1024K, 40% used [0x00000000d6380000,0x00000000d63e8000,0x00000000d6480000)
  to   space 1024K, 0% used [0x00000000d6280000,0x00000000d6280000,0x00000000d6380000)
 ParOldGen       total 68608K, used 54440K [0x0000000080000000, 0x0000000084300000, 0x00000000d5580000)
  object space 68608K, 79% used [0x0000000080000000,0x000000008352a3d0,0x0000000084300000)
 Metaspace       used 58081K, committed 59456K, reserved 1114112K
  class space    used 6180K, committed 6784K, reserved 1048576K
GC Heap History (20 events):
Event: 13.778 GC heap before
{Heap before GC invocations=41 (full 2):
 PSYoungGen      total 14848K, used 14575K [0x00000000d5580000, 0x00000000d6600000, 0x0000000100000000)
  eden space 13312K, 99% used [0x00000000d5580000,0x00000000d627d908,0x00000000d6280000)
  from space 1536K, 82% used [0x00000000d6480000,0x00000000d65be3d0,0x00000000d6600000)
  to   space 1536K, 0% used [0x00000000d6300000,0x00000000d6300000,0x00000000d6480000)
 ParOldGen       total 68608K, used 52040K [0x0000000080000000, 0x0000000084300000, 0x00000000d5580000)
  object space 68608K, 75% used [0x0000000080000000,0x00000000832d2088,0x0000000084300000)
 Metaspace       used 53357K, committed 54592K, reserved 1114112K
  class space    used 5721K, committed 6272K, reserved 1048576K
}
Event: 13.780 GC heap after
{Heap after GC invocations=41 (full 2):
 PSYoungGen      total 13824K, used 416K [0x00000000d5580000, 0x00000000d6500000, 0x0000000100000000)
  eden space 13312K, 0% used [0x00000000d5580000,0x00000000d5580000,0x00000000d6280000)
  from space 512K, 81% used [0x00000000d6300000,0x00000000d6368000,0x00000000d6380000)
  to   space 1024K, 0% used [0x00000000d6400000,0x00000000d6400000,0x00000000d6500000)
 ParOldGen       total 68608K, used 52056K [0x0000000080000000, 0x0000000084300000, 0x00000000d5580000)
  object space 68608K, 75% used [0x0000000080000000,0x00000000832d6088,0x0000000084300000)
 Metaspace       used 53357K, committed 54592K, reserved 1114112K
  class space    used 5721K, committed 6272K, reserved 1048576K
}
Event: 14.235 GC heap before
{Heap before GC invocations=42 (full 2):
 PSYoungGen      total 13824K, used 13728K [0x00000000d5580000, 0x00000000d6500000, 0x0000000100000000)
  eden space 13312K, 100% used [0x00000000d5580000,0x00000000d6280000,0x00000000d6280000)
  from space 512K, 81% used [0x00000000d6300000,0x00000000d6368000,0x00000000d6380000)
  to   space 1024K, 0% used [0x00000000d6400000,0x00000000d6400000,0x00000000d6500000)
 ParOldGen       total 68608K, used 52056K [0x0000000080000000, 0x0000000084300000, 0x00000000d5580000)
  object space 68608K, 75% used [0x0000000080000000,0x00000000832d6088,0x0000000084300000)
 Metaspace       used 53949K, committed 55168K, reserved 1114112K
  class space    used 5789K, committed 6336K, reserved 1048576K
}
Event: 14.236 GC heap after
{Heap after GC invocations=42 (full 2):
 PSYoungGen      total 13824K, used 480K [0x00000000d5580000, 0x00000000d6480000, 0x0000000100000000)
  eden space 13312K, 0% used [0x00000000d5580000,0x00000000d5580000,0x00000000d6280000)
  from space 512K, 93% used [0x00000000d6400000,0x00000000d6478000,0x00000000d6480000)
  to   space 512K, 0% used [0x00000000d6300000,0x00000000d6300000,0x00000000d6380000)
 ParOldGen       total 68608K, used 52248K [0x0000000080000000, 0x0000000084300000, 0x00000000d5580000)
  object space 68608K, 76% used [0x0000000080000000,0x0000000083306088,0x0000000084300000)
 Metaspace       used 53949K, committed 55168K, reserved 1114112K
  class space    used 5789K, committed 6336K, reserved 1048576K
}
Event: 14.640 GC heap before
{Heap before GC invocations=43 (full 2):
 PSYoungGen      total 13824K, used 13792K [0x00000000d5580000, 0x00000000d6480000, 0x0000000100000000)
  eden space 13312K, 100% used [0x00000000d5580000,0x00000000d6280000,0x00000000d6280000)
  from space 512K, 93% used [0x00000000d6400000,0x00000000d6478000,0x00000000d6480000)
  to   space 512K, 0% used [0x00000000d6300000,0x00000000d6300000,0x00000000d6380000)
 ParOldGen       total 68608K, used 52248K [0x0000000080000000, 0x0000000084300000, 0x00000000d5580000)
  object space 68608K, 76% used [0x0000000080000000,0x0000000083306088,0x0000000084300000)
 Metaspace       used 54883K, committed 56128K, reserved 1114112K
  class space    used 5889K, committed 6400K, reserved 1048576K
}
Event: 14.641 GC heap after
{Heap after GC invocations=43 (full 2):
 PSYoungGen      total 13824K, used 480K [0x00000000d5580000, 0x00000000d6480000, 0x0000000100000000)
  eden space 13312K, 0% used [0x00000000d5580000,0x00000000d5580000,0x00000000d6280000)
  from space 512K, 93% used [0x00000000d6300000,0x00000000d6378000,0x00000000d6380000)
  to   space 512K, 0% used [0x00000000d6400000,0x00000000d6400000,0x00000000d6480000)
 ParOldGen       total 68608K, used 52480K [0x0000000080000000, 0x0000000084300000, 0x00000000d5580000)
  object space 68608K, 76% used [0x0000000080000000,0x0000000083340088,0x0000000084300000)
 Metaspace       used 54883K, committed 56128K, reserved 1114112K
  class space    used 5889K, committed 6400K, reserved 1048576K
}
Event: 15.149 GC heap before
{Heap before GC invocations=44 (full 2):
 PSYoungGen      total 13824K, used 13792K [0x00000000d5580000, 0x00000000d6480000, 0x0000000100000000)
  eden space 13312K, 100% used [0x00000000d5580000,0x00000000d6280000,0x00000000d6280000)
  from space 512K, 93% used [0x00000000d6300000,0x00000000d6378000,0x00000000d6380000)
  to   space 512K, 0% used [0x00000000d6400000,0x00000000d6400000,0x00000000d6480000)
 ParOldGen       total 68608K, used 52480K [0x0000000080000000, 0x0000000084300000, 0x00000000d5580000)
  object space 68608K, 76% used [0x0000000080000000,0x0000000083340088,0x0000000084300000)
 Metaspace       used 56274K, committed 57536K, reserved 1114112K
  class space    used 6017K, committed 6592K, reserved 1048576K
}
Event: 15.151 GC heap after
{Heap after GC invocations=44 (full 2):
 PSYoungGen      total 13824K, used 498K [0x00000000d5580000, 0x00000000d6480000, 0x0000000100000000)
  eden space 13312K, 0% used [0x00000000d5580000,0x00000000d5580000,0x00000000d6280000)
  from space 512K, 97% used [0x00000000d6400000,0x00000000d647c8b8,0x00000000d6480000)
  to   space 1024K, 0% used [0x00000000d6280000,0x00000000d6280000,0x00000000d6380000)
 ParOldGen       total 68608K, used 52816K [0x0000000080000000, 0x0000000084300000, 0x00000000d5580000)
  object space 68608K, 76% used [0x0000000080000000,0x00000000833940a8,0x0000000084300000)
 Metaspace       used 56274K, committed 57536K, reserved 1114112K
  class space    used 6017K, committed 6592K, reserved 1048576K
}
Event: 15.644 GC heap before
{Heap before GC invocations=45 (full 2):
 PSYoungGen      total 13824K, used 13810K [0x00000000d5580000, 0x00000000d6480000, 0x0000000100000000)
  eden space 13312K, 100% used [0x00000000d5580000,0x00000000d6280000,0x00000000d6280000)
  from space 512K, 97% used [0x00000000d6400000,0x00000000d647c8b8,0x00000000d6480000)
  to   space 1024K, 0% used [0x00000000d6280000,0x00000000d6280000,0x00000000d6380000)
 ParOldGen       total 68608K, used 52816K [0x0000000080000000, 0x0000000084300000, 0x00000000d5580000)
  object space 68608K, 76% used [0x0000000080000000,0x00000000833940a8,0x0000000084300000)
 Metaspace       used 56624K, committed 57984K, reserved 1114112K
  class space    used 6064K, committed 6656K, reserved 1048576K
}
Event: 15.646 GC heap after
{Heap after GC invocations=45 (full 2):
 PSYoungGen      total 14336K, used 480K [0x00000000d5580000, 0x00000000d6480000, 0x0000000100000000)
  eden space 13312K, 0% used [0x00000000d5580000,0x00000000d5580000,0x00000000d6280000)
  from space 1024K, 46% used [0x00000000d6280000,0x00000000d62f8020,0x00000000d6380000)
  to   space 1024K, 0% used [0x00000000d6380000,0x00000000d6380000,0x00000000d6480000)
 ParOldGen       total 68608K, used 53154K [0x0000000080000000, 0x0000000084300000, 0x00000000d5580000)
  object space 68608K, 77% used [0x0000000080000000,0x00000000833e8b10,0x0000000084300000)
 Metaspace       used 56624K, committed 57984K, reserved 1114112K
  class space    used 6064K, committed 6656K, reserved 1048576K
}
Event: 16.122 GC heap before
{Heap before GC invocations=46 (full 2):
 PSYoungGen      total 14336K, used 13792K [0x00000000d5580000, 0x00000000d6480000, 0x0000000100000000)
  eden space 13312K, 100% used [0x00000000d5580000,0x00000000d6280000,0x00000000d6280000)
  from space 1024K, 46% used [0x00000000d6280000,0x00000000d62f8020,0x00000000d6380000)
  to   space 1024K, 0% used [0x00000000d6380000,0x00000000d6380000,0x00000000d6480000)
 ParOldGen       total 68608K, used 53154K [0x0000000080000000, 0x0000000084300000, 0x00000000d5580000)
  object space 68608K, 77% used [0x0000000080000000,0x00000000833e8b10,0x0000000084300000)
 Metaspace       used 56879K, committed 58240K, reserved 1114112K
  class space    used 6086K, committed 6720K, reserved 1048576K
}
Event: 16.129 GC heap after
{Heap after GC invocations=46 (full 2):
 PSYoungGen      total 14336K, used 608K [0x00000000d5580000, 0x00000000d6480000, 0x0000000100000000)
  eden space 13312K, 0% used [0x00000000d5580000,0x00000000d5580000,0x00000000d6280000)
  from space 1024K, 59% used [0x00000000d6380000,0x00000000d6418000,0x00000000d6480000)
  to   space 1024K, 0% used [0x00000000d6280000,0x00000000d6280000,0x00000000d6380000)
 ParOldGen       total 68608K, used 53418K [0x0000000080000000, 0x0000000084300000, 0x00000000d5580000)
  object space 68608K, 77% used [0x0000000080000000,0x000000008342ab30,0x0000000084300000)
 Metaspace       used 56879K, committed 58240K, reserved 1114112K
  class space    used 6086K, committed 6720K, reserved 1048576K
}
Event: 16.898 GC heap before
{Heap before GC invocations=47 (full 2):
 PSYoungGen      total 14336K, used 13920K [0x00000000d5580000, 0x00000000d6480000, 0x0000000100000000)
  eden space 13312K, 100% used [0x00000000d5580000,0x00000000d6280000,0x00000000d6280000)
  from space 1024K, 59% used [0x00000000d6380000,0x00000000d6418000,0x00000000d6480000)
  to   space 1024K, 0% used [0x00000000d6280000,0x00000000d6280000,0x00000000d6380000)
 ParOldGen       total 68608K, used 53418K [0x0000000080000000, 0x0000000084300000, 0x00000000d5580000)
  object space 68608K, 77% used [0x0000000080000000,0x000000008342ab30,0x0000000084300000)
 Metaspace       used 57118K, committed 58560K, reserved 1114112K
  class space    used 6095K, committed 6720K, reserved 1048576K
}
Event: 16.899 GC heap after
{Heap after GC invocations=47 (full 2):
 PSYoungGen      total 14336K, used 640K [0x00000000d5580000, 0x00000000d6480000, 0x0000000100000000)
  eden space 13312K, 0% used [0x00000000d5580000,0x00000000d5580000,0x00000000d6280000)
  from space 1024K, 62% used [0x00000000d6280000,0x00000000d6320000,0x00000000d6380000)
  to   space 1024K, 0% used [0x00000000d6380000,0x00000000d6380000,0x00000000d6480000)
 ParOldGen       total 68608K, used 53634K [0x0000000080000000, 0x0000000084300000, 0x00000000d5580000)
  object space 68608K, 78% used [0x0000000080000000,0x0000000083460b30,0x0000000084300000)
 Metaspace       used 57118K, committed 58560K, reserved 1114112K
  class space    used 6095K, committed 6720K, reserved 1048576K
}
Event: 17.207 GC heap before
{Heap before GC invocations=48 (full 2):
 PSYoungGen      total 14336K, used 13952K [0x00000000d5580000, 0x00000000d6480000, 0x0000000100000000)
  eden space 13312K, 100% used [0x00000000d5580000,0x00000000d6280000,0x00000000d6280000)
  from space 1024K, 62% used [0x00000000d6280000,0x00000000d6320000,0x00000000d6380000)
  to   space 1024K, 0% used [0x00000000d6380000,0x00000000d6380000,0x00000000d6480000)
 ParOldGen       total 68608K, used 53634K [0x0000000080000000, 0x0000000084300000, 0x00000000d5580000)
  object space 68608K, 78% used [0x0000000080000000,0x0000000083460b30,0x0000000084300000)
 Metaspace       used 57203K, committed 58624K, reserved 1114112K
  class space    used 6097K, committed 6720K, reserved 1048576K
}
Event: 17.209 GC heap after
{Heap after GC invocations=48 (full 2):
 PSYoungGen      total 13824K, used 320K [0x00000000d5580000, 0x00000000d6400000, 0x0000000100000000)
  eden space 13312K, 0% used [0x00000000d5580000,0x00000000d5580000,0x00000000d6280000)
  from space 512K, 62% used [0x00000000d6380000,0x00000000d63d0000,0x00000000d6400000)
  to   space 512K, 0% used [0x00000000d6300000,0x00000000d6300000,0x00000000d6380000)
 ParOldGen       total 68608K, used 54015K [0x0000000080000000, 0x0000000084300000, 0x00000000d5580000)
  object space 68608K, 78% used [0x0000000080000000,0x00000000834bff78,0x0000000084300000)
 Metaspace       used 57203K, committed 58624K, reserved 1114112K
  class space    used 6097K, committed 6720K, reserved 1048576K
}
Event: 17.377 GC heap before
{Heap before GC invocations=49 (full 2):
 PSYoungGen      total 13824K, used 13632K [0x00000000d5580000, 0x00000000d6400000, 0x0000000100000000)
  eden space 13312K, 100% used [0x00000000d5580000,0x00000000d6280000,0x00000000d6280000)
  from space 512K, 62% used [0x00000000d6380000,0x00000000d63d0000,0x00000000d6400000)
  to   space 512K, 0% used [0x00000000d6300000,0x00000000d6300000,0x00000000d6380000)
 ParOldGen       total 68608K, used 54015K [0x0000000080000000, 0x0000000084300000, 0x00000000d5580000)
  object space 68608K, 78% used [0x0000000080000000,0x00000000834bff78,0x0000000084300000)
 Metaspace       used 57296K, committed 58688K, reserved 1114112K
  class space    used 6101K, committed 6720K, reserved 1048576K
}
Event: 17.380 GC heap after
{Heap after GC invocations=49 (full 2):
 PSYoungGen      total 13824K, used 512K [0x00000000d5580000, 0x00000000d6480000, 0x0000000100000000)
  eden space 13312K, 0% used [0x00000000d5580000,0x00000000d5580000,0x00000000d6280000)
  from space 512K, 100% used [0x00000000d6300000,0x00000000d6380000,0x00000000d6380000)
  to   space 1024K, 0% used [0x00000000d6380000,0x00000000d6380000,0x00000000d6480000)
 ParOldGen       total 68608K, used 54268K [0x0000000080000000, 0x0000000084300000, 0x00000000d5580000)
  object space 68608K, 79% used [0x0000000080000000,0x00000000834ff218,0x0000000084300000)
 Metaspace       used 57296K, committed 58688K, reserved 1114112K
  class space    used 6101K, committed 6720K, reserved 1048576K
}
Event: 17.697 GC heap before
{Heap before GC invocations=50 (full 2):
 PSYoungGen      total 13824K, used 13824K [0x00000000d5580000, 0x00000000d6480000, 0x0000000100000000)
  eden space 13312K, 100% used [0x00000000d5580000,0x00000000d6280000,0x00000000d6280000)
  from space 512K, 100% used [0x00000000d6300000,0x00000000d6380000,0x00000000d6380000)
  to   space 1024K, 0% used [0x00000000d6380000,0x00000000d6380000,0x00000000d6480000)
 ParOldGen       total 68608K, used 54268K [0x0000000080000000, 0x0000000084300000, 0x00000000d5580000)
  object space 68608K, 79% used [0x0000000080000000,0x00000000834ff218,0x0000000084300000)
 Metaspace       used 57733K, committed 59136K, reserved 1114112K
  class space    used 6140K, committed 6784K, reserved 1048576K
}
Event: 17.698 GC heap after
{Heap after GC invocations=50 (full 2):
 PSYoungGen      total 14336K, used 416K [0x00000000d5580000, 0x00000000d6480000, 0x0000000100000000)
  eden space 13312K, 0% used [0x00000000d5580000,0x00000000d5580000,0x00000000d6280000)
  from space 1024K, 40% used [0x00000000d6380000,0x00000000d63e8000,0x00000000d6480000)
  to   space 1024K, 0% used [0x00000000d6280000,0x00000000d6280000,0x00000000d6380000)
 ParOldGen       total 68608K, used 54440K [0x0000000080000000, 0x0000000084300000, 0x00000000d5580000)
  object space 68608K, 79% used [0x0000000080000000,0x000000008352a3d0,0x0000000084300000)
 Metaspace       used 57733K, committed 59136K, reserved 1114112K
  class space    used 6140K, committed 6784K, reserved 1048576K
}

