# JRE version: OpenJDK Runtime Environment Temurin-21.0.8+9 (21.0.8+9) (build 21.0.8+9-LTS)
# Java VM: OpenJDK 64-Bit Server VM Temurin-21.0.8+9 (21.0.8+9-LTS, mixed mode, sharing, tiered, compressed oops, compressed class ptrs, parallel gc, windows-amd64)
GC Precious Log:
 CardTable entry size: 512
 CPUs: 16 total, 16 available
 Memory: 16085M
 Large Page Support: Disabled
 NUMA Support: Disabled
 Compressed Oops: Enabled (32-bit)
 Alignments: Space 512K, Generation 512K, Heap 2M
 Heap Min Capacity: 100M
 Heap Initial Capacity: 100M
 Heap Max Capacity: 2G
 Pre-touch: Disabled
 Parallel Workers: 13
Heap:
 PSYoungGen      total 13824K, used 10326K [0x00000000d5580000, 0x00000000d6500000, 0x0000000100000000)
  eden space 13312K, 73% used [0x00000000d5580000,0x00000000d5f15930,0x00000000d6280000)
  from space 512K, 100% used [0x00000000d6480000,0x00000000d6500000,0x00000000d6500000)
  to   space 1024K, 0% used [0x00000000d6300000,0x00000000d6300000,0x00000000d6400000)
 ParOldGen       total 68608K, used 50690K [0x0000000080000000, 0x0000000084300000, 0x00000000d5580000)
  object space 68608K, 73% used [0x0000000080000000,0x0000000083180b60,0x0000000084300000)
 Metaspace       used 56231K, committed 57600K, reserved 1114112K
  class space    used 6043K, committed 6656K, reserved 1048576K
GC Heap History (20 events):
Event: 7.927 GC heap before
{Heap before GC invocations=33 (full 2):
 PSYoungGen      total 15872K, used 15869K [0x00000000d5580000, 0x00000000d6f00000, 0x0000000100000000)
  eden space 13312K, 100% used [0x00000000d5580000,0x00000000d6280000,0x00000000d6280000)
  from space 2560K, 99% used [0x00000000d6780000,0x00000000d69ff680,0x00000000d6a00000)
  to   space 5120K, 0% used [0x00000000d6280000,0x00000000d6280000,0x00000000d6780000)
 ParOldGen       total 68608K, used 44860K [0x0000000080000000, 0x0000000084300000, 0x00000000d5580000)
  object space 68608K, 65% used [0x0000000080000000,0x0000000082bcf2a8,0x0000000084300000)
 Metaspace       used 48836K, committed 50112K, reserved 1114112K
  class space    used 5272K, committed 5824K, reserved 1048576K
}
Event: 7.930 GC heap after
{Heap after GC invocations=33 (full 2):
 PSYoungGen      total 14336K, used 800K [0x00000000d5580000, 0x00000000d6800000, 0x0000000100000000)
  eden space 13312K, 0% used [0x00000000d5580000,0x00000000d5580000,0x00000000d6280000)
  from space 1024K, 78% used [0x00000000d6280000,0x00000000d6348000,0x00000000d6380000)
  to   space 2560K, 0% used [0x00000000d6580000,0x00000000d6580000,0x00000000d6800000)
 ParOldGen       total 68608K, used 47241K [0x0000000080000000, 0x0000000084300000, 0x00000000d5580000)
  object space 68608K, 68% used [0x0000000080000000,0x0000000082e22600,0x0000000084300000)
 Metaspace       used 48836K, committed 50112K, reserved 1114112K
  class space    used 5272K, committed 5824K, reserved 1048576K
}
Event: 8.693 GC heap before
{Heap before GC invocations=34 (full 2):
 PSYoungGen      total 14336K, used 14111K [0x00000000d5580000, 0x00000000d6800000, 0x0000000100000000)
  eden space 13312K, 99% used [0x00000000d5580000,0x00000000d627fff8,0x00000000d6280000)
  from space 1024K, 78% used [0x00000000d6280000,0x00000000d6348000,0x00000000d6380000)
  to   space 2560K, 0% used [0x00000000d6580000,0x00000000d6580000,0x00000000d6800000)
 ParOldGen       total 68608K, used 47241K [0x0000000080000000, 0x0000000084300000, 0x00000000d5580000)
  object space 68608K, 68% used [0x0000000080000000,0x0000000082e22600,0x0000000084300000)
 Metaspace       used 49453K, committed 50688K, reserved 1114112K
  class space    used 5340K, committed 5888K, reserved 1048576K
}
Event: 8.694 GC heap after
{Heap after GC invocations=34 (full 2):
 PSYoungGen      total 14336K, used 824K [0x00000000d5580000, 0x00000000d6680000, 0x0000000100000000)
  eden space 13312K, 0% used [0x00000000d5580000,0x00000000d5580000,0x00000000d6280000)
  from space 1024K, 80% used [0x00000000d6580000,0x00000000d664e1c8,0x00000000d6680000)
  to   space 1536K, 0% used [0x00000000d6380000,0x00000000d6380000,0x00000000d6500000)
 ParOldGen       total 68608K, used 47869K [0x0000000080000000, 0x0000000084300000, 0x00000000d5580000)
  object space 68608K, 69% used [0x0000000080000000,0x0000000082ebf610,0x0000000084300000)
 Metaspace       used 49453K, committed 50688K, reserved 1114112K
  class space    used 5340K, committed 5888K, reserved 1048576K
}
Event: 9.066 GC heap before
{Heap before GC invocations=35 (full 2):
 PSYoungGen      total 14336K, used 14116K [0x00000000d5580000, 0x00000000d6680000, 0x0000000100000000)
  eden space 13312K, 99% used [0x00000000d5580000,0x00000000d627aef8,0x00000000d6280000)
  from space 1024K, 80% used [0x00000000d6580000,0x00000000d664e1c8,0x00000000d6680000)
  to   space 1536K, 0% used [0x00000000d6380000,0x00000000d6380000,0x00000000d6500000)
 ParOldGen       total 68608K, used 47869K [0x0000000080000000, 0x0000000084300000, 0x00000000d5580000)
  object space 68608K, 69% used [0x0000000080000000,0x0000000082ebf610,0x0000000084300000)
 Metaspace       used 50975K, committed 52288K, reserved 1114112K
  class space    used 5549K, committed 6080K, reserved 1048576K
}
Event: 9.068 GC heap after
{Heap after GC invocations=35 (full 2):
 PSYoungGen      total 14848K, used 884K [0x00000000d5580000, 0x00000000d6600000, 0x0000000100000000)
  eden space 13312K, 0% used [0x00000000d5580000,0x00000000d5580000,0x00000000d6280000)
  from space 1536K, 57% used [0x00000000d6380000,0x00000000d645d3c8,0x00000000d6500000)
  to   space 1024K, 0% used [0x00000000d6500000,0x00000000d6500000,0x00000000d6600000)
 ParOldGen       total 68608K, used 48478K [0x0000000080000000, 0x0000000084300000, 0x00000000d5580000)
  object space 68608K, 70% used [0x0000000080000000,0x0000000082f57bf0,0x0000000084300000)
 Metaspace       used 50975K, committed 52288K, reserved 1114112K
  class space    used 5549K, committed 6080K, reserved 1048576K
}
Event: 9.236 GC heap before
{Heap before GC invocations=36 (full 2):
 PSYoungGen      total 14848K, used 14196K [0x00000000d5580000, 0x00000000d6600000, 0x0000000100000000)
  eden space 13312K, 100% used [0x00000000d5580000,0x00000000d6280000,0x00000000d6280000)
  from space 1536K, 57% used [0x00000000d6380000,0x00000000d645d3c8,0x00000000d6500000)
  to   space 1024K, 0% used [0x00000000d6500000,0x00000000d6500000,0x00000000d6600000)
 ParOldGen       total 68608K, used 48478K [0x0000000080000000, 0x0000000084300000, 0x00000000d5580000)
  object space 68608K, 70% used [0x0000000080000000,0x0000000082f57bf0,0x0000000084300000)
 Metaspace       used 51452K, committed 52800K, reserved 1114112K
  class space    used 5587K, committed 6144K, reserved 1048576K
}
Event: 9.237 GC heap after
{Heap after GC invocations=36 (full 2):
 PSYoungGen      total 14336K, used 1023K [0x00000000d5580000, 0x00000000d6600000, 0x0000000100000000)
  eden space 13312K, 0% used [0x00000000d5580000,0x00000000d5580000,0x00000000d6280000)
  from space 1024K, 99% used [0x00000000d6500000,0x00000000d65fffb0,0x00000000d6600000)
  to   space 1536K, 0% used [0x00000000d6300000,0x00000000d6300000,0x00000000d6480000)
 ParOldGen       total 68608K, used 49293K [0x0000000080000000, 0x0000000084300000, 0x00000000d5580000)
  object space 68608K, 71% used [0x0000000080000000,0x00000000830237e0,0x0000000084300000)
 Metaspace       used 51452K, committed 52800K, reserved 1114112K
  class space    used 5587K, committed 6144K, reserved 1048576K
}
Event: 9.337 GC heap before
{Heap before GC invocations=37 (full 2):
 PSYoungGen      total 14336K, used 14335K [0x00000000d5580000, 0x00000000d6600000, 0x0000000100000000)
  eden space 13312K, 100% used [0x00000000d5580000,0x00000000d6280000,0x00000000d6280000)
  from space 1024K, 99% used [0x00000000d6500000,0x00000000d65fffb0,0x00000000d6600000)
  to   space 1536K, 0% used [0x00000000d6300000,0x00000000d6300000,0x00000000d6480000)
 ParOldGen       total 68608K, used 49293K [0x0000000080000000, 0x0000000084300000, 0x00000000d5580000)
  object space 68608K, 71% used [0x0000000080000000,0x00000000830237e0,0x0000000084300000)
 Metaspace       used 51459K, committed 52800K, reserved 1114112K
  class space    used 5587K, committed 6144K, reserved 1048576K
}
Event: 9.338 GC heap after
{Heap after GC invocations=37 (full 2):
 PSYoungGen      total 14848K, used 726K [0x00000000d5580000, 0x00000000d6580000, 0x0000000100000000)
  eden space 13312K, 0% used [0x00000000d5580000,0x00000000d5580000,0x00000000d6280000)
  from space 1536K, 47% used [0x00000000d6300000,0x00000000d63b5820,0x00000000d6480000)
  to   space 1024K, 0% used [0x00000000d6480000,0x00000000d6480000,0x00000000d6580000)
 ParOldGen       total 68608K, used 49778K [0x0000000080000000, 0x0000000084300000, 0x00000000d5580000)
  object space 68608K, 72% used [0x0000000080000000,0x000000008309cb50,0x0000000084300000)
 Metaspace       used 51459K, committed 52800K, reserved 1114112K
  class space    used 5587K, committed 6144K, reserved 1048576K
}
Event: 9.463 GC heap before
{Heap before GC invocations=38 (full 2):
 PSYoungGen      total 14848K, used 14025K [0x00000000d5580000, 0x00000000d6580000, 0x0000000100000000)
  eden space 13312K, 99% used [0x00000000d5580000,0x00000000d627cda0,0x00000000d6280000)
  from space 1536K, 47% used [0x00000000d6300000,0x00000000d63b5820,0x00000000d6480000)
  to   space 1024K, 0% used [0x00000000d6480000,0x00000000d6480000,0x00000000d6580000)
 ParOldGen       total 68608K, used 49778K [0x0000000080000000, 0x0000000084300000, 0x00000000d5580000)
  object space 68608K, 72% used [0x0000000080000000,0x000000008309cb50,0x0000000084300000)
 Metaspace       used 51855K, committed 53120K, reserved 1114112K
  class space    used 5619K, committed 6144K, reserved 1048576K
}
Event: 9.464 GC heap after
{Heap after GC invocations=38 (full 2):
 PSYoungGen      total 13824K, used 288K [0x00000000d5580000, 0x00000000d6500000, 0x0000000100000000)
  eden space 13312K, 0% used [0x00000000d5580000,0x00000000d5580000,0x00000000d6280000)
  from space 512K, 56% used [0x00000000d6480000,0x00000000d64c8000,0x00000000d6500000)
  to   space 512K, 0% used [0x00000000d6400000,0x00000000d6400000,0x00000000d6480000)
 ParOldGen       total 68608K, used 49794K [0x0000000080000000, 0x0000000084300000, 0x00000000d5580000)
  object space 68608K, 72% used [0x0000000080000000,0x00000000830a0b50,0x0000000084300000)
 Metaspace       used 51855K, committed 53120K, reserved 1114112K
  class space    used 5619K, committed 6144K, reserved 1048576K
}
Event: 9.821 GC heap before
{Heap before GC invocations=39 (full 2):
 PSYoungGen      total 13824K, used 13600K [0x00000000d5580000, 0x00000000d6500000, 0x0000000100000000)
  eden space 13312K, 100% used [0x00000000d5580000,0x00000000d6280000,0x00000000d6280000)
  from space 512K, 56% used [0x00000000d6480000,0x00000000d64c8000,0x00000000d6500000)
  to   space 512K, 0% used [0x00000000d6400000,0x00000000d6400000,0x00000000d6480000)
 ParOldGen       total 68608K, used 49794K [0x0000000080000000, 0x0000000084300000, 0x00000000d5580000)
  object space 68608K, 72% used [0x0000000080000000,0x00000000830a0b50,0x0000000084300000)
 Metaspace       used 53200K, committed 54464K, reserved 1114112K
  class space    used 5746K, committed 6272K, reserved 1048576K
}
Event: 9.822 GC heap after
{Heap after GC invocations=39 (full 2):
 PSYoungGen      total 13824K, used 384K [0x00000000d5580000, 0x00000000d6500000, 0x0000000100000000)
  eden space 13312K, 0% used [0x00000000d5580000,0x00000000d5580000,0x00000000d6280000)
  from space 512K, 75% used [0x00000000d6400000,0x00000000d6460000,0x00000000d6480000)
  to   space 512K, 0% used [0x00000000d6480000,0x00000000d6480000,0x00000000d6500000)
 ParOldGen       total 68608K, used 49826K [0x0000000080000000, 0x0000000084300000, 0x00000000d5580000)
  object space 68608K, 72% used [0x0000000080000000,0x00000000830a8b50,0x0000000084300000)
 Metaspace       used 53200K, committed 54464K, reserved 1114112K
  class space    used 5746K, committed 6272K, reserved 1048576K
}
Event: 10.190 GC heap before
{Heap before GC invocations=40 (full 2):
 PSYoungGen      total 13824K, used 13696K [0x00000000d5580000, 0x00000000d6500000, 0x0000000100000000)
  eden space 13312K, 100% used [0x00000000d5580000,0x00000000d6280000,0x00000000d6280000)
  from space 512K, 75% used [0x00000000d6400000,0x00000000d6460000,0x00000000d6480000)
  to   space 512K, 0% used [0x00000000d6480000,0x00000000d6480000,0x00000000d6500000)
 ParOldGen       total 68608K, used 49826K [0x0000000080000000, 0x0000000084300000, 0x00000000d5580000)
  object space 68608K, 72% used [0x0000000080000000,0x00000000830a8b50,0x0000000084300000)
 Metaspace       used 53880K, committed 55168K, reserved 1114112K
  class space    used 5811K, committed 6336K, reserved 1048576K
}
Event: 10.191 GC heap after
{Heap after GC invocations=40 (full 2):
 PSYoungGen      total 13824K, used 480K [0x00000000d5580000, 0x00000000d6500000, 0x0000000100000000)
  eden space 13312K, 0% used [0x00000000d5580000,0x00000000d5580000,0x00000000d6280000)
  from space 512K, 93% used [0x00000000d6480000,0x00000000d64f8010,0x00000000d6500000)
  to   space 512K, 0% used [0x00000000d6400000,0x00000000d6400000,0x00000000d6480000)
 ParOldGen       total 68608K, used 49986K [0x0000000080000000, 0x0000000084300000, 0x00000000d5580000)
  object space 68608K, 72% used [0x0000000080000000,0x00000000830d0b50,0x0000000084300000)
 Metaspace       used 53880K, committed 55168K, reserved 1114112K
  class space    used 5811K, committed 6336K, reserved 1048576K
}
Event: 10.513 GC heap before
{Heap before GC invocations=41 (full 2):
 PSYoungGen      total 13824K, used 13792K [0x00000000d5580000, 0x00000000d6500000, 0x0000000100000000)
  eden space 13312K, 99% used [0x00000000d5580000,0x00000000d627fff0,0x00000000d6280000)
  from space 512K, 93% used [0x00000000d6480000,0x00000000d64f8010,0x00000000d6500000)
  to   space 512K, 0% used [0x00000000d6400000,0x00000000d6400000,0x00000000d6480000)
 ParOldGen       total 68608K, used 49986K [0x0000000080000000, 0x0000000084300000, 0x00000000d5580000)
  object space 68608K, 72% used [0x0000000080000000,0x00000000830d0b50,0x0000000084300000)
 Metaspace       used 55053K, committed 56384K, reserved 1114112K
  class space    used 5920K, committed 6464K, reserved 1048576K
}
Event: 10.514 GC heap after
{Heap after GC invocations=41 (full 2):
 PSYoungGen      total 13824K, used 512K [0x00000000d5580000, 0x00000000d6500000, 0x0000000100000000)
  eden space 13312K, 0% used [0x00000000d5580000,0x00000000d5580000,0x00000000d6280000)
  from space 512K, 100% used [0x00000000d6400000,0x00000000d6480000,0x00000000d6480000)
  to   space 512K, 0% used [0x00000000d6480000,0x00000000d6480000,0x00000000d6500000)
 ParOldGen       total 68608K, used 50306K [0x0000000080000000, 0x0000000084300000, 0x00000000d5580000)
  object space 68608K, 73% used [0x0000000080000000,0x0000000083120b60,0x0000000084300000)
 Metaspace       used 55053K, committed 56384K, reserved 1114112K
  class space    used 5920K, committed 6464K, reserved 1048576K
}
Event: 10.847 GC heap before
{Heap before GC invocations=42 (full 2):
 PSYoungGen      total 13824K, used 13824K [0x00000000d5580000, 0x00000000d6500000, 0x0000000100000000)
  eden space 13312K, 100% used [0x00000000d5580000,0x00000000d6280000,0x00000000d6280000)
  from space 512K, 100% used [0x00000000d6400000,0x00000000d6480000,0x00000000d6480000)
  to   space 512K, 0% used [0x00000000d6480000,0x00000000d6480000,0x00000000d6500000)
 ParOldGen       total 68608K, used 50306K [0x0000000080000000, 0x0000000084300000, 0x00000000d5580000)
  object space 68608K, 73% used [0x0000000080000000,0x0000000083120b60,0x0000000084300000)
 Metaspace       used 56128K, committed 57536K, reserved 1114112K
  class space    used 6038K, committed 6656K, reserved 1048576K
}
Event: 10.848 GC heap after
{Heap after GC invocations=42 (full 2):
 PSYoungGen      total 13824K, used 512K [0x00000000d5580000, 0x00000000d6500000, 0x0000000100000000)
  eden space 13312K, 0% used [0x00000000d5580000,0x00000000d5580000,0x00000000d6280000)
  from space 512K, 100% used [0x00000000d6480000,0x00000000d6500000,0x00000000d6500000)
  to   space 1024K, 0% used [0x00000000d6300000,0x00000000d6300000,0x00000000d6400000)
 ParOldGen       total 68608K, used 50690K [0x0000000080000000, 0x0000000084300000, 0x00000000d5580000)
  object space 68608K, 73% used [0x0000000080000000,0x0000000083180b60,0x0000000084300000)
 Metaspace       used 56128K, committed 57536K, reserved 1114112K
  class space    used 6038K, committed 6656K, reserved 1048576K
}

