# JRE version: OpenJDK Runtime Environment Temurin-21.0.8+9 (21.0.8+9) (build 21.0.8+9-LTS)
# Java VM: OpenJDK 64-Bit Server VM Temurin-21.0.8+9 (21.0.8+9-LTS, mixed mode, sharing, tiered, compressed oops, compressed class ptrs, parallel gc, windows-amd64)
GC Precious Log:
 CardTable entry size: 512
 CPUs: 16 total, 16 available
 Memory: 16085M
 Large Page Support: Disabled
 NUMA Support: Disabled
 Compressed Oops: Enabled (32-bit)
 Alignments: Space 512K, Generation 512K, Heap 2M
 Heap Min Capacity: 100M
 Heap Initial Capacity: 100M
 Heap Max Capacity: 2G
 Pre-touch: Disabled
 Parallel Workers: 13
Heap:
 PSYoungGen      total 20992K, used 5110K [0x00000000d5580000, 0x00000000d6c80000, 0x0000000100000000)
  eden space 19456K, 19% used [0x00000000d5580000,0x00000000d593dba0,0x00000000d6880000)
  from space 1536K, 83% used [0x00000000d6880000,0x00000000d69c0020,0x00000000d6a00000)
  to   space 2048K, 0% used [0x00000000d6a80000,0x00000000d6a80000,0x00000000d6c80000)
 ParOldGen       total 68608K, used 44260K [0x0000000080000000, 0x0000000084300000, 0x00000000d5580000)
  object space 68608K, 64% used [0x0000000080000000,0x0000000082b392a0,0x0000000084300000)
 Metaspace       used 43752K, committed 44800K, reserved 1114112K
  class space    used 4188K, committed 4672K, reserved 1048576K
GC Heap History (20 events):
Event: 8.918 GC heap before
{Heap before GC invocations=27 (full 2):
 PSYoungGen      total 22528K, used 22224K [0x00000000d5580000, 0x00000000d6d00000, 0x0000000100000000)
  eden space 21504K, 99% used [0x00000000d5580000,0x00000000d6a7fff8,0x00000000d6a80000)
  from space 1024K, 70% used [0x00000000d6c00000,0x00000000d6cb4010,0x00000000d6d00000)
  to   space 1024K, 0% used [0x00000000d6b00000,0x00000000d6b00000,0x00000000d6c00000)
 ParOldGen       total 68608K, used 32867K [0x0000000080000000, 0x0000000084300000, 0x00000000d5580000)
  object space 68608K, 47% used [0x0000000080000000,0x0000000082018f68,0x0000000084300000)
 Metaspace       used 40953K, committed 41856K, reserved 1114112K
  class space    used 4046K, committed 4480K, reserved 1048576K
}
Event: 8.920 GC heap after
{Heap after GC invocations=27 (full 2):
 PSYoungGen      total 22528K, used 992K [0x00000000d5580000, 0x00000000d6d80000, 0x0000000100000000)
  eden space 21504K, 0% used [0x00000000d5580000,0x00000000d5580000,0x00000000d6a80000)
  from space 1024K, 96% used [0x00000000d6b00000,0x00000000d6bf8020,0x00000000d6c00000)
  to   space 1536K, 0% used [0x00000000d6c00000,0x00000000d6c00000,0x00000000d6d80000)
 ParOldGen       total 68608K, used 33141K [0x0000000080000000, 0x0000000084300000, 0x00000000d5580000)
  object space 68608K, 48% used [0x0000000080000000,0x000000008205d740,0x0000000084300000)
 Metaspace       used 40953K, committed 41856K, reserved 1114112K
  class space    used 4046K, committed 4480K, reserved 1048576K
}
Event: 9.341 GC heap before
{Heap before GC invocations=28 (full 2):
 PSYoungGen      total 22528K, used 22496K [0x00000000d5580000, 0x00000000d6d80000, 0x0000000100000000)
  eden space 21504K, 100% used [0x00000000d5580000,0x00000000d6a80000,0x00000000d6a80000)
  from space 1024K, 96% used [0x00000000d6b00000,0x00000000d6bf8020,0x00000000d6c00000)
  to   space 1536K, 0% used [0x00000000d6c00000,0x00000000d6c00000,0x00000000d6d80000)
 ParOldGen       total 68608K, used 33141K [0x0000000080000000, 0x0000000084300000, 0x00000000d5580000)
  object space 68608K, 48% used [0x0000000080000000,0x000000008205d740,0x0000000084300000)
 Metaspace       used 41667K, committed 42752K, reserved 1114112K
  class space    used 4108K, committed 4608K, reserved 1048576K
}
Event: 9.343 GC heap after
{Heap after GC invocations=28 (full 2):
 PSYoungGen      total 23040K, used 1142K [0x00000000d5580000, 0x00000000d6d80000, 0x0000000100000000)
  eden space 21504K, 0% used [0x00000000d5580000,0x00000000d5580000,0x00000000d6a80000)
  from space 1536K, 74% used [0x00000000d6c00000,0x00000000d6d1d8b0,0x00000000d6d80000)
  to   space 1536K, 0% used [0x00000000d6a80000,0x00000000d6a80000,0x00000000d6c00000)
 ParOldGen       total 68608K, used 33938K [0x0000000080000000, 0x0000000084300000, 0x00000000d5580000)
  object space 68608K, 49% used [0x0000000080000000,0x0000000082124bf0,0x0000000084300000)
 Metaspace       used 41667K, committed 42752K, reserved 1114112K
  class space    used 4108K, committed 4608K, reserved 1048576K
}
Event: 9.711 GC heap before
{Heap before GC invocations=29 (full 2):
 PSYoungGen      total 23040K, used 22646K [0x00000000d5580000, 0x00000000d6d80000, 0x0000000100000000)
  eden space 21504K, 100% used [0x00000000d5580000,0x00000000d6a80000,0x00000000d6a80000)
  from space 1536K, 74% used [0x00000000d6c00000,0x00000000d6d1d8b0,0x00000000d6d80000)
  to   space 1536K, 0% used [0x00000000d6a80000,0x00000000d6a80000,0x00000000d6c00000)
 ParOldGen       total 68608K, used 33938K [0x0000000080000000, 0x0000000084300000, 0x00000000d5580000)
  object space 68608K, 49% used [0x0000000080000000,0x0000000082124bf0,0x0000000084300000)
 Metaspace       used 42318K, committed 43328K, reserved 1114112K
  class space    used 4136K, committed 4608K, reserved 1048576K
}
Event: 9.713 GC heap after
{Heap after GC invocations=29 (full 2):
 PSYoungGen      total 22528K, used 885K [0x00000000d5580000, 0x00000000d6c80000, 0x0000000100000000)
  eden space 21504K, 0% used [0x00000000d5580000,0x00000000d5580000,0x00000000d6a80000)
  from space 1024K, 86% used [0x00000000d6a80000,0x00000000d6b5d428,0x00000000d6b80000)
  to   space 1024K, 0% used [0x00000000d6b80000,0x00000000d6b80000,0x00000000d6c80000)
 ParOldGen       total 68608K, used 34792K [0x0000000080000000, 0x0000000084300000, 0x00000000d5580000)
  object space 68608K, 50% used [0x0000000080000000,0x00000000821fa330,0x0000000084300000)
 Metaspace       used 42318K, committed 43328K, reserved 1114112K
  class space    used 4136K, committed 4608K, reserved 1048576K
}
Event: 10.028 GC heap before
{Heap before GC invocations=30 (full 2):
 PSYoungGen      total 22528K, used 22389K [0x00000000d5580000, 0x00000000d6c80000, 0x0000000100000000)
  eden space 21504K, 100% used [0x00000000d5580000,0x00000000d6a80000,0x00000000d6a80000)
  from space 1024K, 86% used [0x00000000d6a80000,0x00000000d6b5d428,0x00000000d6b80000)
  to   space 1024K, 0% used [0x00000000d6b80000,0x00000000d6b80000,0x00000000d6c80000)
 ParOldGen       total 68608K, used 34792K [0x0000000080000000, 0x0000000084300000, 0x00000000d5580000)
  object space 68608K, 50% used [0x0000000080000000,0x00000000821fa330,0x0000000084300000)
 Metaspace       used 42671K, committed 43648K, reserved 1114112K
  class space    used 4159K, committed 4608K, reserved 1048576K
}
Event: 10.031 GC heap after
{Heap after GC invocations=30 (full 2):
 PSYoungGen      total 22528K, used 721K [0x00000000d5580000, 0x00000000d6c80000, 0x0000000100000000)
  eden space 21504K, 0% used [0x00000000d5580000,0x00000000d5580000,0x00000000d6a80000)
  from space 1024K, 70% used [0x00000000d6b80000,0x00000000d6c34458,0x00000000d6c80000)
  to   space 1024K, 0% used [0x00000000d6a80000,0x00000000d6a80000,0x00000000d6b80000)
 ParOldGen       total 68608K, used 35183K [0x0000000080000000, 0x0000000084300000, 0x00000000d5580000)
  object space 68608K, 51% used [0x0000000080000000,0x000000008225bf48,0x0000000084300000)
 Metaspace       used 42671K, committed 43648K, reserved 1114112K
  class space    used 4159K, committed 4608K, reserved 1048576K
}
Event: 10.360 GC heap before
{Heap before GC invocations=31 (full 2):
 PSYoungGen      total 22528K, used 22225K [0x00000000d5580000, 0x00000000d6c80000, 0x0000000100000000)
  eden space 21504K, 100% used [0x00000000d5580000,0x00000000d6a80000,0x00000000d6a80000)
  from space 1024K, 70% used [0x00000000d6b80000,0x00000000d6c34458,0x00000000d6c80000)
  to   space 1024K, 0% used [0x00000000d6a80000,0x00000000d6a80000,0x00000000d6b80000)
 ParOldGen       total 68608K, used 35183K [0x0000000080000000, 0x0000000084300000, 0x00000000d5580000)
  object space 68608K, 51% used [0x0000000080000000,0x000000008225bf48,0x0000000084300000)
 Metaspace       used 42999K, committed 44032K, reserved 1114112K
  class space    used 4163K, committed 4608K, reserved 1048576K
}
Event: 10.362 GC heap after
{Heap after GC invocations=31 (full 2):
 PSYoungGen      total 22528K, used 1017K [0x00000000d5580000, 0x00000000d6d80000, 0x0000000100000000)
  eden space 21504K, 0% used [0x00000000d5580000,0x00000000d5580000,0x00000000d6a80000)
  from space 1024K, 99% used [0x00000000d6a80000,0x00000000d6b7e4d0,0x00000000d6b80000)
  to   space 1536K, 0% used [0x00000000d6c00000,0x00000000d6c00000,0x00000000d6d80000)
 ParOldGen       total 68608K, used 35689K [0x0000000080000000, 0x0000000084300000, 0x00000000d5580000)
  object space 68608K, 52% used [0x0000000080000000,0x00000000822da770,0x0000000084300000)
 Metaspace       used 42999K, committed 44032K, reserved 1114112K
  class space    used 4163K, committed 4608K, reserved 1048576K
}
Event: 10.605 GC heap before
{Heap before GC invocations=32 (full 2):
 PSYoungGen      total 22528K, used 22521K [0x00000000d5580000, 0x00000000d6d80000, 0x0000000100000000)
  eden space 21504K, 100% used [0x00000000d5580000,0x00000000d6a80000,0x00000000d6a80000)
  from space 1024K, 99% used [0x00000000d6a80000,0x00000000d6b7e4d0,0x00000000d6b80000)
  to   space 1536K, 0% used [0x00000000d6c00000,0x00000000d6c00000,0x00000000d6d80000)
 ParOldGen       total 68608K, used 35689K [0x0000000080000000, 0x0000000084300000, 0x00000000d5580000)
  object space 68608K, 52% used [0x0000000080000000,0x00000000822da770,0x0000000084300000)
 Metaspace       used 43268K, committed 44352K, reserved 1114112K
  class space    used 4169K, committed 4672K, reserved 1048576K
}
Event: 10.608 GC heap after
{Heap after GC invocations=32 (full 2):
 PSYoungGen      total 22016K, used 1504K [0x00000000d5580000, 0x00000000d6f80000, 0x0000000100000000)
  eden space 20480K, 0% used [0x00000000d5580000,0x00000000d5580000,0x00000000d6980000)
  from space 1536K, 97% used [0x00000000d6c00000,0x00000000d6d78010,0x00000000d6d80000)
  to   space 2560K, 0% used [0x00000000d6980000,0x00000000d6980000,0x00000000d6c00000)
 ParOldGen       total 68608K, used 36404K [0x0000000080000000, 0x0000000084300000, 0x00000000d5580000)
  object space 68608K, 53% used [0x0000000080000000,0x000000008238d120,0x0000000084300000)
 Metaspace       used 43268K, committed 44352K, reserved 1114112K
  class space    used 4169K, committed 4672K, reserved 1048576K
}
Event: 10.754 GC heap before
{Heap before GC invocations=33 (full 2):
 PSYoungGen      total 22016K, used 21984K [0x00000000d5580000, 0x00000000d6f80000, 0x0000000100000000)
  eden space 20480K, 100% used [0x00000000d5580000,0x00000000d6980000,0x00000000d6980000)
  from space 1536K, 97% used [0x00000000d6c00000,0x00000000d6d78010,0x00000000d6d80000)
  to   space 2560K, 0% used [0x00000000d6980000,0x00000000d6980000,0x00000000d6c00000)
 ParOldGen       total 68608K, used 36404K [0x0000000080000000, 0x0000000084300000, 0x00000000d5580000)
  object space 68608K, 53% used [0x0000000080000000,0x000000008238d120,0x0000000084300000)
 Metaspace       used 43392K, committed 44480K, reserved 1114112K
  class space    used 4182K, committed 4672K, reserved 1048576K
}
Event: 10.756 GC heap after
{Heap after GC invocations=33 (full 2):
 PSYoungGen      total 23040K, used 2512K [0x00000000d5580000, 0x00000000d6f80000, 0x0000000100000000)
  eden space 20480K, 0% used [0x00000000d5580000,0x00000000d5580000,0x00000000d6980000)
  from space 2560K, 98% used [0x00000000d6980000,0x00000000d6bf4030,0x00000000d6c00000)
  to   space 3072K, 0% used [0x00000000d6c80000,0x00000000d6c80000,0x00000000d6f80000)
 ParOldGen       total 68608K, used 37608K [0x0000000080000000, 0x0000000084300000, 0x00000000d5580000)
  object space 68608K, 54% used [0x0000000080000000,0x00000000824ba190,0x0000000084300000)
 Metaspace       used 43392K, committed 44480K, reserved 1114112K
  class space    used 4182K, committed 4672K, reserved 1048576K
}
Event: 10.939 GC heap before
{Heap before GC invocations=34 (full 2):
 PSYoungGen      total 23040K, used 22992K [0x00000000d5580000, 0x00000000d6f80000, 0x0000000100000000)
  eden space 20480K, 100% used [0x00000000d5580000,0x00000000d6980000,0x00000000d6980000)
  from space 2560K, 98% used [0x00000000d6980000,0x00000000d6bf4030,0x00000000d6c00000)
  to   space 3072K, 0% used [0x00000000d6c80000,0x00000000d6c80000,0x00000000d6f80000)
 ParOldGen       total 68608K, used 37608K [0x0000000080000000, 0x0000000084300000, 0x00000000d5580000)
  object space 68608K, 54% used [0x0000000080000000,0x00000000824ba190,0x0000000084300000)
 Metaspace       used 43491K, committed 44544K, reserved 1114112K
  class space    used 4183K, committed 4672K, reserved 1048576K
}
Event: 10.942 GC heap after
{Heap after GC invocations=34 (full 2):
 PSYoungGen      total 22528K, used 1616K [0x00000000d5580000, 0x00000000d6e80000, 0x0000000100000000)
  eden space 20480K, 0% used [0x00000000d5580000,0x00000000d5580000,0x00000000d6980000)
  from space 2048K, 78% used [0x00000000d6c80000,0x00000000d6e14030,0x00000000d6e80000)
  to   space 2048K, 0% used [0x00000000d6a80000,0x00000000d6a80000,0x00000000d6c80000)
 ParOldGen       total 68608K, used 39924K [0x0000000080000000, 0x0000000084300000, 0x00000000d5580000)
  object space 68608K, 58% used [0x0000000080000000,0x00000000826fd260,0x0000000084300000)
 Metaspace       used 43491K, committed 44544K, reserved 1114112K
  class space    used 4183K, committed 4672K, reserved 1048576K
}
Event: 11.058 GC heap before
{Heap before GC invocations=35 (full 2):
 PSYoungGen      total 22528K, used 22096K [0x00000000d5580000, 0x00000000d6e80000, 0x0000000100000000)
  eden space 20480K, 100% used [0x00000000d5580000,0x00000000d6980000,0x00000000d6980000)
  from space 2048K, 78% used [0x00000000d6c80000,0x00000000d6e14030,0x00000000d6e80000)
  to   space 2048K, 0% used [0x00000000d6a80000,0x00000000d6a80000,0x00000000d6c80000)
 ParOldGen       total 68608K, used 39924K [0x0000000080000000, 0x0000000084300000, 0x00000000d5580000)
  object space 68608K, 58% used [0x0000000080000000,0x00000000826fd260,0x0000000084300000)
 Metaspace       used 43637K, committed 44672K, reserved 1114112K
  class space    used 4183K, committed 4672K, reserved 1048576K
}
Event: 11.063 GC heap after
{Heap after GC invocations=35 (full 2):
 PSYoungGen      total 22016K, used 1328K [0x00000000d5580000, 0x00000000d6d00000, 0x0000000100000000)
  eden space 20480K, 0% used [0x00000000d5580000,0x00000000d5580000,0x00000000d6980000)
  from space 1536K, 86% used [0x00000000d6a80000,0x00000000d6bcc010,0x00000000d6c00000)
  to   space 1024K, 0% used [0x00000000d6c00000,0x00000000d6c00000,0x00000000d6d00000)
 ParOldGen       total 68608K, used 41267K [0x0000000080000000, 0x0000000084300000, 0x00000000d5580000)
  object space 68608K, 60% used [0x0000000080000000,0x000000008284cee0,0x0000000084300000)
 Metaspace       used 43637K, committed 44672K, reserved 1114112K
  class space    used 4183K, committed 4672K, reserved 1048576K
}
Event: 11.170 GC heap before
{Heap before GC invocations=36 (full 2):
 PSYoungGen      total 22016K, used 21808K [0x00000000d5580000, 0x00000000d6d00000, 0x0000000100000000)
  eden space 20480K, 100% used [0x00000000d5580000,0x00000000d6980000,0x00000000d6980000)
  from space 1536K, 86% used [0x00000000d6a80000,0x00000000d6bcc010,0x00000000d6c00000)
  to   space 1024K, 0% used [0x00000000d6c00000,0x00000000d6c00000,0x00000000d6d00000)
 ParOldGen       total 68608K, used 41267K [0x0000000080000000, 0x0000000084300000, 0x00000000d5580000)
  object space 68608K, 60% used [0x0000000080000000,0x000000008284cee0,0x0000000084300000)
 Metaspace       used 43666K, committed 44736K, reserved 1114112K
  class space    used 4183K, committed 4672K, reserved 1048576K
}
Event: 11.171 GC heap after
{Heap after GC invocations=36 (full 2):
 PSYoungGen      total 20480K, used 1008K [0x00000000d5580000, 0x00000000d7080000, 0x0000000100000000)
  eden space 19456K, 0% used [0x00000000d5580000,0x00000000d5580000,0x00000000d6880000)
  from space 1024K, 98% used [0x00000000d6c00000,0x00000000d6cfc010,0x00000000d6d00000)
  to   space 3584K, 0% used [0x00000000d6880000,0x00000000d6880000,0x00000000d6c00000)
 ParOldGen       total 68608K, used 43320K [0x0000000080000000, 0x0000000084300000, 0x00000000d5580000)
  object space 68608K, 63% used [0x0000000080000000,0x0000000082a4e2d0,0x0000000084300000)
 Metaspace       used 43666K, committed 44736K, reserved 1114112K
  class space    used 4183K, committed 4672K, reserved 1048576K
}

