# JRE version: OpenJDK Runtime Environment Temurin-21.0.8+9 (21.0.8+9) (build 21.0.8+9-LTS)
# Java VM: OpenJDK 64-Bit Server VM Temurin-21.0.8+9 (21.0.8+9-LTS, mixed mode, sharing, tiered, compressed oops, compressed class ptrs, parallel gc, windows-amd64)
GC Precious Log:
 CardTable entry size: 512
 CPUs: 16 total, 16 available
 Memory: 16085M
 Large Page Support: Disabled
 NUMA Support: Disabled
 Compressed Oops: Enabled (32-bit)
 Alignments: Space 512K, Generation 512K, Heap 2M
 Heap Min Capacity: 100M
 Heap Initial Capacity: 100M
 Heap Max Capacity: 2G
 Pre-touch: Disabled
 Parallel Workers: 13
Heap:
 PSYoungGen      total 9216K, used 5901K [0x00000000d5580000, 0x00000000d6000000, 0x0000000100000000)
  eden space 7680K, 63% used [0x00000000d5580000,0x00000000d5a3b758,0x00000000d5d00000)
  from space 1536K, 68% used [0x00000000d5d80000,0x00000000d5e88000,0x00000000d5f00000)
  to   space 1024K, 0% used [0x00000000d5f00000,0x00000000d5f00000,0x00000000d6000000)
 ParOldGen       total 134656K, used 134585K [0x0000000080000000, 0x0000000088380000, 0x00000000d5580000)
  object space 134656K, 99% used [0x0000000080000000,0x000000008836e4b8,0x0000000088380000)
 Metaspace       used 67259K, committed 68800K, reserved 1114112K
  class space    used 6723K, committed 7424K, reserved 1048576K
GC Heap History (20 events):
Event: 18.754 GC heap before
{Heap before GC invocations=147 (full 3):
 PSYoungGen      total 9216K, used 8896K [0x00000000d5580000, 0x00000000d6000000, 0x0000000100000000)
  eden space 7680K, 100% used [0x00000000d5580000,0x00000000d5d00000,0x00000000d5d00000)
  from space 1536K, 79% used [0x00000000d5d00000,0x00000000d5e301a8,0x00000000d5e80000)
  to   space 1536K, 0% used [0x00000000d5e80000,0x00000000d5e80000,0x00000000d6000000)
 ParOldGen       total 126464K, used 126149K [0x0000000080000000, 0x0000000087b80000, 0x00000000d5580000)
  object space 126464K, 99% used [0x0000000080000000,0x0000000087b31668,0x0000000087b80000)
 Metaspace       used 66860K, committed 68352K, reserved 1114112K
  class space    used 6703K, committed 7424K, reserved 1048576K
}
Event: 18.756 GC heap after
{Heap after GC invocations=147 (full 3):
 PSYoungGen      total 9216K, used 1309K [0x00000000d5580000, 0x00000000d6000000, 0x0000000100000000)
  eden space 7680K, 0% used [0x00000000d5580000,0x00000000d5580000,0x00000000d5d00000)
  from space 1536K, 85% used [0x00000000d5e80000,0x00000000d5fc7728,0x00000000d6000000)
  to   space 1536K, 0% used [0x00000000d5d00000,0x00000000d5d00000,0x00000000d5e80000)
 ParOldGen       total 127488K, used 127211K [0x0000000080000000, 0x0000000087c80000, 0x00000000d5580000)
  object space 127488K, 99% used [0x0000000080000000,0x0000000087c3ad68,0x0000000087c80000)
 Metaspace       used 66860K, committed 68352K, reserved 1114112K
  class space    used 6703K, committed 7424K, reserved 1048576K
}
Event: 18.771 GC heap before
{Heap before GC invocations=148 (full 3):
 PSYoungGen      total 9216K, used 8989K [0x00000000d5580000, 0x00000000d6000000, 0x0000000100000000)
  eden space 7680K, 100% used [0x00000000d5580000,0x00000000d5d00000,0x00000000d5d00000)
  from space 1536K, 85% used [0x00000000d5e80000,0x00000000d5fc7728,0x00000000d6000000)
  to   space 1536K, 0% used [0x00000000d5d00000,0x00000000d5d00000,0x00000000d5e80000)
 ParOldGen       total 127488K, used 127211K [0x0000000080000000, 0x0000000087c80000, 0x00000000d5580000)
  object space 127488K, 99% used [0x0000000080000000,0x0000000087c3ad68,0x0000000087c80000)
 Metaspace       used 66863K, committed 68416K, reserved 1114112K
  class space    used 6703K, committed 7424K, reserved 1048576K
}
Event: 18.772 GC heap after
{Heap after GC invocations=148 (full 3):
 PSYoungGen      total 9216K, used 1386K [0x00000000d5580000, 0x00000000d6000000, 0x0000000100000000)
  eden space 7680K, 0% used [0x00000000d5580000,0x00000000d5580000,0x00000000d5d00000)
  from space 1536K, 90% used [0x00000000d5d00000,0x00000000d5e5a910,0x00000000d5e80000)
  to   space 1536K, 0% used [0x00000000d5e80000,0x00000000d5e80000,0x00000000d6000000)
 ParOldGen       total 128512K, used 128378K [0x0000000080000000, 0x0000000087d80000, 0x00000000d5580000)
  object space 128512K, 99% used [0x0000000080000000,0x0000000087d5eb60,0x0000000087d80000)
 Metaspace       used 66863K, committed 68416K, reserved 1114112K
  class space    used 6703K, committed 7424K, reserved 1048576K
}
Event: 18.797 GC heap before
{Heap before GC invocations=149 (full 3):
 PSYoungGen      total 9216K, used 9066K [0x00000000d5580000, 0x00000000d6000000, 0x0000000100000000)
  eden space 7680K, 100% used [0x00000000d5580000,0x00000000d5d00000,0x00000000d5d00000)
  from space 1536K, 90% used [0x00000000d5d00000,0x00000000d5e5a910,0x00000000d5e80000)
  to   space 1536K, 0% used [0x00000000d5e80000,0x00000000d5e80000,0x00000000d6000000)
 ParOldGen       total 128512K, used 128378K [0x0000000080000000, 0x0000000087d80000, 0x00000000d5580000)
  object space 128512K, 99% used [0x0000000080000000,0x0000000087d5eb60,0x0000000087d80000)
 Metaspace       used 66874K, committed 68416K, reserved 1114112K
  class space    used 6703K, committed 7424K, reserved 1048576K
}
Event: 18.798 GC heap after
{Heap after GC invocations=149 (full 3):
 PSYoungGen      total 9216K, used 852K [0x00000000d5580000, 0x00000000d6000000, 0x0000000100000000)
  eden space 7680K, 0% used [0x00000000d5580000,0x00000000d5580000,0x00000000d5d00000)
  from space 1536K, 55% used [0x00000000d5e80000,0x00000000d5f55200,0x00000000d6000000)
  to   space 1536K, 0% used [0x00000000d5d00000,0x00000000d5d00000,0x00000000d5e80000)
 ParOldGen       total 129536K, used 129474K [0x0000000080000000, 0x0000000087e80000, 0x00000000d5580000)
  object space 129536K, 99% used [0x0000000080000000,0x0000000087e70a40,0x0000000087e80000)
 Metaspace       used 66874K, committed 68416K, reserved 1114112K
  class space    used 6703K, committed 7424K, reserved 1048576K
}
Event: 18.821 GC heap before
{Heap before GC invocations=150 (full 3):
 PSYoungGen      total 9216K, used 8532K [0x00000000d5580000, 0x00000000d6000000, 0x0000000100000000)
  eden space 7680K, 100% used [0x00000000d5580000,0x00000000d5d00000,0x00000000d5d00000)
  from space 1536K, 55% used [0x00000000d5e80000,0x00000000d5f55200,0x00000000d6000000)
  to   space 1536K, 0% used [0x00000000d5d00000,0x00000000d5d00000,0x00000000d5e80000)
 ParOldGen       total 129536K, used 129474K [0x0000000080000000, 0x0000000087e80000, 0x00000000d5580000)
  object space 129536K, 99% used [0x0000000080000000,0x0000000087e70a40,0x0000000087e80000)
 Metaspace       used 66874K, committed 68416K, reserved 1114112K
  class space    used 6703K, committed 7424K, reserved 1048576K
}
Event: 18.822 GC heap after
{Heap after GC invocations=150 (full 3):
 PSYoungGen      total 8704K, used 846K [0x00000000d5580000, 0x00000000d5f00000, 0x0000000100000000)
  eden space 7680K, 0% used [0x00000000d5580000,0x00000000d5580000,0x00000000d5d00000)
  from space 1024K, 82% used [0x00000000d5d00000,0x00000000d5dd3918,0x00000000d5e00000)
  to   space 1024K, 0% used [0x00000000d5e00000,0x00000000d5e00000,0x00000000d5f00000)
 ParOldGen       total 130048K, used 130016K [0x0000000080000000, 0x0000000087f00000, 0x00000000d5580000)
  object space 130048K, 99% used [0x0000000080000000,0x0000000087ef81d0,0x0000000087f00000)
 Metaspace       used 66874K, committed 68416K, reserved 1114112K
  class space    used 6703K, committed 7424K, reserved 1048576K
}
Event: 22.944 GC heap before
{Heap before GC invocations=151 (full 3):
 PSYoungGen      total 8704K, used 8526K [0x00000000d5580000, 0x00000000d5f00000, 0x0000000100000000)
  eden space 7680K, 100% used [0x00000000d5580000,0x00000000d5d00000,0x00000000d5d00000)
  from space 1024K, 82% used [0x00000000d5d00000,0x00000000d5dd3918,0x00000000d5e00000)
  to   space 1024K, 0% used [0x00000000d5e00000,0x00000000d5e00000,0x00000000d5f00000)
 ParOldGen       total 130048K, used 130016K [0x0000000080000000, 0x0000000087f00000, 0x00000000d5580000)
  object space 130048K, 99% used [0x0000000080000000,0x0000000087ef81d0,0x0000000087f00000)
 Metaspace       used 66898K, committed 68416K, reserved 1114112K
  class space    used 6705K, committed 7424K, reserved 1048576K
}
Event: 22.945 GC heap after
{Heap after GC invocations=151 (full 3):
 PSYoungGen      total 8704K, used 548K [0x00000000d5580000, 0x00000000d5f00000, 0x0000000100000000)
  eden space 7680K, 0% used [0x00000000d5580000,0x00000000d5580000,0x00000000d5d00000)
  from space 1024K, 53% used [0x00000000d5e00000,0x00000000d5e89198,0x00000000d5f00000)
  to   space 1024K, 0% used [0x00000000d5d00000,0x00000000d5d00000,0x00000000d5e00000)
 ParOldGen       total 131072K, used 130724K [0x0000000080000000, 0x0000000088000000, 0x00000000d5580000)
  object space 131072K, 99% used [0x0000000080000000,0x0000000087fa90d8,0x0000000088000000)
 Metaspace       used 66898K, committed 68416K, reserved 1114112K
  class space    used 6705K, committed 7424K, reserved 1048576K
}
Event: 22.968 GC heap before
{Heap before GC invocations=152 (full 3):
 PSYoungGen      total 8704K, used 8228K [0x00000000d5580000, 0x00000000d5f00000, 0x0000000100000000)
  eden space 7680K, 100% used [0x00000000d5580000,0x00000000d5d00000,0x00000000d5d00000)
  from space 1024K, 53% used [0x00000000d5e00000,0x00000000d5e89198,0x00000000d5f00000)
  to   space 1024K, 0% used [0x00000000d5d00000,0x00000000d5d00000,0x00000000d5e00000)
 ParOldGen       total 131072K, used 130724K [0x0000000080000000, 0x0000000088000000, 0x00000000d5580000)
  object space 131072K, 99% used [0x0000000080000000,0x0000000087fa90d8,0x0000000088000000)
 Metaspace       used 66898K, committed 68416K, reserved 1114112K
  class space    used 6705K, committed 7424K, reserved 1048576K
}
Event: 22.969 GC heap after
{Heap after GC invocations=152 (full 3):
 PSYoungGen      total 8704K, used 1016K [0x00000000d5580000, 0x00000000d6100000, 0x0000000100000000)
  eden space 7680K, 0% used [0x00000000d5580000,0x00000000d5580000,0x00000000d5d00000)
  from space 1024K, 99% used [0x00000000d5d00000,0x00000000d5dfe398,0x00000000d5e00000)
  to   space 2048K, 0% used [0x00000000d5f00000,0x00000000d5f00000,0x00000000d6100000)
 ParOldGen       total 131584K, used 131415K [0x0000000080000000, 0x0000000088080000, 0x00000000d5580000)
  object space 131584K, 99% used [0x0000000080000000,0x0000000088055f60,0x0000000088080000)
 Metaspace       used 66898K, committed 68416K, reserved 1114112K
  class space    used 6705K, committed 7424K, reserved 1048576K
}
Event: 22.988 GC heap before
{Heap before GC invocations=153 (full 3):
 PSYoungGen      total 8704K, used 8696K [0x00000000d5580000, 0x00000000d6100000, 0x0000000100000000)
  eden space 7680K, 100% used [0x00000000d5580000,0x00000000d5d00000,0x00000000d5d00000)
  from space 1024K, 99% used [0x00000000d5d00000,0x00000000d5dfe398,0x00000000d5e00000)
  to   space 2048K, 0% used [0x00000000d5f00000,0x00000000d5f00000,0x00000000d6100000)
 ParOldGen       total 131584K, used 131415K [0x0000000080000000, 0x0000000088080000, 0x00000000d5580000)
  object space 131584K, 99% used [0x0000000080000000,0x0000000088055f60,0x0000000088080000)
 Metaspace       used 66931K, committed 68480K, reserved 1114112K
  class space    used 6705K, committed 7424K, reserved 1048576K
}
Event: 22.989 GC heap after
{Heap after GC invocations=153 (full 3):
 PSYoungGen      total 9216K, used 1120K [0x00000000d5580000, 0x00000000d6080000, 0x0000000100000000)
  eden space 7680K, 0% used [0x00000000d5580000,0x00000000d5580000,0x00000000d5d00000)
  from space 1536K, 72% used [0x00000000d5f00000,0x00000000d6018000,0x00000000d6080000)
  to   space 1536K, 0% used [0x00000000d5d80000,0x00000000d5d80000,0x00000000d5f00000)
 ParOldGen       total 132608K, used 132461K [0x0000000080000000, 0x0000000088180000, 0x00000000d5580000)
  object space 132608K, 99% used [0x0000000080000000,0x000000008815b770,0x0000000088180000)
 Metaspace       used 66931K, committed 68480K, reserved 1114112K
  class space    used 6705K, committed 7424K, reserved 1048576K
}
Event: 23.017 GC heap before
{Heap before GC invocations=154 (full 3):
 PSYoungGen      total 9216K, used 8800K [0x00000000d5580000, 0x00000000d6080000, 0x0000000100000000)
  eden space 7680K, 100% used [0x00000000d5580000,0x00000000d5d00000,0x00000000d5d00000)
  from space 1536K, 72% used [0x00000000d5f00000,0x00000000d6018000,0x00000000d6080000)
  to   space 1536K, 0% used [0x00000000d5d80000,0x00000000d5d80000,0x00000000d5f00000)
 ParOldGen       total 132608K, used 132461K [0x0000000080000000, 0x0000000088180000, 0x00000000d5580000)
  object space 132608K, 99% used [0x0000000080000000,0x000000008815b770,0x0000000088180000)
 Metaspace       used 66946K, committed 68480K, reserved 1114112K
  class space    used 6705K, committed 7424K, reserved 1048576K
}
Event: 23.019 GC heap after
{Heap after GC invocations=154 (full 3):
 PSYoungGen      total 9216K, used 1528K [0x00000000d5580000, 0x00000000d6100000, 0x0000000100000000)
  eden space 7680K, 0% used [0x00000000d5580000,0x00000000d5580000,0x00000000d5d00000)
  from space 1536K, 99% used [0x00000000d5d80000,0x00000000d5efe398,0x00000000d5f00000)
  to   space 2048K, 0% used [0x00000000d5f00000,0x00000000d5f00000,0x00000000d6100000)
 ParOldGen       total 133120K, used 132805K [0x0000000080000000, 0x0000000088200000, 0x00000000d5580000)
  object space 133120K, 99% used [0x0000000080000000,0x00000000881b1790,0x0000000088200000)
 Metaspace       used 66946K, committed 68480K, reserved 1114112K
  class space    used 6705K, committed 7424K, reserved 1048576K
}
Event: 23.040 GC heap before
{Heap before GC invocations=155 (full 3):
 PSYoungGen      total 9216K, used 9208K [0x00000000d5580000, 0x00000000d6100000, 0x0000000100000000)
  eden space 7680K, 100% used [0x00000000d5580000,0x00000000d5d00000,0x00000000d5d00000)
  from space 1536K, 99% used [0x00000000d5d80000,0x00000000d5efe398,0x00000000d5f00000)
  to   space 2048K, 0% used [0x00000000d5f00000,0x00000000d5f00000,0x00000000d6100000)
 ParOldGen       total 133120K, used 132805K [0x0000000080000000, 0x0000000088200000, 0x00000000d5580000)
  object space 133120K, 99% used [0x0000000080000000,0x00000000881b1790,0x0000000088200000)
 Metaspace       used 66947K, committed 68480K, reserved 1114112K
  class space    used 6705K, committed 7424K, reserved 1048576K
}
Event: 23.042 GC heap after
{Heap after GC invocations=155 (full 3):
 PSYoungGen      total 9216K, used 1088K [0x00000000d5580000, 0x00000000d6080000, 0x0000000100000000)
  eden space 7680K, 0% used [0x00000000d5580000,0x00000000d5580000,0x00000000d5d00000)
  from space 1536K, 70% used [0x00000000d5f00000,0x00000000d6010000,0x00000000d6080000)
  to   space 1536K, 0% used [0x00000000d5d80000,0x00000000d5d80000,0x00000000d5f00000)
 ParOldGen       total 134656K, used 134385K [0x0000000080000000, 0x0000000088380000, 0x00000000d5580000)
  object space 134656K, 99% used [0x0000000080000000,0x000000008833c4b8,0x0000000088380000)
 Metaspace       used 66947K, committed 68480K, reserved 1114112K
  class space    used 6705K, committed 7424K, reserved 1048576K
}
Event: 184.361 GC heap before
{Heap before GC invocations=156 (full 3):
 PSYoungGen      total 9216K, used 8768K [0x00000000d5580000, 0x00000000d6080000, 0x0000000100000000)
  eden space 7680K, 100% used [0x00000000d5580000,0x00000000d5d00000,0x00000000d5d00000)
  from space 1536K, 70% used [0x00000000d5f00000,0x00000000d6010000,0x00000000d6080000)
  to   space 1536K, 0% used [0x00000000d5d80000,0x00000000d5d80000,0x00000000d5f00000)
 ParOldGen       total 134656K, used 134385K [0x0000000080000000, 0x0000000088380000, 0x00000000d5580000)
  object space 134656K, 99% used [0x0000000080000000,0x000000008833c4b8,0x0000000088380000)
 Metaspace       used 67194K, committed 68736K, reserved 1114112K
  class space    used 6716K, committed 7424K, reserved 1048576K
}
Event: 184.363 GC heap after
{Heap after GC invocations=156 (full 3):
 PSYoungGen      total 9216K, used 1056K [0x00000000d5580000, 0x00000000d6000000, 0x0000000100000000)
  eden space 7680K, 0% used [0x00000000d5580000,0x00000000d5580000,0x00000000d5d00000)
  from space 1536K, 68% used [0x00000000d5d80000,0x00000000d5e88000,0x00000000d5f00000)
  to   space 1024K, 0% used [0x00000000d5f00000,0x00000000d5f00000,0x00000000d6000000)
 ParOldGen       total 134656K, used 134585K [0x0000000080000000, 0x0000000088380000, 0x00000000d5580000)
  object space 134656K, 99% used [0x0000000080000000,0x000000008836e4b8,0x0000000088380000)
 Metaspace       used 67194K, committed 68736K, reserved 1114112K
  class space    used 6716K, committed 7424K, reserved 1048576K
}

