# JRE version: OpenJDK Runtime Environment Temurin-21.0.8+9 (21.0.8+9) (build 21.0.8+9-LTS)
# Java VM: OpenJDK 64-Bit Server VM Temurin-21.0.8+9 (21.0.8+9-LTS, mixed mode, sharing, tiered, compressed oops, compressed class ptrs, parallel gc, windows-amd64)
GC Precious Log:
 CardTable entry size: 512
 CPUs: 16 total, 16 available
 Memory: 16085M
 Large Page Support: Disabled
 NUMA Support: Disabled
 Compressed Oops: Enabled (32-bit)
 Alignments: Space 512K, Generation 512K, Heap 2M
 Heap Min Capacity: 100M
 Heap Initial Capacity: 100M
 Heap Max Capacity: 2G
 Pre-touch: Disabled
 Parallel Workers: 13
Heap:
 PSYoungGen      total 3072K, used 3000K [0x00000000d5580000, 0x00000000d5980000, 0x0000000100000000)
  eden space 2560K, 99% used [0x00000000d5580000,0x00000000d57fe2d0,0x00000000d5800000)
  from space 512K, 87% used [0x00000000d5900000,0x00000000d5970000,0x00000000d5980000)
  to   space 512K, 100% used [0x00000000d5880000,0x00000000d5900000,0x00000000d5900000)
 ParOldGen       total 441856K, used 441449K [0x0000000080000000, 0x000000009af80000, 0x00000000d5580000)
  object space 441856K, 99% used [0x0000000080000000,0x000000009af1a580,0x000000009af80000)
 Metaspace       used 67159K, committed 68672K, reserved 1114112K
  class space    used 6797K, committed 7488K, reserved 1048576K
GC Heap History (20 events):
Event: 18.691 GC heap after
{Heap after GC invocations=361 (full 3):
 PSYoungGen      total 3072K, used 993K [0x00000000d5580000, 0x00000000d5b00000, 0x0000000100000000)
  eden space 2048K, 0% used [0x00000000d5580000,0x00000000d5580000,0x00000000d5780000)
  from space 1024K, 96% used [0x00000000d5900000,0x00000000d59f84b8,0x00000000d5a00000)
  to   space 1536K, 0% used [0x00000000d5780000,0x00000000d5780000,0x00000000d5900000)
 ParOldGen       total 437760K, used 437370K [0x0000000080000000, 0x000000009ab80000, 0x00000000d5580000)
  object space 437760K, 99% used [0x0000000080000000,0x000000009ab1ea90,0x000000009ab80000)
 Metaspace       used 66547K, committed 68032K, reserved 1114112K
  class space    used 6713K, committed 7360K, reserved 1048576K
}
Event: 18.696 GC heap before
{Heap before GC invocations=362 (full 3):
 PSYoungGen      total 3072K, used 3041K [0x00000000d5580000, 0x00000000d5b00000, 0x0000000100000000)
  eden space 2048K, 100% used [0x00000000d5580000,0x00000000d5780000,0x00000000d5780000)
  from space 1024K, 96% used [0x00000000d5900000,0x00000000d59f84b8,0x00000000d5a00000)
  to   space 1536K, 0% used [0x00000000d5780000,0x00000000d5780000,0x00000000d5900000)
 ParOldGen       total 437760K, used 437381K [0x0000000080000000, 0x000000009ab80000, 0x00000000d5580000)
  object space 437760K, 99% used [0x0000000080000000,0x000000009ab21490,0x000000009ab80000)
 Metaspace       used 66669K, committed 68224K, reserved 1114112K
  class space    used 6731K, committed 7424K, reserved 1048576K
}
Event: 18.697 GC heap after
{Heap after GC invocations=362 (full 3):
 PSYoungGen      total 3584K, used 1002K [0x00000000d5580000, 0x00000000d5b00000, 0x0000000100000000)
  eden space 2048K, 0% used [0x00000000d5580000,0x00000000d5580000,0x00000000d5780000)
  from space 1536K, 65% used [0x00000000d5780000,0x00000000d587aa80,0x00000000d5900000)
  to   space 1536K, 0% used [0x00000000d5980000,0x00000000d5980000,0x00000000d5b00000)
 ParOldGen       total 437760K, used 437669K [0x0000000080000000, 0x000000009ab80000, 0x00000000d5580000)
  object space 437760K, 99% used [0x0000000080000000,0x000000009ab69490,0x000000009ab80000)
 Metaspace       used 66669K, committed 68224K, reserved 1114112K
  class space    used 6731K, committed 7424K, reserved 1048576K
}
Event: 18.705 GC heap before
{Heap before GC invocations=363 (full 3):
 PSYoungGen      total 3584K, used 3050K [0x00000000d5580000, 0x00000000d5b00000, 0x0000000100000000)
  eden space 2048K, 100% used [0x00000000d5580000,0x00000000d5780000,0x00000000d5780000)
  from space 1536K, 65% used [0x00000000d5780000,0x00000000d587aa80,0x00000000d5900000)
  to   space 1536K, 0% used [0x00000000d5980000,0x00000000d5980000,0x00000000d5b00000)
 ParOldGen       total 437760K, used 437671K [0x0000000080000000, 0x000000009ab80000, 0x00000000d5580000)
  object space 437760K, 99% used [0x0000000080000000,0x000000009ab69ff8,0x000000009ab80000)
 Metaspace       used 66812K, committed 68352K, reserved 1114112K
  class space    used 6754K, committed 7424K, reserved 1048576K
}
Event: 18.706 GC heap after
{Heap after GC invocations=363 (full 3):
 PSYoungGen      total 3584K, used 1198K [0x00000000d5580000, 0x00000000d5b00000, 0x0000000100000000)
  eden space 2048K, 0% used [0x00000000d5580000,0x00000000d5580000,0x00000000d5780000)
  from space 1536K, 77% used [0x00000000d5980000,0x00000000d5aab820,0x00000000d5b00000)
  to   space 1536K, 0% used [0x00000000d5780000,0x00000000d5780000,0x00000000d5900000)
 ParOldGen       total 438784K, used 438334K [0x0000000080000000, 0x000000009ac80000, 0x00000000d5580000)
  object space 438784K, 99% used [0x0000000080000000,0x000000009ac0f8f8,0x000000009ac80000)
 Metaspace       used 66812K, committed 68352K, reserved 1114112K
  class space    used 6754K, committed 7424K, reserved 1048576K
}
Event: 18.733 GC heap before
{Heap before GC invocations=364 (full 3):
 PSYoungGen      total 3584K, used 3246K [0x00000000d5580000, 0x00000000d5b00000, 0x0000000100000000)
  eden space 2048K, 100% used [0x00000000d5580000,0x00000000d5780000,0x00000000d5780000)
  from space 1536K, 77% used [0x00000000d5980000,0x00000000d5aab820,0x00000000d5b00000)
  to   space 1536K, 0% used [0x00000000d5780000,0x00000000d5780000,0x00000000d5900000)
 ParOldGen       total 438784K, used 438334K [0x0000000080000000, 0x000000009ac80000, 0x00000000d5580000)
  object space 438784K, 99% used [0x0000000080000000,0x000000009ac0f8f8,0x000000009ac80000)
 Metaspace       used 66937K, committed 68480K, reserved 1114112K
  class space    used 6787K, committed 7488K, reserved 1048576K
}
Event: 18.734 GC heap after
{Heap after GC invocations=364 (full 3):
 PSYoungGen      total 3584K, used 817K [0x00000000d5580000, 0x00000000d5a00000, 0x0000000100000000)
  eden space 2048K, 0% used [0x00000000d5580000,0x00000000d5580000,0x00000000d5780000)
  from space 1536K, 53% used [0x00000000d5780000,0x00000000d584c610,0x00000000d5900000)
  to   space 1024K, 0% used [0x00000000d5900000,0x00000000d5900000,0x00000000d5a00000)
 ParOldGen       total 439296K, used 439161K [0x0000000080000000, 0x000000009ad00000, 0x00000000d5580000)
  object space 439296K, 99% used [0x0000000080000000,0x000000009acde508,0x000000009ad00000)
 Metaspace       used 66937K, committed 68480K, reserved 1114112K
  class space    used 6787K, committed 7488K, reserved 1048576K
}
Event: 18.750 GC heap before
{Heap before GC invocations=365 (full 3):
 PSYoungGen      total 3584K, used 2821K [0x00000000d5580000, 0x00000000d5a00000, 0x0000000100000000)
  eden space 2048K, 97% used [0x00000000d5580000,0x00000000d5775180,0x00000000d5780000)
  from space 1536K, 53% used [0x00000000d5780000,0x00000000d584c610,0x00000000d5900000)
  to   space 1024K, 0% used [0x00000000d5900000,0x00000000d5900000,0x00000000d5a00000)
 ParOldGen       total 439296K, used 439225K [0x0000000080000000, 0x000000009ad00000, 0x00000000d5580000)
  object space 439296K, 99% used [0x0000000080000000,0x000000009acee518,0x000000009ad00000)
 Metaspace       used 67045K, committed 68608K, reserved 1114112K
  class space    used 6790K, committed 7488K, reserved 1048576K
}
Event: 18.752 GC heap after
{Heap after GC invocations=365 (full 3):
 PSYoungGen      total 3072K, used 548K [0x00000000d5580000, 0x00000000d5a00000, 0x0000000100000000)
  eden space 2048K, 0% used [0x00000000d5580000,0x00000000d5580000,0x00000000d5780000)
  from space 1024K, 53% used [0x00000000d5900000,0x00000000d5989038,0x00000000d5a00000)
  to   space 1024K, 0% used [0x00000000d5800000,0x00000000d5800000,0x00000000d5900000)
 ParOldGen       total 439808K, used 439761K [0x0000000080000000, 0x000000009ad80000, 0x00000000d5580000)
  object space 439808K, 99% used [0x0000000080000000,0x000000009ad74668,0x000000009ad80000)
 Metaspace       used 67045K, committed 68608K, reserved 1114112K
  class space    used 6790K, committed 7488K, reserved 1048576K
}
Event: 18.758 GC heap before
{Heap before GC invocations=366 (full 3):
 PSYoungGen      total 3072K, used 2596K [0x00000000d5580000, 0x00000000d5a00000, 0x0000000100000000)
  eden space 2048K, 100% used [0x00000000d5580000,0x00000000d5780000,0x00000000d5780000)
  from space 1024K, 53% used [0x00000000d5900000,0x00000000d5989038,0x00000000d5a00000)
  to   space 1024K, 0% used [0x00000000d5800000,0x00000000d5800000,0x00000000d5900000)
 ParOldGen       total 439808K, used 439780K [0x0000000080000000, 0x000000009ad80000, 0x00000000d5580000)
  object space 439808K, 99% used [0x0000000080000000,0x000000009ad79138,0x000000009ad80000)
 Metaspace       used 67066K, committed 68608K, reserved 1114112K
  class space    used 6791K, committed 7488K, reserved 1048576K
}
Event: 18.760 GC heap after
{Heap after GC invocations=366 (full 3):
 PSYoungGen      total 3072K, used 448K [0x00000000d5580000, 0x00000000d5980000, 0x0000000100000000)
  eden space 2048K, 0% used [0x00000000d5580000,0x00000000d5580000,0x00000000d5780000)
  from space 1024K, 43% used [0x00000000d5800000,0x00000000d5870000,0x00000000d5900000)
  to   space 512K, 0% used [0x00000000d5900000,0x00000000d5900000,0x00000000d5980000)
 ParOldGen       total 440320K, used 440152K [0x0000000080000000, 0x000000009ae00000, 0x00000000d5580000)
  object space 440320K, 99% used [0x0000000080000000,0x000000009add6170,0x000000009ae00000)
 Metaspace       used 67066K, committed 68608K, reserved 1114112K
  class space    used 6791K, committed 7488K, reserved 1048576K
}
Event: 18.765 GC heap before
{Heap before GC invocations=367 (full 3):
 PSYoungGen      total 3072K, used 2496K [0x00000000d5580000, 0x00000000d5980000, 0x0000000100000000)
  eden space 2048K, 100% used [0x00000000d5580000,0x00000000d5780000,0x00000000d5780000)
  from space 1024K, 43% used [0x00000000d5800000,0x00000000d5870000,0x00000000d5900000)
  to   space 512K, 0% used [0x00000000d5900000,0x00000000d5900000,0x00000000d5980000)
 ParOldGen       total 440320K, used 440152K [0x0000000080000000, 0x000000009ae00000, 0x00000000d5580000)
  object space 440320K, 99% used [0x0000000080000000,0x000000009add6170,0x000000009ae00000)
 Metaspace       used 67066K, committed 68608K, reserved 1114112K
  class space    used 6791K, committed 7488K, reserved 1048576K
}
Event: 18.768 GC heap after
{Heap after GC invocations=367 (full 3):
 PSYoungGen      total 2560K, used 475K [0x00000000d5580000, 0x00000000d5980000, 0x0000000100000000)
  eden space 2048K, 0% used [0x00000000d5580000,0x00000000d5580000,0x00000000d5780000)
  from space 512K, 92% used [0x00000000d5900000,0x00000000d5976c08,0x00000000d5980000)
  to   space 512K, 0% used [0x00000000d5880000,0x00000000d5880000,0x00000000d5900000)
 ParOldGen       total 440832K, used 440424K [0x0000000080000000, 0x000000009ae80000, 0x00000000d5580000)
  object space 440832K, 99% used [0x0000000080000000,0x000000009ae1a170,0x000000009ae80000)
 Metaspace       used 67066K, committed 68608K, reserved 1114112K
  class space    used 6791K, committed 7488K, reserved 1048576K
}
Event: 18.775 GC heap before
{Heap before GC invocations=368 (full 3):
 PSYoungGen      total 2560K, used 2523K [0x00000000d5580000, 0x00000000d5980000, 0x0000000100000000)
  eden space 2048K, 100% used [0x00000000d5580000,0x00000000d5780000,0x00000000d5780000)
  from space 512K, 92% used [0x00000000d5900000,0x00000000d5976c08,0x00000000d5980000)
  to   space 512K, 0% used [0x00000000d5880000,0x00000000d5880000,0x00000000d5900000)
 ParOldGen       total 440832K, used 440424K [0x0000000080000000, 0x000000009ae80000, 0x00000000d5580000)
  object space 440832K, 99% used [0x0000000080000000,0x000000009ae1a170,0x000000009ae80000)
 Metaspace       used 67082K, committed 68608K, reserved 1114112K
  class space    used 6791K, committed 7488K, reserved 1048576K
}
Event: 18.776 GC heap after
{Heap after GC invocations=368 (full 3):
 PSYoungGen      total 2560K, used 448K [0x00000000d5580000, 0x00000000d5980000, 0x0000000100000000)
  eden space 2048K, 0% used [0x00000000d5580000,0x00000000d5580000,0x00000000d5780000)
  from space 512K, 87% used [0x00000000d5880000,0x00000000d58f0000,0x00000000d5900000)
  to   space 512K, 0% used [0x00000000d5900000,0x00000000d5900000,0x00000000d5980000)
 ParOldGen       total 440832K, used 440787K [0x0000000080000000, 0x000000009ae80000, 0x00000000d5580000)
  object space 440832K, 99% used [0x0000000080000000,0x000000009ae74d78,0x000000009ae80000)
 Metaspace       used 67082K, committed 68608K, reserved 1114112K
  class space    used 6791K, committed 7488K, reserved 1048576K
}
Event: 18.780 GC heap before
{Heap before GC invocations=369 (full 3):
 PSYoungGen      total 2560K, used 2496K [0x00000000d5580000, 0x00000000d5980000, 0x0000000100000000)
  eden space 2048K, 100% used [0x00000000d5580000,0x00000000d5780000,0x00000000d5780000)
  from space 512K, 87% used [0x00000000d5880000,0x00000000d58f0000,0x00000000d5900000)
  to   space 512K, 0% used [0x00000000d5900000,0x00000000d5900000,0x00000000d5980000)
 ParOldGen       total 440832K, used 440787K [0x0000000080000000, 0x000000009ae80000, 0x00000000d5580000)
  object space 440832K, 99% used [0x0000000080000000,0x000000009ae74d78,0x000000009ae80000)
 Metaspace       used 67100K, committed 68672K, reserved 1114112K
  class space    used 6793K, committed 7488K, reserved 1048576K
}
Event: 18.782 GC heap after
{Heap after GC invocations=369 (full 3):
 PSYoungGen      total 3072K, used 448K [0x00000000d5580000, 0x00000000d5980000, 0x0000000100000000)
  eden space 2560K, 0% used [0x00000000d5580000,0x00000000d5580000,0x00000000d5800000)
  from space 512K, 87% used [0x00000000d5900000,0x00000000d5970000,0x00000000d5980000)
  to   space 512K, 0% used [0x00000000d5880000,0x00000000d5880000,0x00000000d5900000)
 ParOldGen       total 441344K, used 441091K [0x0000000080000000, 0x000000009af00000, 0x00000000d5580000)
  object space 441344K, 99% used [0x0000000080000000,0x000000009aec0d78,0x000000009af00000)
 Metaspace       used 67100K, committed 68672K, reserved 1114112K
  class space    used 6793K, committed 7488K, reserved 1048576K
}
Event: 18.787 GC heap before
{Heap before GC invocations=370 (full 3):
 PSYoungGen      total 3072K, used 3000K [0x00000000d5580000, 0x00000000d5980000, 0x0000000100000000)
  eden space 2560K, 99% used [0x00000000d5580000,0x00000000d57fe2d0,0x00000000d5800000)
  from space 512K, 87% used [0x00000000d5900000,0x00000000d5970000,0x00000000d5980000)
  to   space 512K, 0% used [0x00000000d5880000,0x00000000d5880000,0x00000000d5900000)
 ParOldGen       total 441344K, used 441091K [0x0000000080000000, 0x000000009af00000, 0x00000000d5580000)
  object space 441344K, 99% used [0x0000000080000000,0x000000009aec0d78,0x000000009af00000)
 Metaspace       used 67159K, committed 68672K, reserved 1114112K
  class space    used 6797K, committed 7488K, reserved 1048576K
}
Event: 18.789 GC heap after
{Heap after GC invocations=370 (full 3):
 PSYoungGen      total 3072K, used 3000K [0x00000000d5580000, 0x00000000d5980000, 0x0000000100000000)
  eden space 2560K, 99% used [0x00000000d5580000,0x00000000d57fe2d0,0x00000000d5800000)
  from space 512K, 87% used [0x00000000d5900000,0x00000000d5970000,0x00000000d5980000)
  to   space 512K, 100% used [0x00000000d5880000,0x00000000d5900000,0x00000000d5900000)
 ParOldGen       total 441856K, used 441449K [0x0000000080000000, 0x000000009af80000, 0x00000000d5580000)
  object space 441856K, 99% used [0x0000000080000000,0x000000009af1a580,0x000000009af80000)
 Metaspace       used 67159K, committed 68672K, reserved 1114112K
  class space    used 6797K, committed 7488K, reserved 1048576K
}
Event: 18.789 GC heap before
{Heap before GC invocations=371 (full 4):
 PSYoungGen      total 3072K, used 3000K [0x00000000d5580000, 0x00000000d5980000, 0x0000000100000000)
  eden space 2560K, 99% used [0x00000000d5580000,0x00000000d57fe2d0,0x00000000d5800000)
  from space 512K, 87% used [0x00000000d5900000,0x00000000d5970000,0x00000000d5980000)
  to   space 512K, 100% used [0x00000000d5880000,0x00000000d5900000,0x00000000d5900000)
 ParOldGen       total 441856K, used 441449K [0x0000000080000000, 0x000000009af80000, 0x00000000d5580000)
  object space 441856K, 99% used [0x0000000080000000,0x000000009af1a580,0x000000009af80000)
 Metaspace       used 67159K, committed 68672K, reserved 1114112K
  class space    used 6797K, committed 7488K, reserved 1048576K
}

