# JRE version: OpenJDK Runtime Environment Temurin-21.0.8+9 (21.0.8+9) (build 21.0.8+9-LTS)
# Java VM: OpenJDK 64-Bit Server VM Temurin-21.0.8+9 (21.0.8+9-LTS, mixed mode, sharing, tiered, compressed oops, compressed class ptrs, parallel gc, windows-amd64)
GC Precious Log:
 CardTable entry size: 512
 CPUs: 16 total, 16 available
 Memory: 16085M
 Large Page Support: Disabled
 NUMA Support: Disabled
 Compressed Oops: Enabled (32-bit)
 Alignments: Space 512K, Generation 512K, Heap 2M
 Heap Min Capacity: 100M
 Heap Initial Capacity: 100M
 Heap Max Capacity: 2G
 Pre-touch: Disabled
 Parallel Workers: 13
Heap:
 PSYoungGen      total 22528K, used 20655K [0x00000000d5580000, 0x00000000d6d80000, 0x0000000100000000)
  eden space 21504K, 92% used [0x00000000d5580000,0x00000000d68f1760,0x00000000d6a80000)
  from space 1024K, 72% used [0x00000000d6c80000,0x00000000d6d3a540,0x00000000d6d80000)
  to   space 1024K, 0% used [0x00000000d6b80000,0x00000000d6b80000,0x00000000d6c80000)
 ParOldGen       total 68608K, used 31374K [0x0000000080000000, 0x0000000084300000, 0x00000000d5580000)
  object space 68608K, 45% used [0x0000000080000000,0x0000000081ea3888,0x0000000084300000)
 Metaspace       used 39103K, committed 40064K, reserved 1114112K
  class space    used 3917K, committed 4352K, reserved 1048576K
GC Heap History (20 events):
Event: 3.021 GC heap before
{Heap before GC invocations=13 (full 1):
 PSYoungGen      total 25088K, used 24593K [0x00000000d5580000, 0x00000000d7200000, 0x0000000100000000)
  eden space 22016K, 100% used [0x00000000d5580000,0x00000000d6b00000,0x00000000d6b00000)
  from space 3072K, 83% used [0x00000000d6d00000,0x00000000d6f84420,0x00000000d7000000)
  to   space 2048K, 0% used [0x00000000d7000000,0x00000000d7000000,0x00000000d7200000)
 ParOldGen       total 68608K, used 19052K [0x0000000080000000, 0x0000000084300000, 0x00000000d5580000)
  object space 68608K, 27% used [0x0000000080000000,0x000000008129b260,0x0000000084300000)
 Metaspace       used 32260K, committed 33152K, reserved 1114112K
  class space    used 3233K, committed 3648K, reserved 1048576K
}
Event: 3.024 GC heap after
{Heap after GC invocations=13 (full 1):
 PSYoungGen      total 23552K, used 2018K [0x00000000d5580000, 0x00000000d7600000, 0x0000000100000000)
  eden space 21504K, 0% used [0x00000000d5580000,0x00000000d5580000,0x00000000d6a80000)
  from space 2048K, 98% used [0x00000000d7000000,0x00000000d71f8810,0x00000000d7200000)
  to   space 5632K, 0% used [0x00000000d6a80000,0x00000000d6a80000,0x00000000d7000000)
 ParOldGen       total 68608K, used 22015K [0x0000000080000000, 0x0000000084300000, 0x00000000d5580000)
  object space 68608K, 32% used [0x0000000080000000,0x000000008157ff58,0x0000000084300000)
 Metaspace       used 32260K, committed 33152K, reserved 1114112K
  class space    used 3233K, committed 3648K, reserved 1048576K
}
Event: 3.069 GC heap before
{Heap before GC invocations=14 (full 1):
 PSYoungGen      total 23552K, used 23522K [0x00000000d5580000, 0x00000000d7600000, 0x0000000100000000)
  eden space 21504K, 100% used [0x00000000d5580000,0x00000000d6a80000,0x00000000d6a80000)
  from space 2048K, 98% used [0x00000000d7000000,0x00000000d71f8810,0x00000000d7200000)
  to   space 5632K, 0% used [0x00000000d6a80000,0x00000000d6a80000,0x00000000d7000000)
 ParOldGen       total 68608K, used 22015K [0x0000000080000000, 0x0000000084300000, 0x00000000d5580000)
  object space 68608K, 32% used [0x0000000080000000,0x000000008157ff58,0x0000000084300000)
 Metaspace       used 32264K, committed 33152K, reserved 1114112K
  class space    used 3233K, committed 3648K, reserved 1048576K
}
Event: 3.072 GC heap after
{Heap after GC invocations=14 (full 1):
 PSYoungGen      total 24064K, used 2372K [0x00000000d5580000, 0x00000000d7180000, 0x0000000100000000)
  eden space 21504K, 0% used [0x00000000d5580000,0x00000000d5580000,0x00000000d6a80000)
  from space 2560K, 92% used [0x00000000d6a80000,0x00000000d6cd1000,0x00000000d6d00000)
  to   space 3584K, 0% used [0x00000000d6e00000,0x00000000d6e00000,0x00000000d7180000)
 ParOldGen       total 68608K, used 23966K [0x0000000080000000, 0x0000000084300000, 0x00000000d5580000)
  object space 68608K, 34% used [0x0000000080000000,0x0000000081767918,0x0000000084300000)
 Metaspace       used 32264K, committed 33152K, reserved 1114112K
  class space    used 3233K, committed 3648K, reserved 1048576K
}
Event: 3.131 GC heap before
{Heap before GC invocations=15 (full 1):
 PSYoungGen      total 24064K, used 23876K [0x00000000d5580000, 0x00000000d7180000, 0x0000000100000000)
  eden space 21504K, 100% used [0x00000000d5580000,0x00000000d6a80000,0x00000000d6a80000)
  from space 2560K, 92% used [0x00000000d6a80000,0x00000000d6cd1000,0x00000000d6d00000)
  to   space 3584K, 0% used [0x00000000d6e00000,0x00000000d6e00000,0x00000000d7180000)
 ParOldGen       total 68608K, used 23966K [0x0000000080000000, 0x0000000084300000, 0x00000000d5580000)
  object space 68608K, 34% used [0x0000000080000000,0x0000000081767918,0x0000000084300000)
 Metaspace       used 32301K, committed 33280K, reserved 1114112K
  class space    used 3233K, committed 3648K, reserved 1048576K
}
Event: 3.134 GC heap after
{Heap after GC invocations=15 (full 1):
 PSYoungGen      total 24064K, used 2464K [0x00000000d5580000, 0x00000000d7080000, 0x0000000100000000)
  eden space 21504K, 0% used [0x00000000d5580000,0x00000000d5580000,0x00000000d6a80000)
  from space 2560K, 96% used [0x00000000d6e00000,0x00000000d7068010,0x00000000d7080000)
  to   space 3072K, 0% used [0x00000000d6a80000,0x00000000d6a80000,0x00000000d6d80000)
 ParOldGen       total 68608K, used 26179K [0x0000000080000000, 0x0000000084300000, 0x00000000d5580000)
  object space 68608K, 38% used [0x0000000080000000,0x0000000081990f40,0x0000000084300000)
 Metaspace       used 32301K, committed 33280K, reserved 1114112K
  class space    used 3233K, committed 3648K, reserved 1048576K
}
Event: 3.202 GC heap before
{Heap before GC invocations=16 (full 1):
 PSYoungGen      total 24064K, used 23968K [0x00000000d5580000, 0x00000000d7080000, 0x0000000100000000)
  eden space 21504K, 100% used [0x00000000d5580000,0x00000000d6a80000,0x00000000d6a80000)
  from space 2560K, 96% used [0x00000000d6e00000,0x00000000d7068010,0x00000000d7080000)
  to   space 3072K, 0% used [0x00000000d6a80000,0x00000000d6a80000,0x00000000d6d80000)
 ParOldGen       total 68608K, used 26179K [0x0000000080000000, 0x0000000084300000, 0x00000000d5580000)
  object space 68608K, 38% used [0x0000000080000000,0x0000000081990f40,0x0000000084300000)
 Metaspace       used 32406K, committed 33344K, reserved 1114112K
  class space    used 3244K, committed 3648K, reserved 1048576K
}
Event: 3.205 GC heap after
{Heap after GC invocations=16 (full 1):
 PSYoungGen      total 24064K, used 2225K [0x00000000d5580000, 0x00000000d6f80000, 0x0000000100000000)
  eden space 21504K, 0% used [0x00000000d5580000,0x00000000d5580000,0x00000000d6a80000)
  from space 2560K, 86% used [0x00000000d6a80000,0x00000000d6cac788,0x00000000d6d00000)
  to   space 2560K, 0% used [0x00000000d6d00000,0x00000000d6d00000,0x00000000d6f80000)
 ParOldGen       total 68608K, used 28515K [0x0000000080000000, 0x0000000084300000, 0x00000000d5580000)
  object space 68608K, 41% used [0x0000000080000000,0x0000000081bd8f50,0x0000000084300000)
 Metaspace       used 32406K, committed 33344K, reserved 1114112K
  class space    used 3244K, committed 3648K, reserved 1048576K
}
Event: 3.473 GC heap before
{Heap before GC invocations=17 (full 1):
 PSYoungGen      total 24064K, used 23729K [0x00000000d5580000, 0x00000000d6f80000, 0x0000000100000000)
  eden space 21504K, 100% used [0x00000000d5580000,0x00000000d6a80000,0x00000000d6a80000)
  from space 2560K, 86% used [0x00000000d6a80000,0x00000000d6cac788,0x00000000d6d00000)
  to   space 2560K, 0% used [0x00000000d6d00000,0x00000000d6d00000,0x00000000d6f80000)
 ParOldGen       total 68608K, used 28515K [0x0000000080000000, 0x0000000084300000, 0x00000000d5580000)
  object space 68608K, 41% used [0x0000000080000000,0x0000000081bd8f50,0x0000000084300000)
 Metaspace       used 34325K, committed 35264K, reserved 1114112K
  class space    used 3512K, committed 3904K, reserved 1048576K
}
Event: 3.475 GC heap after
{Heap after GC invocations=17 (full 1):
 PSYoungGen      total 22528K, used 965K [0x00000000d5580000, 0x00000000d6e00000, 0x0000000100000000)
  eden space 21504K, 0% used [0x00000000d5580000,0x00000000d5580000,0x00000000d6a80000)
  from space 1024K, 94% used [0x00000000d6d00000,0x00000000d6df1568,0x00000000d6e00000)
  to   space 1536K, 0% used [0x00000000d6b00000,0x00000000d6b00000,0x00000000d6c80000)
 ParOldGen       total 68608K, used 30464K [0x0000000080000000, 0x0000000084300000, 0x00000000d5580000)
  object space 68608K, 44% used [0x0000000080000000,0x0000000081dc03d0,0x0000000084300000)
 Metaspace       used 34325K, committed 35264K, reserved 1114112K
  class space    used 3512K, committed 3904K, reserved 1048576K
}
Event: 3.656 GC heap before
{Heap before GC invocations=18 (full 1):
 PSYoungGen      total 22528K, used 12996K [0x00000000d5580000, 0x00000000d6e00000, 0x0000000100000000)
  eden space 21504K, 55% used [0x00000000d5580000,0x00000000d613fe38,0x00000000d6a80000)
  from space 1024K, 94% used [0x00000000d6d00000,0x00000000d6df1568,0x00000000d6e00000)
  to   space 1536K, 0% used [0x00000000d6b00000,0x00000000d6b00000,0x00000000d6c80000)
 ParOldGen       total 68608K, used 30464K [0x0000000080000000, 0x0000000084300000, 0x00000000d5580000)
  object space 68608K, 44% used [0x0000000080000000,0x0000000081dc03d0,0x0000000084300000)
 Metaspace       used 34984K, committed 35840K, reserved 1114112K
  class space    used 3574K, committed 3968K, reserved 1048576K
}
Event: 3.656 GC heap after
{Heap after GC invocations=18 (full 1):
 PSYoungGen      total 23040K, used 416K [0x00000000d5580000, 0x00000000d6d80000, 0x0000000100000000)
  eden space 21504K, 0% used [0x00000000d5580000,0x00000000d5580000,0x00000000d6a80000)
  from space 1536K, 27% used [0x00000000d6b00000,0x00000000d6b68000,0x00000000d6c80000)
  to   space 1024K, 0% used [0x00000000d6c80000,0x00000000d6c80000,0x00000000d6d80000)
 ParOldGen       total 68608K, used 31147K [0x0000000080000000, 0x0000000084300000, 0x00000000d5580000)
  object space 68608K, 45% used [0x0000000080000000,0x0000000081e6afd8,0x0000000084300000)
 Metaspace       used 34984K, committed 35840K, reserved 1114112K
  class space    used 3574K, committed 3968K, reserved 1048576K
}
Event: 3.656 GC heap before
{Heap before GC invocations=19 (full 2):
 PSYoungGen      total 23040K, used 416K [0x00000000d5580000, 0x00000000d6d80000, 0x0000000100000000)
  eden space 21504K, 0% used [0x00000000d5580000,0x00000000d5580000,0x00000000d6a80000)
  from space 1536K, 27% used [0x00000000d6b00000,0x00000000d6b68000,0x00000000d6c80000)
  to   space 1024K, 0% used [0x00000000d6c80000,0x00000000d6c80000,0x00000000d6d80000)
 ParOldGen       total 68608K, used 31147K [0x0000000080000000, 0x0000000084300000, 0x00000000d5580000)
  object space 68608K, 45% used [0x0000000080000000,0x0000000081e6afd8,0x0000000084300000)
 Metaspace       used 34984K, committed 35840K, reserved 1114112K
  class space    used 3574K, committed 3968K, reserved 1048576K
}
Event: 3.699 GC heap after
{Heap after GC invocations=19 (full 2):
 PSYoungGen      total 23040K, used 0K [0x00000000d5580000, 0x00000000d6d80000, 0x0000000100000000)
  eden space 21504K, 0% used [0x00000000d5580000,0x00000000d5580000,0x00000000d6a80000)
  from space 1536K, 0% used [0x00000000d6b00000,0x00000000d6b00000,0x00000000d6c80000)
  to   space 1024K, 0% used [0x00000000d6c80000,0x00000000d6c80000,0x00000000d6d80000)
 ParOldGen       total 68608K, used 30124K [0x0000000080000000, 0x0000000084300000, 0x00000000d5580000)
  object space 68608K, 43% used [0x0000000080000000,0x0000000081d6b270,0x0000000084300000)
 Metaspace       used 34984K, committed 35840K, reserved 1114112K
  class space    used 3574K, committed 3968K, reserved 1048576K
}
Event: 4.001 GC heap before
{Heap before GC invocations=20 (full 2):
 PSYoungGen      total 23040K, used 21504K [0x00000000d5580000, 0x00000000d6d80000, 0x0000000100000000)
  eden space 21504K, 100% used [0x00000000d5580000,0x00000000d6a80000,0x00000000d6a80000)
  from space 1536K, 0% used [0x00000000d6b00000,0x00000000d6b00000,0x00000000d6c80000)
  to   space 1024K, 0% used [0x00000000d6c80000,0x00000000d6c80000,0x00000000d6d80000)
 ParOldGen       total 68608K, used 30124K [0x0000000080000000, 0x0000000084300000, 0x00000000d5580000)
  object space 68608K, 43% used [0x0000000080000000,0x0000000081d6b270,0x0000000084300000)
 Metaspace       used 36960K, committed 37888K, reserved 1114112K
  class space    used 3766K, committed 4160K, reserved 1048576K
}
Event: 4.001 GC heap after
{Heap after GC invocations=20 (full 2):
 PSYoungGen      total 22528K, used 832K [0x00000000d5580000, 0x00000000d6d80000, 0x0000000100000000)
  eden space 21504K, 0% used [0x00000000d5580000,0x00000000d5580000,0x00000000d6a80000)
  from space 1024K, 81% used [0x00000000d6c80000,0x00000000d6d50000,0x00000000d6d80000)
  to   space 1024K, 0% used [0x00000000d6b80000,0x00000000d6b80000,0x00000000d6c80000)
 ParOldGen       total 68608K, used 30132K [0x0000000080000000, 0x0000000084300000, 0x00000000d5580000)
  object space 68608K, 43% used [0x0000000080000000,0x0000000081d6d270,0x0000000084300000)
 Metaspace       used 36960K, committed 37888K, reserved 1114112K
  class space    used 3766K, committed 4160K, reserved 1048576K
}
Event: 4.224 GC heap before
{Heap before GC invocations=21 (full 2):
 PSYoungGen      total 22528K, used 22333K [0x00000000d5580000, 0x00000000d6d80000, 0x0000000100000000)
  eden space 21504K, 99% used [0x00000000d5580000,0x00000000d6a7f650,0x00000000d6a80000)
  from space 1024K, 81% used [0x00000000d6c80000,0x00000000d6d50000,0x00000000d6d80000)
  to   space 1024K, 0% used [0x00000000d6b80000,0x00000000d6b80000,0x00000000d6c80000)
 ParOldGen       total 68608K, used 30132K [0x0000000080000000, 0x0000000084300000, 0x00000000d5580000)
  object space 68608K, 43% used [0x0000000080000000,0x0000000081d6d270,0x0000000084300000)
 Metaspace       used 37798K, committed 38784K, reserved 1114112K
  class space    used 3802K, committed 4224K, reserved 1048576K
}
Event: 4.225 GC heap after
{Heap after GC invocations=21 (full 2):
 PSYoungGen      total 22528K, used 1014K [0x00000000d5580000, 0x00000000d6d80000, 0x0000000100000000)
  eden space 21504K, 0% used [0x00000000d5580000,0x00000000d5580000,0x00000000d6a80000)
  from space 1024K, 99% used [0x00000000d6b80000,0x00000000d6c7db90,0x00000000d6c80000)
  to   space 1024K, 0% used [0x00000000d6c80000,0x00000000d6c80000,0x00000000d6d80000)
 ParOldGen       total 68608K, used 30708K [0x0000000080000000, 0x0000000084300000, 0x00000000d5580000)
  object space 68608K, 44% used [0x0000000080000000,0x0000000081dfd290,0x0000000084300000)
 Metaspace       used 37798K, committed 38784K, reserved 1114112K
  class space    used 3802K, committed 4224K, reserved 1048576K
}
Event: 4.283 GC heap before
{Heap before GC invocations=22 (full 2):
 PSYoungGen      total 22528K, used 22518K [0x00000000d5580000, 0x00000000d6d80000, 0x0000000100000000)
  eden space 21504K, 100% used [0x00000000d5580000,0x00000000d6a80000,0x00000000d6a80000)
  from space 1024K, 99% used [0x00000000d6b80000,0x00000000d6c7db90,0x00000000d6c80000)
  to   space 1024K, 0% used [0x00000000d6c80000,0x00000000d6c80000,0x00000000d6d80000)
 ParOldGen       total 68608K, used 30708K [0x0000000080000000, 0x0000000084300000, 0x00000000d5580000)
  object space 68608K, 44% used [0x0000000080000000,0x0000000081dfd290,0x0000000084300000)
 Metaspace       used 37826K, committed 38784K, reserved 1114112K
  class space    used 3802K, committed 4224K, reserved 1048576K
}
Event: 4.284 GC heap after
{Heap after GC invocations=22 (full 2):
 PSYoungGen      total 22528K, used 745K [0x00000000d5580000, 0x00000000d6d80000, 0x0000000100000000)
  eden space 21504K, 0% used [0x00000000d5580000,0x00000000d5580000,0x00000000d6a80000)
  from space 1024K, 72% used [0x00000000d6c80000,0x00000000d6d3a540,0x00000000d6d80000)
  to   space 1024K, 0% used [0x00000000d6b80000,0x00000000d6b80000,0x00000000d6c80000)
 ParOldGen       total 68608K, used 31374K [0x0000000080000000, 0x0000000084300000, 0x00000000d5580000)
  object space 68608K, 45% used [0x0000000080000000,0x0000000081ea3888,0x0000000084300000)
 Metaspace       used 37826K, committed 38784K, reserved 1114112K
  class space    used 3802K, committed 4224K, reserved 1048576K
}

