# JRE version: OpenJDK Runtime Environment Temurin-21.0.8+9 (21.0.8+9) (build 21.0.8+9-LTS)
# Java VM: OpenJDK 64-Bit Server VM Temurin-21.0.8+9 (21.0.8+9-LTS, mixed mode, sharing, tiered, compressed oops, compressed class ptrs, parallel gc, windows-amd64)
GC Precious Log:
 CardTable entry size: 512
 CPUs: 16 total, 16 available
 Memory: 16085M
 Large Page Support: Disabled
 NUMA Support: Disabled
 Compressed Oops: Enabled (32-bit)
 Alignments: Space 512K, Generation 512K, Heap 2M
 Heap Min Capacity: 100M
 Heap Initial Capacity: 100M
 Heap Max Capacity: 2G
 Pre-touch: Disabled
 Parallel Workers: 13
Heap:
 PSYoungGen      total 22016K, used 15154K [0x00000000d5580000, 0x00000000d6d00000, 0x0000000100000000)
  eden space 20480K, 69% used [0x00000000d5580000,0x00000000d6356dd0,0x00000000d6980000)
  from space 1536K, 64% used [0x00000000d6a00000,0x00000000d6af5c70,0x00000000d6b80000)
  to   space 1536K, 0% used [0x00000000d6b80000,0x00000000d6b80000,0x00000000d6d00000)
 ParOldGen       total 68608K, used 31204K [0x0000000080000000, 0x0000000084300000, 0x00000000d5580000)
  object space 68608K, 45% used [0x0000000080000000,0x0000000081e790e0,0x0000000084300000)
 Metaspace       used 39456K, committed 40512K, reserved 1114112K
  class space    used 3941K, committed 4416K, reserved 1048576K
GC Heap History (20 events):
Event: 7.010 GC heap before
{Heap before GC invocations=14 (full 1):
 PSYoungGen      total 23552K, used 23522K [0x00000000d5580000, 0x00000000d7600000, 0x0000000100000000)
  eden space 22016K, 100% used [0x00000000d5580000,0x00000000d6b00000,0x00000000d6b00000)
  from space 1536K, 98% used [0x00000000d7080000,0x00000000d71f8810,0x00000000d7200000)
  to   space 5632K, 0% used [0x00000000d6b00000,0x00000000d6b00000,0x00000000d7080000)
 ParOldGen       total 68608K, used 22170K [0x0000000080000000, 0x0000000084300000, 0x00000000d5580000)
  object space 68608K, 32% used [0x0000000080000000,0x00000000815a6b38,0x0000000084300000)
 Metaspace       used 32379K, committed 33280K, reserved 1114112K
  class space    used 3234K, committed 3648K, reserved 1048576K
}
Event: 7.014 GC heap after
{Heap after GC invocations=14 (full 1):
 PSYoungGen      total 24576K, used 2436K [0x00000000d5580000, 0x00000000d7200000, 0x0000000100000000)
  eden space 22016K, 0% used [0x00000000d5580000,0x00000000d5580000,0x00000000d6b00000)
  from space 2560K, 95% used [0x00000000d6b00000,0x00000000d6d61000,0x00000000d6d80000)
  to   space 3584K, 0% used [0x00000000d6e80000,0x00000000d6e80000,0x00000000d7200000)
 ParOldGen       total 68608K, used 23626K [0x0000000080000000, 0x0000000084300000, 0x00000000d5580000)
  object space 68608K, 34% used [0x0000000080000000,0x0000000081712b48,0x0000000084300000)
 Metaspace       used 32379K, committed 33280K, reserved 1114112K
  class space    used 3234K, committed 3648K, reserved 1048576K
}
Event: 7.098 GC heap before
{Heap before GC invocations=15 (full 1):
 PSYoungGen      total 24576K, used 24452K [0x00000000d5580000, 0x00000000d7200000, 0x0000000100000000)
  eden space 22016K, 100% used [0x00000000d5580000,0x00000000d6b00000,0x00000000d6b00000)
  from space 2560K, 95% used [0x00000000d6b00000,0x00000000d6d61000,0x00000000d6d80000)
  to   space 3584K, 0% used [0x00000000d6e80000,0x00000000d6e80000,0x00000000d7200000)
 ParOldGen       total 68608K, used 23626K [0x0000000080000000, 0x0000000084300000, 0x00000000d5580000)
  object space 68608K, 34% used [0x0000000080000000,0x0000000081712b48,0x0000000084300000)
 Metaspace       used 32404K, committed 33344K, reserved 1114112K
  class space    used 3235K, committed 3648K, reserved 1048576K
}
Event: 7.101 GC heap after
{Heap after GC invocations=15 (full 1):
 PSYoungGen      total 25088K, used 2624K [0x00000000d5580000, 0x00000000d7180000, 0x0000000100000000)
  eden space 22016K, 0% used [0x00000000d5580000,0x00000000d5580000,0x00000000d6b00000)
  from space 3072K, 85% used [0x00000000d6e80000,0x00000000d7110010,0x00000000d7180000)
  to   space 3072K, 0% used [0x00000000d6b80000,0x00000000d6b80000,0x00000000d6e80000)
 ParOldGen       total 68608K, used 25832K [0x0000000080000000, 0x0000000084300000, 0x00000000d5580000)
  object space 68608K, 37% used [0x0000000080000000,0x000000008193a170,0x0000000084300000)
 Metaspace       used 32404K, committed 33344K, reserved 1114112K
  class space    used 3235K, committed 3648K, reserved 1048576K
}
Event: 7.195 GC heap before
{Heap before GC invocations=16 (full 1):
 PSYoungGen      total 25088K, used 24640K [0x00000000d5580000, 0x00000000d7180000, 0x0000000100000000)
  eden space 22016K, 100% used [0x00000000d5580000,0x00000000d6b00000,0x00000000d6b00000)
  from space 3072K, 85% used [0x00000000d6e80000,0x00000000d7110010,0x00000000d7180000)
  to   space 3072K, 0% used [0x00000000d6b80000,0x00000000d6b80000,0x00000000d6e80000)
 ParOldGen       total 68608K, used 25832K [0x0000000080000000, 0x0000000084300000, 0x00000000d5580000)
  object space 68608K, 37% used [0x0000000080000000,0x000000008193a170,0x0000000084300000)
 Metaspace       used 32526K, committed 33472K, reserved 1114112K
  class space    used 3245K, committed 3648K, reserved 1048576K
}
Event: 7.199 GC heap after
{Heap after GC invocations=16 (full 1):
 PSYoungGen      total 24576K, used 2301K [0x00000000d5580000, 0x00000000d7000000, 0x0000000100000000)
  eden space 22016K, 0% used [0x00000000d5580000,0x00000000d5580000,0x00000000d6b00000)
  from space 2560K, 89% used [0x00000000d6b80000,0x00000000d6dbf760,0x00000000d6e00000)
  to   space 2048K, 0% used [0x00000000d6e00000,0x00000000d6e00000,0x00000000d7000000)
 ParOldGen       total 68608K, used 28240K [0x0000000080000000, 0x0000000084300000, 0x00000000d5580000)
  object space 68608K, 41% used [0x0000000080000000,0x0000000081b94180,0x0000000084300000)
 Metaspace       used 32526K, committed 33472K, reserved 1114112K
  class space    used 3245K, committed 3648K, reserved 1048576K
}
Event: 7.601 GC heap before
{Heap before GC invocations=17 (full 1):
 PSYoungGen      total 24576K, used 24317K [0x00000000d5580000, 0x00000000d7000000, 0x0000000100000000)
  eden space 22016K, 100% used [0x00000000d5580000,0x00000000d6b00000,0x00000000d6b00000)
  from space 2560K, 89% used [0x00000000d6b80000,0x00000000d6dbf760,0x00000000d6e00000)
  to   space 2048K, 0% used [0x00000000d6e00000,0x00000000d6e00000,0x00000000d7000000)
 ParOldGen       total 68608K, used 28240K [0x0000000080000000, 0x0000000084300000, 0x00000000d5580000)
  object space 68608K, 41% used [0x0000000080000000,0x0000000081b94180,0x0000000084300000)
 Metaspace       used 34558K, committed 35520K, reserved 1114112K
  class space    used 3486K, committed 3904K, reserved 1048576K
}
Event: 7.605 GC heap after
{Heap after GC invocations=17 (full 1):
 PSYoungGen      total 22528K, used 2023K [0x00000000d5580000, 0x00000000d7400000, 0x0000000100000000)
  eden space 20480K, 0% used [0x00000000d5580000,0x00000000d5580000,0x00000000d6980000)
  from space 2048K, 98% used [0x00000000d6e00000,0x00000000d6ff9da0,0x00000000d7000000)
  to   space 4608K, 0% used [0x00000000d6980000,0x00000000d6980000,0x00000000d6e00000)
 ParOldGen       total 68608K, used 30406K [0x0000000080000000, 0x0000000084300000, 0x00000000d5580000)
  object space 68608K, 44% used [0x0000000080000000,0x0000000081db18c8,0x0000000084300000)
 Metaspace       used 34558K, committed 35520K, reserved 1114112K
  class space    used 3486K, committed 3904K, reserved 1048576K
}
Event: 7.717 GC heap before
{Heap before GC invocations=18 (full 1):
 PSYoungGen      total 22528K, used 22485K [0x00000000d5580000, 0x00000000d7400000, 0x0000000100000000)
  eden space 20480K, 99% used [0x00000000d5580000,0x00000000d697b790,0x00000000d6980000)
  from space 2048K, 98% used [0x00000000d6e00000,0x00000000d6ff9da0,0x00000000d7000000)
  to   space 4608K, 0% used [0x00000000d6980000,0x00000000d6980000,0x00000000d6e00000)
 ParOldGen       total 68608K, used 30406K [0x0000000080000000, 0x0000000084300000, 0x00000000d5580000)
  object space 68608K, 44% used [0x0000000080000000,0x0000000081db18c8,0x0000000084300000)
 Metaspace       used 34571K, committed 35520K, reserved 1114112K
  class space    used 3486K, committed 3904K, reserved 1048576K
}
Event: 7.719 GC heap after
{Heap after GC invocations=18 (full 1):
 PSYoungGen      total 20992K, used 463K [0x00000000d5580000, 0x00000000d6e80000, 0x0000000100000000)
  eden space 20480K, 0% used [0x00000000d5580000,0x00000000d5580000,0x00000000d6980000)
  from space 512K, 90% used [0x00000000d6980000,0x00000000d69f3e60,0x00000000d6a00000)
  to   space 2048K, 0% used [0x00000000d6c80000,0x00000000d6c80000,0x00000000d6e80000)
 ParOldGen       total 68608K, used 31858K [0x0000000080000000, 0x0000000084300000, 0x00000000d5580000)
  object space 68608K, 46% used [0x0000000080000000,0x0000000081f1cbb0,0x0000000084300000)
 Metaspace       used 34571K, committed 35520K, reserved 1114112K
  class space    used 3486K, committed 3904K, reserved 1048576K
}
Event: 7.760 GC heap before
{Heap before GC invocations=19 (full 1):
 PSYoungGen      total 20992K, used 8898K [0x00000000d5580000, 0x00000000d6e80000, 0x0000000100000000)
  eden space 20480K, 41% used [0x00000000d5580000,0x00000000d5dbca88,0x00000000d6980000)
  from space 512K, 90% used [0x00000000d6980000,0x00000000d69f3e60,0x00000000d6a00000)
  to   space 2048K, 0% used [0x00000000d6c80000,0x00000000d6c80000,0x00000000d6e80000)
 ParOldGen       total 68608K, used 31858K [0x0000000080000000, 0x0000000084300000, 0x00000000d5580000)
  object space 68608K, 46% used [0x0000000080000000,0x0000000081f1cbb0,0x0000000084300000)
 Metaspace       used 34914K, committed 35840K, reserved 1114112K
  class space    used 3511K, committed 3904K, reserved 1048576K
}
Event: 7.761 GC heap after
{Heap after GC invocations=19 (full 1):
 PSYoungGen      total 20992K, used 256K [0x00000000d5580000, 0x00000000d6d00000, 0x0000000100000000)
  eden space 20480K, 0% used [0x00000000d5580000,0x00000000d5580000,0x00000000d6980000)
  from space 512K, 50% used [0x00000000d6c80000,0x00000000d6cc0000,0x00000000d6d00000)
  to   space 1024K, 0% used [0x00000000d6b00000,0x00000000d6b00000,0x00000000d6c00000)
 ParOldGen       total 68608K, used 31890K [0x0000000080000000, 0x0000000084300000, 0x00000000d5580000)
  object space 68608K, 46% used [0x0000000080000000,0x0000000081f24bb0,0x0000000084300000)
 Metaspace       used 34914K, committed 35840K, reserved 1114112K
  class space    used 3511K, committed 3904K, reserved 1048576K
}
Event: 7.761 GC heap before
{Heap before GC invocations=20 (full 2):
 PSYoungGen      total 20992K, used 256K [0x00000000d5580000, 0x00000000d6d00000, 0x0000000100000000)
  eden space 20480K, 0% used [0x00000000d5580000,0x00000000d5580000,0x00000000d6980000)
  from space 512K, 50% used [0x00000000d6c80000,0x00000000d6cc0000,0x00000000d6d00000)
  to   space 1024K, 0% used [0x00000000d6b00000,0x00000000d6b00000,0x00000000d6c00000)
 ParOldGen       total 68608K, used 31890K [0x0000000080000000, 0x0000000084300000, 0x00000000d5580000)
  object space 68608K, 46% used [0x0000000080000000,0x0000000081f24bb0,0x0000000084300000)
 Metaspace       used 34914K, committed 35840K, reserved 1114112K
  class space    used 3511K, committed 3904K, reserved 1048576K
}
Event: 7.811 GC heap after
{Heap after GC invocations=20 (full 2):
 PSYoungGen      total 20992K, used 0K [0x00000000d5580000, 0x00000000d6d00000, 0x0000000100000000)
  eden space 20480K, 0% used [0x00000000d5580000,0x00000000d5580000,0x00000000d6980000)
  from space 512K, 0% used [0x00000000d6c80000,0x00000000d6c80000,0x00000000d6d00000)
  to   space 1024K, 0% used [0x00000000d6b00000,0x00000000d6b00000,0x00000000d6c00000)
 ParOldGen       total 68608K, used 30043K [0x0000000080000000, 0x0000000084300000, 0x00000000d5580000)
  object space 68608K, 43% used [0x0000000080000000,0x0000000081d56d48,0x0000000084300000)
 Metaspace       used 34914K, committed 35840K, reserved 1114112K
  class space    used 3511K, committed 3904K, reserved 1048576K
}
Event: 8.319 GC heap before
{Heap before GC invocations=21 (full 2):
 PSYoungGen      total 20992K, used 20480K [0x00000000d5580000, 0x00000000d6d00000, 0x0000000100000000)
  eden space 20480K, 100% used [0x00000000d5580000,0x00000000d6980000,0x00000000d6980000)
  from space 512K, 0% used [0x00000000d6c80000,0x00000000d6c80000,0x00000000d6d00000)
  to   space 1024K, 0% used [0x00000000d6b00000,0x00000000d6b00000,0x00000000d6c00000)
 ParOldGen       total 68608K, used 30043K [0x0000000080000000, 0x0000000084300000, 0x00000000d5580000)
  object space 68608K, 43% used [0x0000000080000000,0x0000000081d56d48,0x0000000084300000)
 Metaspace       used 36783K, committed 37760K, reserved 1114112K
  class space    used 3687K, committed 4096K, reserved 1048576K
}
Event: 8.320 GC heap after
{Heap after GC invocations=21 (full 2):
 PSYoungGen      total 21504K, used 448K [0x00000000d5580000, 0x00000000d6d00000, 0x0000000100000000)
  eden space 20480K, 0% used [0x00000000d5580000,0x00000000d5580000,0x00000000d6980000)
  from space 1024K, 43% used [0x00000000d6b00000,0x00000000d6b70000,0x00000000d6c00000)
  to   space 512K, 0% used [0x00000000d6c80000,0x00000000d6c80000,0x00000000d6d00000)
 ParOldGen       total 68608K, used 30051K [0x0000000080000000, 0x0000000084300000, 0x00000000d5580000)
  object space 68608K, 43% used [0x0000000080000000,0x0000000081d58d48,0x0000000084300000)
 Metaspace       used 36783K, committed 37760K, reserved 1114112K
  class space    used 3687K, committed 4096K, reserved 1048576K
}
Event: 8.830 GC heap before
{Heap before GC invocations=22 (full 2):
 PSYoungGen      total 21504K, used 20928K [0x00000000d5580000, 0x00000000d6d00000, 0x0000000100000000)
  eden space 20480K, 100% used [0x00000000d5580000,0x00000000d6980000,0x00000000d6980000)
  from space 1024K, 43% used [0x00000000d6b00000,0x00000000d6b70000,0x00000000d6c00000)
  to   space 512K, 0% used [0x00000000d6c80000,0x00000000d6c80000,0x00000000d6d00000)
 ParOldGen       total 68608K, used 30051K [0x0000000080000000, 0x0000000084300000, 0x00000000d5580000)
  object space 68608K, 43% used [0x0000000080000000,0x0000000081d58d48,0x0000000084300000)
 Metaspace       used 38624K, committed 39552K, reserved 1114112K
  class space    used 3863K, committed 4288K, reserved 1048576K
}
Event: 8.831 GC heap after
{Heap after GC invocations=22 (full 2):
 PSYoungGen      total 20992K, used 484K [0x00000000d5580000, 0x00000000d6d00000, 0x0000000100000000)
  eden space 20480K, 0% used [0x00000000d5580000,0x00000000d5580000,0x00000000d6980000)
  from space 512K, 94% used [0x00000000d6c80000,0x00000000d6cf90f8,0x00000000d6d00000)
  to   space 1536K, 0% used [0x00000000d6a00000,0x00000000d6a00000,0x00000000d6b80000)
 ParOldGen       total 68608K, used 30703K [0x0000000080000000, 0x0000000084300000, 0x00000000d5580000)
  object space 68608K, 44% used [0x0000000080000000,0x0000000081dfbfe8,0x0000000084300000)
 Metaspace       used 38624K, committed 39552K, reserved 1114112K
  class space    used 3863K, committed 4288K, reserved 1048576K
}
Event: 9.403 GC heap before
{Heap before GC invocations=23 (full 2):
 PSYoungGen      total 20992K, used 20964K [0x00000000d5580000, 0x00000000d6d00000, 0x0000000100000000)
  eden space 20480K, 100% used [0x00000000d5580000,0x00000000d6980000,0x00000000d6980000)
  from space 512K, 94% used [0x00000000d6c80000,0x00000000d6cf90f8,0x00000000d6d00000)
  to   space 1536K, 0% used [0x00000000d6a00000,0x00000000d6a00000,0x00000000d6b80000)
 ParOldGen       total 68608K, used 30703K [0x0000000080000000, 0x0000000084300000, 0x00000000d5580000)
  object space 68608K, 44% used [0x0000000080000000,0x0000000081dfbfe8,0x0000000084300000)
 Metaspace       used 39292K, committed 40320K, reserved 1114112K
  class space    used 3938K, committed 4352K, reserved 1048576K
}
Event: 9.404 GC heap after
{Heap after GC invocations=23 (full 2):
 PSYoungGen      total 22016K, used 983K [0x00000000d5580000, 0x00000000d6d00000, 0x0000000100000000)
  eden space 20480K, 0% used [0x00000000d5580000,0x00000000d5580000,0x00000000d6980000)
  from space 1536K, 64% used [0x00000000d6a00000,0x00000000d6af5c70,0x00000000d6b80000)
  to   space 1536K, 0% used [0x00000000d6b80000,0x00000000d6b80000,0x00000000d6d00000)
 ParOldGen       total 68608K, used 31204K [0x0000000080000000, 0x0000000084300000, 0x00000000d5580000)
  object space 68608K, 45% used [0x0000000080000000,0x0000000081e790e0,0x0000000084300000)
 Metaspace       used 39292K, committed 40320K, reserved 1114112K
  class space    used 3938K, committed 4352K, reserved 1048576K
}

