# JRE version: OpenJDK Runtime Environment Temurin-21.0.8+9 (21.0.8+9) (build 21.0.8+9-LTS)
# Java VM: OpenJDK 64-Bit Server VM Temurin-21.0.8+9 (21.0.8+9-LTS, mixed mode, sharing, tiered, compressed oops, compressed class ptrs, parallel gc, windows-amd64)
GC Precious Log:
 CardTable entry size: 512
 CPUs: 16 total, 16 available
 Memory: 16085M
 Large Page Support: Disabled
 NUMA Support: Disabled
 Compressed Oops: Enabled (32-bit)
 Alignments: Space 512K, Generation 512K, Heap 2M
 Heap Min Capacity: 100M
 Heap Initial Capacity: 100M
 Heap Max Capacity: 2G
 Pre-touch: Disabled
 Parallel Workers: 13
Heap:
 PSYoungGen      total 22528K, used 16738K [0x00000000d5580000, 0x00000000d7200000, 0x0000000100000000)
  eden space 20992K, 72% used [0x00000000d5580000,0x00000000d645c828,0x00000000d6a00000)
  from space 1536K, 98% used [0x00000000d6a80000,0x00000000d6bfc010,0x00000000d6c00000)
  to   space 4096K, 0% used [0x00000000d6e00000,0x00000000d6e00000,0x00000000d7200000)
 ParOldGen       total 68608K, used 45564K [0x0000000080000000, 0x0000000084300000, 0x00000000d5580000)
  object space 68608K, 66% used [0x0000000080000000,0x0000000082c7f348,0x0000000084300000)
 Metaspace       used 44313K, committed 45376K, reserved 1114112K
  class space    used 4211K, committed 4672K, reserved 1048576K
GC Heap History (20 events):
Event: 12.315 GC heap before
{Heap before GC invocations=34 (full 2):
 PSYoungGen      total 22016K, used 21920K [0x00000000d5580000, 0x00000000d6c80000, 0x0000000100000000)
  eden space 21504K, 100% used [0x00000000d5580000,0x00000000d6a80000,0x00000000d6a80000)
  from space 512K, 81% used [0x00000000d6a80000,0x00000000d6ae8000,0x00000000d6b00000)
  to   space 1024K, 0% used [0x00000000d6b80000,0x00000000d6b80000,0x00000000d6c80000)
 ParOldGen       total 68608K, used 36000K [0x0000000080000000, 0x0000000084300000, 0x00000000d5580000)
  object space 68608K, 52% used [0x0000000080000000,0x0000000082328240,0x0000000084300000)
 Metaspace       used 42663K, committed 43648K, reserved 1114112K
  class space    used 4157K, committed 4608K, reserved 1048576K
}
Event: 12.316 GC heap after
{Heap after GC invocations=34 (full 2):
 PSYoungGen      total 22528K, used 762K [0x00000000d5580000, 0x00000000d6c80000, 0x0000000100000000)
  eden space 21504K, 0% used [0x00000000d5580000,0x00000000d5580000,0x00000000d6a80000)
  from space 1024K, 74% used [0x00000000d6b80000,0x00000000d6c3e980,0x00000000d6c80000)
  to   space 1024K, 0% used [0x00000000d6a80000,0x00000000d6a80000,0x00000000d6b80000)
 ParOldGen       total 68608K, used 36193K [0x0000000080000000, 0x0000000084300000, 0x00000000d5580000)
  object space 68608K, 52% used [0x0000000080000000,0x0000000082358780,0x0000000084300000)
 Metaspace       used 42663K, committed 43648K, reserved 1114112K
  class space    used 4157K, committed 4608K, reserved 1048576K
}
Event: 12.438 GC heap before
{Heap before GC invocations=35 (full 2):
 PSYoungGen      total 22528K, used 22266K [0x00000000d5580000, 0x00000000d6c80000, 0x0000000100000000)
  eden space 21504K, 100% used [0x00000000d5580000,0x00000000d6a80000,0x00000000d6a80000)
  from space 1024K, 74% used [0x00000000d6b80000,0x00000000d6c3e980,0x00000000d6c80000)
  to   space 1024K, 0% used [0x00000000d6a80000,0x00000000d6a80000,0x00000000d6b80000)
 ParOldGen       total 68608K, used 36193K [0x0000000080000000, 0x0000000084300000, 0x00000000d5580000)
  object space 68608K, 52% used [0x0000000080000000,0x0000000082358780,0x0000000084300000)
 Metaspace       used 42694K, committed 43712K, reserved 1114112K
  class space    used 4160K, committed 4608K, reserved 1048576K
}
Event: 12.439 GC heap after
{Heap after GC invocations=35 (full 2):
 PSYoungGen      total 22528K, used 544K [0x00000000d5580000, 0x00000000d6c80000, 0x0000000100000000)
  eden space 21504K, 0% used [0x00000000d5580000,0x00000000d5580000,0x00000000d6a80000)
  from space 1024K, 53% used [0x00000000d6a80000,0x00000000d6b08000,0x00000000d6b80000)
  to   space 1024K, 0% used [0x00000000d6b80000,0x00000000d6b80000,0x00000000d6c80000)
 ParOldGen       total 68608K, used 36668K [0x0000000080000000, 0x0000000084300000, 0x00000000d5580000)
  object space 68608K, 53% used [0x0000000080000000,0x00000000823cf370,0x0000000084300000)
 Metaspace       used 42694K, committed 43712K, reserved 1114112K
  class space    used 4160K, committed 4608K, reserved 1048576K
}
Event: 13.252 GC heap before
{Heap before GC invocations=36 (full 2):
 PSYoungGen      total 22528K, used 22047K [0x00000000d5580000, 0x00000000d6c80000, 0x0000000100000000)
  eden space 21504K, 99% used [0x00000000d5580000,0x00000000d6a7ffc8,0x00000000d6a80000)
  from space 1024K, 53% used [0x00000000d6a80000,0x00000000d6b08000,0x00000000d6b80000)
  to   space 1024K, 0% used [0x00000000d6b80000,0x00000000d6b80000,0x00000000d6c80000)
 ParOldGen       total 68608K, used 36668K [0x0000000080000000, 0x0000000084300000, 0x00000000d5580000)
  object space 68608K, 53% used [0x0000000080000000,0x00000000823cf370,0x0000000084300000)
 Metaspace       used 42940K, committed 43968K, reserved 1114112K
  class space    used 4165K, committed 4608K, reserved 1048576K
}
Event: 13.254 GC heap after
{Heap after GC invocations=36 (full 2):
 PSYoungGen      total 22016K, used 992K [0x00000000d5580000, 0x00000000d6d80000, 0x0000000100000000)
  eden space 20992K, 0% used [0x00000000d5580000,0x00000000d5580000,0x00000000d6a00000)
  from space 1024K, 96% used [0x00000000d6b80000,0x00000000d6c78020,0x00000000d6c80000)
  to   space 1536K, 0% used [0x00000000d6a00000,0x00000000d6a00000,0x00000000d6b80000)
 ParOldGen       total 68608K, used 36949K [0x0000000080000000, 0x0000000084300000, 0x00000000d5580000)
  object space 68608K, 53% used [0x0000000080000000,0x00000000824156b0,0x0000000084300000)
 Metaspace       used 42940K, committed 43968K, reserved 1114112K
  class space    used 4165K, committed 4608K, reserved 1048576K
}
Event: 13.469 GC heap before
{Heap before GC invocations=37 (full 2):
 PSYoungGen      total 22016K, used 21984K [0x00000000d5580000, 0x00000000d6d80000, 0x0000000100000000)
  eden space 20992K, 100% used [0x00000000d5580000,0x00000000d6a00000,0x00000000d6a00000)
  from space 1024K, 96% used [0x00000000d6b80000,0x00000000d6c78020,0x00000000d6c80000)
  to   space 1536K, 0% used [0x00000000d6a00000,0x00000000d6a00000,0x00000000d6b80000)
 ParOldGen       total 68608K, used 36949K [0x0000000080000000, 0x0000000084300000, 0x00000000d5580000)
  object space 68608K, 53% used [0x0000000080000000,0x00000000824156b0,0x0000000084300000)
 Metaspace       used 43388K, committed 44416K, reserved 1114112K
  class space    used 4202K, committed 4672K, reserved 1048576K
}
Event: 13.472 GC heap after
{Heap after GC invocations=37 (full 2):
 PSYoungGen      total 22528K, used 1510K [0x00000000d5580000, 0x00000000d7000000, 0x0000000100000000)
  eden space 20992K, 0% used [0x00000000d5580000,0x00000000d5580000,0x00000000d6a00000)
  from space 1536K, 98% used [0x00000000d6a00000,0x00000000d6b799d0,0x00000000d6b80000)
  to   space 3072K, 0% used [0x00000000d6d00000,0x00000000d6d00000,0x00000000d7000000)
 ParOldGen       total 68608K, used 37931K [0x0000000080000000, 0x0000000084300000, 0x00000000d5580000)
  object space 68608K, 55% used [0x0000000080000000,0x000000008250ac10,0x0000000084300000)
 Metaspace       used 43388K, committed 44416K, reserved 1114112K
  class space    used 4202K, committed 4672K, reserved 1048576K
}
Event: 13.631 GC heap before
{Heap before GC invocations=38 (full 2):
 PSYoungGen      total 22528K, used 22502K [0x00000000d5580000, 0x00000000d7000000, 0x0000000100000000)
  eden space 20992K, 100% used [0x00000000d5580000,0x00000000d6a00000,0x00000000d6a00000)
  from space 1536K, 98% used [0x00000000d6a00000,0x00000000d6b799d0,0x00000000d6b80000)
  to   space 3072K, 0% used [0x00000000d6d00000,0x00000000d6d00000,0x00000000d7000000)
 ParOldGen       total 68608K, used 37931K [0x0000000080000000, 0x0000000084300000, 0x00000000d5580000)
  object space 68608K, 55% used [0x0000000080000000,0x000000008250ac10,0x0000000084300000)
 Metaspace       used 43592K, committed 44608K, reserved 1114112K
  class space    used 4206K, committed 4672K, reserved 1048576K
}
Event: 13.633 GC heap after
{Heap after GC invocations=38 (full 2):
 PSYoungGen      total 22016K, used 960K [0x00000000d5580000, 0x00000000d6e00000, 0x0000000100000000)
  eden space 20992K, 0% used [0x00000000d5580000,0x00000000d5580000,0x00000000d6a00000)
  from space 1024K, 93% used [0x00000000d6d00000,0x00000000d6df0000,0x00000000d6e00000)
  to   space 1536K, 0% used [0x00000000d6b00000,0x00000000d6b00000,0x00000000d6c80000)
 ParOldGen       total 68608K, used 39425K [0x0000000080000000, 0x0000000084300000, 0x00000000d5580000)
  object space 68608K, 57% used [0x0000000080000000,0x0000000082680588,0x0000000084300000)
 Metaspace       used 43592K, committed 44608K, reserved 1114112K
  class space    used 4206K, committed 4672K, reserved 1048576K
}
Event: 13.844 GC heap before
{Heap before GC invocations=39 (full 2):
 PSYoungGen      total 22016K, used 21952K [0x00000000d5580000, 0x00000000d6e00000, 0x0000000100000000)
  eden space 20992K, 100% used [0x00000000d5580000,0x00000000d6a00000,0x00000000d6a00000)
  from space 1024K, 93% used [0x00000000d6d00000,0x00000000d6df0000,0x00000000d6e00000)
  to   space 1536K, 0% used [0x00000000d6b00000,0x00000000d6b00000,0x00000000d6c80000)
 ParOldGen       total 68608K, used 39425K [0x0000000080000000, 0x0000000084300000, 0x00000000d5580000)
  object space 68608K, 57% used [0x0000000080000000,0x0000000082680588,0x0000000084300000)
 Metaspace       used 43964K, committed 45056K, reserved 1114112K
  class space    used 4207K, committed 4672K, reserved 1048576K
}
Event: 13.845 GC heap after
{Heap after GC invocations=39 (full 2):
 PSYoungGen      total 22528K, used 912K [0x00000000d5580000, 0x00000000d6d80000, 0x0000000100000000)
  eden space 20992K, 0% used [0x00000000d5580000,0x00000000d5580000,0x00000000d6a00000)
  from space 1536K, 59% used [0x00000000d6b00000,0x00000000d6be4010,0x00000000d6c80000)
  to   space 1024K, 0% used [0x00000000d6c80000,0x00000000d6c80000,0x00000000d6d80000)
 ParOldGen       total 68608K, used 40126K [0x0000000080000000, 0x0000000084300000, 0x00000000d5580000)
  object space 68608K, 58% used [0x0000000080000000,0x000000008272fae8,0x0000000084300000)
 Metaspace       used 43964K, committed 45056K, reserved 1114112K
  class space    used 4207K, committed 4672K, reserved 1048576K
}
Event: 13.925 GC heap before
{Heap before GC invocations=40 (full 2):
 PSYoungGen      total 22528K, used 21904K [0x00000000d5580000, 0x00000000d6d80000, 0x0000000100000000)
  eden space 20992K, 100% used [0x00000000d5580000,0x00000000d6a00000,0x00000000d6a00000)
  from space 1536K, 59% used [0x00000000d6b00000,0x00000000d6be4010,0x00000000d6c80000)
  to   space 1024K, 0% used [0x00000000d6c80000,0x00000000d6c80000,0x00000000d6d80000)
 ParOldGen       total 68608K, used 40126K [0x0000000080000000, 0x0000000084300000, 0x00000000d5580000)
  object space 68608K, 58% used [0x0000000080000000,0x000000008272fae8,0x0000000084300000)
 Metaspace       used 43986K, committed 45056K, reserved 1114112K
  class space    used 4207K, committed 4672K, reserved 1048576K
}
Event: 13.928 GC heap after
{Heap after GC invocations=40 (full 2):
 PSYoungGen      total 22016K, used 992K [0x00000000d5580000, 0x00000000d6f00000, 0x0000000100000000)
  eden space 20992K, 0% used [0x00000000d5580000,0x00000000d5580000,0x00000000d6a00000)
  from space 1024K, 96% used [0x00000000d6c80000,0x00000000d6d78020,0x00000000d6d80000)
  to   space 2560K, 0% used [0x00000000d6a00000,0x00000000d6a00000,0x00000000d6c80000)
 ParOldGen       total 68608K, used 41137K [0x0000000080000000, 0x0000000084300000, 0x00000000d5580000)
  object space 68608K, 59% used [0x0000000080000000,0x000000008282c4a8,0x0000000084300000)
 Metaspace       used 43986K, committed 45056K, reserved 1114112K
  class space    used 4207K, committed 4672K, reserved 1048576K
}
Event: 14.057 GC heap before
{Heap before GC invocations=41 (full 2):
 PSYoungGen      total 22016K, used 21984K [0x00000000d5580000, 0x00000000d6f00000, 0x0000000100000000)
  eden space 20992K, 100% used [0x00000000d5580000,0x00000000d6a00000,0x00000000d6a00000)
  from space 1024K, 96% used [0x00000000d6c80000,0x00000000d6d78020,0x00000000d6d80000)
  to   space 2560K, 0% used [0x00000000d6a00000,0x00000000d6a00000,0x00000000d6c80000)
 ParOldGen       total 68608K, used 41137K [0x0000000080000000, 0x0000000084300000, 0x00000000d5580000)
  object space 68608K, 59% used [0x0000000080000000,0x000000008282c4a8,0x0000000084300000)
 Metaspace       used 44022K, committed 45056K, reserved 1114112K
  class space    used 4209K, committed 4672K, reserved 1048576K
}
Event: 14.059 GC heap after
{Heap after GC invocations=41 (full 2):
 PSYoungGen      total 23040K, used 1664K [0x00000000d5580000, 0x00000000d6e00000, 0x0000000100000000)
  eden space 20992K, 0% used [0x00000000d5580000,0x00000000d5580000,0x00000000d6a00000)
  from space 2048K, 81% used [0x00000000d6a00000,0x00000000d6ba0020,0x00000000d6c00000)
  to   space 2048K, 0% used [0x00000000d6c00000,0x00000000d6c00000,0x00000000d6e00000)
 ParOldGen       total 68608K, used 42115K [0x0000000080000000, 0x0000000084300000, 0x00000000d5580000)
  object space 68608K, 61% used [0x0000000080000000,0x0000000082920f28,0x0000000084300000)
 Metaspace       used 44022K, committed 45056K, reserved 1114112K
  class space    used 4209K, committed 4672K, reserved 1048576K
}
Event: 14.166 GC heap before
{Heap before GC invocations=42 (full 2):
 PSYoungGen      total 23040K, used 22656K [0x00000000d5580000, 0x00000000d6e00000, 0x0000000100000000)
  eden space 20992K, 100% used [0x00000000d5580000,0x00000000d6a00000,0x00000000d6a00000)
  from space 2048K, 81% used [0x00000000d6a00000,0x00000000d6ba0020,0x00000000d6c00000)
  to   space 2048K, 0% used [0x00000000d6c00000,0x00000000d6c00000,0x00000000d6e00000)
 ParOldGen       total 68608K, used 42115K [0x0000000080000000, 0x0000000084300000, 0x00000000d5580000)
  object space 68608K, 61% used [0x0000000080000000,0x0000000082920f28,0x0000000084300000)
 Metaspace       used 44123K, committed 45184K, reserved 1114112K
  class space    used 4209K, committed 4672K, reserved 1048576K
}
Event: 14.168 GC heap after
{Heap after GC invocations=42 (full 2):
 PSYoungGen      total 22528K, used 1424K [0x00000000d5580000, 0x00000000d6d80000, 0x0000000100000000)
  eden space 20992K, 0% used [0x00000000d5580000,0x00000000d5580000,0x00000000d6a00000)
  from space 1536K, 92% used [0x00000000d6c00000,0x00000000d6d64010,0x00000000d6d80000)
  to   space 1536K, 0% used [0x00000000d6a80000,0x00000000d6a80000,0x00000000d6c00000)
 ParOldGen       total 68608K, used 43590K [0x0000000080000000, 0x0000000084300000, 0x00000000d5580000)
  object space 68608K, 63% used [0x0000000080000000,0x0000000082a91bb8,0x0000000084300000)
 Metaspace       used 44123K, committed 45184K, reserved 1114112K
  class space    used 4209K, committed 4672K, reserved 1048576K
}
Event: 14.269 GC heap before
{Heap before GC invocations=43 (full 2):
 PSYoungGen      total 22528K, used 22416K [0x00000000d5580000, 0x00000000d6d80000, 0x0000000100000000)
  eden space 20992K, 100% used [0x00000000d5580000,0x00000000d6a00000,0x00000000d6a00000)
  from space 1536K, 92% used [0x00000000d6c00000,0x00000000d6d64010,0x00000000d6d80000)
  to   space 1536K, 0% used [0x00000000d6a80000,0x00000000d6a80000,0x00000000d6c00000)
 ParOldGen       total 68608K, used 43590K [0x0000000080000000, 0x0000000084300000, 0x00000000d5580000)
  object space 68608K, 63% used [0x0000000080000000,0x0000000082a91bb8,0x0000000084300000)
 Metaspace       used 44284K, committed 45312K, reserved 1114112K
  class space    used 4210K, committed 4672K, reserved 1048576K
}
Event: 14.272 GC heap after
{Heap after GC invocations=43 (full 2):
 PSYoungGen      total 22528K, used 1520K [0x00000000d5580000, 0x00000000d7200000, 0x0000000100000000)
  eden space 20992K, 0% used [0x00000000d5580000,0x00000000d5580000,0x00000000d6a00000)
  from space 1536K, 98% used [0x00000000d6a80000,0x00000000d6bfc010,0x00000000d6c00000)
  to   space 4096K, 0% used [0x00000000d6e00000,0x00000000d6e00000,0x00000000d7200000)
 ParOldGen       total 68608K, used 45564K [0x0000000080000000, 0x0000000084300000, 0x00000000d5580000)
  object space 68608K, 66% used [0x0000000080000000,0x0000000082c7f348,0x0000000084300000)
 Metaspace       used 44284K, committed 45312K, reserved 1114112K
  class space    used 4210K, committed 4672K, reserved 1048576K
}

