# JRE version: OpenJDK Runtime Environment Temurin-21.0.8+9 (21.0.8+9) (build 21.0.8+9-LTS)
# Java VM: OpenJDK 64-Bit Server VM Temurin-21.0.8+9 (21.0.8+9-LTS, mixed mode, sharing, tiered, compressed oops, compressed class ptrs, parallel gc, windows-amd64)
GC Precious Log:
 CardTable entry size: 512
 CPUs: 16 total, 16 available
 Memory: 16085M
 Large Page Support: Disabled
 NUMA Support: Disabled
 Compressed Oops: Enabled (32-bit)
 Alignments: Space 512K, Generation 512K, Heap 2M
 Heap Min Capacity: 100M
 Heap Initial Capacity: 100M
 Heap Max Capacity: 2G
 Pre-touch: Disabled
 Parallel Workers: 13
Heap:
 PSYoungGen      total 14336K, used 1423K [0x00000000d5580000, 0x00000000d6480000, 0x0000000100000000)
  eden space 13312K, 4% used [0x00000000d5580000,0x00000000d56055c8,0x00000000d6280000)
  from space 1024K, 86% used [0x00000000d6300000,0x00000000d63de900,0x00000000d6400000)
  to   space 512K, 0% used [0x00000000d6400000,0x00000000d6400000,0x00000000d6480000)
 ParOldGen       total 105472K, used 105469K [0x0000000080000000, 0x0000000086700000, 0x00000000d5580000)
  object space 105472K, 99% used [0x0000000080000000,0x00000000866ff4d8,0x0000000086700000)
 Metaspace       used 66198K, committed 67648K, reserved 1114112K
  class space    used 6687K, committed 7360K, reserved 1048576K
GC Heap History (20 events):
Event: 12.629 GC heap before
{Heap before GC invocations=102 (full 3):
 PSYoungGen      total 16896K, used 16429K [0x00000000d5580000, 0x00000000d6780000, 0x0000000100000000)
  eden space 15360K, 100% used [0x00000000d5580000,0x00000000d6480000,0x00000000d6480000)
  from space 1536K, 69% used [0x00000000d6600000,0x00000000d670b6f8,0x00000000d6780000)
  to   space 1536K, 0% used [0x00000000d6480000,0x00000000d6480000,0x00000000d6600000)
 ParOldGen       total 99840K, used 99425K [0x0000000080000000, 0x0000000086180000, 0x00000000d5580000)
  object space 99840K, 99% used [0x0000000080000000,0x00000000861184f0,0x0000000086180000)
 Metaspace       used 65443K, committed 66944K, reserved 1114112K
  class space    used 6675K, committed 7360K, reserved 1048576K
}
Event: 12.630 GC heap after
{Heap after GC invocations=102 (full 3):
 PSYoungGen      total 15872K, used 404K [0x00000000d5580000, 0x00000000d6680000, 0x0000000100000000)
  eden space 15360K, 0% used [0x00000000d5580000,0x00000000d5580000,0x00000000d6480000)
  from space 512K, 79% used [0x00000000d6480000,0x00000000d64e5200,0x00000000d6500000)
  to   space 1024K, 0% used [0x00000000d6580000,0x00000000d6580000,0x00000000d6680000)
 ParOldGen       total 99840K, used 99625K [0x0000000080000000, 0x0000000086180000, 0x00000000d5580000)
  object space 99840K, 99% used [0x0000000080000000,0x000000008614a4f0,0x0000000086180000)
 Metaspace       used 65443K, committed 66944K, reserved 1114112K
  class space    used 6675K, committed 7360K, reserved 1048576K
}
Event: 12.710 GC heap before
{Heap before GC invocations=103 (full 3):
 PSYoungGen      total 15872K, used 15764K [0x00000000d5580000, 0x00000000d6680000, 0x0000000100000000)
  eden space 15360K, 100% used [0x00000000d5580000,0x00000000d6480000,0x00000000d6480000)
  from space 512K, 79% used [0x00000000d6480000,0x00000000d64e5200,0x00000000d6500000)
  to   space 1024K, 0% used [0x00000000d6580000,0x00000000d6580000,0x00000000d6680000)
 ParOldGen       total 99840K, used 99625K [0x0000000080000000, 0x0000000086180000, 0x00000000d5580000)
  object space 99840K, 99% used [0x0000000080000000,0x000000008614a4f0,0x0000000086180000)
 Metaspace       used 65550K, committed 67072K, reserved 1114112K
  class space    used 6675K, committed 7360K, reserved 1048576K
}
Event: 12.710 GC heap after
{Heap after GC invocations=103 (full 3):
 PSYoungGen      total 16384K, used 845K [0x00000000d5580000, 0x00000000d6680000, 0x0000000100000000)
  eden space 15360K, 0% used [0x00000000d5580000,0x00000000d5580000,0x00000000d6480000)
  from space 1024K, 82% used [0x00000000d6580000,0x00000000d6653660,0x00000000d6680000)
  to   space 1024K, 0% used [0x00000000d6480000,0x00000000d6480000,0x00000000d6580000)
 ParOldGen       total 99840K, used 99758K [0x0000000080000000, 0x0000000086180000, 0x00000000d5580000)
  object space 99840K, 99% used [0x0000000080000000,0x000000008616bbc0,0x0000000086180000)
 Metaspace       used 65550K, committed 67072K, reserved 1114112K
  class space    used 6675K, committed 7360K, reserved 1048576K
}
Event: 12.798 GC heap before
{Heap before GC invocations=104 (full 3):
 PSYoungGen      total 16384K, used 16205K [0x00000000d5580000, 0x00000000d6680000, 0x0000000100000000)
  eden space 15360K, 100% used [0x00000000d5580000,0x00000000d6480000,0x00000000d6480000)
  from space 1024K, 82% used [0x00000000d6580000,0x00000000d6653660,0x00000000d6680000)
  to   space 1024K, 0% used [0x00000000d6480000,0x00000000d6480000,0x00000000d6580000)
 ParOldGen       total 99840K, used 99758K [0x0000000080000000, 0x0000000086180000, 0x00000000d5580000)
  object space 99840K, 99% used [0x0000000080000000,0x000000008616bbc0,0x0000000086180000)
 Metaspace       used 65740K, committed 67264K, reserved 1114112K
  class space    used 6677K, committed 7360K, reserved 1048576K
}
Event: 12.799 GC heap after
{Heap after GC invocations=104 (full 3):
 PSYoungGen      total 16384K, used 1005K [0x00000000d5580000, 0x00000000d6780000, 0x0000000100000000)
  eden space 15360K, 0% used [0x00000000d5580000,0x00000000d5580000,0x00000000d6480000)
  from space 1024K, 98% used [0x00000000d6480000,0x00000000d657b4b8,0x00000000d6580000)
  to   space 1536K, 0% used [0x00000000d6600000,0x00000000d6600000,0x00000000d6780000)
 ParOldGen       total 100352K, used 99936K [0x0000000080000000, 0x0000000086200000, 0x00000000d5580000)
  object space 100352K, 99% used [0x0000000080000000,0x0000000086198178,0x0000000086200000)
 Metaspace       used 65740K, committed 67264K, reserved 1114112K
  class space    used 6677K, committed 7360K, reserved 1048576K
}
Event: 12.887 GC heap before
{Heap before GC invocations=105 (full 3):
 PSYoungGen      total 16384K, used 16365K [0x00000000d5580000, 0x00000000d6780000, 0x0000000100000000)
  eden space 15360K, 100% used [0x00000000d5580000,0x00000000d6480000,0x00000000d6480000)
  from space 1024K, 98% used [0x00000000d6480000,0x00000000d657b4b8,0x00000000d6580000)
  to   space 1536K, 0% used [0x00000000d6600000,0x00000000d6600000,0x00000000d6780000)
 ParOldGen       total 100352K, used 99936K [0x0000000080000000, 0x0000000086200000, 0x00000000d5580000)
  object space 100352K, 99% used [0x0000000080000000,0x0000000086198178,0x0000000086200000)
 Metaspace       used 65889K, committed 67392K, reserved 1114112K
  class space    used 6678K, committed 7360K, reserved 1048576K
}
Event: 12.889 GC heap after
{Heap after GC invocations=105 (full 3):
 PSYoungGen      total 16384K, used 1534K [0x00000000d5580000, 0x00000000d6880000, 0x0000000100000000)
  eden space 14848K, 0% used [0x00000000d5580000,0x00000000d5580000,0x00000000d6400000)
  from space 1536K, 99% used [0x00000000d6600000,0x00000000d677fa58,0x00000000d6780000)
  to   space 2048K, 0% used [0x00000000d6400000,0x00000000d6400000,0x00000000d6600000)
 ParOldGen       total 101376K, used 100875K [0x0000000080000000, 0x0000000086300000, 0x00000000d5580000)
  object space 101376K, 99% used [0x0000000080000000,0x0000000086282c68,0x0000000086300000)
 Metaspace       used 65889K, committed 67392K, reserved 1114112K
  class space    used 6678K, committed 7360K, reserved 1048576K
}
Event: 13.025 GC heap before
{Heap before GC invocations=106 (full 3):
 PSYoungGen      total 16384K, used 16361K [0x00000000d5580000, 0x00000000d6880000, 0x0000000100000000)
  eden space 14848K, 99% used [0x00000000d5580000,0x00000000d63faaa0,0x00000000d6400000)
  from space 1536K, 99% used [0x00000000d6600000,0x00000000d677fa58,0x00000000d6780000)
  to   space 2048K, 0% used [0x00000000d6400000,0x00000000d6400000,0x00000000d6600000)
 ParOldGen       total 101376K, used 100875K [0x0000000080000000, 0x0000000086300000, 0x00000000d5580000)
  object space 101376K, 99% used [0x0000000080000000,0x0000000086282c68,0x0000000086300000)
 Metaspace       used 66051K, committed 67584K, reserved 1114112K
  class space    used 6686K, committed 7360K, reserved 1048576K
}
Event: 13.027 GC heap after
{Heap after GC invocations=106 (full 3):
 PSYoungGen      total 15360K, used 346K [0x00000000d5580000, 0x00000000d6680000, 0x0000000100000000)
  eden space 14848K, 0% used [0x00000000d5580000,0x00000000d5580000,0x00000000d6400000)
  from space 512K, 67% used [0x00000000d6400000,0x00000000d6456900,0x00000000d6480000)
  to   space 1024K, 0% used [0x00000000d6580000,0x00000000d6580000,0x00000000d6680000)
 ParOldGen       total 102400K, used 101902K [0x0000000080000000, 0x0000000086400000, 0x00000000d5580000)
  object space 102400K, 99% used [0x0000000080000000,0x0000000086383bf0,0x0000000086400000)
 Metaspace       used 66051K, committed 67584K, reserved 1114112K
  class space    used 6686K, committed 7360K, reserved 1048576K
}
Event: 13.121 GC heap before
{Heap before GC invocations=107 (full 3):
 PSYoungGen      total 15360K, used 15194K [0x00000000d5580000, 0x00000000d6680000, 0x0000000100000000)
  eden space 14848K, 100% used [0x00000000d5580000,0x00000000d6400000,0x00000000d6400000)
  from space 512K, 67% used [0x00000000d6400000,0x00000000d6456900,0x00000000d6480000)
  to   space 1024K, 0% used [0x00000000d6580000,0x00000000d6580000,0x00000000d6680000)
 ParOldGen       total 102400K, used 101902K [0x0000000080000000, 0x0000000086400000, 0x00000000d5580000)
  object space 102400K, 99% used [0x0000000080000000,0x0000000086383bf0,0x0000000086400000)
 Metaspace       used 66098K, committed 67584K, reserved 1114112K
  class space    used 6686K, committed 7360K, reserved 1048576K
}
Event: 13.123 GC heap after
{Heap after GC invocations=107 (full 3):
 PSYoungGen      total 14336K, used 1006K [0x00000000d5580000, 0x00000000d6a00000, 0x0000000100000000)
  eden space 13312K, 0% used [0x00000000d5580000,0x00000000d5580000,0x00000000d6280000)
  from space 1024K, 98% used [0x00000000d6580000,0x00000000d667ba68,0x00000000d6680000)
  to   space 3072K, 0% used [0x00000000d6280000,0x00000000d6280000,0x00000000d6580000)
 ParOldGen       total 103424K, used 103313K [0x0000000080000000, 0x0000000086500000, 0x00000000d5580000)
  object space 103424K, 99% used [0x0000000080000000,0x00000000864e4510,0x0000000086500000)
 Metaspace       used 66098K, committed 67584K, reserved 1114112K
  class space    used 6686K, committed 7360K, reserved 1048576K
}
Event: 13.177 GC heap before
{Heap before GC invocations=108 (full 3):
 PSYoungGen      total 14336K, used 14318K [0x00000000d5580000, 0x00000000d6a00000, 0x0000000100000000)
  eden space 13312K, 100% used [0x00000000d5580000,0x00000000d6280000,0x00000000d6280000)
  from space 1024K, 98% used [0x00000000d6580000,0x00000000d667ba68,0x00000000d6680000)
  to   space 3072K, 0% used [0x00000000d6280000,0x00000000d6280000,0x00000000d6580000)
 ParOldGen       total 103424K, used 103313K [0x0000000080000000, 0x0000000086500000, 0x00000000d5580000)
  object space 103424K, 99% used [0x0000000080000000,0x00000000864e4510,0x0000000086500000)
 Metaspace       used 66109K, committed 67584K, reserved 1114112K
  class space    used 6686K, committed 7360K, reserved 1048576K
}
Event: 13.180 GC heap after
{Heap after GC invocations=108 (full 3):
 PSYoungGen      total 13824K, used 512K [0x00000000d5580000, 0x00000000d6600000, 0x0000000100000000)
  eden space 13312K, 0% used [0x00000000d5580000,0x00000000d5580000,0x00000000d6280000)
  from space 512K, 100% used [0x00000000d6280000,0x00000000d6300000,0x00000000d6300000)
  to   space 1536K, 0% used [0x00000000d6480000,0x00000000d6480000,0x00000000d6600000)
 ParOldGen       total 104448K, used 104287K [0x0000000080000000, 0x0000000086600000, 0x00000000d5580000)
  object space 104448K, 99% used [0x0000000080000000,0x00000000865d7f78,0x0000000086600000)
 Metaspace       used 66109K, committed 67584K, reserved 1114112K
  class space    used 6686K, committed 7360K, reserved 1048576K
}
Event: 13.229 GC heap before
{Heap before GC invocations=109 (full 3):
 PSYoungGen      total 13824K, used 13824K [0x00000000d5580000, 0x00000000d6600000, 0x0000000100000000)
  eden space 13312K, 100% used [0x00000000d5580000,0x00000000d6280000,0x00000000d6280000)
  from space 512K, 100% used [0x00000000d6280000,0x00000000d6300000,0x00000000d6300000)
  to   space 1536K, 0% used [0x00000000d6480000,0x00000000d6480000,0x00000000d6600000)
 ParOldGen       total 104448K, used 104287K [0x0000000080000000, 0x0000000086600000, 0x00000000d5580000)
  object space 104448K, 99% used [0x0000000080000000,0x00000000865d7f78,0x0000000086600000)
 Metaspace       used 66138K, committed 67648K, reserved 1114112K
  class space    used 6686K, committed 7360K, reserved 1048576K
}
Event: 13.229 GC heap after
{Heap after GC invocations=109 (full 3):
 PSYoungGen      total 13824K, used 394K [0x00000000d5580000, 0x00000000d6500000, 0x0000000100000000)
  eden space 13312K, 0% used [0x00000000d5580000,0x00000000d5580000,0x00000000d6280000)
  from space 512K, 77% used [0x00000000d6480000,0x00000000d64e2910,0x00000000d6500000)
  to   space 1024K, 0% used [0x00000000d6300000,0x00000000d6300000,0x00000000d6400000)
 ParOldGen       total 104960K, used 104495K [0x0000000080000000, 0x0000000086680000, 0x00000000d5580000)
  object space 104960K, 99% used [0x0000000080000000,0x000000008660be08,0x0000000086680000)
 Metaspace       used 66138K, committed 67648K, reserved 1114112K
  class space    used 6686K, committed 7360K, reserved 1048576K
}
Event: 13.298 GC heap before
{Heap before GC invocations=110 (full 3):
 PSYoungGen      total 13824K, used 13706K [0x00000000d5580000, 0x00000000d6500000, 0x0000000100000000)
  eden space 13312K, 100% used [0x00000000d5580000,0x00000000d6280000,0x00000000d6280000)
  from space 512K, 77% used [0x00000000d6480000,0x00000000d64e2910,0x00000000d6500000)
  to   space 1024K, 0% used [0x00000000d6300000,0x00000000d6300000,0x00000000d6400000)
 ParOldGen       total 104960K, used 104495K [0x0000000080000000, 0x0000000086680000, 0x00000000d5580000)
  object space 104960K, 99% used [0x0000000080000000,0x000000008660be08,0x0000000086680000)
 Metaspace       used 66156K, committed 67648K, reserved 1114112K
  class space    used 6686K, committed 7360K, reserved 1048576K
}
Event: 13.299 GC heap after
{Heap after GC invocations=110 (full 3):
 PSYoungGen      total 14336K, used 948K [0x00000000d5580000, 0x00000000d6580000, 0x0000000100000000)
  eden space 13312K, 0% used [0x00000000d5580000,0x00000000d5580000,0x00000000d6280000)
  from space 1024K, 92% used [0x00000000d6300000,0x00000000d63ed200,0x00000000d6400000)
  to   space 1536K, 0% used [0x00000000d6400000,0x00000000d6400000,0x00000000d6580000)
 ParOldGen       total 104960K, used 104503K [0x0000000080000000, 0x0000000086680000, 0x00000000d5580000)
  object space 104960K, 99% used [0x0000000080000000,0x000000008660de08,0x0000000086680000)
 Metaspace       used 66156K, committed 67648K, reserved 1114112K
  class space    used 6686K, committed 7360K, reserved 1048576K
}
Event: 13.376 GC heap before
{Heap before GC invocations=111 (full 3):
 PSYoungGen      total 14336K, used 14260K [0x00000000d5580000, 0x00000000d6580000, 0x0000000100000000)
  eden space 13312K, 100% used [0x00000000d5580000,0x00000000d6280000,0x00000000d6280000)
  from space 1024K, 92% used [0x00000000d6300000,0x00000000d63ed200,0x00000000d6400000)
  to   space 1536K, 0% used [0x00000000d6400000,0x00000000d6400000,0x00000000d6580000)
 ParOldGen       total 104960K, used 104503K [0x0000000080000000, 0x0000000086680000, 0x00000000d5580000)
  object space 104960K, 99% used [0x0000000080000000,0x000000008660de08,0x0000000086680000)
 Metaspace       used 66184K, committed 67648K, reserved 1114112K
  class space    used 6687K, committed 7360K, reserved 1048576K
}
Event: 13.377 GC heap after
{Heap after GC invocations=111 (full 3):
 PSYoungGen      total 14336K, used 564K [0x00000000d5580000, 0x00000000d6500000, 0x0000000100000000)
  eden space 13312K, 0% used [0x00000000d5580000,0x00000000d5580000,0x00000000d6280000)
  from space 1024K, 55% used [0x00000000d6400000,0x00000000d648d200,0x00000000d6500000)
  to   space 1024K, 0% used [0x00000000d6300000,0x00000000d6300000,0x00000000d6400000)
 ParOldGen       total 105472K, used 105285K [0x0000000080000000, 0x0000000086700000, 0x00000000d5580000)
  object space 105472K, 99% used [0x0000000080000000,0x00000000866d14d8,0x0000000086700000)
 Metaspace       used 66184K, committed 67648K, reserved 1114112K
  class space    used 6687K, committed 7360K, reserved 1048576K
}

