# JRE version: OpenJDK Runtime Environment Temurin-21.0.8+9 (21.0.8+9) (build 21.0.8+9-LTS)
# Java VM: OpenJDK 64-Bit Server VM Temurin-21.0.8+9 (21.0.8+9-LTS, mixed mode, sharing, tiered, compressed oops, compressed class ptrs, parallel gc, windows-amd64)
GC Precious Log:
 CardTable entry size: 512
 CPUs: 16 total, 16 available
 Memory: 16085M
 Large Page Support: Disabled
 NUMA Support: Disabled
 Compressed Oops: Enabled (32-bit)
 Alignments: Space 512K, Generation 512K, Heap 2M
 Heap Min Capacity: 100M
 Heap Initial Capacity: 100M
 Heap Max Capacity: 2G
 Pre-touch: Disabled
 Parallel Workers: 13
Heap:
 PSYoungGen      total 20992K, used 19636K [0x00000000d5580000, 0x00000000d6f80000, 0x0000000100000000)
  eden space 19456K, 93% used [0x00000000d5580000,0x00000000d672d318,0x00000000d6880000)
  from space 1536K, 100% used [0x00000000d6980000,0x00000000d6b00000,0x00000000d6b00000)
  to   space 3584K, 0% used [0x00000000d6c00000,0x00000000d6c00000,0x00000000d6f80000)
 ParOldGen       total 68608K, used 51184K [0x0000000080000000, 0x0000000084300000, 0x00000000d5580000)
  object space 68608K, 74% used [0x0000000080000000,0x00000000831fc120,0x0000000084300000)
 Metaspace       used 44344K, committed 45376K, reserved 1114112K
  class space    used 4261K, committed 4736K, reserved 1048576K
GC Heap History (20 events):
Event: 7.697 GC heap before
{Heap before GC invocations=32 (full 2):
 PSYoungGen      total 22528K, used 22480K [0x00000000d5580000, 0x00000000d6d00000, 0x0000000100000000)
  eden space 20992K, 100% used [0x00000000d5580000,0x00000000d6a00000,0x00000000d6a00000)
  from space 1536K, 96% used [0x00000000d6a00000,0x00000000d6b74030,0x00000000d6b80000)
  to   space 1536K, 0% used [0x00000000d6b80000,0x00000000d6b80000,0x00000000d6d00000)
 ParOldGen       total 68608K, used 39590K [0x0000000080000000, 0x0000000084300000, 0x00000000d5580000)
  object space 68608K, 57% used [0x0000000080000000,0x00000000826a9a40,0x0000000084300000)
 Metaspace       used 43303K, committed 44288K, reserved 1114112K
  class space    used 4176K, committed 4608K, reserved 1048576K
}
Event: 7.699 GC heap after
{Heap after GC invocations=32 (full 2):
 PSYoungGen      total 20992K, used 1520K [0x00000000d5580000, 0x00000000d7000000, 0x0000000100000000)
  eden space 19456K, 0% used [0x00000000d5580000,0x00000000d5580000,0x00000000d6880000)
  from space 1536K, 98% used [0x00000000d6b80000,0x00000000d6cfc050,0x00000000d6d00000)
  to   space 3072K, 0% used [0x00000000d6880000,0x00000000d6880000,0x00000000d6b80000)
 ParOldGen       total 68608K, used 40882K [0x0000000080000000, 0x0000000084300000, 0x00000000d5580000)
  object space 68608K, 59% used [0x0000000080000000,0x00000000827ec950,0x0000000084300000)
 Metaspace       used 43303K, committed 44288K, reserved 1114112K
  class space    used 4176K, committed 4608K, reserved 1048576K
}
Event: 7.766 GC heap before
{Heap before GC invocations=33 (full 2):
 PSYoungGen      total 20992K, used 20976K [0x00000000d5580000, 0x00000000d7000000, 0x0000000100000000)
  eden space 19456K, 100% used [0x00000000d5580000,0x00000000d6880000,0x00000000d6880000)
  from space 1536K, 98% used [0x00000000d6b80000,0x00000000d6cfc050,0x00000000d6d00000)
  to   space 3072K, 0% used [0x00000000d6880000,0x00000000d6880000,0x00000000d6b80000)
 ParOldGen       total 68608K, used 40882K [0x0000000080000000, 0x0000000084300000, 0x00000000d5580000)
  object space 68608K, 59% used [0x0000000080000000,0x00000000827ec950,0x0000000084300000)
 Metaspace       used 43336K, committed 44352K, reserved 1114112K
  class space    used 4181K, committed 4608K, reserved 1048576K
}
Event: 7.767 GC heap after
{Heap after GC invocations=33 (full 2):
 PSYoungGen      total 21504K, used 1696K [0x00000000d5580000, 0x00000000d6d80000, 0x0000000100000000)
  eden space 19456K, 0% used [0x00000000d5580000,0x00000000d5580000,0x00000000d6880000)
  from space 2048K, 82% used [0x00000000d6880000,0x00000000d6a28020,0x00000000d6a80000)
  to   space 2560K, 0% used [0x00000000d6b00000,0x00000000d6b00000,0x00000000d6d80000)
 ParOldGen       total 68608K, used 42138K [0x0000000080000000, 0x0000000084300000, 0x00000000d5580000)
  object space 68608K, 61% used [0x0000000080000000,0x0000000082926960,0x0000000084300000)
 Metaspace       used 43336K, committed 44352K, reserved 1114112K
  class space    used 4181K, committed 4608K, reserved 1048576K
}
Event: 7.835 GC heap before
{Heap before GC invocations=34 (full 2):
 PSYoungGen      total 21504K, used 21152K [0x00000000d5580000, 0x00000000d6d80000, 0x0000000100000000)
  eden space 19456K, 100% used [0x00000000d5580000,0x00000000d6880000,0x00000000d6880000)
  from space 2048K, 82% used [0x00000000d6880000,0x00000000d6a28020,0x00000000d6a80000)
  to   space 2560K, 0% used [0x00000000d6b00000,0x00000000d6b00000,0x00000000d6d80000)
 ParOldGen       total 68608K, used 42138K [0x0000000080000000, 0x0000000084300000, 0x00000000d5580000)
  object space 68608K, 61% used [0x0000000080000000,0x0000000082926960,0x0000000084300000)
 Metaspace       used 43471K, committed 44480K, reserved 1114112K
  class space    used 4182K, committed 4608K, reserved 1048576K
}
Event: 7.837 GC heap after
{Heap after GC invocations=34 (full 2):
 PSYoungGen      total 20992K, used 1488K [0x00000000d5580000, 0x00000000d6c80000, 0x0000000100000000)
  eden space 19456K, 0% used [0x00000000d5580000,0x00000000d5580000,0x00000000d6880000)
  from space 1536K, 96% used [0x00000000d6b00000,0x00000000d6c74030,0x00000000d6c80000)
  to   space 2048K, 0% used [0x00000000d6880000,0x00000000d6880000,0x00000000d6a80000)
 ParOldGen       total 68608K, used 43656K [0x0000000080000000, 0x0000000084300000, 0x00000000d5580000)
  object space 68608K, 63% used [0x0000000080000000,0x0000000082aa2070,0x0000000084300000)
 Metaspace       used 43471K, committed 44480K, reserved 1114112K
  class space    used 4182K, committed 4608K, reserved 1048576K
}
Event: 7.906 GC heap before
{Heap before GC invocations=35 (full 2):
 PSYoungGen      total 20992K, used 20944K [0x00000000d5580000, 0x00000000d6c80000, 0x0000000100000000)
  eden space 19456K, 100% used [0x00000000d5580000,0x00000000d6880000,0x00000000d6880000)
  from space 1536K, 96% used [0x00000000d6b00000,0x00000000d6c74030,0x00000000d6c80000)
  to   space 2048K, 0% used [0x00000000d6880000,0x00000000d6880000,0x00000000d6a80000)
 ParOldGen       total 68608K, used 43656K [0x0000000080000000, 0x0000000084300000, 0x00000000d5580000)
  object space 68608K, 63% used [0x0000000080000000,0x0000000082aa2070,0x0000000084300000)
 Metaspace       used 43539K, committed 44544K, reserved 1114112K
  class space    used 4184K, committed 4608K, reserved 1048576K
}
Event: 7.907 GC heap after
{Heap after GC invocations=35 (full 2):
 PSYoungGen      total 20480K, used 832K [0x00000000d5580000, 0x00000000d6b80000, 0x0000000100000000)
  eden space 19456K, 0% used [0x00000000d5580000,0x00000000d5580000,0x00000000d6880000)
  from space 1024K, 81% used [0x00000000d6880000,0x00000000d6950000,0x00000000d6980000)
  to   space 1536K, 0% used [0x00000000d6a00000,0x00000000d6a00000,0x00000000d6b80000)
 ParOldGen       total 68608K, used 44952K [0x0000000080000000, 0x0000000084300000, 0x00000000d5580000)
  object space 68608K, 65% used [0x0000000080000000,0x0000000082be6060,0x0000000084300000)
 Metaspace       used 43539K, committed 44544K, reserved 1114112K
  class space    used 4184K, committed 4608K, reserved 1048576K
}
Event: 7.952 GC heap before
{Heap before GC invocations=36 (full 2):
 PSYoungGen      total 20480K, used 20288K [0x00000000d5580000, 0x00000000d6b80000, 0x0000000100000000)
  eden space 19456K, 100% used [0x00000000d5580000,0x00000000d6880000,0x00000000d6880000)
  from space 1024K, 81% used [0x00000000d6880000,0x00000000d6950000,0x00000000d6980000)
  to   space 1536K, 0% used [0x00000000d6a00000,0x00000000d6a00000,0x00000000d6b80000)
 ParOldGen       total 68608K, used 44952K [0x0000000080000000, 0x0000000084300000, 0x00000000d5580000)
  object space 68608K, 65% used [0x0000000080000000,0x0000000082be6060,0x0000000084300000)
 Metaspace       used 43578K, committed 44544K, reserved 1114112K
  class space    used 4187K, committed 4608K, reserved 1048576K
}
Event: 7.953 GC heap after
{Heap after GC invocations=36 (full 2):
 PSYoungGen      total 20480K, used 784K [0x00000000d5580000, 0x00000000d6b00000, 0x0000000100000000)
  eden space 19456K, 0% used [0x00000000d5580000,0x00000000d5580000,0x00000000d6880000)
  from space 1024K, 76% used [0x00000000d6a00000,0x00000000d6ac4010,0x00000000d6b00000)
  to   space 1024K, 0% used [0x00000000d6880000,0x00000000d6880000,0x00000000d6980000)
 ParOldGen       total 68608K, used 45520K [0x0000000080000000, 0x0000000084300000, 0x00000000d5580000)
  object space 68608K, 66% used [0x0000000080000000,0x0000000082c74080,0x0000000084300000)
 Metaspace       used 43578K, committed 44544K, reserved 1114112K
  class space    used 4187K, committed 4608K, reserved 1048576K
}
Event: 8.058 GC heap before
{Heap before GC invocations=37 (full 2):
 PSYoungGen      total 20480K, used 20240K [0x00000000d5580000, 0x00000000d6b00000, 0x0000000100000000)
  eden space 19456K, 100% used [0x00000000d5580000,0x00000000d6880000,0x00000000d6880000)
  from space 1024K, 76% used [0x00000000d6a00000,0x00000000d6ac4010,0x00000000d6b00000)
  to   space 1024K, 0% used [0x00000000d6880000,0x00000000d6880000,0x00000000d6980000)
 ParOldGen       total 68608K, used 45520K [0x0000000080000000, 0x0000000084300000, 0x00000000d5580000)
  object space 68608K, 66% used [0x0000000080000000,0x0000000082c74080,0x0000000084300000)
 Metaspace       used 43659K, committed 44672K, reserved 1114112K
  class space    used 4187K, committed 4608K, reserved 1048576K
}
Event: 8.059 GC heap after
{Heap after GC invocations=37 (full 2):
 PSYoungGen      total 20480K, used 1003K [0x00000000d5580000, 0x00000000d6d80000, 0x0000000100000000)
  eden space 19456K, 0% used [0x00000000d5580000,0x00000000d5580000,0x00000000d6880000)
  from space 1024K, 97% used [0x00000000d6880000,0x00000000d697acc8,0x00000000d6980000)
  to   space 2560K, 0% used [0x00000000d6b00000,0x00000000d6b00000,0x00000000d6d80000)
 ParOldGen       total 68608K, used 46424K [0x0000000080000000, 0x0000000084300000, 0x00000000d5580000)
  object space 68608K, 67% used [0x0000000080000000,0x0000000082d562a0,0x0000000084300000)
 Metaspace       used 43659K, committed 44672K, reserved 1114112K
  class space    used 4187K, committed 4608K, reserved 1048576K
}
Event: 8.202 GC heap before
{Heap before GC invocations=38 (full 2):
 PSYoungGen      total 20480K, used 20459K [0x00000000d5580000, 0x00000000d6d80000, 0x0000000100000000)
  eden space 19456K, 100% used [0x00000000d5580000,0x00000000d6880000,0x00000000d6880000)
  from space 1024K, 97% used [0x00000000d6880000,0x00000000d697acc8,0x00000000d6980000)
  to   space 2560K, 0% used [0x00000000d6b00000,0x00000000d6b00000,0x00000000d6d80000)
 ParOldGen       total 68608K, used 46424K [0x0000000080000000, 0x0000000084300000, 0x00000000d5580000)
  object space 68608K, 67% used [0x0000000080000000,0x0000000082d562a0,0x0000000084300000)
 Metaspace       used 43760K, committed 44800K, reserved 1114112K
  class space    used 4190K, committed 4608K, reserved 1048576K
}
Event: 8.203 GC heap after
{Heap after GC invocations=38 (full 2):
 PSYoungGen      total 20992K, used 1202K [0x00000000d5580000, 0x00000000d6c80000, 0x0000000100000000)
  eden space 19456K, 0% used [0x00000000d5580000,0x00000000d5580000,0x00000000d6880000)
  from space 1536K, 78% used [0x00000000d6b00000,0x00000000d6c2c9c0,0x00000000d6c80000)
  to   space 1536K, 0% used [0x00000000d6980000,0x00000000d6980000,0x00000000d6b00000)
 ParOldGen       total 68608K, used 47430K [0x0000000080000000, 0x0000000084300000, 0x00000000d5580000)
  object space 68608K, 69% used [0x0000000080000000,0x0000000082e519c0,0x0000000084300000)
 Metaspace       used 43760K, committed 44800K, reserved 1114112K
  class space    used 4190K, committed 4608K, reserved 1048576K
}
Event: 8.297 GC heap before
{Heap before GC invocations=39 (full 2):
 PSYoungGen      total 20992K, used 20658K [0x00000000d5580000, 0x00000000d6c80000, 0x0000000100000000)
  eden space 19456K, 100% used [0x00000000d5580000,0x00000000d6880000,0x00000000d6880000)
  from space 1536K, 78% used [0x00000000d6b00000,0x00000000d6c2c9c0,0x00000000d6c80000)
  to   space 1536K, 0% used [0x00000000d6980000,0x00000000d6980000,0x00000000d6b00000)
 ParOldGen       total 68608K, used 47430K [0x0000000080000000, 0x0000000084300000, 0x00000000d5580000)
  object space 68608K, 69% used [0x0000000080000000,0x0000000082e519c0,0x0000000084300000)
 Metaspace       used 43801K, committed 44800K, reserved 1114112K
  class space    used 4190K, committed 4608K, reserved 1048576K
}
Event: 8.299 GC heap after
{Heap after GC invocations=39 (full 2):
 PSYoungGen      total 20992K, used 1488K [0x00000000d5580000, 0x00000000d6c80000, 0x0000000100000000)
  eden space 19456K, 0% used [0x00000000d5580000,0x00000000d5580000,0x00000000d6880000)
  from space 1536K, 96% used [0x00000000d6980000,0x00000000d6af4030,0x00000000d6b00000)
  to   space 1536K, 0% used [0x00000000d6b00000,0x00000000d6b00000,0x00000000d6c80000)
 ParOldGen       total 68608K, used 48381K [0x0000000080000000, 0x0000000084300000, 0x00000000d5580000)
  object space 68608K, 70% used [0x0000000080000000,0x0000000082f3f550,0x0000000084300000)
 Metaspace       used 43801K, committed 44800K, reserved 1114112K
  class space    used 4190K, committed 4608K, reserved 1048576K
}
Event: 8.376 GC heap before
{Heap before GC invocations=40 (full 2):
 PSYoungGen      total 20992K, used 20944K [0x00000000d5580000, 0x00000000d6c80000, 0x0000000100000000)
  eden space 19456K, 100% used [0x00000000d5580000,0x00000000d6880000,0x00000000d6880000)
  from space 1536K, 96% used [0x00000000d6980000,0x00000000d6af4030,0x00000000d6b00000)
  to   space 1536K, 0% used [0x00000000d6b00000,0x00000000d6b00000,0x00000000d6c80000)
 ParOldGen       total 68608K, used 48381K [0x0000000080000000, 0x0000000084300000, 0x00000000d5580000)
  object space 68608K, 70% used [0x0000000080000000,0x0000000082f3f550,0x0000000084300000)
 Metaspace       used 43823K, committed 44800K, reserved 1114112K
  class space    used 4190K, committed 4608K, reserved 1048576K
}
Event: 8.378 GC heap after
{Heap after GC invocations=40 (full 2):
 PSYoungGen      total 20992K, used 1184K [0x00000000d5580000, 0x00000000d6c80000, 0x0000000100000000)
  eden space 19456K, 0% used [0x00000000d5580000,0x00000000d5580000,0x00000000d6880000)
  from space 1536K, 77% used [0x00000000d6b00000,0x00000000d6c28000,0x00000000d6c80000)
  to   space 1536K, 0% used [0x00000000d6980000,0x00000000d6980000,0x00000000d6b00000)
 ParOldGen       total 68608K, used 49707K [0x0000000080000000, 0x0000000084300000, 0x00000000d5580000)
  object space 68608K, 72% used [0x0000000080000000,0x000000008308afe0,0x0000000084300000)
 Metaspace       used 43823K, committed 44800K, reserved 1114112K
  class space    used 4190K, committed 4608K, reserved 1048576K
}
Event: 8.449 GC heap before
{Heap before GC invocations=41 (full 2):
 PSYoungGen      total 20992K, used 20640K [0x00000000d5580000, 0x00000000d6c80000, 0x0000000100000000)
  eden space 19456K, 100% used [0x00000000d5580000,0x00000000d6880000,0x00000000d6880000)
  from space 1536K, 77% used [0x00000000d6b00000,0x00000000d6c28000,0x00000000d6c80000)
  to   space 1536K, 0% used [0x00000000d6980000,0x00000000d6980000,0x00000000d6b00000)
 ParOldGen       total 68608K, used 49707K [0x0000000080000000, 0x0000000084300000, 0x00000000d5580000)
  object space 68608K, 72% used [0x0000000080000000,0x000000008308afe0,0x0000000084300000)
 Metaspace       used 43854K, committed 44864K, reserved 1114112K
  class space    used 4191K, committed 4608K, reserved 1048576K
}
Event: 8.451 GC heap after
{Heap after GC invocations=41 (full 2):
 PSYoungGen      total 20992K, used 1536K [0x00000000d5580000, 0x00000000d6f80000, 0x0000000100000000)
  eden space 19456K, 0% used [0x00000000d5580000,0x00000000d5580000,0x00000000d6880000)
  from space 1536K, 100% used [0x00000000d6980000,0x00000000d6b00000,0x00000000d6b00000)
  to   space 3584K, 0% used [0x00000000d6c00000,0x00000000d6c00000,0x00000000d6f80000)
 ParOldGen       total 68608K, used 51184K [0x0000000080000000, 0x0000000084300000, 0x00000000d5580000)
  object space 68608K, 74% used [0x0000000080000000,0x00000000831fc120,0x0000000084300000)
 Metaspace       used 43854K, committed 44864K, reserved 1114112K
  class space    used 4191K, committed 4608K, reserved 1048576K
}

