# JRE version: OpenJDK Runtime Environment Temurin-21.0.8+9 (21.0.8+9) (build 21.0.8+9-LTS)
# Java VM: OpenJDK 64-Bit Server VM Temurin-21.0.8+9 (21.0.8+9-LTS, mixed mode, sharing, tiered, compressed oops, compressed class ptrs, parallel gc, windows-amd64)
GC Precious Log:
 CardTable entry size: 512
 CPUs: 16 total, 16 available
 Memory: 16085M
 Large Page Support: Disabled
 NUMA Support: Disabled
 Compressed Oops: Enabled (32-bit)
 Alignments: Space 512K, Generation 512K, Heap 2M
 Heap Min Capacity: 100M
 Heap Initial Capacity: 100M
 Heap Max Capacity: 2G
 Pre-touch: Disabled
 Parallel Workers: 13
Heap:
 PSYoungGen      total 6656K, used 3381K [0x00000000d5580000, 0x00000000d5e80000, 0x0000000100000000)
  eden space 6144K, 46% used [0x00000000d5580000,0x00000000d584d578,0x00000000d5b80000)
  from space 512K, 100% used [0x00000000d5d80000,0x00000000d5e00000,0x00000000d5e00000)
  to   space 1536K, 0% used [0x00000000d5b80000,0x00000000d5b80000,0x00000000d5d00000)
 ParOldGen       total 774144K, used 516596K [0x0000000080000000, 0x00000000af400000, 0x00000000d5580000)
  object space 774144K, 66% used [0x0000000080000000,0x000000009f87d000,0x00000000af400000)
 Metaspace       used 77686K, committed 79232K, reserved 1179648K
  class space    used 7624K, committed 8320K, reserved 1048576K
GC Heap History (20 events):
Event: 177.155 GC heap before
{Heap before GC invocations=1469 (full 4):
 PSYoungGen      total 6144K, used 6124K [0x00000000d5580000, 0x00000000d5f80000, 0x0000000100000000)
  eden space 5120K, 100% used [0x00000000d5580000,0x00000000d5a80000,0x00000000d5a80000)
  from space 1024K, 98% used [0x00000000d5c80000,0x00000000d5d7b048,0x00000000d5d80000)
  to   space 2048K, 0% used [0x00000000d5a80000,0x00000000d5a80000,0x00000000d5c80000)
 ParOldGen       total 774144K, used 510601K [0x0000000080000000, 0x00000000af400000, 0x00000000d5580000)
  object space 774144K, 65% used [0x0000000080000000,0x000000009f2a2628,0x00000000af400000)
 Metaspace       used 77616K, committed 79168K, reserved 1179648K
  class space    used 7617K, committed 8320K, reserved 1048576K
}
Event: 177.156 GC heap after
{Heap after GC invocations=1469 (full 4):
 PSYoungGen      total 7168K, used 554K [0x00000000d5580000, 0x00000000d5d80000, 0x0000000100000000)
  eden space 5120K, 0% used [0x00000000d5580000,0x00000000d5580000,0x00000000d5a80000)
  from space 2048K, 27% used [0x00000000d5a80000,0x00000000d5b0a910,0x00000000d5c80000)
  to   space 1024K, 0% used [0x00000000d5c80000,0x00000000d5c80000,0x00000000d5d80000)
 ParOldGen       total 774144K, used 511379K [0x0000000080000000, 0x00000000af400000, 0x00000000d5580000)
  object space 774144K, 66% used [0x0000000080000000,0x000000009f364e38,0x00000000af400000)
 Metaspace       used 77616K, committed 79168K, reserved 1179648K
  class space    used 7617K, committed 8320K, reserved 1048576K
}
Event: 177.159 GC heap before
{Heap before GC invocations=1470 (full 4):
 PSYoungGen      total 7168K, used 5674K [0x00000000d5580000, 0x00000000d5d80000, 0x0000000100000000)
  eden space 5120K, 100% used [0x00000000d5580000,0x00000000d5a80000,0x00000000d5a80000)
  from space 2048K, 27% used [0x00000000d5a80000,0x00000000d5b0a910,0x00000000d5c80000)
  to   space 1024K, 0% used [0x00000000d5c80000,0x00000000d5c80000,0x00000000d5d80000)
 ParOldGen       total 774144K, used 511379K [0x0000000080000000, 0x00000000af400000, 0x00000000d5580000)
  object space 774144K, 66% used [0x0000000080000000,0x000000009f364e38,0x00000000af400000)
 Metaspace       used 77616K, committed 79168K, reserved 1179648K
  class space    used 7617K, committed 8320K, reserved 1048576K
}
Event: 177.159 GC heap after
{Heap after GC invocations=1470 (full 4):
 PSYoungGen      total 7168K, used 768K [0x00000000d5580000, 0x00000000d5d80000, 0x0000000100000000)
  eden space 6144K, 0% used [0x00000000d5580000,0x00000000d5580000,0x00000000d5b80000)
  from space 1024K, 75% used [0x00000000d5c80000,0x00000000d5d40000,0x00000000d5d80000)
  to   space 1024K, 0% used [0x00000000d5b80000,0x00000000d5b80000,0x00000000d5c80000)
 ParOldGen       total 774144K, used 511736K [0x0000000080000000, 0x00000000af400000, 0x00000000d5580000)
  object space 774144K, 66% used [0x0000000080000000,0x000000009f3be058,0x00000000af400000)
 Metaspace       used 77616K, committed 79168K, reserved 1179648K
  class space    used 7617K, committed 8320K, reserved 1048576K
}
Event: 177.163 GC heap before
{Heap before GC invocations=1471 (full 4):
 PSYoungGen      total 7168K, used 6912K [0x00000000d5580000, 0x00000000d5d80000, 0x0000000100000000)
  eden space 6144K, 100% used [0x00000000d5580000,0x00000000d5b80000,0x00000000d5b80000)
  from space 1024K, 75% used [0x00000000d5c80000,0x00000000d5d40000,0x00000000d5d80000)
  to   space 1024K, 0% used [0x00000000d5b80000,0x00000000d5b80000,0x00000000d5c80000)
 ParOldGen       total 774144K, used 511736K [0x0000000080000000, 0x00000000af400000, 0x00000000d5580000)
  object space 774144K, 66% used [0x0000000080000000,0x000000009f3be058,0x00000000af400000)
 Metaspace       used 77616K, committed 79168K, reserved 1179648K
  class space    used 7617K, committed 8320K, reserved 1048576K
}
Event: 177.164 GC heap after
{Heap after GC invocations=1471 (full 4):
 PSYoungGen      total 7168K, used 480K [0x00000000d5580000, 0x00000000d5f00000, 0x0000000100000000)
  eden space 6144K, 0% used [0x00000000d5580000,0x00000000d5580000,0x00000000d5b80000)
  from space 1024K, 46% used [0x00000000d5b80000,0x00000000d5bf8000,0x00000000d5c80000)
  to   space 1024K, 0% used [0x00000000d5e00000,0x00000000d5e00000,0x00000000d5f00000)
 ParOldGen       total 774144K, used 511984K [0x0000000080000000, 0x00000000af400000, 0x00000000d5580000)
  object space 774144K, 66% used [0x0000000080000000,0x000000009f3fc078,0x00000000af400000)
 Metaspace       used 77616K, committed 79168K, reserved 1179648K
  class space    used 7617K, committed 8320K, reserved 1048576K
}
Event: 177.174 GC heap before
{Heap before GC invocations=1472 (full 4):
 PSYoungGen      total 7168K, used 6624K [0x00000000d5580000, 0x00000000d5f00000, 0x0000000100000000)
  eden space 6144K, 100% used [0x00000000d5580000,0x00000000d5b80000,0x00000000d5b80000)
  from space 1024K, 46% used [0x00000000d5b80000,0x00000000d5bf8000,0x00000000d5c80000)
  to   space 1024K, 0% used [0x00000000d5e00000,0x00000000d5e00000,0x00000000d5f00000)
 ParOldGen       total 774144K, used 511984K [0x0000000080000000, 0x00000000af400000, 0x00000000d5580000)
  object space 774144K, 66% used [0x0000000080000000,0x000000009f3fc078,0x00000000af400000)
 Metaspace       used 77642K, committed 79232K, reserved 1179648K
  class space    used 7621K, committed 8320K, reserved 1048576K
}
Event: 177.175 GC heap after
{Heap after GC invocations=1472 (full 4):
 PSYoungGen      total 7168K, used 928K [0x00000000d5580000, 0x00000000d5f00000, 0x0000000100000000)
  eden space 6144K, 0% used [0x00000000d5580000,0x00000000d5580000,0x00000000d5b80000)
  from space 1024K, 90% used [0x00000000d5e00000,0x00000000d5ee8000,0x00000000d5f00000)
  to   space 1024K, 0% used [0x00000000d5b80000,0x00000000d5b80000,0x00000000d5c80000)
 ParOldGen       total 774144K, used 512320K [0x0000000080000000, 0x00000000af400000, 0x00000000d5580000)
  object space 774144K, 66% used [0x0000000080000000,0x000000009f4500b8,0x00000000af400000)
 Metaspace       used 77642K, committed 79232K, reserved 1179648K
  class space    used 7621K, committed 8320K, reserved 1048576K
}
Event: 177.184 GC heap before
{Heap before GC invocations=1473 (full 4):
 PSYoungGen      total 7168K, used 7072K [0x00000000d5580000, 0x00000000d5f00000, 0x0000000100000000)
  eden space 6144K, 100% used [0x00000000d5580000,0x00000000d5b80000,0x00000000d5b80000)
  from space 1024K, 90% used [0x00000000d5e00000,0x00000000d5ee8000,0x00000000d5f00000)
  to   space 1024K, 0% used [0x00000000d5b80000,0x00000000d5b80000,0x00000000d5c80000)
 ParOldGen       total 774144K, used 512320K [0x0000000080000000, 0x00000000af400000, 0x00000000d5580000)
  object space 774144K, 66% used [0x0000000080000000,0x000000009f4500b8,0x00000000af400000)
 Metaspace       used 77642K, committed 79232K, reserved 1179648K
  class space    used 7621K, committed 8320K, reserved 1048576K
}
Event: 177.186 GC heap after
{Heap after GC invocations=1473 (full 4):
 PSYoungGen      total 7168K, used 1008K [0x00000000d5580000, 0x00000000d6080000, 0x0000000100000000)
  eden space 6144K, 0% used [0x00000000d5580000,0x00000000d5580000,0x00000000d5b80000)
  from space 1024K, 98% used [0x00000000d5b80000,0x00000000d5c7c320,0x00000000d5c80000)
  to   space 2560K, 0% used [0x00000000d5e00000,0x00000000d5e00000,0x00000000d6080000)
 ParOldGen       total 774144K, used 513244K [0x0000000080000000, 0x00000000af400000, 0x00000000d5580000)
  object space 774144K, 66% used [0x0000000080000000,0x000000009f537028,0x00000000af400000)
 Metaspace       used 77642K, committed 79232K, reserved 1179648K
  class space    used 7621K, committed 8320K, reserved 1048576K
}
Event: 177.191 GC heap before
{Heap before GC invocations=1474 (full 4):
 PSYoungGen      total 7168K, used 7152K [0x00000000d5580000, 0x00000000d6080000, 0x0000000100000000)
  eden space 6144K, 100% used [0x00000000d5580000,0x00000000d5b80000,0x00000000d5b80000)
  from space 1024K, 98% used [0x00000000d5b80000,0x00000000d5c7c320,0x00000000d5c80000)
  to   space 2560K, 0% used [0x00000000d5e00000,0x00000000d5e00000,0x00000000d6080000)
 ParOldGen       total 774144K, used 513244K [0x0000000080000000, 0x00000000af400000, 0x00000000d5580000)
  object space 774144K, 66% used [0x0000000080000000,0x000000009f537028,0x00000000af400000)
 Metaspace       used 77642K, committed 79232K, reserved 1179648K
  class space    used 7621K, committed 8320K, reserved 1048576K
}
Event: 177.192 GC heap after
{Heap after GC invocations=1474 (full 4):
 PSYoungGen      total 7168K, used 704K [0x00000000d5580000, 0x00000000d5f00000, 0x0000000100000000)
  eden space 6144K, 0% used [0x00000000d5580000,0x00000000d5580000,0x00000000d5b80000)
  from space 1024K, 68% used [0x00000000d5e00000,0x00000000d5eb0020,0x00000000d5f00000)
  to   space 1536K, 0% used [0x00000000d5c00000,0x00000000d5c00000,0x00000000d5d80000)
 ParOldGen       total 774144K, used 514106K [0x0000000080000000, 0x00000000af400000, 0x00000000d5580000)
  object space 774144K, 66% used [0x0000000080000000,0x000000009f60eba0,0x00000000af400000)
 Metaspace       used 77642K, committed 79232K, reserved 1179648K
  class space    used 7621K, committed 8320K, reserved 1048576K
}
Event: 177.198 GC heap before
{Heap before GC invocations=1475 (full 4):
 PSYoungGen      total 7168K, used 6848K [0x00000000d5580000, 0x00000000d5f00000, 0x0000000100000000)
  eden space 6144K, 100% used [0x00000000d5580000,0x00000000d5b80000,0x00000000d5b80000)
  from space 1024K, 68% used [0x00000000d5e00000,0x00000000d5eb0020,0x00000000d5f00000)
  to   space 1536K, 0% used [0x00000000d5c00000,0x00000000d5c00000,0x00000000d5d80000)
 ParOldGen       total 774144K, used 514106K [0x0000000080000000, 0x00000000af400000, 0x00000000d5580000)
  object space 774144K, 66% used [0x0000000080000000,0x000000009f60eba0,0x00000000af400000)
 Metaspace       used 77642K, committed 79232K, reserved 1179648K
  class space    used 7621K, committed 8320K, reserved 1048576K
}
Event: 177.199 GC heap after
{Heap after GC invocations=1475 (full 4):
 PSYoungGen      total 7680K, used 736K [0x00000000d5580000, 0x00000000d5e80000, 0x0000000100000000)
  eden space 6144K, 0% used [0x00000000d5580000,0x00000000d5580000,0x00000000d5b80000)
  from space 1536K, 47% used [0x00000000d5c00000,0x00000000d5cb8000,0x00000000d5d80000)
  to   space 1024K, 0% used [0x00000000d5d80000,0x00000000d5d80000,0x00000000d5e80000)
 ParOldGen       total 774144K, used 514610K [0x0000000080000000, 0x00000000af400000, 0x00000000d5580000)
  object space 774144K, 66% used [0x0000000080000000,0x000000009f68cbe0,0x00000000af400000)
 Metaspace       used 77642K, committed 79232K, reserved 1179648K
  class space    used 7621K, committed 8320K, reserved 1048576K
}
Event: 177.207 GC heap before
{Heap before GC invocations=1476 (full 4):
 PSYoungGen      total 7680K, used 6880K [0x00000000d5580000, 0x00000000d5e80000, 0x0000000100000000)
  eden space 6144K, 100% used [0x00000000d5580000,0x00000000d5b80000,0x00000000d5b80000)
  from space 1536K, 47% used [0x00000000d5c00000,0x00000000d5cb8000,0x00000000d5d80000)
  to   space 1024K, 0% used [0x00000000d5d80000,0x00000000d5d80000,0x00000000d5e80000)
 ParOldGen       total 774144K, used 514610K [0x0000000080000000, 0x00000000af400000, 0x00000000d5580000)
  object space 774144K, 66% used [0x0000000080000000,0x000000009f68cbe0,0x00000000af400000)
 Metaspace       used 77642K, committed 79232K, reserved 1179648K
  class space    used 7621K, committed 8320K, reserved 1048576K
}
Event: 177.208 GC heap after
{Heap after GC invocations=1476 (full 4):
 PSYoungGen      total 7168K, used 912K [0x00000000d5580000, 0x00000000d5e80000, 0x0000000100000000)
  eden space 6144K, 0% used [0x00000000d5580000,0x00000000d5580000,0x00000000d5b80000)
  from space 1024K, 89% used [0x00000000d5d80000,0x00000000d5e64010,0x00000000d5e80000)
  to   space 1024K, 0% used [0x00000000d5c80000,0x00000000d5c80000,0x00000000d5d80000)
 ParOldGen       total 774144K, used 515123K [0x0000000080000000, 0x00000000af400000, 0x00000000d5580000)
  object space 774144K, 66% used [0x0000000080000000,0x000000009f70cc20,0x00000000af400000)
 Metaspace       used 77642K, committed 79232K, reserved 1179648K
  class space    used 7621K, committed 8320K, reserved 1048576K
}
Event: 177.214 GC heap before
{Heap before GC invocations=1477 (full 4):
 PSYoungGen      total 7168K, used 7056K [0x00000000d5580000, 0x00000000d5e80000, 0x0000000100000000)
  eden space 6144K, 100% used [0x00000000d5580000,0x00000000d5b80000,0x00000000d5b80000)
  from space 1024K, 89% used [0x00000000d5d80000,0x00000000d5e64010,0x00000000d5e80000)
  to   space 1024K, 0% used [0x00000000d5c80000,0x00000000d5c80000,0x00000000d5d80000)
 ParOldGen       total 774144K, used 515123K [0x0000000080000000, 0x00000000af400000, 0x00000000d5580000)
  object space 774144K, 66% used [0x0000000080000000,0x000000009f70cc20,0x00000000af400000)
 Metaspace       used 77642K, committed 79232K, reserved 1179648K
  class space    used 7621K, committed 8320K, reserved 1048576K
}
Event: 177.215 GC heap after
{Heap after GC invocations=1477 (full 4):
 PSYoungGen      total 7168K, used 768K [0x00000000d5580000, 0x00000000d5e00000, 0x0000000100000000)
  eden space 6144K, 0% used [0x00000000d5580000,0x00000000d5580000,0x00000000d5b80000)
  from space 1024K, 75% used [0x00000000d5c80000,0x00000000d5d40000,0x00000000d5d80000)
  to   space 512K, 0% used [0x00000000d5d80000,0x00000000d5d80000,0x00000000d5e00000)
 ParOldGen       total 774144K, used 515895K [0x0000000080000000, 0x00000000af400000, 0x00000000d5580000)
  object space 774144K, 66% used [0x0000000080000000,0x000000009f7cdc60,0x00000000af400000)
 Metaspace       used 77642K, committed 79232K, reserved 1179648K
  class space    used 7621K, committed 8320K, reserved 1048576K
}
Event: 177.235 GC heap before
{Heap before GC invocations=1478 (full 4):
 PSYoungGen      total 7168K, used 6912K [0x00000000d5580000, 0x00000000d5e00000, 0x0000000100000000)
  eden space 6144K, 100% used [0x00000000d5580000,0x00000000d5b80000,0x00000000d5b80000)
  from space 1024K, 75% used [0x00000000d5c80000,0x00000000d5d40000,0x00000000d5d80000)
  to   space 512K, 0% used [0x00000000d5d80000,0x00000000d5d80000,0x00000000d5e00000)
 ParOldGen       total 774144K, used 515895K [0x0000000080000000, 0x00000000af400000, 0x00000000d5580000)
  object space 774144K, 66% used [0x0000000080000000,0x000000009f7cdc60,0x00000000af400000)
 Metaspace       used 77663K, committed 79232K, reserved 1179648K
  class space    used 7621K, committed 8320K, reserved 1048576K
}
Event: 177.236 GC heap after
{Heap after GC invocations=1478 (full 4):
 PSYoungGen      total 6656K, used 512K [0x00000000d5580000, 0x00000000d5e80000, 0x0000000100000000)
  eden space 6144K, 0% used [0x00000000d5580000,0x00000000d5580000,0x00000000d5b80000)
  from space 512K, 100% used [0x00000000d5d80000,0x00000000d5e00000,0x00000000d5e00000)
  to   space 1536K, 0% used [0x00000000d5b80000,0x00000000d5b80000,0x00000000d5d00000)
 ParOldGen       total 774144K, used 516596K [0x0000000080000000, 0x00000000af400000, 0x00000000d5580000)
  object space 774144K, 66% used [0x0000000080000000,0x000000009f87d000,0x00000000af400000)
 Metaspace       used 77663K, committed 79232K, reserved 1179648K
  class space    used 7621K, committed 8320K, reserved 1048576K
}

