# JRE version: OpenJDK Runtime Environment Temurin-21.0.8+9 (21.0.8+9) (build 21.0.8+9-LTS)
# Java VM: OpenJDK 64-Bit Server VM Temurin-21.0.8+9 (21.0.8+9-LTS, mixed mode, sharing, tiered, compressed oops, compressed class ptrs, parallel gc, windows-amd64)
GC Precious Log:
 CardTable entry size: 512
 CPUs: 16 total, 16 available
 Memory: 16085M
 Large Page Support: Disabled
 NUMA Support: Disabled
 Compressed Oops: Enabled (32-bit)
 Alignments: Space 512K, Generation 512K, Heap 2M
 Heap Min Capacity: 100M
 Heap Initial Capacity: 100M
 Heap Max Capacity: 2G
 Pre-touch: Disabled
 Parallel Workers: 13
Heap:
 PSYoungGen      total 20480K, used 4156K [0x00000000d5580000, 0x00000000d6c80000, 0x0000000100000000)
  eden space 19456K, 16% used [0x00000000d5580000,0x00000000d589b040,0x00000000d6880000)
  from space 1024K, 95% used [0x00000000d6a80000,0x00000000d6b74020,0x00000000d6b80000)
  to   space 1024K, 0% used [0x00000000d6b80000,0x00000000d6b80000,0x00000000d6c80000)
 ParOldGen       total 68608K, used 52570K [0x0000000080000000, 0x0000000084300000, 0x00000000d5580000)
  object space 68608K, 76% used [0x0000000080000000,0x0000000083356a80,0x0000000084300000)
 Metaspace       used 55244K, committed 56576K, reserved 1114112K
  class space    used 5936K, committed 6528K, reserved 1048576K
GC Heap History (20 events):
Event: 8.688 GC heap before
{Heap before GC invocations=26 (full 2):
 PSYoungGen      total 22016K, used 21984K [0x00000000d5580000, 0x00000000d7200000, 0x0000000100000000)
  eden space 20480K, 100% used [0x00000000d5580000,0x00000000d6980000,0x00000000d6980000)
  from space 1536K, 97% used [0x00000000d6f80000,0x00000000d70f8030,0x00000000d7100000)
  to   space 1024K, 0% used [0x00000000d7100000,0x00000000d7100000,0x00000000d7200000)
 ParOldGen       total 68608K, used 36326K [0x0000000080000000, 0x0000000084300000, 0x00000000d5580000)
  object space 68608K, 52% used [0x0000000080000000,0x00000000823799e0,0x0000000084300000)
 Metaspace       used 48412K, committed 49664K, reserved 1114112K
  class space    used 5219K, committed 5760K, reserved 1048576K
}
Event: 8.692 GC heap after
{Heap after GC invocations=26 (full 2):
 PSYoungGen      total 21504K, used 1009K [0x00000000d5580000, 0x00000000d7200000, 0x0000000100000000)
  eden space 20480K, 0% used [0x00000000d5580000,0x00000000d5580000,0x00000000d6980000)
  from space 1024K, 98% used [0x00000000d7100000,0x00000000d71fc400,0x00000000d7200000)
  to   space 4096K, 0% used [0x00000000d6a00000,0x00000000d6a00000,0x00000000d6e00000)
 ParOldGen       total 68608K, used 39158K [0x0000000080000000, 0x0000000084300000, 0x00000000d5580000)
  object space 68608K, 57% used [0x0000000080000000,0x000000008263da20,0x0000000084300000)
 Metaspace       used 48412K, committed 49664K, reserved 1114112K
  class space    used 5219K, committed 5760K, reserved 1048576K
}
Event: 8.817 GC heap before
{Heap before GC invocations=27 (full 2):
 PSYoungGen      total 21504K, used 21489K [0x00000000d5580000, 0x00000000d7200000, 0x0000000100000000)
  eden space 20480K, 100% used [0x00000000d5580000,0x00000000d6980000,0x00000000d6980000)
  from space 1024K, 98% used [0x00000000d7100000,0x00000000d71fc400,0x00000000d7200000)
  to   space 4096K, 0% used [0x00000000d6a00000,0x00000000d6a00000,0x00000000d6e00000)
 ParOldGen       total 68608K, used 39158K [0x0000000080000000, 0x0000000084300000, 0x00000000d5580000)
  object space 68608K, 57% used [0x0000000080000000,0x000000008263da20,0x0000000084300000)
 Metaspace       used 48420K, committed 49664K, reserved 1114112K
  class space    used 5219K, committed 5760K, reserved 1048576K
}
Event: 8.821 GC heap after
{Heap after GC invocations=27 (full 2):
 PSYoungGen      total 24576K, used 2500K [0x00000000d5580000, 0x00000000d7180000, 0x0000000100000000)
  eden space 20480K, 0% used [0x00000000d5580000,0x00000000d5580000,0x00000000d6980000)
  from space 4096K, 61% used [0x00000000d6a00000,0x00000000d6c71000,0x00000000d6e00000)
  to   space 3072K, 0% used [0x00000000d6e80000,0x00000000d6e80000,0x00000000d7180000)
 ParOldGen       total 68608K, used 40137K [0x0000000080000000, 0x0000000084300000, 0x00000000d5580000)
  object space 68608K, 58% used [0x0000000080000000,0x0000000082732708,0x0000000084300000)
 Metaspace       used 48420K, committed 49664K, reserved 1114112K
  class space    used 5219K, committed 5760K, reserved 1048576K
}
Event: 8.918 GC heap before
{Heap before GC invocations=28 (full 2):
 PSYoungGen      total 24576K, used 22980K [0x00000000d5580000, 0x00000000d7180000, 0x0000000100000000)
  eden space 20480K, 100% used [0x00000000d5580000,0x00000000d6980000,0x00000000d6980000)
  from space 4096K, 61% used [0x00000000d6a00000,0x00000000d6c71000,0x00000000d6e00000)
  to   space 3072K, 0% used [0x00000000d6e80000,0x00000000d6e80000,0x00000000d7180000)
 ParOldGen       total 68608K, used 40137K [0x0000000080000000, 0x0000000084300000, 0x00000000d5580000)
  object space 68608K, 58% used [0x0000000080000000,0x0000000082732708,0x0000000084300000)
 Metaspace       used 48425K, committed 49728K, reserved 1114112K
  class space    used 5219K, committed 5760K, reserved 1048576K
}
Event: 8.921 GC heap after
{Heap after GC invocations=28 (full 2):
 PSYoungGen      total 23040K, used 2208K [0x00000000d5580000, 0x00000000d7100000, 0x0000000100000000)
  eden space 20480K, 0% used [0x00000000d5580000,0x00000000d5580000,0x00000000d6980000)
  from space 2560K, 86% used [0x00000000d6e80000,0x00000000d70a8000,0x00000000d7100000)
  to   space 2560K, 0% used [0x00000000d6c00000,0x00000000d6c00000,0x00000000d6e80000)
 ParOldGen       total 68608K, used 42501K [0x0000000080000000, 0x0000000084300000, 0x00000000d5580000)
  object space 68608K, 61% used [0x0000000080000000,0x00000000829816e0,0x0000000084300000)
 Metaspace       used 48425K, committed 49728K, reserved 1114112K
  class space    used 5219K, committed 5760K, reserved 1048576K
}
Event: 9.052 GC heap before
{Heap before GC invocations=29 (full 2):
 PSYoungGen      total 23040K, used 22688K [0x00000000d5580000, 0x00000000d7100000, 0x0000000100000000)
  eden space 20480K, 100% used [0x00000000d5580000,0x00000000d6980000,0x00000000d6980000)
  from space 2560K, 86% used [0x00000000d6e80000,0x00000000d70a8000,0x00000000d7100000)
  to   space 2560K, 0% used [0x00000000d6c00000,0x00000000d6c00000,0x00000000d6e80000)
 ParOldGen       total 68608K, used 42501K [0x0000000080000000, 0x0000000084300000, 0x00000000d5580000)
  object space 68608K, 61% used [0x0000000080000000,0x00000000829816e0,0x0000000084300000)
 Metaspace       used 48455K, committed 49792K, reserved 1114112K
  class space    used 5220K, committed 5824K, reserved 1048576K
}
Event: 9.055 GC heap after
{Heap after GC invocations=29 (full 2):
 PSYoungGen      total 23040K, used 2336K [0x00000000d5580000, 0x00000000d6f00000, 0x0000000100000000)
  eden space 20480K, 0% used [0x00000000d5580000,0x00000000d5580000,0x00000000d6980000)
  from space 2560K, 91% used [0x00000000d6c00000,0x00000000d6e48010,0x00000000d6e80000)
  to   space 512K, 0% used [0x00000000d6e80000,0x00000000d6e80000,0x00000000d6f00000)
 ParOldGen       total 68608K, used 44533K [0x0000000080000000, 0x0000000084300000, 0x00000000d5580000)
  object space 68608K, 64% used [0x0000000080000000,0x0000000082b7d6e0,0x0000000084300000)
 Metaspace       used 48455K, committed 49792K, reserved 1114112K
  class space    used 5220K, committed 5824K, reserved 1048576K
}
Event: 9.303 GC heap before
{Heap before GC invocations=30 (full 2):
 PSYoungGen      total 23040K, used 22816K [0x00000000d5580000, 0x00000000d6f00000, 0x0000000100000000)
  eden space 20480K, 100% used [0x00000000d5580000,0x00000000d6980000,0x00000000d6980000)
  from space 2560K, 91% used [0x00000000d6c00000,0x00000000d6e48010,0x00000000d6e80000)
  to   space 512K, 0% used [0x00000000d6e80000,0x00000000d6e80000,0x00000000d6f00000)
 ParOldGen       total 68608K, used 44533K [0x0000000080000000, 0x0000000084300000, 0x00000000d5580000)
  object space 68608K, 64% used [0x0000000080000000,0x0000000082b7d6e0,0x0000000084300000)
 Metaspace       used 48731K, committed 49984K, reserved 1114112K
  class space    used 5247K, committed 5824K, reserved 1048576K
}
Event: 9.308 GC heap after
{Heap after GC invocations=30 (full 2):
 PSYoungGen      total 19968K, used 512K [0x00000000d5580000, 0x00000000d7580000, 0x0000000100000000)
  eden space 19456K, 0% used [0x00000000d5580000,0x00000000d5580000,0x00000000d6880000)
  from space 512K, 100% used [0x00000000d6e80000,0x00000000d6f00000,0x00000000d6f00000)
  to   space 6144K, 0% used [0x00000000d6880000,0x00000000d6880000,0x00000000d6e80000)
 ParOldGen       total 68608K, used 49508K [0x0000000080000000, 0x0000000084300000, 0x00000000d5580000)
  object space 68608K, 72% used [0x0000000080000000,0x00000000830592d8,0x0000000084300000)
 Metaspace       used 48731K, committed 49984K, reserved 1114112K
  class space    used 5247K, committed 5824K, reserved 1048576K
}
Event: 9.824 GC heap before
{Heap before GC invocations=31 (full 2):
 PSYoungGen      total 19968K, used 19968K [0x00000000d5580000, 0x00000000d7580000, 0x0000000100000000)
  eden space 19456K, 100% used [0x00000000d5580000,0x00000000d6880000,0x00000000d6880000)
  from space 512K, 100% used [0x00000000d6e80000,0x00000000d6f00000,0x00000000d6f00000)
  to   space 6144K, 0% used [0x00000000d6880000,0x00000000d6880000,0x00000000d6e80000)
 ParOldGen       total 68608K, used 49508K [0x0000000080000000, 0x0000000084300000, 0x00000000d5580000)
  object space 68608K, 72% used [0x0000000080000000,0x00000000830592d8,0x0000000084300000)
 Metaspace       used 49052K, committed 50368K, reserved 1114112K
  class space    used 5274K, committed 5824K, reserved 1048576K
}
Event: 9.826 GC heap after
{Heap after GC invocations=31 (full 2):
 PSYoungGen      total 20480K, used 864K [0x00000000d5580000, 0x00000000d6f00000, 0x0000000100000000)
  eden space 19456K, 0% used [0x00000000d5580000,0x00000000d5580000,0x00000000d6880000)
  from space 1024K, 84% used [0x00000000d6880000,0x00000000d6958000,0x00000000d6980000)
  to   space 2560K, 0% used [0x00000000d6c80000,0x00000000d6c80000,0x00000000d6f00000)
 ParOldGen       total 68608K, used 50060K [0x0000000080000000, 0x0000000084300000, 0x00000000d5580000)
  object space 68608K, 72% used [0x0000000080000000,0x00000000830e32d8,0x0000000084300000)
 Metaspace       used 49052K, committed 50368K, reserved 1114112K
  class space    used 5274K, committed 5824K, reserved 1048576K
}
Event: 10.455 GC heap before
{Heap before GC invocations=32 (full 2):
 PSYoungGen      total 20480K, used 20319K [0x00000000d5580000, 0x00000000d6f00000, 0x0000000100000000)
  eden space 19456K, 99% used [0x00000000d5580000,0x00000000d687fc90,0x00000000d6880000)
  from space 1024K, 84% used [0x00000000d6880000,0x00000000d6958000,0x00000000d6980000)
  to   space 2560K, 0% used [0x00000000d6c80000,0x00000000d6c80000,0x00000000d6f00000)
 ParOldGen       total 68608K, used 50060K [0x0000000080000000, 0x0000000084300000, 0x00000000d5580000)
  object space 68608K, 72% used [0x0000000080000000,0x00000000830e32d8,0x0000000084300000)
 Metaspace       used 50823K, committed 52096K, reserved 1114112K
  class space    used 5485K, committed 6080K, reserved 1048576K
}
Event: 10.457 GC heap after
{Heap after GC invocations=32 (full 2):
 PSYoungGen      total 20992K, used 1277K [0x00000000d5580000, 0x00000000d6e00000, 0x0000000100000000)
  eden space 19456K, 0% used [0x00000000d5580000,0x00000000d5580000,0x00000000d6880000)
  from space 1536K, 83% used [0x00000000d6c80000,0x00000000d6dbf720,0x00000000d6e00000)
  to   space 1536K, 0% used [0x00000000d6b00000,0x00000000d6b00000,0x00000000d6c80000)
 ParOldGen       total 68608K, used 50808K [0x0000000080000000, 0x0000000084300000, 0x00000000d5580000)
  object space 68608K, 74% used [0x0000000080000000,0x000000008319e308,0x0000000084300000)
 Metaspace       used 50823K, committed 52096K, reserved 1114112K
  class space    used 5485K, committed 6080K, reserved 1048576K
}
Event: 11.092 GC heap before
{Heap before GC invocations=33 (full 2):
 PSYoungGen      total 20992K, used 20733K [0x00000000d5580000, 0x00000000d6e00000, 0x0000000100000000)
  eden space 19456K, 100% used [0x00000000d5580000,0x00000000d6880000,0x00000000d6880000)
  from space 1536K, 83% used [0x00000000d6c80000,0x00000000d6dbf720,0x00000000d6e00000)
  to   space 1536K, 0% used [0x00000000d6b00000,0x00000000d6b00000,0x00000000d6c80000)
 ParOldGen       total 68608K, used 50808K [0x0000000080000000, 0x0000000084300000, 0x00000000d5580000)
  object space 68608K, 74% used [0x0000000080000000,0x000000008319e308,0x0000000084300000)
 Metaspace       used 51980K, committed 53312K, reserved 1114112K
  class space    used 5637K, committed 6208K, reserved 1048576K
}
Event: 11.094 GC heap after
{Heap after GC invocations=33 (full 2):
 PSYoungGen      total 19968K, used 512K [0x00000000d5580000, 0x00000000d6d00000, 0x0000000100000000)
  eden space 19456K, 0% used [0x00000000d5580000,0x00000000d5580000,0x00000000d6880000)
  from space 512K, 100% used [0x00000000d6b00000,0x00000000d6b80000,0x00000000d6b80000)
  to   space 1024K, 0% used [0x00000000d6c00000,0x00000000d6c00000,0x00000000d6d00000)
 ParOldGen       total 68608K, used 51946K [0x0000000080000000, 0x0000000084300000, 0x00000000d5580000)
  object space 68608K, 75% used [0x0000000080000000,0x00000000832baa80,0x0000000084300000)
 Metaspace       used 51980K, committed 53312K, reserved 1114112K
  class space    used 5637K, committed 6208K, reserved 1048576K
}
Event: 11.459 GC heap before
{Heap before GC invocations=34 (full 2):
 PSYoungGen      total 19968K, used 19942K [0x00000000d5580000, 0x00000000d6d00000, 0x0000000100000000)
  eden space 19456K, 99% used [0x00000000d5580000,0x00000000d68798d8,0x00000000d6880000)
  from space 512K, 100% used [0x00000000d6b00000,0x00000000d6b80000,0x00000000d6b80000)
  to   space 1024K, 0% used [0x00000000d6c00000,0x00000000d6c00000,0x00000000d6d00000)
 ParOldGen       total 68608K, used 51946K [0x0000000080000000, 0x0000000084300000, 0x00000000d5580000)
  object space 68608K, 75% used [0x0000000080000000,0x00000000832baa80,0x0000000084300000)
 Metaspace       used 53273K, committed 54592K, reserved 1114112K
  class space    used 5774K, committed 6336K, reserved 1048576K
}
Event: 11.460 GC heap after
{Heap after GC invocations=34 (full 2):
 PSYoungGen      total 19968K, used 480K [0x00000000d5580000, 0x00000000d6c80000, 0x0000000100000000)
  eden space 19456K, 0% used [0x00000000d5580000,0x00000000d5580000,0x00000000d6880000)
  from space 512K, 93% used [0x00000000d6c00000,0x00000000d6c78000,0x00000000d6c80000)
  to   space 1024K, 0% used [0x00000000d6a80000,0x00000000d6a80000,0x00000000d6b80000)
 ParOldGen       total 68608K, used 52242K [0x0000000080000000, 0x0000000084300000, 0x00000000d5580000)
  object space 68608K, 76% used [0x0000000080000000,0x0000000083304a80,0x0000000084300000)
 Metaspace       used 53273K, committed 54592K, reserved 1114112K
  class space    used 5774K, committed 6336K, reserved 1048576K
}
Event: 11.822 GC heap before
{Heap before GC invocations=35 (full 2):
 PSYoungGen      total 19968K, used 19936K [0x00000000d5580000, 0x00000000d6c80000, 0x0000000100000000)
  eden space 19456K, 100% used [0x00000000d5580000,0x00000000d6880000,0x00000000d6880000)
  from space 512K, 93% used [0x00000000d6c00000,0x00000000d6c78000,0x00000000d6c80000)
  to   space 1024K, 0% used [0x00000000d6a80000,0x00000000d6a80000,0x00000000d6b80000)
 ParOldGen       total 68608K, used 52242K [0x0000000080000000, 0x0000000084300000, 0x00000000d5580000)
  object space 68608K, 76% used [0x0000000080000000,0x0000000083304a80,0x0000000084300000)
 Metaspace       used 54949K, committed 56320K, reserved 1114112K
  class space    used 5915K, committed 6528K, reserved 1048576K
}
Event: 11.824 GC heap after
{Heap after GC invocations=35 (full 2):
 PSYoungGen      total 20480K, used 976K [0x00000000d5580000, 0x00000000d6c80000, 0x0000000100000000)
  eden space 19456K, 0% used [0x00000000d5580000,0x00000000d5580000,0x00000000d6880000)
  from space 1024K, 95% used [0x00000000d6a80000,0x00000000d6b74020,0x00000000d6b80000)
  to   space 1024K, 0% used [0x00000000d6b80000,0x00000000d6b80000,0x00000000d6c80000)
 ParOldGen       total 68608K, used 52570K [0x0000000080000000, 0x0000000084300000, 0x00000000d5580000)
  object space 68608K, 76% used [0x0000000080000000,0x0000000083356a80,0x0000000084300000)
 Metaspace       used 54949K, committed 56320K, reserved 1114112K
  class space    used 5915K, committed 6528K, reserved 1048576K
}

