# JRE version: OpenJDK Runtime Environment Temurin-21.0.8+9 (21.0.8+9) (build 21.0.8+9-LTS)
# Java VM: OpenJDK 64-Bit Server VM Temurin-21.0.8+9 (21.0.8+9-LTS, mixed mode, sharing, tiered, compressed oops, compressed class ptrs, parallel gc, windows-amd64)
GC Precious Log:
 CardTable entry size: 512
 CPUs: 16 total, 16 available
 Memory: 16085M
 Large Page Support: Disabled
 NUMA Support: Disabled
 Compressed Oops: Enabled (32-bit)
 Alignments: Space 512K, Generation 512K, Heap 2M
 Heap Min Capacity: 100M
 Heap Initial Capacity: 100M
 Heap Max Capacity: 2G
 Pre-touch: Disabled
 Parallel Workers: 13
Heap:
 PSYoungGen      total 10240K, used 2705K [0x00000000d5580000, 0x00000000d6280000, 0x0000000100000000)
  eden space 9216K, 22% used [0x00000000d5580000,0x00000000d577c628,0x00000000d5e80000)
  from space 1024K, 65% used [0x00000000d6180000,0x00000000d6228000,0x00000000d6280000)
  to   space 1536K, 0% used [0x00000000d5f80000,0x00000000d5f80000,0x00000000d6100000)
 ParOldGen       total 138752K, used 138349K [0x0000000080000000, 0x0000000088780000, 0x00000000d5580000)
  object space 138752K, 99% used [0x0000000080000000,0x000000008871b7a0,0x0000000088780000)
 Metaspace       used 72057K, committed 73536K, reserved 1179648K
  class space    used 7300K, committed 7936K, reserved 1048576K
GC Heap History (20 events):
Event: 39.650 GC heap before
{Heap before GC invocations=158 (full 3):
 PSYoungGen      total 10240K, used 10176K [0x00000000d5580000, 0x00000000d6180000, 0x0000000100000000)
  eden space 9216K, 100% used [0x00000000d5580000,0x00000000d5e80000,0x00000000d5e80000)
  from space 1024K, 93% used [0x00000000d6080000,0x00000000d6170000,0x00000000d6180000)
  to   space 1536K, 0% used [0x00000000d5e80000,0x00000000d5e80000,0x00000000d6000000)
 ParOldGen       total 131072K, used 130926K [0x0000000080000000, 0x0000000088000000, 0x00000000d5580000)
  object space 131072K, 99% used [0x0000000080000000,0x0000000087fdbac0,0x0000000088000000)
 Metaspace       used 71764K, committed 73216K, reserved 1114112K
  class space    used 7296K, committed 7936K, reserved 1048576K
}
Event: 39.651 GC heap after
{Heap after GC invocations=158 (full 3):
 PSYoungGen      total 10752K, used 1140K [0x00000000d5580000, 0x00000000d6180000, 0x0000000100000000)
  eden space 9216K, 0% used [0x00000000d5580000,0x00000000d5580000,0x00000000d5e80000)
  from space 1536K, 74% used [0x00000000d5e80000,0x00000000d5f9d220,0x00000000d6000000)
  to   space 1536K, 0% used [0x00000000d6000000,0x00000000d6000000,0x00000000d6180000)
 ParOldGen       total 132096K, used 131662K [0x0000000080000000, 0x0000000088100000, 0x00000000d5580000)
  object space 132096K, 99% used [0x0000000080000000,0x0000000088093ba0,0x0000000088100000)
 Metaspace       used 71764K, committed 73216K, reserved 1114112K
  class space    used 7296K, committed 7936K, reserved 1048576K
}
Event: 39.673 GC heap before
{Heap before GC invocations=159 (full 3):
 PSYoungGen      total 10752K, used 10356K [0x00000000d5580000, 0x00000000d6180000, 0x0000000100000000)
  eden space 9216K, 100% used [0x00000000d5580000,0x00000000d5e80000,0x00000000d5e80000)
  from space 1536K, 74% used [0x00000000d5e80000,0x00000000d5f9d220,0x00000000d6000000)
  to   space 1536K, 0% used [0x00000000d6000000,0x00000000d6000000,0x00000000d6180000)
 ParOldGen       total 132096K, used 131662K [0x0000000080000000, 0x0000000088100000, 0x00000000d5580000)
  object space 132096K, 99% used [0x0000000080000000,0x0000000088093ba0,0x0000000088100000)
 Metaspace       used 71827K, committed 73280K, reserved 1114112K
  class space    used 7297K, committed 7936K, reserved 1048576K
}
Event: 39.674 GC heap after
{Heap after GC invocations=159 (full 3):
 PSYoungGen      total 10752K, used 1248K [0x00000000d5580000, 0x00000000d6180000, 0x0000000100000000)
  eden space 9216K, 0% used [0x00000000d5580000,0x00000000d5580000,0x00000000d5e80000)
  from space 1536K, 81% used [0x00000000d6000000,0x00000000d6138000,0x00000000d6180000)
  to   space 1536K, 0% used [0x00000000d5e80000,0x00000000d5e80000,0x00000000d6000000)
 ParOldGen       total 132608K, used 132523K [0x0000000080000000, 0x0000000088180000, 0x00000000d5580000)
  object space 132608K, 99% used [0x0000000080000000,0x000000008816afe0,0x0000000088180000)
 Metaspace       used 71827K, committed 73280K, reserved 1114112K
  class space    used 7297K, committed 7936K, reserved 1048576K
}
Event: 39.699 GC heap before
{Heap before GC invocations=160 (full 3):
 PSYoungGen      total 10752K, used 10464K [0x00000000d5580000, 0x00000000d6180000, 0x0000000100000000)
  eden space 9216K, 100% used [0x00000000d5580000,0x00000000d5e80000,0x00000000d5e80000)
  from space 1536K, 81% used [0x00000000d6000000,0x00000000d6138000,0x00000000d6180000)
  to   space 1536K, 0% used [0x00000000d5e80000,0x00000000d5e80000,0x00000000d6000000)
 ParOldGen       total 132608K, used 132523K [0x0000000080000000, 0x0000000088180000, 0x00000000d5580000)
  object space 132608K, 99% used [0x0000000080000000,0x000000008816afe0,0x0000000088180000)
 Metaspace       used 71875K, committed 73344K, reserved 1114112K
  class space    used 7297K, committed 7936K, reserved 1048576K
}
Event: 39.700 GC heap after
{Heap after GC invocations=160 (full 3):
 PSYoungGen      total 10240K, used 788K [0x00000000d5580000, 0x00000000d6080000, 0x0000000100000000)
  eden space 9216K, 0% used [0x00000000d5580000,0x00000000d5580000,0x00000000d5e80000)
  from space 1024K, 77% used [0x00000000d5e80000,0x00000000d5f45200,0x00000000d5f80000)
  to   space 1024K, 0% used [0x00000000d5f80000,0x00000000d5f80000,0x00000000d6080000)
 ParOldGen       total 133632K, used 133524K [0x0000000080000000, 0x0000000088280000, 0x00000000d5580000)
  object space 133632K, 99% used [0x0000000080000000,0x0000000088265080,0x0000000088280000)
 Metaspace       used 71875K, committed 73344K, reserved 1114112K
  class space    used 7297K, committed 7936K, reserved 1048576K
}
Event: 39.722 GC heap before
{Heap before GC invocations=161 (full 3):
 PSYoungGen      total 10240K, used 10004K [0x00000000d5580000, 0x00000000d6080000, 0x0000000100000000)
  eden space 9216K, 100% used [0x00000000d5580000,0x00000000d5e80000,0x00000000d5e80000)
  from space 1024K, 77% used [0x00000000d5e80000,0x00000000d5f45200,0x00000000d5f80000)
  to   space 1024K, 0% used [0x00000000d5f80000,0x00000000d5f80000,0x00000000d6080000)
 ParOldGen       total 133632K, used 133524K [0x0000000080000000, 0x0000000088280000, 0x00000000d5580000)
  object space 133632K, 99% used [0x0000000080000000,0x0000000088265080,0x0000000088280000)
 Metaspace       used 71880K, committed 73344K, reserved 1114112K
  class space    used 7297K, committed 7936K, reserved 1048576K
}
Event: 39.723 GC heap after
{Heap after GC invocations=161 (full 3):
 PSYoungGen      total 10240K, used 436K [0x00000000d5580000, 0x00000000d6080000, 0x0000000100000000)
  eden space 9216K, 0% used [0x00000000d5580000,0x00000000d5580000,0x00000000d5e80000)
  from space 1024K, 42% used [0x00000000d5f80000,0x00000000d5fed200,0x00000000d6080000)
  to   space 1024K, 0% used [0x00000000d5e80000,0x00000000d5e80000,0x00000000d5f80000)
 ParOldGen       total 134144K, used 134033K [0x0000000080000000, 0x0000000088300000, 0x00000000d5580000)
  object space 134144K, 99% used [0x0000000080000000,0x00000000882e4700,0x0000000088300000)
 Metaspace       used 71880K, committed 73344K, reserved 1114112K
  class space    used 7297K, committed 7936K, reserved 1048576K
}
Event: 39.744 GC heap before
{Heap before GC invocations=162 (full 3):
 PSYoungGen      total 10240K, used 9652K [0x00000000d5580000, 0x00000000d6080000, 0x0000000100000000)
  eden space 9216K, 100% used [0x00000000d5580000,0x00000000d5e80000,0x00000000d5e80000)
  from space 1024K, 42% used [0x00000000d5f80000,0x00000000d5fed200,0x00000000d6080000)
  to   space 1024K, 0% used [0x00000000d5e80000,0x00000000d5e80000,0x00000000d5f80000)
 ParOldGen       total 134144K, used 134033K [0x0000000080000000, 0x0000000088300000, 0x00000000d5580000)
  object space 134144K, 99% used [0x0000000080000000,0x00000000882e4700,0x0000000088300000)
 Metaspace       used 71884K, committed 73344K, reserved 1114112K
  class space    used 7297K, committed 7936K, reserved 1048576K
}
Event: 39.745 GC heap after
{Heap after GC invocations=162 (full 3):
 PSYoungGen      total 10240K, used 868K [0x00000000d5580000, 0x00000000d6080000, 0x0000000100000000)
  eden space 9216K, 0% used [0x00000000d5580000,0x00000000d5580000,0x00000000d5e80000)
  from space 1024K, 84% used [0x00000000d5e80000,0x00000000d5f59210,0x00000000d5f80000)
  to   space 1024K, 0% used [0x00000000d5f80000,0x00000000d5f80000,0x00000000d6080000)
 ParOldGen       total 134144K, used 134073K [0x0000000080000000, 0x0000000088300000, 0x00000000d5580000)
  object space 134144K, 99% used [0x0000000080000000,0x00000000882ee700,0x0000000088300000)
 Metaspace       used 71884K, committed 73344K, reserved 1114112K
  class space    used 7297K, committed 7936K, reserved 1048576K
}
Event: 183.959 GC heap before
{Heap before GC invocations=163 (full 3):
 PSYoungGen      total 10240K, used 10084K [0x00000000d5580000, 0x00000000d6080000, 0x0000000100000000)
  eden space 9216K, 100% used [0x00000000d5580000,0x00000000d5e80000,0x00000000d5e80000)
  from space 1024K, 84% used [0x00000000d5e80000,0x00000000d5f59210,0x00000000d5f80000)
  to   space 1024K, 0% used [0x00000000d5f80000,0x00000000d5f80000,0x00000000d6080000)
 ParOldGen       total 134144K, used 134073K [0x0000000080000000, 0x0000000088300000, 0x00000000d5580000)
  object space 134144K, 99% used [0x0000000080000000,0x00000000882ee700,0x0000000088300000)
 Metaspace       used 71917K, committed 73408K, reserved 1114112K
  class space    used 7299K, committed 7936K, reserved 1048576K
}
Event: 183.961 GC heap after
{Heap after GC invocations=163 (full 3):
 PSYoungGen      total 10240K, used 708K [0x00000000d5580000, 0x00000000d6080000, 0x0000000100000000)
  eden space 9216K, 0% used [0x00000000d5580000,0x00000000d5580000,0x00000000d5e80000)
  from space 1024K, 69% used [0x00000000d5f80000,0x00000000d6031198,0x00000000d6080000)
  to   space 1024K, 0% used [0x00000000d5e80000,0x00000000d5e80000,0x00000000d5f80000)
 ParOldGen       total 135168K, used 134742K [0x0000000080000000, 0x0000000088400000, 0x00000000d5580000)
  object space 135168K, 99% used [0x0000000080000000,0x0000000088395930,0x0000000088400000)
 Metaspace       used 71917K, committed 73408K, reserved 1114112K
  class space    used 7299K, committed 7936K, reserved 1048576K
}
Event: 184.009 GC heap before
{Heap before GC invocations=164 (full 3):
 PSYoungGen      total 10240K, used 9924K [0x00000000d5580000, 0x00000000d6080000, 0x0000000100000000)
  eden space 9216K, 100% used [0x00000000d5580000,0x00000000d5e80000,0x00000000d5e80000)
  from space 1024K, 69% used [0x00000000d5f80000,0x00000000d6031198,0x00000000d6080000)
  to   space 1024K, 0% used [0x00000000d5e80000,0x00000000d5e80000,0x00000000d5f80000)
 ParOldGen       total 135168K, used 134742K [0x0000000080000000, 0x0000000088400000, 0x00000000d5580000)
  object space 135168K, 99% used [0x0000000080000000,0x0000000088395930,0x0000000088400000)
 Metaspace       used 71917K, committed 73408K, reserved 1114112K
  class space    used 7299K, committed 7936K, reserved 1048576K
}
Event: 184.010 GC heap after
{Heap after GC invocations=164 (full 3):
 PSYoungGen      total 10240K, used 1006K [0x00000000d5580000, 0x00000000d6380000, 0x0000000100000000)
  eden space 9216K, 0% used [0x00000000d5580000,0x00000000d5580000,0x00000000d5e80000)
  from space 1024K, 98% used [0x00000000d5e80000,0x00000000d5f7baa8,0x00000000d5f80000)
  to   space 2560K, 0% used [0x00000000d6100000,0x00000000d6100000,0x00000000d6380000)
 ParOldGen       total 135680K, used 135592K [0x0000000080000000, 0x0000000088480000, 0x00000000d5580000)
  object space 135680K, 99% used [0x0000000080000000,0x000000008846a238,0x0000000088480000)
 Metaspace       used 71917K, committed 73408K, reserved 1114112K
  class space    used 7299K, committed 7936K, reserved 1048576K
}
Event: 184.039 GC heap before
{Heap before GC invocations=165 (full 3):
 PSYoungGen      total 10240K, used 10222K [0x00000000d5580000, 0x00000000d6380000, 0x0000000100000000)
  eden space 9216K, 100% used [0x00000000d5580000,0x00000000d5e80000,0x00000000d5e80000)
  from space 1024K, 98% used [0x00000000d5e80000,0x00000000d5f7baa8,0x00000000d5f80000)
  to   space 2560K, 0% used [0x00000000d6100000,0x00000000d6100000,0x00000000d6380000)
 ParOldGen       total 135680K, used 135592K [0x0000000080000000, 0x0000000088480000, 0x00000000d5580000)
  object space 135680K, 99% used [0x0000000080000000,0x000000008846a238,0x0000000088480000)
 Metaspace       used 71917K, committed 73408K, reserved 1114112K
  class space    used 7299K, committed 7936K, reserved 1048576K
}
Event: 184.041 GC heap after
{Heap after GC invocations=165 (full 3):
 PSYoungGen      total 10752K, used 1080K [0x00000000d5580000, 0x00000000d6280000, 0x0000000100000000)
  eden space 9216K, 0% used [0x00000000d5580000,0x00000000d5580000,0x00000000d5e80000)
  from space 1536K, 70% used [0x00000000d6100000,0x00000000d620e398,0x00000000d6280000)
  to   space 1536K, 0% used [0x00000000d5f80000,0x00000000d5f80000,0x00000000d6100000)
 ParOldGen       total 136704K, used 136534K [0x0000000080000000, 0x0000000088580000, 0x00000000d5580000)
  object space 136704K, 99% used [0x0000000080000000,0x0000000088555a48,0x0000000088580000)
 Metaspace       used 71917K, committed 73408K, reserved 1114112K
  class space    used 7299K, committed 7936K, reserved 1048576K
}
Event: 184.058 GC heap before
{Heap before GC invocations=166 (full 3):
 PSYoungGen      total 10752K, used 10296K [0x00000000d5580000, 0x00000000d6280000, 0x0000000100000000)
  eden space 9216K, 100% used [0x00000000d5580000,0x00000000d5e80000,0x00000000d5e80000)
  from space 1536K, 70% used [0x00000000d6100000,0x00000000d620e398,0x00000000d6280000)
  to   space 1536K, 0% used [0x00000000d5f80000,0x00000000d5f80000,0x00000000d6100000)
 ParOldGen       total 136704K, used 136534K [0x0000000080000000, 0x0000000088580000, 0x00000000d5580000)
  object space 136704K, 99% used [0x0000000080000000,0x0000000088555a48,0x0000000088580000)
 Metaspace       used 71949K, committed 73472K, reserved 1179648K
  class space    used 7299K, committed 7936K, reserved 1048576K
}
Event: 184.059 GC heap after
{Heap after GC invocations=166 (full 3):
 PSYoungGen      total 10752K, used 1536K [0x00000000d5580000, 0x00000000d6480000, 0x0000000100000000)
  eden space 9216K, 0% used [0x00000000d5580000,0x00000000d5580000,0x00000000d5e80000)
  from space 1536K, 100% used [0x00000000d5f80000,0x00000000d6100000,0x00000000d6100000)
  to   space 3072K, 0% used [0x00000000d6180000,0x00000000d6180000,0x00000000d6480000)
 ParOldGen       total 137728K, used 137493K [0x0000000080000000, 0x0000000088680000, 0x00000000d5580000)
  object space 137728K, 99% used [0x0000000080000000,0x00000000886457a0,0x0000000088680000)
 Metaspace       used 71949K, committed 73472K, reserved 1179648K
  class space    used 7299K, committed 7936K, reserved 1048576K
}
Event: 184.099 GC heap before
{Heap before GC invocations=167 (full 3):
 PSYoungGen      total 10752K, used 10752K [0x00000000d5580000, 0x00000000d6480000, 0x0000000100000000)
  eden space 9216K, 100% used [0x00000000d5580000,0x00000000d5e80000,0x00000000d5e80000)
  from space 1536K, 100% used [0x00000000d5f80000,0x00000000d6100000,0x00000000d6100000)
  to   space 3072K, 0% used [0x00000000d6180000,0x00000000d6180000,0x00000000d6480000)
 ParOldGen       total 137728K, used 137493K [0x0000000080000000, 0x0000000088680000, 0x00000000d5580000)
  object space 137728K, 99% used [0x0000000080000000,0x00000000886457a0,0x0000000088680000)
 Metaspace       used 71980K, committed 73472K, reserved 1179648K
  class space    used 7299K, committed 7936K, reserved 1048576K
}
Event: 184.100 GC heap after
{Heap after GC invocations=167 (full 3):
 PSYoungGen      total 10240K, used 672K [0x00000000d5580000, 0x00000000d6280000, 0x0000000100000000)
  eden space 9216K, 0% used [0x00000000d5580000,0x00000000d5580000,0x00000000d5e80000)
  from space 1024K, 65% used [0x00000000d6180000,0x00000000d6228000,0x00000000d6280000)
  to   space 1536K, 0% used [0x00000000d5f80000,0x00000000d5f80000,0x00000000d6100000)
 ParOldGen       total 138752K, used 138349K [0x0000000080000000, 0x0000000088780000, 0x00000000d5580000)
  object space 138752K, 99% used [0x0000000080000000,0x000000008871b7a0,0x0000000088780000)
 Metaspace       used 71980K, committed 73472K, reserved 1179648K
  class space    used 7299K, committed 7936K, reserved 1048576K
}

