# JRE version: OpenJDK Runtime Environment Temurin-21.0.8+9 (21.0.8+9) (build 21.0.8+9-LTS)
# Java VM: OpenJDK 64-Bit Server VM Temurin-21.0.8+9 (21.0.8+9-LTS, mixed mode, sharing, tiered, compressed oops, compressed class ptrs, parallel gc, windows-amd64)
GC Precious Log:
 CardTable entry size: 512
 CPUs: 16 total, 16 available
 Memory: 16085M
 Large Page Support: Disabled
 NUMA Support: Disabled
 Compressed Oops: Enabled (32-bit)
 Alignments: Space 512K, Generation 512K, Heap 2M
 Heap Min Capacity: 100M
 Heap Initial Capacity: 100M
 Heap Max Capacity: 2G
 Pre-touch: Disabled
 Parallel Workers: 13
Heap:
 PSYoungGen      total 17408K, used 13813K [0x00000000d5580000, 0x00000000d7280000, 0x0000000100000000)
  eden space 14336K, 77% used [0x00000000d5580000,0x00000000d605b220,0x00000000d6380000)
  from space 3072K, 87% used [0x00000000d6f80000,0x00000000d7222338,0x00000000d7280000)
  to   space 5632K, 0% used [0x00000000d6780000,0x00000000d6780000,0x00000000d6d00000)
 ParOldGen       total 174592K, used 174360K [0x0000000080000000, 0x000000008aa80000, 0x00000000d5580000)
  object space 174592K, 99% used [0x0000000080000000,0x000000008aa46040,0x000000008aa80000)
 Metaspace       used 71377K, committed 72896K, reserved 1114112K
  class space    used 7254K, committed 7936K, reserved 1048576K
GC Heap History (20 events):
Event: 110.608 GC heap before
{Heap before GC invocations=168 (full 3):
 PSYoungGen      total 15360K, used 15234K [0x00000000d5580000, 0x00000000d6580000, 0x0000000100000000)
  eden space 14336K, 100% used [0x00000000d5580000,0x00000000d6380000,0x00000000d6380000)
  from space 1024K, 87% used [0x00000000d6480000,0x00000000d6560908,0x00000000d6580000)
  to   space 1024K, 0% used [0x00000000d6380000,0x00000000d6380000,0x00000000d6480000)
 ParOldGen       total 118272K, used 117785K [0x0000000080000000, 0x0000000087380000, 0x00000000d5580000)
  object space 118272K, 99% used [0x0000000080000000,0x0000000087306458,0x0000000087380000)
 Metaspace       used 70448K, committed 72064K, reserved 1114112K
  class space    used 7155K, committed 7872K, reserved 1048576K
}
Event: 110.610 GC heap after
{Heap after GC invocations=168 (full 3):
 PSYoungGen      total 15360K, used 1018K [0x00000000d5580000, 0x00000000d7080000, 0x0000000100000000)
  eden space 14336K, 0% used [0x00000000d5580000,0x00000000d5580000,0x00000000d6380000)
  from space 1024K, 99% used [0x00000000d6380000,0x00000000d647ebc8,0x00000000d6480000)
  to   space 6656K, 0% used [0x00000000d6a00000,0x00000000d6a00000,0x00000000d7080000)
 ParOldGen       total 122368K, used 122283K [0x0000000080000000, 0x0000000087780000, 0x00000000d5580000)
  object space 122368K, 99% used [0x0000000080000000,0x000000008776af80,0x0000000087780000)
 Metaspace       used 70448K, committed 72064K, reserved 1114112K
  class space    used 7155K, committed 7872K, reserved 1048576K
}
Event: 110.680 GC heap before
{Heap before GC invocations=169 (full 3):
 PSYoungGen      total 15360K, used 15354K [0x00000000d5580000, 0x00000000d7080000, 0x0000000100000000)
  eden space 14336K, 100% used [0x00000000d5580000,0x00000000d6380000,0x00000000d6380000)
  from space 1024K, 99% used [0x00000000d6380000,0x00000000d647ebc8,0x00000000d6480000)
  to   space 6656K, 0% used [0x00000000d6a00000,0x00000000d6a00000,0x00000000d7080000)
 ParOldGen       total 122368K, used 122283K [0x0000000080000000, 0x0000000087780000, 0x00000000d5580000)
  object space 122368K, 99% used [0x0000000080000000,0x000000008776af80,0x0000000087780000)
 Metaspace       used 70573K, committed 72128K, reserved 1114112K
  class space    used 7183K, committed 7872K, reserved 1048576K
}
Event: 110.683 GC heap after
{Heap after GC invocations=169 (full 3):
 PSYoungGen      total 20992K, used 5952K [0x00000000d5580000, 0x00000000d7080000, 0x0000000100000000)
  eden space 14336K, 0% used [0x00000000d5580000,0x00000000d5580000,0x00000000d6380000)
  from space 6656K, 89% used [0x00000000d6a00000,0x00000000d6fd0000,0x00000000d7080000)
  to   space 6656K, 0% used [0x00000000d6380000,0x00000000d6380000,0x00000000d6a00000)
 ParOldGen       total 122880K, used 122403K [0x0000000080000000, 0x0000000087800000, 0x00000000d5580000)
  object space 122880K, 99% used [0x0000000080000000,0x0000000087788f80,0x0000000087800000)
 Metaspace       used 70573K, committed 72128K, reserved 1114112K
  class space    used 7183K, committed 7872K, reserved 1048576K
}
Event: 110.717 GC heap before
{Heap before GC invocations=170 (full 3):
 PSYoungGen      total 20992K, used 20288K [0x00000000d5580000, 0x00000000d7080000, 0x0000000100000000)
  eden space 14336K, 100% used [0x00000000d5580000,0x00000000d6380000,0x00000000d6380000)
  from space 6656K, 89% used [0x00000000d6a00000,0x00000000d6fd0000,0x00000000d7080000)
  to   space 6656K, 0% used [0x00000000d6380000,0x00000000d6380000,0x00000000d6a00000)
 ParOldGen       total 122880K, used 122403K [0x0000000080000000, 0x0000000087800000, 0x00000000d5580000)
  object space 122880K, 99% used [0x0000000080000000,0x0000000087788f80,0x0000000087800000)
 Metaspace       used 70598K, committed 72192K, reserved 1114112K
  class space    used 7183K, committed 7872K, reserved 1048576K
}
Event: 110.723 GC heap after
{Heap after GC invocations=170 (full 3):
 PSYoungGen      total 20992K, used 6641K [0x00000000d5580000, 0x00000000d8880000, 0x0000000100000000)
  eden space 14336K, 0% used [0x00000000d5580000,0x00000000d5580000,0x00000000d6380000)
  from space 6656K, 99% used [0x00000000d6380000,0x00000000d69fc458,0x00000000d6a00000)
  to   space 18944K, 0% used [0x00000000d7600000,0x00000000d7600000,0x00000000d8880000)
 ParOldGen       total 133120K, used 132736K [0x0000000080000000, 0x0000000088200000, 0x00000000d5580000)
  object space 133120K, 99% used [0x0000000080000000,0x00000000881a0260,0x0000000088200000)
 Metaspace       used 70598K, committed 72192K, reserved 1114112K
  class space    used 7183K, committed 7872K, reserved 1048576K
}
Event: 114.220 GC heap before
{Heap before GC invocations=171 (full 3):
 PSYoungGen      total 20992K, used 20972K [0x00000000d5580000, 0x00000000d8880000, 0x0000000100000000)
  eden space 14336K, 99% used [0x00000000d5580000,0x00000000d637ee28,0x00000000d6380000)
  from space 6656K, 99% used [0x00000000d6380000,0x00000000d69fc458,0x00000000d6a00000)
  to   space 18944K, 0% used [0x00000000d7600000,0x00000000d7600000,0x00000000d8880000)
 ParOldGen       total 133120K, used 132736K [0x0000000080000000, 0x0000000088200000, 0x00000000d5580000)
  object space 133120K, 99% used [0x0000000080000000,0x00000000881a0260,0x0000000088200000)
 Metaspace       used 70701K, committed 72320K, reserved 1114112K
  class space    used 7192K, committed 7936K, reserved 1048576K
}
Event: 114.222 GC heap after
{Heap after GC invocations=171 (full 3):
 PSYoungGen      total 17920K, used 3165K [0x00000000d5580000, 0x00000000d7980000, 0x0000000100000000)
  eden space 14336K, 0% used [0x00000000d5580000,0x00000000d5580000,0x00000000d6380000)
  from space 3584K, 88% used [0x00000000d7600000,0x00000000d7917730,0x00000000d7980000)
  to   space 8192K, 0% used [0x00000000d6980000,0x00000000d6980000,0x00000000d7180000)
 ParOldGen       total 137728K, used 137589K [0x0000000080000000, 0x0000000088680000, 0x00000000d5580000)
  object space 137728K, 99% used [0x0000000080000000,0x000000008865d618,0x0000000088680000)
 Metaspace       used 70701K, committed 72320K, reserved 1114112K
  class space    used 7192K, committed 7936K, reserved 1048576K
}
Event: 114.254 GC heap before
{Heap before GC invocations=172 (full 3):
 PSYoungGen      total 17920K, used 17501K [0x00000000d5580000, 0x00000000d7980000, 0x0000000100000000)
  eden space 14336K, 100% used [0x00000000d5580000,0x00000000d6380000,0x00000000d6380000)
  from space 3584K, 88% used [0x00000000d7600000,0x00000000d7917730,0x00000000d7980000)
  to   space 8192K, 0% used [0x00000000d6980000,0x00000000d6980000,0x00000000d7180000)
 ParOldGen       total 137728K, used 137589K [0x0000000080000000, 0x0000000088680000, 0x00000000d5580000)
  object space 137728K, 99% used [0x0000000080000000,0x000000008865d618,0x0000000088680000)
 Metaspace       used 70715K, committed 72320K, reserved 1114112K
  class space    used 7193K, committed 7936K, reserved 1048576K
}
Event: 114.258 GC heap after
{Heap after GC invocations=172 (full 3):
 PSYoungGen      total 22528K, used 8182K [0x00000000d5580000, 0x00000000d8780000, 0x0000000100000000)
  eden space 14336K, 0% used [0x00000000d5580000,0x00000000d5580000,0x00000000d6380000)
  from space 8192K, 99% used [0x00000000d6980000,0x00000000d717d828,0x00000000d7180000)
  to   space 18432K, 0% used [0x00000000d7580000,0x00000000d7580000,0x00000000d8780000)
 ParOldGen       total 145408K, used 145164K [0x0000000080000000, 0x0000000088e00000, 0x00000000d5580000)
  object space 145408K, 99% used [0x0000000080000000,0x0000000088dc3150,0x0000000088e00000)
 Metaspace       used 70715K, committed 72320K, reserved 1114112K
  class space    used 7193K, committed 7936K, reserved 1048576K
}
Event: 114.294 GC heap before
{Heap before GC invocations=173 (full 3):
 PSYoungGen      total 22528K, used 22518K [0x00000000d5580000, 0x00000000d8780000, 0x0000000100000000)
  eden space 14336K, 100% used [0x00000000d5580000,0x00000000d6380000,0x00000000d6380000)
  from space 8192K, 99% used [0x00000000d6980000,0x00000000d717d828,0x00000000d7180000)
  to   space 18432K, 0% used [0x00000000d7580000,0x00000000d7580000,0x00000000d8780000)
 ParOldGen       total 145408K, used 145164K [0x0000000080000000, 0x0000000088e00000, 0x00000000d5580000)
  object space 145408K, 99% used [0x0000000080000000,0x0000000088dc3150,0x0000000088e00000)
 Metaspace       used 70998K, committed 72576K, reserved 1114112K
  class space    used 7222K, committed 7936K, reserved 1048576K
}
Event: 114.300 GC heap after
{Heap after GC invocations=173 (full 3):
 PSYoungGen      total 24064K, used 9306K [0x00000000d5580000, 0x00000000d7f00000, 0x0000000100000000)
  eden space 14336K, 0% used [0x00000000d5580000,0x00000000d5580000,0x00000000d6380000)
  from space 9728K, 95% used [0x00000000d7580000,0x00000000d7e96ac8,0x00000000d7f00000)
  to   space 11776K, 0% used [0x00000000d6800000,0x00000000d6800000,0x00000000d7380000)
 ParOldGen       total 153600K, used 153264K [0x0000000080000000, 0x0000000089600000, 0x00000000d5580000)
  object space 153600K, 99% used [0x0000000080000000,0x00000000895ac088,0x0000000089600000)
 Metaspace       used 70998K, committed 72576K, reserved 1114112K
  class space    used 7222K, committed 7936K, reserved 1048576K
}
Event: 114.380 GC heap before
{Heap before GC invocations=174 (full 3):
 PSYoungGen      total 24064K, used 23642K [0x00000000d5580000, 0x00000000d7f00000, 0x0000000100000000)
  eden space 14336K, 100% used [0x00000000d5580000,0x00000000d6380000,0x00000000d6380000)
  from space 9728K, 95% used [0x00000000d7580000,0x00000000d7e96ac8,0x00000000d7f00000)
  to   space 11776K, 0% used [0x00000000d6800000,0x00000000d6800000,0x00000000d7380000)
 ParOldGen       total 153600K, used 153264K [0x0000000080000000, 0x0000000089600000, 0x00000000d5580000)
  object space 153600K, 99% used [0x0000000080000000,0x00000000895ac088,0x0000000089600000)
 Metaspace       used 71183K, committed 72768K, reserved 1114112K
  class space    used 7239K, committed 7936K, reserved 1048576K
}
Event: 114.385 GC heap after
{Heap after GC invocations=174 (full 3):
 PSYoungGen      total 22528K, used 8148K [0x00000000d5580000, 0x00000000d7600000, 0x0000000100000000)
  eden space 14336K, 0% used [0x00000000d5580000,0x00000000d5580000,0x00000000d6380000)
  from space 8192K, 99% used [0x00000000d6800000,0x00000000d6ff5138,0x00000000d7000000)
  to   space 6144K, 0% used [0x00000000d7000000,0x00000000d7000000,0x00000000d7600000)
 ParOldGen       total 156160K, used 155946K [0x0000000080000000, 0x0000000089880000, 0x00000000d5580000)
  object space 156160K, 99% used [0x0000000080000000,0x000000008984aba8,0x0000000089880000)
 Metaspace       used 71183K, committed 72768K, reserved 1114112K
  class space    used 7239K, committed 7936K, reserved 1048576K
}
Event: 114.435 GC heap before
{Heap before GC invocations=175 (full 3):
 PSYoungGen      total 22528K, used 22484K [0x00000000d5580000, 0x00000000d7600000, 0x0000000100000000)
  eden space 14336K, 100% used [0x00000000d5580000,0x00000000d6380000,0x00000000d6380000)
  from space 8192K, 99% used [0x00000000d6800000,0x00000000d6ff5138,0x00000000d7000000)
  to   space 6144K, 0% used [0x00000000d7000000,0x00000000d7000000,0x00000000d7600000)
 ParOldGen       total 156160K, used 155946K [0x0000000080000000, 0x0000000089880000, 0x00000000d5580000)
  object space 156160K, 99% used [0x0000000080000000,0x000000008984aba8,0x0000000089880000)
 Metaspace       used 71221K, committed 72832K, reserved 1114112K
  class space    used 7246K, committed 7936K, reserved 1048576K
}
Event: 114.439 GC heap after
{Heap after GC invocations=175 (full 3):
 PSYoungGen      total 18432K, used 3710K [0x00000000d5580000, 0x00000000d7400000, 0x0000000100000000)
  eden space 14336K, 0% used [0x00000000d5580000,0x00000000d5580000,0x00000000d6380000)
  from space 4096K, 90% used [0x00000000d7000000,0x00000000d739fa70,0x00000000d7400000)
  to   space 5632K, 0% used [0x00000000d6900000,0x00000000d6900000,0x00000000d6e80000)
 ParOldGen       total 163840K, used 163785K [0x0000000080000000, 0x000000008a000000, 0x00000000d5580000)
  object space 163840K, 99% used [0x0000000080000000,0x0000000089ff2560,0x000000008a000000)
 Metaspace       used 71221K, committed 72832K, reserved 1114112K
  class space    used 7246K, committed 7936K, reserved 1048576K
}
Event: 114.484 GC heap before
{Heap before GC invocations=176 (full 3):
 PSYoungGen      total 18432K, used 18046K [0x00000000d5580000, 0x00000000d7400000, 0x0000000100000000)
  eden space 14336K, 100% used [0x00000000d5580000,0x00000000d6380000,0x00000000d6380000)
  from space 4096K, 90% used [0x00000000d7000000,0x00000000d739fa70,0x00000000d7400000)
  to   space 5632K, 0% used [0x00000000d6900000,0x00000000d6900000,0x00000000d6e80000)
 ParOldGen       total 163840K, used 163785K [0x0000000080000000, 0x000000008a000000, 0x00000000d5580000)
  object space 163840K, 99% used [0x0000000080000000,0x0000000089ff2560,0x000000008a000000)
 Metaspace       used 71240K, committed 72832K, reserved 1114112K
  class space    used 7246K, committed 7936K, reserved 1048576K
}
Event: 114.487 GC heap after
{Heap after GC invocations=176 (full 3):
 PSYoungGen      total 19968K, used 5623K [0x00000000d5580000, 0x00000000d7b80000, 0x0000000100000000)
  eden space 14336K, 0% used [0x00000000d5580000,0x00000000d5580000,0x00000000d6380000)
  from space 5632K, 99% used [0x00000000d6900000,0x00000000d6e7dd20,0x00000000d6e80000)
  to   space 12288K, 0% used [0x00000000d6f80000,0x00000000d6f80000,0x00000000d7b80000)
 ParOldGen       total 168960K, used 168849K [0x0000000080000000, 0x000000008a500000, 0x00000000d5580000)
  object space 168960K, 99% used [0x0000000080000000,0x000000008a4e44b0,0x000000008a500000)
 Metaspace       used 71240K, committed 72832K, reserved 1114112K
  class space    used 7246K, committed 7936K, reserved 1048576K
}
Event: 114.520 GC heap before
{Heap before GC invocations=177 (full 3):
 PSYoungGen      total 19968K, used 19959K [0x00000000d5580000, 0x00000000d7b80000, 0x0000000100000000)
  eden space 14336K, 100% used [0x00000000d5580000,0x00000000d6380000,0x00000000d6380000)
  from space 5632K, 99% used [0x00000000d6900000,0x00000000d6e7dd20,0x00000000d6e80000)
  to   space 12288K, 0% used [0x00000000d6f80000,0x00000000d6f80000,0x00000000d7b80000)
 ParOldGen       total 168960K, used 168849K [0x0000000080000000, 0x000000008a500000, 0x00000000d5580000)
  object space 168960K, 99% used [0x0000000080000000,0x000000008a4e44b0,0x000000008a500000)
 Metaspace       used 71276K, committed 72896K, reserved 1114112K
  class space    used 7246K, committed 7936K, reserved 1048576K
}
Event: 114.523 GC heap after
{Heap after GC invocations=177 (full 3):
 PSYoungGen      total 17408K, used 2696K [0x00000000d5580000, 0x00000000d7280000, 0x0000000100000000)
  eden space 14336K, 0% used [0x00000000d5580000,0x00000000d5580000,0x00000000d6380000)
  from space 3072K, 87% used [0x00000000d6f80000,0x00000000d7222338,0x00000000d7280000)
  to   space 5632K, 0% used [0x00000000d6780000,0x00000000d6780000,0x00000000d6d00000)
 ParOldGen       total 174592K, used 174360K [0x0000000080000000, 0x000000008aa80000, 0x00000000d5580000)
  object space 174592K, 99% used [0x0000000080000000,0x000000008aa46040,0x000000008aa80000)
 Metaspace       used 71276K, committed 72896K, reserved 1114112K
  class space    used 7246K, committed 7936K, reserved 1048576K
}

