# JRE version: OpenJDK Runtime Environment Temurin-21.0.8+9 (21.0.8+9) (build 21.0.8+9-LTS)
# Java VM: OpenJDK 64-Bit Server VM Temurin-21.0.8+9 (21.0.8+9-LTS, mixed mode, sharing, tiered, compressed oops, compressed class ptrs, parallel gc, windows-amd64)
GC Precious Log:
 CardTable entry size: 512
 CPUs: 16 total, 16 available
 Memory: 16085M
 Large Page Support: Disabled
 NUMA Support: Disabled
 Compressed Oops: Enabled (32-bit)
 Alignments: Space 512K, Generation 512K, Heap 2M
 Heap Min Capacity: 100M
 Heap Initial Capacity: 100M
 Heap Max Capacity: 2G
 Pre-touch: Disabled
 Parallel Workers: 13
Heap:
 PSYoungGen      total 7680K, used 1282K [0x00000000d5580000, 0x00000000d5e80000, 0x0000000100000000)
  eden space 6144K, 2% used [0x00000000d5580000,0x00000000d55a0a48,0x00000000d5b80000)
  from space 1536K, 75% used [0x00000000d5b80000,0x00000000d5ca0000,0x00000000d5d00000)
  to   space 1536K, 0% used [0x00000000d5d00000,0x00000000d5d00000,0x00000000d5e80000)
 ParOldGen       total 875520K, used 875012K [0x0000000080000000, 0x00000000b5700000, 0x00000000d5580000)
  object space 875520K, 99% used [0x0000000080000000,0x00000000b5681250,0x00000000b5700000)
 Metaspace       used 87048K, committed 88512K, reserved 1179648K
  class space    used 8437K, committed 9152K, reserved 1048576K
GC Heap History (20 events):
Event: 9480.076 GC heap before
{Heap before GC invocations=4257 (full 7):
 PSYoungGen      total 5632K, used 5248K [0x00000000d5580000, 0x00000000d5c80000, 0x0000000100000000)
  eden space 4608K, 100% used [0x00000000d5580000,0x00000000d5a00000,0x00000000d5a00000)
  from space 1024K, 62% used [0x00000000d5a00000,0x00000000d5aa0000,0x00000000d5b00000)
  to   space 1024K, 0% used [0x00000000d5b80000,0x00000000d5b80000,0x00000000d5c80000)
 ParOldGen       total 868352K, used 867863K [0x0000000080000000, 0x00000000b5000000, 0x00000000d5580000)
  object space 868352K, 99% used [0x0000000080000000,0x00000000b4f85f98,0x00000000b5000000)
 Metaspace       used 86725K, committed 88256K, reserved 1179648K
  class space    used 8384K, committed 9152K, reserved 1048576K
}
Event: 9480.079 GC heap after
{Heap after GC invocations=4257 (full 7):
 PSYoungGen      total 5120K, used 1024K [0x00000000d5580000, 0x00000000d5f00000, 0x0000000100000000)
  eden space 4096K, 0% used [0x00000000d5580000,0x00000000d5580000,0x00000000d5980000)
  from space 1024K, 100% used [0x00000000d5b80000,0x00000000d5c80000,0x00000000d5c80000)
  to   space 2048K, 0% used [0x00000000d5980000,0x00000000d5980000,0x00000000d5b80000)
 ParOldGen       total 868352K, used 868323K [0x0000000080000000, 0x00000000b5000000, 0x00000000d5580000)
  object space 868352K, 99% used [0x0000000080000000,0x00000000b4ff8fb8,0x00000000b5000000)
 Metaspace       used 86725K, committed 88256K, reserved 1179648K
  class space    used 8384K, committed 9152K, reserved 1048576K
}
Event: 9480.086 GC heap before
{Heap before GC invocations=4258 (full 7):
 PSYoungGen      total 5120K, used 5120K [0x00000000d5580000, 0x00000000d5f00000, 0x0000000100000000)
  eden space 4096K, 100% used [0x00000000d5580000,0x00000000d5980000,0x00000000d5980000)
  from space 1024K, 100% used [0x00000000d5b80000,0x00000000d5c80000,0x00000000d5c80000)
  to   space 2048K, 0% used [0x00000000d5980000,0x00000000d5980000,0x00000000d5b80000)
 ParOldGen       total 868352K, used 868323K [0x0000000080000000, 0x00000000b5000000, 0x00000000d5580000)
  object space 868352K, 99% used [0x0000000080000000,0x00000000b4ff8fb8,0x00000000b5000000)
 Metaspace       used 86725K, committed 88256K, reserved 1179648K
  class space    used 8384K, committed 9152K, reserved 1048576K
}
Event: 9480.089 GC heap after
{Heap after GC invocations=4258 (full 7):
 PSYoungGen      total 6144K, used 1272K [0x00000000d5580000, 0x00000000d5d80000, 0x0000000100000000)
  eden space 4096K, 0% used [0x00000000d5580000,0x00000000d5580000,0x00000000d5980000)
  from space 2048K, 62% used [0x00000000d5980000,0x00000000d5abe000,0x00000000d5b80000)
  to   space 1536K, 0% used [0x00000000d5c00000,0x00000000d5c00000,0x00000000d5d80000)
 ParOldGen       total 869376K, used 869225K [0x0000000080000000, 0x00000000b5100000, 0x00000000d5580000)
  object space 869376K, 99% used [0x0000000080000000,0x00000000b50da7f0,0x00000000b5100000)
 Metaspace       used 86725K, committed 88256K, reserved 1179648K
  class space    used 8384K, committed 9152K, reserved 1048576K
}
Event: 9480.094 GC heap before
{Heap before GC invocations=4259 (full 7):
 PSYoungGen      total 6144K, used 5368K [0x00000000d5580000, 0x00000000d5d80000, 0x0000000100000000)
  eden space 4096K, 100% used [0x00000000d5580000,0x00000000d5980000,0x00000000d5980000)
  from space 2048K, 62% used [0x00000000d5980000,0x00000000d5abe000,0x00000000d5b80000)
  to   space 1536K, 0% used [0x00000000d5c00000,0x00000000d5c00000,0x00000000d5d80000)
 ParOldGen       total 869376K, used 869225K [0x0000000080000000, 0x00000000b5100000, 0x00000000d5580000)
  object space 869376K, 99% used [0x0000000080000000,0x00000000b50da7f0,0x00000000b5100000)
 Metaspace       used 86725K, committed 88256K, reserved 1179648K
  class space    used 8384K, committed 9152K, reserved 1048576K
}
Event: 9480.096 GC heap after
{Heap after GC invocations=4259 (full 7):
 PSYoungGen      total 5632K, used 480K [0x00000000d5580000, 0x00000000d5c80000, 0x0000000100000000)
  eden space 5120K, 0% used [0x00000000d5580000,0x00000000d5580000,0x00000000d5a80000)
  from space 512K, 93% used [0x00000000d5c00000,0x00000000d5c78000,0x00000000d5c80000)
  to   space 1024K, 0% used [0x00000000d5a80000,0x00000000d5a80000,0x00000000d5b80000)
 ParOldGen       total 870400K, used 870284K [0x0000000080000000, 0x00000000b5200000, 0x00000000d5580000)
  object space 870400K, 99% used [0x0000000080000000,0x00000000b51e3250,0x00000000b5200000)
 Metaspace       used 86725K, committed 88256K, reserved 1179648K
  class space    used 8384K, committed 9152K, reserved 1048576K
}
Event: 9480.453 GC heap before
{Heap before GC invocations=4260 (full 7):
 PSYoungGen      total 5632K, used 5600K [0x00000000d5580000, 0x00000000d5c80000, 0x0000000100000000)
  eden space 5120K, 100% used [0x00000000d5580000,0x00000000d5a80000,0x00000000d5a80000)
  from space 512K, 93% used [0x00000000d5c00000,0x00000000d5c78000,0x00000000d5c80000)
  to   space 1024K, 0% used [0x00000000d5a80000,0x00000000d5a80000,0x00000000d5b80000)
 ParOldGen       total 870400K, used 870284K [0x0000000080000000, 0x00000000b5200000, 0x00000000d5580000)
  object space 870400K, 99% used [0x0000000080000000,0x00000000b51e3250,0x00000000b5200000)
 Metaspace       used 86725K, committed 88256K, reserved 1179648K
  class space    used 8384K, committed 9152K, reserved 1048576K
}
Event: 9480.456 GC heap after
{Heap after GC invocations=4260 (full 7):
 PSYoungGen      total 6144K, used 1024K [0x00000000d5580000, 0x00000000d5f80000, 0x0000000100000000)
  eden space 5120K, 0% used [0x00000000d5580000,0x00000000d5580000,0x00000000d5a80000)
  from space 1024K, 100% used [0x00000000d5a80000,0x00000000d5b80000,0x00000000d5b80000)
  to   space 2048K, 0% used [0x00000000d5d80000,0x00000000d5d80000,0x00000000d5f80000)
 ParOldGen       total 870912K, used 870716K [0x0000000080000000, 0x00000000b5280000, 0x00000000d5580000)
  object space 870912K, 99% used [0x0000000080000000,0x00000000b524f270,0x00000000b5280000)
 Metaspace       used 86725K, committed 88256K, reserved 1179648K
  class space    used 8384K, committed 9152K, reserved 1048576K
}
Event: 9535.684 GC heap before
{Heap before GC invocations=4261 (full 7):
 PSYoungGen      total 6144K, used 6144K [0x00000000d5580000, 0x00000000d5f80000, 0x0000000100000000)
  eden space 5120K, 100% used [0x00000000d5580000,0x00000000d5a80000,0x00000000d5a80000)
  from space 1024K, 100% used [0x00000000d5a80000,0x00000000d5b80000,0x00000000d5b80000)
  to   space 2048K, 0% used [0x00000000d5d80000,0x00000000d5d80000,0x00000000d5f80000)
 ParOldGen       total 870912K, used 870716K [0x0000000080000000, 0x00000000b5280000, 0x00000000d5580000)
  object space 870912K, 99% used [0x0000000080000000,0x00000000b524f270,0x00000000b5280000)
 Metaspace       used 86986K, committed 88512K, reserved 1179648K
  class space    used 8431K, committed 9152K, reserved 1048576K
}
Event: 9535.689 GC heap after
{Heap after GC invocations=4261 (full 7):
 PSYoungGen      total 5632K, used 384K [0x00000000d5580000, 0x00000000d5e00000, 0x0000000100000000)
  eden space 5120K, 0% used [0x00000000d5580000,0x00000000d5580000,0x00000000d5a80000)
  from space 512K, 75% used [0x00000000d5d80000,0x00000000d5de0000,0x00000000d5e00000)
  to   space 1024K, 0% used [0x00000000d5c00000,0x00000000d5c00000,0x00000000d5d00000)
 ParOldGen       total 871936K, used 871645K [0x0000000080000000, 0x00000000b5380000, 0x00000000d5580000)
  object space 871936K, 99% used [0x0000000080000000,0x00000000b5337570,0x00000000b5380000)
 Metaspace       used 86986K, committed 88512K, reserved 1179648K
  class space    used 8431K, committed 9152K, reserved 1048576K
}
Event: 9535.718 GC heap before
{Heap before GC invocations=4262 (full 7):
 PSYoungGen      total 5632K, used 5504K [0x00000000d5580000, 0x00000000d5e00000, 0x0000000100000000)
  eden space 5120K, 100% used [0x00000000d5580000,0x00000000d5a80000,0x00000000d5a80000)
  from space 512K, 75% used [0x00000000d5d80000,0x00000000d5de0000,0x00000000d5e00000)
  to   space 1024K, 0% used [0x00000000d5c00000,0x00000000d5c00000,0x00000000d5d00000)
 ParOldGen       total 871936K, used 871645K [0x0000000080000000, 0x00000000b5380000, 0x00000000d5580000)
  object space 871936K, 99% used [0x0000000080000000,0x00000000b5337570,0x00000000b5380000)
 Metaspace       used 87032K, committed 88512K, reserved 1179648K
  class space    used 8436K, committed 9152K, reserved 1048576K
}
Event: 9535.722 GC heap after
{Heap after GC invocations=4262 (full 7):
 PSYoungGen      total 6144K, used 877K [0x00000000d5580000, 0x00000000d5e00000, 0x0000000100000000)
  eden space 5120K, 0% used [0x00000000d5580000,0x00000000d5580000,0x00000000d5a80000)
  from space 1024K, 85% used [0x00000000d5c00000,0x00000000d5cdb6f0,0x00000000d5d00000)
  to   space 1024K, 0% used [0x00000000d5d00000,0x00000000d5d00000,0x00000000d5e00000)
 ParOldGen       total 871936K, used 871741K [0x0000000080000000, 0x00000000b5380000, 0x00000000d5580000)
  object space 871936K, 99% used [0x0000000080000000,0x00000000b534f570,0x00000000b5380000)
 Metaspace       used 87032K, committed 88512K, reserved 1179648K
  class space    used 8436K, committed 9152K, reserved 1048576K
}
Event: 9535.729 GC heap before
{Heap before GC invocations=4263 (full 7):
 PSYoungGen      total 6144K, used 5997K [0x00000000d5580000, 0x00000000d5e00000, 0x0000000100000000)
  eden space 5120K, 100% used [0x00000000d5580000,0x00000000d5a80000,0x00000000d5a80000)
  from space 1024K, 85% used [0x00000000d5c00000,0x00000000d5cdb6f0,0x00000000d5d00000)
  to   space 1024K, 0% used [0x00000000d5d00000,0x00000000d5d00000,0x00000000d5e00000)
 ParOldGen       total 871936K, used 871741K [0x0000000080000000, 0x00000000b5380000, 0x00000000d5580000)
  object space 871936K, 99% used [0x0000000080000000,0x00000000b534f570,0x00000000b5380000)
 Metaspace       used 87032K, committed 88512K, reserved 1179648K
  class space    used 8436K, committed 9152K, reserved 1048576K
}
Event: 9535.732 GC heap after
{Heap after GC invocations=4263 (full 7):
 PSYoungGen      total 6656K, used 448K [0x00000000d5580000, 0x00000000d5d80000, 0x0000000100000000)
  eden space 6144K, 0% used [0x00000000d5580000,0x00000000d5580000,0x00000000d5b80000)
  from space 512K, 87% used [0x00000000d5d00000,0x00000000d5d70000,0x00000000d5d80000)
  to   space 1024K, 0% used [0x00000000d5b80000,0x00000000d5b80000,0x00000000d5c80000)
 ParOldGen       total 872960K, used 872463K [0x0000000080000000, 0x00000000b5480000, 0x00000000d5580000)
  object space 872960K, 99% used [0x0000000080000000,0x00000000b5403c90,0x00000000b5480000)
 Metaspace       used 87032K, committed 88512K, reserved 1179648K
  class space    used 8436K, committed 9152K, reserved 1048576K
}
Event: 9535.761 GC heap before
{Heap before GC invocations=4264 (full 7):
 PSYoungGen      total 6656K, used 6592K [0x00000000d5580000, 0x00000000d5d80000, 0x0000000100000000)
  eden space 6144K, 100% used [0x00000000d5580000,0x00000000d5b80000,0x00000000d5b80000)
  from space 512K, 87% used [0x00000000d5d00000,0x00000000d5d70000,0x00000000d5d80000)
  to   space 1024K, 0% used [0x00000000d5b80000,0x00000000d5b80000,0x00000000d5c80000)
 ParOldGen       total 872960K, used 872463K [0x0000000080000000, 0x00000000b5480000, 0x00000000d5580000)
  object space 872960K, 99% used [0x0000000080000000,0x00000000b5403c90,0x00000000b5480000)
 Metaspace       used 87032K, committed 88512K, reserved 1179648K
  class space    used 8436K, committed 9152K, reserved 1048576K
}
Event: 9535.765 GC heap after
{Heap after GC invocations=4264 (full 7):
 PSYoungGen      total 7168K, used 1012K [0x00000000d5580000, 0x00000000d5f80000, 0x0000000100000000)
  eden space 6144K, 0% used [0x00000000d5580000,0x00000000d5580000,0x00000000d5b80000)
  from space 1024K, 98% used [0x00000000d5b80000,0x00000000d5c7d200,0x00000000d5c80000)
  to   space 2048K, 0% used [0x00000000d5d80000,0x00000000d5d80000,0x00000000d5f80000)
 ParOldGen       total 873472K, used 873211K [0x0000000080000000, 0x00000000b5500000, 0x00000000d5580000)
  object space 873472K, 99% used [0x0000000080000000,0x00000000b54bef20,0x00000000b5500000)
 Metaspace       used 87032K, committed 88512K, reserved 1179648K
  class space    used 8436K, committed 9152K, reserved 1048576K
}
Event: 9535.777 GC heap before
{Heap before GC invocations=4265 (full 7):
 PSYoungGen      total 7168K, used 7156K [0x00000000d5580000, 0x00000000d5f80000, 0x0000000100000000)
  eden space 6144K, 100% used [0x00000000d5580000,0x00000000d5b80000,0x00000000d5b80000)
  from space 1024K, 98% used [0x00000000d5b80000,0x00000000d5c7d200,0x00000000d5c80000)
  to   space 2048K, 0% used [0x00000000d5d80000,0x00000000d5d80000,0x00000000d5f80000)
 ParOldGen       total 873472K, used 873211K [0x0000000080000000, 0x00000000b5500000, 0x00000000d5580000)
  object space 873472K, 99% used [0x0000000080000000,0x00000000b54bef20,0x00000000b5500000)
 Metaspace       used 87032K, committed 88512K, reserved 1179648K
  class space    used 8436K, committed 9152K, reserved 1048576K
}
Event: 9535.781 GC heap after
{Heap after GC invocations=4265 (full 7):
 PSYoungGen      total 7168K, used 896K [0x00000000d5580000, 0x00000000d5e80000, 0x0000000100000000)
  eden space 6144K, 0% used [0x00000000d5580000,0x00000000d5580000,0x00000000d5b80000)
  from space 1024K, 87% used [0x00000000d5d80000,0x00000000d5e60000,0x00000000d5e80000)
  to   space 1536K, 0% used [0x00000000d5b80000,0x00000000d5b80000,0x00000000d5d00000)
 ParOldGen       total 874496K, used 874276K [0x0000000080000000, 0x00000000b5600000, 0x00000000d5580000)
  object space 874496K, 99% used [0x0000000080000000,0x00000000b55c9240,0x00000000b5600000)
 Metaspace       used 87032K, committed 88512K, reserved 1179648K
  class space    used 8436K, committed 9152K, reserved 1048576K
}
Event: 9535.821 GC heap before
{Heap before GC invocations=4266 (full 7):
 PSYoungGen      total 7168K, used 7040K [0x00000000d5580000, 0x00000000d5e80000, 0x0000000100000000)
  eden space 6144K, 100% used [0x00000000d5580000,0x00000000d5b80000,0x00000000d5b80000)
  from space 1024K, 87% used [0x00000000d5d80000,0x00000000d5e60000,0x00000000d5e80000)
  to   space 1536K, 0% used [0x00000000d5b80000,0x00000000d5b80000,0x00000000d5d00000)
 ParOldGen       total 874496K, used 874276K [0x0000000080000000, 0x00000000b5600000, 0x00000000d5580000)
  object space 874496K, 99% used [0x0000000080000000,0x00000000b55c9240,0x00000000b5600000)
 Metaspace       used 87048K, committed 88512K, reserved 1179648K
  class space    used 8437K, committed 9152K, reserved 1048576K
}
Event: 9535.825 GC heap after
{Heap after GC invocations=4266 (full 7):
 PSYoungGen      total 7680K, used 1152K [0x00000000d5580000, 0x00000000d5e80000, 0x0000000100000000)
  eden space 6144K, 0% used [0x00000000d5580000,0x00000000d5580000,0x00000000d5b80000)
  from space 1536K, 75% used [0x00000000d5b80000,0x00000000d5ca0000,0x00000000d5d00000)
  to   space 1536K, 0% used [0x00000000d5d00000,0x00000000d5d00000,0x00000000d5e80000)
 ParOldGen       total 875520K, used 875012K [0x0000000080000000, 0x00000000b5700000, 0x00000000d5580000)
  object space 875520K, 99% used [0x0000000080000000,0x00000000b5681250,0x00000000b5700000)
 Metaspace       used 87048K, committed 88512K, reserved 1179648K
  class space    used 8437K, committed 9152K, reserved 1048576K
}

