# JRE version: OpenJDK Runtime Environment Temurin-21.0.8+9 (21.0.8+9) (build 21.0.8+9-LTS)
# Java VM: OpenJDK 64-Bit Server VM Temurin-21.0.8+9 (21.0.8+9-LTS, mixed mode, sharing, tiered, compressed oops, compressed class ptrs, parallel gc, windows-amd64)
GC Precious Log:
 CardTable entry size: 512
 CPUs: 16 total, 16 available
 Memory: 16085M
 Large Page Support: Disabled
 NUMA Support: Disabled
 Compressed Oops: Enabled (32-bit)
 Alignments: Space 512K, Generation 512K, Heap 2M
 Heap Min Capacity: 100M
 Heap Initial Capacity: 100M
 Heap Max Capacity: 2G
 Pre-touch: Disabled
 Parallel Workers: 13
Heap:
 PSYoungGen      total 9728K, used 726K [0x00000000d5580000, 0x00000000d6000000, 0x0000000100000000)
  eden space 7168K, 7% used [0x00000000d5580000,0x00000000d560d8a0,0x00000000d5c80000)
  from space 2560K, 6% used [0x00000000d5c80000,0x00000000d5ca8000,0x00000000d5f00000)
  to   space 1024K, 0% used [0x00000000d5f00000,0x00000000d5f00000,0x00000000d6000000)
 ParOldGen       total 869888K, used 869768K [0x0000000080000000, 0x00000000b5180000, 0x00000000d5580000)
  object space 869888K, 99% used [0x0000000080000000,0x00000000b5162208,0x00000000b5180000)
 Metaspace       used 83242K, committed 84800K, reserved 1179648K
  class space    used 8115K, committed 8896K, reserved 1048576K
GC Heap History (20 events):
Event: 10165.154 GC heap before
{Heap before GC invocations=2081 (full 5):
 PSYoungGen      total 11776K, used 9808K [0x00000000d5580000, 0x00000000d6480000, 0x0000000100000000)
  eden space 8192K, 100% used [0x00000000d5580000,0x00000000d5d80000,0x00000000d5d80000)
  from space 3584K, 45% used [0x00000000d5d80000,0x00000000d5f14370,0x00000000d6100000)
  to   space 2560K, 0% used [0x00000000d6200000,0x00000000d6200000,0x00000000d6480000)
 ParOldGen       total 857600K, used 857134K [0x0000000080000000, 0x00000000b4580000, 0x00000000d5580000)
  object space 857600K, 99% used [0x0000000080000000,0x00000000b450ba18,0x00000000b4580000)
 Metaspace       used 83235K, committed 84800K, reserved 1179648K
  class space    used 8115K, committed 8896K, reserved 1048576K
}
Event: 10165.158 GC heap after
{Heap after GC invocations=2081 (full 5):
 PSYoungGen      total 8704K, used 2558K [0x00000000d5580000, 0x00000000d6c80000, 0x0000000100000000)
  eden space 6144K, 0% used [0x00000000d5580000,0x00000000d5580000,0x00000000d5b80000)
  from space 2560K, 99% used [0x00000000d6200000,0x00000000d647f8b0,0x00000000d6480000)
  to   space 6656K, 0% used [0x00000000d5b80000,0x00000000d5b80000,0x00000000d6200000)
 ParOldGen       total 860160K, used 860090K [0x0000000080000000, 0x00000000b4800000, 0x00000000d5580000)
  object space 860160K, 99% used [0x0000000080000000,0x00000000b47eeb70,0x00000000b4800000)
 Metaspace       used 83235K, committed 84800K, reserved 1179648K
  class space    used 8115K, committed 8896K, reserved 1048576K
}
Event: 10165.163 GC heap before
{Heap before GC invocations=2082 (full 5):
 PSYoungGen      total 8704K, used 8702K [0x00000000d5580000, 0x00000000d6c80000, 0x0000000100000000)
  eden space 6144K, 100% used [0x00000000d5580000,0x00000000d5b80000,0x00000000d5b80000)
  from space 2560K, 99% used [0x00000000d6200000,0x00000000d647f8b0,0x00000000d6480000)
  to   space 6656K, 0% used [0x00000000d5b80000,0x00000000d5b80000,0x00000000d6200000)
 ParOldGen       total 860160K, used 860090K [0x0000000080000000, 0x00000000b4800000, 0x00000000d5580000)
  object space 860160K, 99% used [0x0000000080000000,0x00000000b47eeb70,0x00000000b4800000)
 Metaspace       used 83235K, committed 84800K, reserved 1179648K
  class space    used 8115K, committed 8896K, reserved 1048576K
}
Event: 10165.167 GC heap after
{Heap after GC invocations=2082 (full 5):
 PSYoungGen      total 9728K, used 3582K [0x00000000d5580000, 0x00000000d6600000, 0x0000000100000000)
  eden space 6144K, 0% used [0x00000000d5580000,0x00000000d5580000,0x00000000d5b80000)
  from space 3584K, 99% used [0x00000000d5b80000,0x00000000d5eff890,0x00000000d5f00000)
  to   space 4608K, 0% used [0x00000000d6180000,0x00000000d6180000,0x00000000d6600000)
 ParOldGen       total 861184K, used 861146K [0x0000000080000000, 0x00000000b4900000, 0x00000000d5580000)
  object space 861184K, 99% used [0x0000000080000000,0x00000000b48f6b90,0x00000000b4900000)
 Metaspace       used 83235K, committed 84800K, reserved 1179648K
  class space    used 8115K, committed 8896K, reserved 1048576K
}
Event: 10166.122 GC heap before
{Heap before GC invocations=2083 (full 5):
 PSYoungGen      total 9728K, used 9660K [0x00000000d5580000, 0x00000000d6600000, 0x0000000100000000)
  eden space 6144K, 98% used [0x00000000d5580000,0x00000000d5b6f7d8,0x00000000d5b80000)
  from space 3584K, 99% used [0x00000000d5b80000,0x00000000d5eff890,0x00000000d5f00000)
  to   space 4608K, 0% used [0x00000000d6180000,0x00000000d6180000,0x00000000d6600000)
 ParOldGen       total 861184K, used 861146K [0x0000000080000000, 0x00000000b4900000, 0x00000000d5580000)
  object space 861184K, 99% used [0x0000000080000000,0x00000000b48f6b90,0x00000000b4900000)
 Metaspace       used 83235K, committed 84800K, reserved 1179648K
  class space    used 8115K, committed 8896K, reserved 1048576K
}
Event: 10166.124 GC heap after
{Heap after GC invocations=2083 (full 5):
 PSYoungGen      total 9216K, used 1257K [0x00000000d5580000, 0x00000000d6300000, 0x0000000100000000)
  eden space 7680K, 0% used [0x00000000d5580000,0x00000000d5580000,0x00000000d5d00000)
  from space 1536K, 81% used [0x00000000d6180000,0x00000000d62ba648,0x00000000d6300000)
  to   space 2560K, 0% used [0x00000000d5e00000,0x00000000d5e00000,0x00000000d6080000)
 ParOldGen       total 861696K, used 861690K [0x0000000080000000, 0x00000000b4980000, 0x00000000d5580000)
  object space 861696K, 99% used [0x0000000080000000,0x00000000b497eba0,0x00000000b4980000)
 Metaspace       used 83235K, committed 84800K, reserved 1179648K
  class space    used 8115K, committed 8896K, reserved 1048576K
}
Event: 10166.131 GC heap before
{Heap before GC invocations=2084 (full 5):
 PSYoungGen      total 9216K, used 8937K [0x00000000d5580000, 0x00000000d6300000, 0x0000000100000000)
  eden space 7680K, 100% used [0x00000000d5580000,0x00000000d5d00000,0x00000000d5d00000)
  from space 1536K, 81% used [0x00000000d6180000,0x00000000d62ba648,0x00000000d6300000)
  to   space 2560K, 0% used [0x00000000d5e00000,0x00000000d5e00000,0x00000000d6080000)
 ParOldGen       total 861696K, used 861690K [0x0000000080000000, 0x00000000b4980000, 0x00000000d5580000)
  object space 861696K, 99% used [0x0000000080000000,0x00000000b497eba0,0x00000000b4980000)
 Metaspace       used 83235K, committed 84800K, reserved 1179648K
  class space    used 8115K, committed 8896K, reserved 1048576K
}
Event: 10166.134 GC heap after
{Heap after GC invocations=2084 (full 5):
 PSYoungGen      total 11264K, used 1645K [0x00000000d5580000, 0x00000000d6280000, 0x0000000100000000)
  eden space 8704K, 0% used [0x00000000d5580000,0x00000000d5580000,0x00000000d5e00000)
  from space 2560K, 64% used [0x00000000d5e00000,0x00000000d5f9b578,0x00000000d6080000)
  to   space 2048K, 0% used [0x00000000d6080000,0x00000000d6080000,0x00000000d6280000)
 ParOldGen       total 862720K, used 862659K [0x0000000080000000, 0x00000000b4a80000, 0x00000000d5580000)
  object space 862720K, 99% used [0x0000000080000000,0x00000000b4a70c80,0x00000000b4a80000)
 Metaspace       used 83235K, committed 84800K, reserved 1179648K
  class space    used 8115K, committed 8896K, reserved 1048576K
}
Event: 10167.027 GC heap before
{Heap before GC invocations=2085 (full 5):
 PSYoungGen      total 11264K, used 10349K [0x00000000d5580000, 0x00000000d6280000, 0x0000000100000000)
  eden space 8704K, 100% used [0x00000000d5580000,0x00000000d5e00000,0x00000000d5e00000)
  from space 2560K, 64% used [0x00000000d5e00000,0x00000000d5f9b578,0x00000000d6080000)
  to   space 2048K, 0% used [0x00000000d6080000,0x00000000d6080000,0x00000000d6280000)
 ParOldGen       total 862720K, used 862659K [0x0000000080000000, 0x00000000b4a80000, 0x00000000d5580000)
  object space 862720K, 99% used [0x0000000080000000,0x00000000b4a70c80,0x00000000b4a80000)
 Metaspace       used 83235K, committed 84800K, reserved 1179648K
  class space    used 8115K, committed 8896K, reserved 1048576K
}
Event: 10167.030 GC heap after
{Heap after GC invocations=2085 (full 5):
 PSYoungGen      total 9216K, used 2016K [0x00000000d5580000, 0x00000000d6600000, 0x0000000100000000)
  eden space 7168K, 0% used [0x00000000d5580000,0x00000000d5580000,0x00000000d5c80000)
  from space 2048K, 98% used [0x00000000d6080000,0x00000000d62781c0,0x00000000d6280000)
  to   space 4096K, 0% used [0x00000000d5c80000,0x00000000d5c80000,0x00000000d6080000)
 ParOldGen       total 864256K, used 864193K [0x0000000080000000, 0x00000000b4c00000, 0x00000000d5580000)
  object space 864256K, 99% used [0x0000000080000000,0x00000000b4bf0670,0x00000000b4c00000)
 Metaspace       used 83235K, committed 84800K, reserved 1179648K
  class space    used 8115K, committed 8896K, reserved 1048576K
}
Event: 10167.038 GC heap before
{Heap before GC invocations=2086 (full 5):
 PSYoungGen      total 9216K, used 9184K [0x00000000d5580000, 0x00000000d6600000, 0x0000000100000000)
  eden space 7168K, 100% used [0x00000000d5580000,0x00000000d5c80000,0x00000000d5c80000)
  from space 2048K, 98% used [0x00000000d6080000,0x00000000d62781c0,0x00000000d6280000)
  to   space 4096K, 0% used [0x00000000d5c80000,0x00000000d5c80000,0x00000000d6080000)
 ParOldGen       total 864256K, used 864193K [0x0000000080000000, 0x00000000b4c00000, 0x00000000d5580000)
  object space 864256K, 99% used [0x0000000080000000,0x00000000b4bf0670,0x00000000b4c00000)
 Metaspace       used 83235K, committed 84800K, reserved 1179648K
  class space    used 8115K, committed 8896K, reserved 1048576K
}
Event: 10167.040 GC heap after
{Heap after GC invocations=2086 (full 5):
 PSYoungGen      total 8192K, used 945K [0x00000000d5580000, 0x00000000d6200000, 0x0000000100000000)
  eden space 7168K, 0% used [0x00000000d5580000,0x00000000d5580000,0x00000000d5c80000)
  from space 1024K, 92% used [0x00000000d5c80000,0x00000000d5d6c4e8,0x00000000d5d80000)
  to   space 2048K, 0% used [0x00000000d6000000,0x00000000d6000000,0x00000000d6200000)
 ParOldGen       total 866304K, used 866164K [0x0000000080000000, 0x00000000b4e00000, 0x00000000d5580000)
  object space 866304K, 99% used [0x0000000080000000,0x00000000b4ddd210,0x00000000b4e00000)
 Metaspace       used 83235K, committed 84800K, reserved 1179648K
  class space    used 8115K, committed 8896K, reserved 1048576K
}
Event: 10167.048 GC heap before
{Heap before GC invocations=2087 (full 5):
 PSYoungGen      total 8192K, used 8113K [0x00000000d5580000, 0x00000000d6200000, 0x0000000100000000)
  eden space 7168K, 100% used [0x00000000d5580000,0x00000000d5c80000,0x00000000d5c80000)
  from space 1024K, 92% used [0x00000000d5c80000,0x00000000d5d6c4e8,0x00000000d5d80000)
  to   space 2048K, 0% used [0x00000000d6000000,0x00000000d6000000,0x00000000d6200000)
 ParOldGen       total 866304K, used 866164K [0x0000000080000000, 0x00000000b4e00000, 0x00000000d5580000)
  object space 866304K, 99% used [0x0000000080000000,0x00000000b4ddd210,0x00000000b4e00000)
 Metaspace       used 83241K, committed 84800K, reserved 1179648K
  class space    used 8115K, committed 8896K, reserved 1048576K
}
Event: 10167.050 GC heap after
{Heap after GC invocations=2087 (full 5):
 PSYoungGen      total 8192K, used 967K [0x00000000d5580000, 0x00000000d6100000, 0x0000000100000000)
  eden space 7168K, 0% used [0x00000000d5580000,0x00000000d5580000,0x00000000d5c80000)
  from space 1024K, 94% used [0x00000000d6000000,0x00000000d60f1e58,0x00000000d6100000)
  to   space 1536K, 0% used [0x00000000d5e00000,0x00000000d5e00000,0x00000000d5f80000)
 ParOldGen       total 866816K, used 866674K [0x0000000080000000, 0x00000000b4e80000, 0x00000000d5580000)
  object space 866816K, 99% used [0x0000000080000000,0x00000000b4e5cac0,0x00000000b4e80000)
 Metaspace       used 83241K, committed 84800K, reserved 1179648K
  class space    used 8115K, committed 8896K, reserved 1048576K
}
Event: 10167.058 GC heap before
{Heap before GC invocations=2088 (full 5):
 PSYoungGen      total 8192K, used 8135K [0x00000000d5580000, 0x00000000d6100000, 0x0000000100000000)
  eden space 7168K, 100% used [0x00000000d5580000,0x00000000d5c80000,0x00000000d5c80000)
  from space 1024K, 94% used [0x00000000d6000000,0x00000000d60f1e58,0x00000000d6100000)
  to   space 1536K, 0% used [0x00000000d5e00000,0x00000000d5e00000,0x00000000d5f80000)
 ParOldGen       total 866816K, used 866674K [0x0000000080000000, 0x00000000b4e80000, 0x00000000d5580000)
  object space 866816K, 99% used [0x0000000080000000,0x00000000b4e5cac0,0x00000000b4e80000)
 Metaspace       used 83242K, committed 84800K, reserved 1179648K
  class space    used 8115K, committed 8896K, reserved 1048576K
}
Event: 10167.060 GC heap after
{Heap after GC invocations=2088 (full 5):
 PSYoungGen      total 8704K, used 1518K [0x00000000d5580000, 0x00000000d6280000, 0x0000000100000000)
  eden space 7168K, 0% used [0x00000000d5580000,0x00000000d5580000,0x00000000d5c80000)
  from space 1536K, 98% used [0x00000000d5e00000,0x00000000d5f7bbc0,0x00000000d5f80000)
  to   space 3072K, 0% used [0x00000000d5f80000,0x00000000d5f80000,0x00000000d6280000)
 ParOldGen       total 867840K, used 867588K [0x0000000080000000, 0x00000000b4f80000, 0x00000000d5580000)
  object space 867840K, 99% used [0x0000000080000000,0x00000000b4f410e8,0x00000000b4f80000)
 Metaspace       used 83242K, committed 84800K, reserved 1179648K
  class space    used 8115K, committed 8896K, reserved 1048576K
}
Event: 10182.005 GC heap before
{Heap before GC invocations=2089 (full 5):
 PSYoungGen      total 8704K, used 8686K [0x00000000d5580000, 0x00000000d6280000, 0x0000000100000000)
  eden space 7168K, 100% used [0x00000000d5580000,0x00000000d5c80000,0x00000000d5c80000)
  from space 1536K, 98% used [0x00000000d5e00000,0x00000000d5f7bbc0,0x00000000d5f80000)
  to   space 3072K, 0% used [0x00000000d5f80000,0x00000000d5f80000,0x00000000d6280000)
 ParOldGen       total 867840K, used 867588K [0x0000000080000000, 0x00000000b4f80000, 0x00000000d5580000)
  object space 867840K, 99% used [0x0000000080000000,0x00000000b4f410e8,0x00000000b4f80000)
 Metaspace       used 83242K, committed 84800K, reserved 1179648K
  class space    used 8115K, committed 8896K, reserved 1048576K
}
Event: 10182.008 GC heap after
{Heap after GC invocations=2089 (full 5):
 PSYoungGen      total 9216K, used 1965K [0x00000000d5580000, 0x00000000d6180000, 0x0000000100000000)
  eden space 7168K, 0% used [0x00000000d5580000,0x00000000d5580000,0x00000000d5c80000)
  from space 2048K, 95% used [0x00000000d5f80000,0x00000000d616b588,0x00000000d6180000)
  to   space 2560K, 0% used [0x00000000d5c80000,0x00000000d5c80000,0x00000000d5f00000)
 ParOldGen       total 869376K, used 869064K [0x0000000080000000, 0x00000000b5100000, 0x00000000d5580000)
  object space 869376K, 99% used [0x0000000080000000,0x00000000b50b21f8,0x00000000b5100000)
 Metaspace       used 83242K, committed 84800K, reserved 1179648K
  class space    used 8115K, committed 8896K, reserved 1048576K
}
Event: 10182.190 GC heap before
{Heap before GC invocations=2090 (full 5):
 PSYoungGen      total 9216K, used 9133K [0x00000000d5580000, 0x00000000d6180000, 0x0000000100000000)
  eden space 7168K, 100% used [0x00000000d5580000,0x00000000d5c80000,0x00000000d5c80000)
  from space 2048K, 95% used [0x00000000d5f80000,0x00000000d616b588,0x00000000d6180000)
  to   space 2560K, 0% used [0x00000000d5c80000,0x00000000d5c80000,0x00000000d5f00000)
 ParOldGen       total 869376K, used 869064K [0x0000000080000000, 0x00000000b5100000, 0x00000000d5580000)
  object space 869376K, 99% used [0x0000000080000000,0x00000000b50b21f8,0x00000000b5100000)
 Metaspace       used 83242K, committed 84800K, reserved 1179648K
  class space    used 8115K, committed 8896K, reserved 1048576K
}
Event: 10182.192 GC heap after
{Heap after GC invocations=2090 (full 5):
 PSYoungGen      total 9728K, used 160K [0x00000000d5580000, 0x00000000d6000000, 0x0000000100000000)
  eden space 7168K, 0% used [0x00000000d5580000,0x00000000d5580000,0x00000000d5c80000)
  from space 2560K, 6% used [0x00000000d5c80000,0x00000000d5ca8000,0x00000000d5f00000)
  to   space 1024K, 0% used [0x00000000d5f00000,0x00000000d5f00000,0x00000000d6000000)
 ParOldGen       total 869888K, used 869768K [0x0000000080000000, 0x00000000b5180000, 0x00000000d5580000)
  object space 869888K, 99% used [0x0000000080000000,0x00000000b5162208,0x00000000b5180000)
 Metaspace       used 83242K, committed 84800K, reserved 1179648K
  class space    used 8115K, committed 8896K, reserved 1048576K
}

