# JRE version: OpenJDK Runtime Environment Temurin-21.0.8+9 (21.0.8+9) (build 21.0.8+9-LTS)
# Java VM: OpenJDK 64-Bit Server VM Temurin-21.0.8+9 (21.0.8+9-LTS, mixed mode, sharing, tiered, compressed oops, compressed class ptrs, parallel gc, windows-amd64)
GC Precious Log:
 CardTable entry size: 512
 CPUs: 16 total, 16 available
 Memory: 16085M
 Large Page Support: Disabled
 NUMA Support: Disabled
 Compressed Oops: Enabled (32-bit)
 Alignments: Space 512K, Generation 512K, Heap 2M
 Heap Min Capacity: 100M
 Heap Initial Capacity: 100M
 Heap Max Capacity: 2G
 Pre-touch: Disabled
 Parallel Workers: 13
Heap:
 PSYoungGen      total 16384K, used 15923K [0x00000000d5580000, 0x00000000d6800000, 0x0000000100000000)
  eden space 15872K, 97% used [0x00000000d5580000,0x00000000d64e1bc8,0x00000000d6500000)
  from space 512K, 95% used [0x00000000d6780000,0x00000000d67f9eb8,0x00000000d6800000)
  to   space 1536K, 0% used [0x00000000d6500000,0x00000000d6500000,0x00000000d6680000)
 ParOldGen       total 68608K, used 58714K [0x0000000080000000, 0x0000000084300000, 0x00000000d5580000)
  object space 68608K, 85% used [0x0000000080000000,0x0000000083956be0,0x0000000084300000)
 Metaspace       used 57787K, committed 59200K, reserved 1114112K
  class space    used 6137K, committed 6784K, reserved 1048576K
GC Heap History (20 events):
Event: 10.668 GC heap before
{Heap before GC invocations=41 (full 2):
 PSYoungGen      total 16384K, used 16288K [0x00000000d5580000, 0x00000000d6900000, 0x0000000100000000)
  eden space 15872K, 100% used [0x00000000d5580000,0x00000000d6500000,0x00000000d6500000)
  from space 512K, 81% used [0x00000000d6880000,0x00000000d68e8000,0x00000000d6900000)
  to   space 1024K, 0% used [0x00000000d6700000,0x00000000d6700000,0x00000000d6800000)
 ParOldGen       total 68608K, used 55241K [0x0000000080000000, 0x0000000084300000, 0x00000000d5580000)
  object space 68608K, 80% used [0x0000000080000000,0x00000000835f2660,0x0000000084300000)
 Metaspace       used 54094K, committed 55360K, reserved 1114112K
  class space    used 5826K, committed 6336K, reserved 1048576K
}
Event: 10.670 GC heap after
{Heap after GC invocations=41 (full 2):
 PSYoungGen      total 16896K, used 384K [0x00000000d5580000, 0x00000000d6900000, 0x0000000100000000)
  eden space 15872K, 0% used [0x00000000d5580000,0x00000000d5580000,0x00000000d6500000)
  from space 1024K, 37% used [0x00000000d6700000,0x00000000d6760000,0x00000000d6800000)
  to   space 512K, 0% used [0x00000000d6880000,0x00000000d6880000,0x00000000d6900000)
 ParOldGen       total 68608K, used 55409K [0x0000000080000000, 0x0000000084300000, 0x00000000d5580000)
  object space 68608K, 80% used [0x0000000080000000,0x000000008361c660,0x0000000084300000)
 Metaspace       used 54094K, committed 55360K, reserved 1114112K
  class space    used 5826K, committed 6336K, reserved 1048576K
}
Event: 11.022 GC heap before
{Heap before GC invocations=42 (full 2):
 PSYoungGen      total 16896K, used 16256K [0x00000000d5580000, 0x00000000d6900000, 0x0000000100000000)
  eden space 15872K, 100% used [0x00000000d5580000,0x00000000d6500000,0x00000000d6500000)
  from space 1024K, 37% used [0x00000000d6700000,0x00000000d6760000,0x00000000d6800000)
  to   space 512K, 0% used [0x00000000d6880000,0x00000000d6880000,0x00000000d6900000)
 ParOldGen       total 68608K, used 55409K [0x0000000080000000, 0x0000000084300000, 0x00000000d5580000)
  object space 68608K, 80% used [0x0000000080000000,0x000000008361c660,0x0000000084300000)
 Metaspace       used 55843K, committed 57280K, reserved 1114112K
  class space    used 5979K, committed 6592K, reserved 1048576K
}
Event: 11.023 GC heap after
{Heap after GC invocations=42 (full 2):
 PSYoungGen      total 16384K, used 512K [0x00000000d5580000, 0x00000000d6900000, 0x0000000100000000)
  eden space 15872K, 0% used [0x00000000d5580000,0x00000000d5580000,0x00000000d6500000)
  from space 512K, 100% used [0x00000000d6880000,0x00000000d6900000,0x00000000d6900000)
  to   space 1024K, 0% used [0x00000000d6700000,0x00000000d6700000,0x00000000d6800000)
 ParOldGen       total 68608K, used 55713K [0x0000000080000000, 0x0000000084300000, 0x00000000d5580000)
  object space 68608K, 81% used [0x0000000080000000,0x0000000083668660,0x0000000084300000)
 Metaspace       used 55843K, committed 57280K, reserved 1114112K
  class space    used 5979K, committed 6592K, reserved 1048576K
}
Event: 11.501 GC heap before
{Heap before GC invocations=43 (full 2):
 PSYoungGen      total 16384K, used 16384K [0x00000000d5580000, 0x00000000d6900000, 0x0000000100000000)
  eden space 15872K, 100% used [0x00000000d5580000,0x00000000d6500000,0x00000000d6500000)
  from space 512K, 100% used [0x00000000d6880000,0x00000000d6900000,0x00000000d6900000)
  to   space 1024K, 0% used [0x00000000d6700000,0x00000000d6700000,0x00000000d6800000)
 ParOldGen       total 68608K, used 55713K [0x0000000080000000, 0x0000000084300000, 0x00000000d5580000)
  object space 68608K, 81% used [0x0000000080000000,0x0000000083668660,0x0000000084300000)
 Metaspace       used 56602K, committed 57984K, reserved 1114112K
  class space    used 6057K, committed 6656K, reserved 1048576K
}
Event: 11.502 GC heap after
{Heap after GC invocations=43 (full 2):
 PSYoungGen      total 16896K, used 807K [0x00000000d5580000, 0x00000000d6900000, 0x0000000100000000)
  eden space 15872K, 0% used [0x00000000d5580000,0x00000000d5580000,0x00000000d6500000)
  from space 1024K, 78% used [0x00000000d6700000,0x00000000d67c9f50,0x00000000d6800000)
  to   space 1024K, 0% used [0x00000000d6800000,0x00000000d6800000,0x00000000d6900000)
 ParOldGen       total 68608K, used 56102K [0x0000000080000000, 0x0000000084300000, 0x00000000d5580000)
  object space 68608K, 81% used [0x0000000080000000,0x00000000836c9820,0x0000000084300000)
 Metaspace       used 56602K, committed 57984K, reserved 1114112K
  class space    used 6057K, committed 6656K, reserved 1048576K
}
Event: 11.768 GC heap before
{Heap before GC invocations=44 (full 2):
 PSYoungGen      total 16896K, used 16679K [0x00000000d5580000, 0x00000000d6900000, 0x0000000100000000)
  eden space 15872K, 100% used [0x00000000d5580000,0x00000000d6500000,0x00000000d6500000)
  from space 1024K, 78% used [0x00000000d6700000,0x00000000d67c9f50,0x00000000d6800000)
  to   space 1024K, 0% used [0x00000000d6800000,0x00000000d6800000,0x00000000d6900000)
 ParOldGen       total 68608K, used 56102K [0x0000000080000000, 0x0000000084300000, 0x00000000d5580000)
  object space 68608K, 81% used [0x0000000080000000,0x00000000836c9820,0x0000000084300000)
 Metaspace       used 56971K, committed 58432K, reserved 1114112K
  class space    used 6102K, committed 6720K, reserved 1048576K
}
Event: 11.769 GC heap after
{Heap after GC invocations=44 (full 2):
 PSYoungGen      total 16896K, used 640K [0x00000000d5580000, 0x00000000d6900000, 0x0000000100000000)
  eden space 15872K, 0% used [0x00000000d5580000,0x00000000d5580000,0x00000000d6500000)
  from space 1024K, 62% used [0x00000000d6800000,0x00000000d68a0000,0x00000000d6900000)
  to   space 1024K, 0% used [0x00000000d6700000,0x00000000d6700000,0x00000000d6800000)
 ParOldGen       total 68608K, used 56546K [0x0000000080000000, 0x0000000084300000, 0x00000000d5580000)
  object space 68608K, 82% used [0x0000000080000000,0x0000000083738918,0x0000000084300000)
 Metaspace       used 56971K, committed 58432K, reserved 1114112K
  class space    used 6102K, committed 6720K, reserved 1048576K
}
Event: 12.095 GC heap before
{Heap before GC invocations=45 (full 2):
 PSYoungGen      total 16896K, used 16512K [0x00000000d5580000, 0x00000000d6900000, 0x0000000100000000)
  eden space 15872K, 100% used [0x00000000d5580000,0x00000000d6500000,0x00000000d6500000)
  from space 1024K, 62% used [0x00000000d6800000,0x00000000d68a0000,0x00000000d6900000)
  to   space 1024K, 0% used [0x00000000d6700000,0x00000000d6700000,0x00000000d6800000)
 ParOldGen       total 68608K, used 56546K [0x0000000080000000, 0x0000000084300000, 0x00000000d5580000)
  object space 68608K, 82% used [0x0000000080000000,0x0000000083738918,0x0000000084300000)
 Metaspace       used 57214K, committed 58624K, reserved 1114112K
  class space    used 6105K, committed 6720K, reserved 1048576K
}
Event: 12.097 GC heap after
{Heap after GC invocations=45 (full 2):
 PSYoungGen      total 16896K, used 647K [0x00000000d5580000, 0x00000000d6880000, 0x0000000100000000)
  eden space 15872K, 0% used [0x00000000d5580000,0x00000000d5580000,0x00000000d6500000)
  from space 1024K, 63% used [0x00000000d6700000,0x00000000d67a1f30,0x00000000d6800000)
  to   space 512K, 0% used [0x00000000d6800000,0x00000000d6800000,0x00000000d6880000)
 ParOldGen       total 68608K, used 56770K [0x0000000080000000, 0x0000000084300000, 0x00000000d5580000)
  object space 68608K, 82% used [0x0000000080000000,0x0000000083770918,0x0000000084300000)
 Metaspace       used 57214K, committed 58624K, reserved 1114112K
  class space    used 6105K, committed 6720K, reserved 1048576K
}
Event: 12.519 GC heap before
{Heap before GC invocations=46 (full 2):
 PSYoungGen      total 16896K, used 16519K [0x00000000d5580000, 0x00000000d6880000, 0x0000000100000000)
  eden space 15872K, 100% used [0x00000000d5580000,0x00000000d6500000,0x00000000d6500000)
  from space 1024K, 63% used [0x00000000d6700000,0x00000000d67a1f30,0x00000000d6800000)
  to   space 512K, 0% used [0x00000000d6800000,0x00000000d6800000,0x00000000d6880000)
 ParOldGen       total 68608K, used 56770K [0x0000000080000000, 0x0000000084300000, 0x00000000d5580000)
  object space 68608K, 82% used [0x0000000080000000,0x0000000083770918,0x0000000084300000)
 Metaspace       used 57328K, committed 58816K, reserved 1114112K
  class space    used 6108K, committed 6784K, reserved 1048576K
}
Event: 12.521 GC heap after
{Heap after GC invocations=46 (full 2):
 PSYoungGen      total 16384K, used 512K [0x00000000d5580000, 0x00000000d6880000, 0x0000000100000000)
  eden space 15872K, 0% used [0x00000000d5580000,0x00000000d5580000,0x00000000d6500000)
  from space 512K, 100% used [0x00000000d6800000,0x00000000d6880000,0x00000000d6880000)
  to   space 1024K, 0% used [0x00000000d6680000,0x00000000d6680000,0x00000000d6780000)
 ParOldGen       total 68608K, used 57092K [0x0000000080000000, 0x0000000084300000, 0x00000000d5580000)
  object space 68608K, 83% used [0x0000000080000000,0x00000000837c10f8,0x0000000084300000)
 Metaspace       used 57328K, committed 58816K, reserved 1114112K
  class space    used 6108K, committed 6784K, reserved 1048576K
}
Event: 12.725 GC heap before
{Heap before GC invocations=47 (full 2):
 PSYoungGen      total 16384K, used 16384K [0x00000000d5580000, 0x00000000d6880000, 0x0000000100000000)
  eden space 15872K, 100% used [0x00000000d5580000,0x00000000d6500000,0x00000000d6500000)
  from space 512K, 100% used [0x00000000d6800000,0x00000000d6880000,0x00000000d6880000)
  to   space 1024K, 0% used [0x00000000d6680000,0x00000000d6680000,0x00000000d6780000)
 ParOldGen       total 68608K, used 57092K [0x0000000080000000, 0x0000000084300000, 0x00000000d5580000)
  object space 68608K, 83% used [0x0000000080000000,0x00000000837c10f8,0x0000000084300000)
 Metaspace       used 57397K, committed 58880K, reserved 1114112K
  class space    used 6108K, committed 6784K, reserved 1048576K
}
Event: 12.726 GC heap after
{Heap after GC invocations=47 (full 2):
 PSYoungGen      total 16896K, used 608K [0x00000000d5580000, 0x00000000d6880000, 0x0000000100000000)
  eden space 15872K, 0% used [0x00000000d5580000,0x00000000d5580000,0x00000000d6500000)
  from space 1024K, 59% used [0x00000000d6680000,0x00000000d6718000,0x00000000d6780000)
  to   space 1024K, 0% used [0x00000000d6780000,0x00000000d6780000,0x00000000d6880000)
 ParOldGen       total 68608K, used 57465K [0x0000000080000000, 0x0000000084300000, 0x00000000d5580000)
  object space 68608K, 83% used [0x0000000080000000,0x000000008381e400,0x0000000084300000)
 Metaspace       used 57397K, committed 58880K, reserved 1114112K
  class space    used 6108K, committed 6784K, reserved 1048576K
}
Event: 12.928 GC heap before
{Heap before GC invocations=48 (full 2):
 PSYoungGen      total 16896K, used 16480K [0x00000000d5580000, 0x00000000d6880000, 0x0000000100000000)
  eden space 15872K, 100% used [0x00000000d5580000,0x00000000d6500000,0x00000000d6500000)
  from space 1024K, 59% used [0x00000000d6680000,0x00000000d6718000,0x00000000d6780000)
  to   space 1024K, 0% used [0x00000000d6780000,0x00000000d6780000,0x00000000d6880000)
 ParOldGen       total 68608K, used 57465K [0x0000000080000000, 0x0000000084300000, 0x00000000d5580000)
  object space 68608K, 83% used [0x0000000080000000,0x000000008381e400,0x0000000084300000)
 Metaspace       used 57506K, committed 58944K, reserved 1114112K
  class space    used 6114K, committed 6784K, reserved 1048576K
}
Event: 12.930 GC heap after
{Heap after GC invocations=48 (full 2):
 PSYoungGen      total 16896K, used 900K [0x00000000d5580000, 0x00000000d6880000, 0x0000000100000000)
  eden space 15872K, 0% used [0x00000000d5580000,0x00000000d5580000,0x00000000d6500000)
  from space 1024K, 87% used [0x00000000d6780000,0x00000000d68611b8,0x00000000d6880000)
  to   space 1024K, 0% used [0x00000000d6680000,0x00000000d6680000,0x00000000d6780000)
 ParOldGen       total 68608K, used 57696K [0x0000000080000000, 0x0000000084300000, 0x00000000d5580000)
  object space 68608K, 84% used [0x0000000080000000,0x0000000083858358,0x0000000084300000)
 Metaspace       used 57506K, committed 58944K, reserved 1114112K
  class space    used 6114K, committed 6784K, reserved 1048576K
}
Event: 13.061 GC heap before
{Heap before GC invocations=49 (full 2):
 PSYoungGen      total 16896K, used 16772K [0x00000000d5580000, 0x00000000d6880000, 0x0000000100000000)
  eden space 15872K, 100% used [0x00000000d5580000,0x00000000d6500000,0x00000000d6500000)
  from space 1024K, 87% used [0x00000000d6780000,0x00000000d68611b8,0x00000000d6880000)
  to   space 1024K, 0% used [0x00000000d6680000,0x00000000d6680000,0x00000000d6780000)
 ParOldGen       total 68608K, used 57696K [0x0000000080000000, 0x0000000084300000, 0x00000000d5580000)
  object space 68608K, 84% used [0x0000000080000000,0x0000000083858358,0x0000000084300000)
 Metaspace       used 57697K, committed 59136K, reserved 1114112K
  class space    used 6131K, committed 6784K, reserved 1048576K
}
Event: 13.063 GC heap after
{Heap after GC invocations=49 (full 2):
 PSYoungGen      total 16896K, used 985K [0x00000000d5580000, 0x00000000d6800000, 0x0000000100000000)
  eden space 15872K, 0% used [0x00000000d5580000,0x00000000d5580000,0x00000000d6500000)
  from space 1024K, 96% used [0x00000000d6680000,0x00000000d6776710,0x00000000d6780000)
  to   space 512K, 0% used [0x00000000d6780000,0x00000000d6780000,0x00000000d6800000)
 ParOldGen       total 68608K, used 57939K [0x0000000080000000, 0x0000000084300000, 0x00000000d5580000)
  object space 68608K, 84% used [0x0000000080000000,0x0000000083894c40,0x0000000084300000)
 Metaspace       used 57697K, committed 59136K, reserved 1114112K
  class space    used 6131K, committed 6784K, reserved 1048576K
}
Event: 13.131 GC heap before
{Heap before GC invocations=50 (full 2):
 PSYoungGen      total 16896K, used 16857K [0x00000000d5580000, 0x00000000d6800000, 0x0000000100000000)
  eden space 15872K, 100% used [0x00000000d5580000,0x00000000d6500000,0x00000000d6500000)
  from space 1024K, 96% used [0x00000000d6680000,0x00000000d6776710,0x00000000d6780000)
  to   space 512K, 0% used [0x00000000d6780000,0x00000000d6780000,0x00000000d6800000)
 ParOldGen       total 68608K, used 57939K [0x0000000080000000, 0x0000000084300000, 0x00000000d5580000)
  object space 68608K, 84% used [0x0000000080000000,0x0000000083894c40,0x0000000084300000)
 Metaspace       used 57784K, committed 59200K, reserved 1114112K
  class space    used 6137K, committed 6784K, reserved 1048576K
}
Event: 13.133 GC heap after
{Heap after GC invocations=50 (full 2):
 PSYoungGen      total 16384K, used 487K [0x00000000d5580000, 0x00000000d6800000, 0x0000000100000000)
  eden space 15872K, 0% used [0x00000000d5580000,0x00000000d5580000,0x00000000d6500000)
  from space 512K, 95% used [0x00000000d6780000,0x00000000d67f9eb8,0x00000000d6800000)
  to   space 1536K, 0% used [0x00000000d6500000,0x00000000d6500000,0x00000000d6680000)
 ParOldGen       total 68608K, used 58714K [0x0000000080000000, 0x0000000084300000, 0x00000000d5580000)
  object space 68608K, 85% used [0x0000000080000000,0x0000000083956be0,0x0000000084300000)
 Metaspace       used 57784K, committed 59200K, reserved 1114112K
  class space    used 6137K, committed 6784K, reserved 1048576K
}

