# JRE version: OpenJDK Runtime Environment Temurin-21.0.8+9 (21.0.8+9) (build 21.0.8+9-LTS)
# Java VM: OpenJDK 64-Bit Server VM Temurin-21.0.8+9 (21.0.8+9-LTS, mixed mode, sharing, tiered, compressed oops, compressed class ptrs, parallel gc, windows-amd64)
GC Precious Log:
 CardTable entry size: 512
 CPUs: 16 total, 16 available
 Memory: 16085M
 Large Page Support: Disabled
 NUMA Support: Disabled
 Compressed Oops: Enabled (32-bit)
 Alignments: Space 512K, Generation 512K, Heap 2M
 Heap Min Capacity: 100M
 Heap Initial Capacity: 100M
 Heap Max Capacity: 2G
 Pre-touch: Disabled
 Parallel Workers: 13
Heap:
 PSYoungGen      total 12800K, used 9350K [0x00000000d5580000, 0x00000000d6380000, 0x0000000100000000)
  eden space 12288K, 72% used [0x00000000d5580000,0x00000000d5e24868,0x00000000d6180000)
  from space 512K, 97% used [0x00000000d6300000,0x00000000d637d200,0x00000000d6380000)
  to   space 1024K, 0% used [0x00000000d6180000,0x00000000d6180000,0x00000000d6280000)
 ParOldGen       total 124928K, used 124730K [0x0000000080000000, 0x0000000087a00000, 0x00000000d5580000)
  object space 124928K, 99% used [0x0000000080000000,0x00000000879ce970,0x0000000087a00000)
 Metaspace       used 66973K, committed 68416K, reserved 1114112K
  class space    used 6720K, committed 7360K, reserved 1048576K
GC Heap History (20 events):
Event: 20.560 GC heap before
{Heap before GC invocations=146 (full 3):
 PSYoungGen      total 13824K, used 13811K [0x00000000d5580000, 0x00000000d6700000, 0x0000000100000000)
  eden space 12800K, 100% used [0x00000000d5580000,0x00000000d6200000,0x00000000d6200000)
  from space 1024K, 98% used [0x00000000d6480000,0x00000000d657cca0,0x00000000d6580000)
  to   space 2560K, 0% used [0x00000000d6200000,0x00000000d6200000,0x00000000d6480000)
 ParOldGen       total 117760K, used 117300K [0x0000000080000000, 0x0000000087300000, 0x00000000d5580000)
  object space 117760K, 99% used [0x0000000080000000,0x000000008728d058,0x0000000087300000)
 Metaspace       used 66405K, committed 67840K, reserved 1114112K
  class space    used 6699K, committed 7360K, reserved 1048576K
}
Event: 20.562 GC heap after
{Heap after GC invocations=146 (full 3):
 PSYoungGen      total 14848K, used 1652K [0x00000000d5580000, 0x00000000d6600000, 0x0000000100000000)
  eden space 12800K, 0% used [0x00000000d5580000,0x00000000d5580000,0x00000000d6200000)
  from space 2048K, 80% used [0x00000000d6200000,0x00000000d639d220,0x00000000d6400000)
  to   space 2048K, 0% used [0x00000000d6400000,0x00000000d6400000,0x00000000d6600000)
 ParOldGen       total 118784K, used 118295K [0x0000000080000000, 0x0000000087400000, 0x00000000d5580000)
  object space 118784K, 99% used [0x0000000080000000,0x0000000087385d48,0x0000000087400000)
 Metaspace       used 66405K, committed 67840K, reserved 1114112K
  class space    used 6699K, committed 7360K, reserved 1048576K
}
Event: 20.630 GC heap before
{Heap before GC invocations=147 (full 3):
 PSYoungGen      total 14848K, used 14452K [0x00000000d5580000, 0x00000000d6600000, 0x0000000100000000)
  eden space 12800K, 100% used [0x00000000d5580000,0x00000000d6200000,0x00000000d6200000)
  from space 2048K, 80% used [0x00000000d6200000,0x00000000d639d220,0x00000000d6400000)
  to   space 2048K, 0% used [0x00000000d6400000,0x00000000d6400000,0x00000000d6600000)
 ParOldGen       total 118784K, used 118295K [0x0000000080000000, 0x0000000087400000, 0x00000000d5580000)
  object space 118784K, 99% used [0x0000000080000000,0x0000000087385d48,0x0000000087400000)
 Metaspace       used 66426K, committed 67904K, reserved 1114112K
  class space    used 6700K, committed 7360K, reserved 1048576K
}
Event: 20.632 GC heap after
{Heap after GC invocations=147 (full 3):
 PSYoungGen      total 14848K, used 1444K [0x00000000d5580000, 0x00000000d6600000, 0x0000000100000000)
  eden space 12800K, 0% used [0x00000000d5580000,0x00000000d5580000,0x00000000d6200000)
  from space 2048K, 70% used [0x00000000d6400000,0x00000000d6569210,0x00000000d6600000)
  to   space 2048K, 0% used [0x00000000d6200000,0x00000000d6200000,0x00000000d6400000)
 ParOldGen       total 119808K, used 119676K [0x0000000080000000, 0x0000000087500000, 0x00000000d5580000)
  object space 119808K, 99% used [0x0000000080000000,0x00000000874df1e8,0x0000000087500000)
 Metaspace       used 66426K, committed 67904K, reserved 1114112K
  class space    used 6700K, committed 7360K, reserved 1048576K
}
Event: 20.687 GC heap before
{Heap before GC invocations=148 (full 3):
 PSYoungGen      total 14848K, used 14244K [0x00000000d5580000, 0x00000000d6600000, 0x0000000100000000)
  eden space 12800K, 100% used [0x00000000d5580000,0x00000000d6200000,0x00000000d6200000)
  from space 2048K, 70% used [0x00000000d6400000,0x00000000d6569210,0x00000000d6600000)
  to   space 2048K, 0% used [0x00000000d6200000,0x00000000d6200000,0x00000000d6400000)
 ParOldGen       total 119808K, used 119676K [0x0000000080000000, 0x0000000087500000, 0x00000000d5580000)
  object space 119808K, 99% used [0x0000000080000000,0x00000000874df1e8,0x0000000087500000)
 Metaspace       used 66458K, committed 67904K, reserved 1114112K
  class space    used 6702K, committed 7360K, reserved 1048576K
}
Event: 20.689 GC heap after
{Heap after GC invocations=148 (full 3):
 PSYoungGen      total 13824K, used 871K [0x00000000d5580000, 0x00000000d6500000, 0x0000000100000000)
  eden space 12800K, 0% used [0x00000000d5580000,0x00000000d5580000,0x00000000d6200000)
  from space 1024K, 85% used [0x00000000d6200000,0x00000000d62d9ff8,0x00000000d6300000)
  to   space 1536K, 0% used [0x00000000d6380000,0x00000000d6380000,0x00000000d6500000)
 ParOldGen       total 120832K, used 120584K [0x0000000080000000, 0x0000000087600000, 0x00000000d5580000)
  object space 120832K, 99% used [0x0000000080000000,0x00000000875c23a8,0x0000000087600000)
 Metaspace       used 66458K, committed 67904K, reserved 1114112K
  class space    used 6702K, committed 7360K, reserved 1048576K
}
Event: 20.747 GC heap before
{Heap before GC invocations=149 (full 3):
 PSYoungGen      total 13824K, used 13671K [0x00000000d5580000, 0x00000000d6500000, 0x0000000100000000)
  eden space 12800K, 100% used [0x00000000d5580000,0x00000000d6200000,0x00000000d6200000)
  from space 1024K, 85% used [0x00000000d6200000,0x00000000d62d9ff8,0x00000000d6300000)
  to   space 1536K, 0% used [0x00000000d6380000,0x00000000d6380000,0x00000000d6500000)
 ParOldGen       total 120832K, used 120584K [0x0000000080000000, 0x0000000087600000, 0x00000000d5580000)
  object space 120832K, 99% used [0x0000000080000000,0x00000000875c23a8,0x0000000087600000)
 Metaspace       used 66537K, committed 68032K, reserved 1114112K
  class space    used 6702K, committed 7360K, reserved 1048576K
}
Event: 20.749 GC heap after
{Heap after GC invocations=149 (full 3):
 PSYoungGen      total 14336K, used 1172K [0x00000000d5580000, 0x00000000d6500000, 0x0000000100000000)
  eden space 12800K, 0% used [0x00000000d5580000,0x00000000d5580000,0x00000000d6200000)
  from space 1536K, 76% used [0x00000000d6380000,0x00000000d64a5220,0x00000000d6500000)
  to   space 1536K, 0% used [0x00000000d6200000,0x00000000d6200000,0x00000000d6380000)
 ParOldGen       total 121344K, used 121146K [0x0000000080000000, 0x0000000087680000, 0x00000000d5580000)
  object space 121344K, 99% used [0x0000000080000000,0x000000008764eaf0,0x0000000087680000)
 Metaspace       used 66537K, committed 68032K, reserved 1114112K
  class space    used 6702K, committed 7360K, reserved 1048576K
}
Event: 20.801 GC heap before
{Heap before GC invocations=150 (full 3):
 PSYoungGen      total 14336K, used 13972K [0x00000000d5580000, 0x00000000d6500000, 0x0000000100000000)
  eden space 12800K, 100% used [0x00000000d5580000,0x00000000d6200000,0x00000000d6200000)
  from space 1536K, 76% used [0x00000000d6380000,0x00000000d64a5220,0x00000000d6500000)
  to   space 1536K, 0% used [0x00000000d6200000,0x00000000d6200000,0x00000000d6380000)
 ParOldGen       total 121344K, used 121146K [0x0000000080000000, 0x0000000087680000, 0x00000000d5580000)
  object space 121344K, 99% used [0x0000000080000000,0x000000008764eaf0,0x0000000087680000)
 Metaspace       used 66542K, committed 68032K, reserved 1114112K
  class space    used 6702K, committed 7360K, reserved 1048576K
}
Event: 20.802 GC heap after
{Heap after GC invocations=150 (full 3):
 PSYoungGen      total 13312K, used 160K [0x00000000d5580000, 0x00000000d6400000, 0x0000000100000000)
  eden space 12800K, 0% used [0x00000000d5580000,0x00000000d5580000,0x00000000d6200000)
  from space 512K, 31% used [0x00000000d6200000,0x00000000d6228000,0x00000000d6280000)
  to   space 1024K, 0% used [0x00000000d6300000,0x00000000d6300000,0x00000000d6400000)
 ParOldGen       total 122368K, used 121992K [0x0000000080000000, 0x0000000087780000, 0x00000000d5580000)
  object space 122368K, 99% used [0x0000000080000000,0x00000000877222b0,0x0000000087780000)
 Metaspace       used 66542K, committed 68032K, reserved 1114112K
  class space    used 6702K, committed 7360K, reserved 1048576K
}
Event: 20.837 GC heap before
{Heap before GC invocations=151 (full 3):
 PSYoungGen      total 13312K, used 12960K [0x00000000d5580000, 0x00000000d6400000, 0x0000000100000000)
  eden space 12800K, 100% used [0x00000000d5580000,0x00000000d6200000,0x00000000d6200000)
  from space 512K, 31% used [0x00000000d6200000,0x00000000d6228000,0x00000000d6280000)
  to   space 1024K, 0% used [0x00000000d6300000,0x00000000d6300000,0x00000000d6400000)
 ParOldGen       total 122368K, used 121992K [0x0000000080000000, 0x0000000087780000, 0x00000000d5580000)
  object space 122368K, 99% used [0x0000000080000000,0x00000000877222b0,0x0000000087780000)
 Metaspace       used 66549K, committed 68032K, reserved 1114112K
  class space    used 6702K, committed 7360K, reserved 1048576K
}
Event: 20.838 GC heap after
{Heap after GC invocations=151 (full 3):
 PSYoungGen      total 13824K, used 762K [0x00000000d5580000, 0x00000000d6400000, 0x0000000100000000)
  eden space 12800K, 0% used [0x00000000d5580000,0x00000000d5580000,0x00000000d6200000)
  from space 1024K, 74% used [0x00000000d6300000,0x00000000d63be900,0x00000000d6400000)
  to   space 1024K, 0% used [0x00000000d6200000,0x00000000d6200000,0x00000000d6300000)
 ParOldGen       total 122368K, used 122032K [0x0000000080000000, 0x0000000087780000, 0x00000000d5580000)
  object space 122368K, 99% used [0x0000000080000000,0x000000008772c2b0,0x0000000087780000)
 Metaspace       used 66549K, committed 68032K, reserved 1114112K
  class space    used 6702K, committed 7360K, reserved 1048576K
}
Event: 20.886 GC heap before
{Heap before GC invocations=152 (full 3):
 PSYoungGen      total 13824K, used 13562K [0x00000000d5580000, 0x00000000d6400000, 0x0000000100000000)
  eden space 12800K, 100% used [0x00000000d5580000,0x00000000d6200000,0x00000000d6200000)
  from space 1024K, 74% used [0x00000000d6300000,0x00000000d63be900,0x00000000d6400000)
  to   space 1024K, 0% used [0x00000000d6200000,0x00000000d6200000,0x00000000d6300000)
 ParOldGen       total 122368K, used 122032K [0x0000000080000000, 0x0000000087780000, 0x00000000d5580000)
  object space 122368K, 99% used [0x0000000080000000,0x000000008772c2b0,0x0000000087780000)
 Metaspace       used 66559K, committed 68032K, reserved 1114112K
  class space    used 6703K, committed 7360K, reserved 1048576K
}
Event: 20.888 GC heap after
{Heap after GC invocations=152 (full 3):
 PSYoungGen      total 13824K, used 932K [0x00000000d5580000, 0x00000000d6400000, 0x0000000100000000)
  eden space 12800K, 0% used [0x00000000d5580000,0x00000000d5580000,0x00000000d6200000)
  from space 1024K, 91% used [0x00000000d6200000,0x00000000d62e9210,0x00000000d6300000)
  to   space 1024K, 0% used [0x00000000d6300000,0x00000000d6300000,0x00000000d6400000)
 ParOldGen       total 122880K, used 122661K [0x0000000080000000, 0x0000000087800000, 0x00000000d5580000)
  object space 122880K, 99% used [0x0000000080000000,0x00000000877c94e0,0x0000000087800000)
 Metaspace       used 66559K, committed 68032K, reserved 1114112K
  class space    used 6703K, committed 7360K, reserved 1048576K
}
Event: 20.939 GC heap before
{Heap before GC invocations=153 (full 3):
 PSYoungGen      total 13824K, used 13732K [0x00000000d5580000, 0x00000000d6400000, 0x0000000100000000)
  eden space 12800K, 100% used [0x00000000d5580000,0x00000000d6200000,0x00000000d6200000)
  from space 1024K, 91% used [0x00000000d6200000,0x00000000d62e9210,0x00000000d6300000)
  to   space 1024K, 0% used [0x00000000d6300000,0x00000000d6300000,0x00000000d6400000)
 ParOldGen       total 122880K, used 122661K [0x0000000080000000, 0x0000000087800000, 0x00000000d5580000)
  object space 122880K, 99% used [0x0000000080000000,0x00000000877c94e0,0x0000000087800000)
 Metaspace       used 66626K, committed 68096K, reserved 1114112K
  class space    used 6703K, committed 7360K, reserved 1048576K
}
Event: 20.940 GC heap after
{Heap after GC invocations=153 (full 3):
 PSYoungGen      total 13312K, used 1008K [0x00000000d5580000, 0x00000000d6500000, 0x0000000100000000)
  eden space 12288K, 0% used [0x00000000d5580000,0x00000000d5580000,0x00000000d6180000)
  from space 1024K, 98% used [0x00000000d6300000,0x00000000d63fc2f8,0x00000000d6400000)
  to   space 1536K, 0% used [0x00000000d6180000,0x00000000d6180000,0x00000000d6300000)
 ParOldGen       total 123392K, used 123065K [0x0000000080000000, 0x0000000087880000, 0x00000000d5580000)
  object space 123392K, 99% used [0x0000000080000000,0x000000008782e780,0x0000000087880000)
 Metaspace       used 66626K, committed 68096K, reserved 1114112K
  class space    used 6703K, committed 7360K, reserved 1048576K
}
Event: 20.986 GC heap before
{Heap before GC invocations=154 (full 3):
 PSYoungGen      total 13312K, used 13296K [0x00000000d5580000, 0x00000000d6500000, 0x0000000100000000)
  eden space 12288K, 100% used [0x00000000d5580000,0x00000000d6180000,0x00000000d6180000)
  from space 1024K, 98% used [0x00000000d6300000,0x00000000d63fc2f8,0x00000000d6400000)
  to   space 1536K, 0% used [0x00000000d6180000,0x00000000d6180000,0x00000000d6300000)
 ParOldGen       total 123392K, used 123065K [0x0000000080000000, 0x0000000087880000, 0x00000000d5580000)
  object space 123392K, 99% used [0x0000000080000000,0x000000008782e780,0x0000000087880000)
 Metaspace       used 66661K, committed 68096K, reserved 1114112K
  class space    used 6703K, committed 7360K, reserved 1048576K
}
Event: 20.988 GC heap after
{Heap after GC invocations=154 (full 3):
 PSYoungGen      total 13824K, used 1092K [0x00000000d5580000, 0x00000000d6480000, 0x0000000100000000)
  eden space 12288K, 0% used [0x00000000d5580000,0x00000000d5580000,0x00000000d6180000)
  from space 1536K, 71% used [0x00000000d6180000,0x00000000d6291210,0x00000000d6300000)
  to   space 1536K, 0% used [0x00000000d6300000,0x00000000d6300000,0x00000000d6480000)
 ParOldGen       total 123904K, used 123786K [0x0000000080000000, 0x0000000087900000, 0x00000000d5580000)
  object space 123904K, 99% used [0x0000000080000000,0x00000000878e2850,0x0000000087900000)
 Metaspace       used 66661K, committed 68096K, reserved 1114112K
  class space    used 6703K, committed 7360K, reserved 1048576K
}
Event: 21.030 GC heap before
{Heap before GC invocations=155 (full 3):
 PSYoungGen      total 13824K, used 13380K [0x00000000d5580000, 0x00000000d6480000, 0x0000000100000000)
  eden space 12288K, 100% used [0x00000000d5580000,0x00000000d6180000,0x00000000d6180000)
  from space 1536K, 71% used [0x00000000d6180000,0x00000000d6291210,0x00000000d6300000)
  to   space 1536K, 0% used [0x00000000d6300000,0x00000000d6300000,0x00000000d6480000)
 ParOldGen       total 123904K, used 123786K [0x0000000080000000, 0x0000000087900000, 0x00000000d5580000)
  object space 123904K, 99% used [0x0000000080000000,0x00000000878e2850,0x0000000087900000)
 Metaspace       used 66714K, committed 68160K, reserved 1114112K
  class space    used 6704K, committed 7360K, reserved 1048576K
}
Event: 21.031 GC heap after
{Heap after GC invocations=155 (full 3):
 PSYoungGen      total 12800K, used 500K [0x00000000d5580000, 0x00000000d6380000, 0x0000000100000000)
  eden space 12288K, 0% used [0x00000000d5580000,0x00000000d5580000,0x00000000d6180000)
  from space 512K, 97% used [0x00000000d6300000,0x00000000d637d200,0x00000000d6380000)
  to   space 1024K, 0% used [0x00000000d6180000,0x00000000d6180000,0x00000000d6280000)
 ParOldGen       total 124928K, used 124730K [0x0000000080000000, 0x0000000087a00000, 0x00000000d5580000)
  object space 124928K, 99% used [0x0000000080000000,0x00000000879ce970,0x0000000087a00000)
 Metaspace       used 66714K, committed 68160K, reserved 1114112K
  class space    used 6704K, committed 7360K, reserved 1048576K
}

