# JRE version: OpenJDK Runtime Environment Temurin-21.0.8+9 (21.0.8+9) (build 21.0.8+9-LTS)
# Java VM: OpenJDK 64-Bit Server VM Temurin-21.0.8+9 (21.0.8+9-LTS, mixed mode, sharing, tiered, compressed oops, compressed class ptrs, parallel gc, windows-amd64)
GC Precious Log:
 CardTable entry size: 512
 CPUs: 16 total, 16 available
 Memory: 16085M
 Large Page Support: Disabled
 NUMA Support: Disabled
 Compressed Oops: Enabled (32-bit)
 Alignments: Space 512K, Generation 512K, Heap 2M
 Heap Min Capacity: 100M
 Heap Initial Capacity: 100M
 Heap Max Capacity: 2G
 Pre-touch: Disabled
 Parallel Workers: 13
Heap:
 PSYoungGen      total 23040K, used 5665K [0x00000000d5580000, 0x00000000d7080000, 0x0000000100000000)
  eden space 22016K, 21% used [0x00000000d5580000,0x00000000d5a30670,0x00000000d6b00000)
  from space 1024K, 84% used [0x00000000d6f00000,0x00000000d6fd8000,0x00000000d7000000)
  to   space 512K, 0% used [0x00000000d7000000,0x00000000d7000000,0x00000000d7080000)
 ParOldGen       total 68608K, used 52540K [0x0000000080000000, 0x0000000084300000, 0x00000000d5580000)
  object space 68608K, 76% used [0x0000000080000000,0x000000008334f250,0x0000000084300000)
 Metaspace       used 54880K, committed 56192K, reserved 1114112K
  class space    used 5918K, committed 6464K, reserved 1048576K
GC Heap History (20 events):
Event: 8.213 GC heap after
{Heap after GC invocations=23 (full 2):
 PSYoungGen      total 23040K, used 416K [0x00000000d5580000, 0x00000000d7000000, 0x0000000100000000)
  eden space 22016K, 0% used [0x00000000d5580000,0x00000000d5580000,0x00000000d6b00000)
  from space 1024K, 40% used [0x00000000d6e00000,0x00000000d6e68000,0x00000000d6f00000)
  to   space 512K, 0% used [0x00000000d6f80000,0x00000000d6f80000,0x00000000d7000000)
 ParOldGen       total 68608K, used 35386K [0x0000000080000000, 0x0000000084300000, 0x00000000d5580000)
  object space 68608K, 51% used [0x0000000080000000,0x000000008228eb30,0x0000000084300000)
 Metaspace       used 47481K, committed 48768K, reserved 1114112K
  class space    used 5129K, committed 5696K, reserved 1048576K
}
Event: 8.386 GC heap before
{Heap before GC invocations=24 (full 2):
 PSYoungGen      total 23040K, used 22432K [0x00000000d5580000, 0x00000000d7000000, 0x0000000100000000)
  eden space 22016K, 100% used [0x00000000d5580000,0x00000000d6b00000,0x00000000d6b00000)
  from space 1024K, 40% used [0x00000000d6e00000,0x00000000d6e68000,0x00000000d6f00000)
  to   space 512K, 0% used [0x00000000d6f80000,0x00000000d6f80000,0x00000000d7000000)
 ParOldGen       total 68608K, used 35386K [0x0000000080000000, 0x0000000084300000, 0x00000000d5580000)
  object space 68608K, 51% used [0x0000000080000000,0x000000008228eb30,0x0000000084300000)
 Metaspace       used 47992K, committed 49216K, reserved 1114112K
  class space    used 5165K, committed 5696K, reserved 1048576K
}
Event: 8.389 GC heap after
{Heap after GC invocations=24 (full 2):
 PSYoungGen      total 22528K, used 480K [0x00000000d5580000, 0x00000000d7100000, 0x0000000100000000)
  eden space 22016K, 0% used [0x00000000d5580000,0x00000000d5580000,0x00000000d6b00000)
  from space 512K, 93% used [0x00000000d6f80000,0x00000000d6ff8030,0x00000000d7000000)
  to   space 3072K, 0% used [0x00000000d6b00000,0x00000000d6b00000,0x00000000d6e00000)
 ParOldGen       total 68608K, used 37402K [0x0000000080000000, 0x0000000084300000, 0x00000000d5580000)
  object space 68608K, 54% used [0x0000000080000000,0x0000000082486b40,0x0000000084300000)
 Metaspace       used 47992K, committed 49216K, reserved 1114112K
  class space    used 5165K, committed 5696K, reserved 1048576K
}
Event: 8.501 GC heap before
{Heap before GC invocations=25 (full 2):
 PSYoungGen      total 22528K, used 22496K [0x00000000d5580000, 0x00000000d7100000, 0x0000000100000000)
  eden space 22016K, 100% used [0x00000000d5580000,0x00000000d6b00000,0x00000000d6b00000)
  from space 512K, 93% used [0x00000000d6f80000,0x00000000d6ff8030,0x00000000d7000000)
  to   space 3072K, 0% used [0x00000000d6b00000,0x00000000d6b00000,0x00000000d6e00000)
 ParOldGen       total 68608K, used 37402K [0x0000000080000000, 0x0000000084300000, 0x00000000d5580000)
  object space 68608K, 54% used [0x0000000080000000,0x0000000082486b40,0x0000000084300000)
 Metaspace       used 48379K, committed 49600K, reserved 1114112K
  class space    used 5222K, committed 5760K, reserved 1048576K
}
Event: 8.504 GC heap after
{Heap after GC invocations=25 (full 2):
 PSYoungGen      total 25088K, used 2769K [0x00000000d5580000, 0x00000000d7100000, 0x0000000100000000)
  eden space 22016K, 0% used [0x00000000d5580000,0x00000000d5580000,0x00000000d6b00000)
  from space 3072K, 90% used [0x00000000d6b00000,0x00000000d6db4420,0x00000000d6e00000)
  to   space 3072K, 0% used [0x00000000d6e00000,0x00000000d6e00000,0x00000000d7100000)
 ParOldGen       total 68608K, used 37879K [0x0000000080000000, 0x0000000084300000, 0x00000000d5580000)
  object space 68608K, 55% used [0x0000000080000000,0x00000000824fdeb8,0x0000000084300000)
 Metaspace       used 48379K, committed 49600K, reserved 1114112K
  class space    used 5222K, committed 5760K, reserved 1048576K
}
Event: 8.578 GC heap before
{Heap before GC invocations=26 (full 2):
 PSYoungGen      total 25088K, used 24785K [0x00000000d5580000, 0x00000000d7100000, 0x0000000100000000)
  eden space 22016K, 100% used [0x00000000d5580000,0x00000000d6b00000,0x00000000d6b00000)
  from space 3072K, 90% used [0x00000000d6b00000,0x00000000d6db4420,0x00000000d6e00000)
  to   space 3072K, 0% used [0x00000000d6e00000,0x00000000d6e00000,0x00000000d7100000)
 ParOldGen       total 68608K, used 37879K [0x0000000080000000, 0x0000000084300000, 0x00000000d5580000)
  object space 68608K, 55% used [0x0000000080000000,0x00000000824fdeb8,0x0000000084300000)
 Metaspace       used 48392K, committed 49600K, reserved 1114112K
  class space    used 5222K, committed 5760K, reserved 1048576K
}
Event: 8.580 GC heap after
{Heap after GC invocations=26 (full 2):
 PSYoungGen      total 25088K, used 2562K [0x00000000d5580000, 0x00000000d7100000, 0x0000000100000000)
  eden space 22016K, 0% used [0x00000000d5580000,0x00000000d5580000,0x00000000d6b00000)
  from space 3072K, 83% used [0x00000000d6e00000,0x00000000d7080800,0x00000000d7100000)
  to   space 3072K, 0% used [0x00000000d6b00000,0x00000000d6b00000,0x00000000d6e00000)
 ParOldGen       total 68608K, used 40362K [0x0000000080000000, 0x0000000084300000, 0x00000000d5580000)
  object space 68608K, 58% used [0x0000000080000000,0x000000008276abc0,0x0000000084300000)
 Metaspace       used 48392K, committed 49600K, reserved 1114112K
  class space    used 5222K, committed 5760K, reserved 1048576K
}
Event: 8.706 GC heap before
{Heap before GC invocations=27 (full 2):
 PSYoungGen      total 25088K, used 24578K [0x00000000d5580000, 0x00000000d7100000, 0x0000000100000000)
  eden space 22016K, 100% used [0x00000000d5580000,0x00000000d6b00000,0x00000000d6b00000)
  from space 3072K, 83% used [0x00000000d6e00000,0x00000000d7080800,0x00000000d7100000)
  to   space 3072K, 0% used [0x00000000d6b00000,0x00000000d6b00000,0x00000000d6e00000)
 ParOldGen       total 68608K, used 40362K [0x0000000080000000, 0x0000000084300000, 0x00000000d5580000)
  object space 68608K, 58% used [0x0000000080000000,0x000000008276abc0,0x0000000084300000)
 Metaspace       used 48397K, committed 49600K, reserved 1114112K
  class space    used 5222K, committed 5760K, reserved 1048576K
}
Event: 8.709 GC heap after
{Heap after GC invocations=27 (full 2):
 PSYoungGen      total 25088K, used 2628K [0x00000000d5580000, 0x00000000d7100000, 0x0000000100000000)
  eden space 22016K, 0% used [0x00000000d5580000,0x00000000d5580000,0x00000000d6b00000)
  from space 3072K, 85% used [0x00000000d6b00000,0x00000000d6d91000,0x00000000d6e00000)
  to   space 3072K, 0% used [0x00000000d6e00000,0x00000000d6e00000,0x00000000d7100000)
 ParOldGen       total 68608K, used 42593K [0x0000000080000000, 0x0000000084300000, 0x00000000d5580000)
  object space 68608K, 62% used [0x0000000080000000,0x0000000082998570,0x0000000084300000)
 Metaspace       used 48397K, committed 49600K, reserved 1114112K
  class space    used 5222K, committed 5760K, reserved 1048576K
}
Event: 8.825 GC heap before
{Heap before GC invocations=28 (full 2):
 PSYoungGen      total 25088K, used 24644K [0x00000000d5580000, 0x00000000d7100000, 0x0000000100000000)
  eden space 22016K, 100% used [0x00000000d5580000,0x00000000d6b00000,0x00000000d6b00000)
  from space 3072K, 85% used [0x00000000d6b00000,0x00000000d6d91000,0x00000000d6e00000)
  to   space 3072K, 0% used [0x00000000d6e00000,0x00000000d6e00000,0x00000000d7100000)
 ParOldGen       total 68608K, used 42593K [0x0000000080000000, 0x0000000084300000, 0x00000000d5580000)
  object space 68608K, 62% used [0x0000000080000000,0x0000000082998570,0x0000000084300000)
 Metaspace       used 48428K, committed 49728K, reserved 1114112K
  class space    used 5223K, committed 5760K, reserved 1048576K
}
Event: 8.828 GC heap after
{Heap after GC invocations=28 (full 2):
 PSYoungGen      total 24576K, used 2456K [0x00000000d5580000, 0x00000000d7080000, 0x0000000100000000)
  eden space 22016K, 0% used [0x00000000d5580000,0x00000000d5580000,0x00000000d6b00000)
  from space 2560K, 95% used [0x00000000d6e00000,0x00000000d7066210,0x00000000d7080000)
  to   space 2560K, 0% used [0x00000000d6b80000,0x00000000d6b80000,0x00000000d6e00000)
 ParOldGen       total 68608K, used 45021K [0x0000000080000000, 0x0000000084300000, 0x00000000d5580000)
  object space 68608K, 65% used [0x0000000080000000,0x0000000082bf7570,0x0000000084300000)
 Metaspace       used 48428K, committed 49728K, reserved 1114112K
  class space    used 5223K, committed 5760K, reserved 1048576K
}
Event: 9.108 GC heap before
{Heap before GC invocations=29 (full 2):
 PSYoungGen      total 24576K, used 24472K [0x00000000d5580000, 0x00000000d7080000, 0x0000000100000000)
  eden space 22016K, 100% used [0x00000000d5580000,0x00000000d6b00000,0x00000000d6b00000)
  from space 2560K, 95% used [0x00000000d6e00000,0x00000000d7066210,0x00000000d7080000)
  to   space 2560K, 0% used [0x00000000d6b80000,0x00000000d6b80000,0x00000000d6e00000)
 ParOldGen       total 68608K, used 45021K [0x0000000080000000, 0x0000000084300000, 0x00000000d5580000)
  object space 68608K, 65% used [0x0000000080000000,0x0000000082bf7570,0x0000000084300000)
 Metaspace       used 48712K, committed 49920K, reserved 1114112K
  class space    used 5250K, committed 5760K, reserved 1048576K
}
Event: 9.112 GC heap after
{Heap after GC invocations=29 (full 2):
 PSYoungGen      total 24576K, used 2560K [0x00000000d5580000, 0x00000000d7700000, 0x0000000100000000)
  eden space 22016K, 0% used [0x00000000d5580000,0x00000000d5580000,0x00000000d6b00000)
  from space 2560K, 100% used [0x00000000d6b80000,0x00000000d6e00000,0x00000000d6e00000)
  to   space 6144K, 0% used [0x00000000d7100000,0x00000000d7100000,0x00000000d7700000)
 ParOldGen       total 68608K, used 47957K [0x0000000080000000, 0x0000000084300000, 0x00000000d5580000)
  object space 68608K, 69% used [0x0000000080000000,0x0000000082ed5780,0x0000000084300000)
 Metaspace       used 48712K, committed 49920K, reserved 1114112K
  class space    used 5250K, committed 5760K, reserved 1048576K
}
Event: 9.638 GC heap before
{Heap before GC invocations=30 (full 2):
 PSYoungGen      total 24576K, used 24561K [0x00000000d5580000, 0x00000000d7700000, 0x0000000100000000)
  eden space 22016K, 99% used [0x00000000d5580000,0x00000000d6afc498,0x00000000d6b00000)
  from space 2560K, 100% used [0x00000000d6b80000,0x00000000d6e00000,0x00000000d6e00000)
  to   space 6144K, 0% used [0x00000000d7100000,0x00000000d7100000,0x00000000d7700000)
 ParOldGen       total 68608K, used 47957K [0x0000000080000000, 0x0000000084300000, 0x00000000d5580000)
  object space 68608K, 69% used [0x0000000080000000,0x0000000082ed5780,0x0000000084300000)
 Metaspace       used 49360K, committed 50624K, reserved 1114112K
  class space    used 5310K, committed 5888K, reserved 1048576K
}
Event: 9.642 GC heap after
{Heap after GC invocations=30 (full 2):
 PSYoungGen      total 23552K, used 1518K [0x00000000d5580000, 0x00000000d7280000, 0x0000000100000000)
  eden space 22016K, 0% used [0x00000000d5580000,0x00000000d5580000,0x00000000d6b00000)
  from space 1536K, 98% used [0x00000000d7100000,0x00000000d727b8a8,0x00000000d7280000)
  to   space 3072K, 0% used [0x00000000d6c80000,0x00000000d6c80000,0x00000000d6f80000)
 ParOldGen       total 68608K, used 50418K [0x0000000080000000, 0x0000000084300000, 0x00000000d5580000)
  object space 68608K, 73% used [0x0000000080000000,0x000000008313cad8,0x0000000084300000)
 Metaspace       used 49360K, committed 50624K, reserved 1114112K
  class space    used 5310K, committed 5888K, reserved 1048576K
}
Event: 9.968 GC heap before
{Heap before GC invocations=31 (full 2):
 PSYoungGen      total 23552K, used 23509K [0x00000000d5580000, 0x00000000d7280000, 0x0000000100000000)
  eden space 22016K, 99% used [0x00000000d5580000,0x00000000d6af9eb0,0x00000000d6b00000)
  from space 1536K, 98% used [0x00000000d7100000,0x00000000d727b8a8,0x00000000d7280000)
  to   space 3072K, 0% used [0x00000000d6c80000,0x00000000d6c80000,0x00000000d6f80000)
 ParOldGen       total 68608K, used 50418K [0x0000000080000000, 0x0000000084300000, 0x00000000d5580000)
  object space 68608K, 73% used [0x0000000080000000,0x000000008313cad8,0x0000000084300000)
 Metaspace       used 51392K, committed 52672K, reserved 1114112K
  class space    used 5588K, committed 6144K, reserved 1048576K
}
Event: 9.970 GC heap after
{Heap after GC invocations=31 (full 2):
 PSYoungGen      total 25088K, used 893K [0x00000000d5580000, 0x00000000d7180000, 0x0000000100000000)
  eden space 22016K, 0% used [0x00000000d5580000,0x00000000d5580000,0x00000000d6b00000)
  from space 3072K, 29% used [0x00000000d6c80000,0x00000000d6d5f400,0x00000000d6f80000)
  to   space 1536K, 0% used [0x00000000d7000000,0x00000000d7000000,0x00000000d7180000)
 ParOldGen       total 68608K, used 51447K [0x0000000080000000, 0x0000000084300000, 0x00000000d5580000)
  object space 68608K, 74% used [0x0000000080000000,0x000000008323dd88,0x0000000084300000)
 Metaspace       used 51392K, committed 52672K, reserved 1114112K
  class space    used 5588K, committed 6144K, reserved 1048576K
}
Event: 10.461 GC heap before
{Heap before GC invocations=32 (full 2):
 PSYoungGen      total 25088K, used 22909K [0x00000000d5580000, 0x00000000d7180000, 0x0000000100000000)
  eden space 22016K, 100% used [0x00000000d5580000,0x00000000d6b00000,0x00000000d6b00000)
  from space 3072K, 29% used [0x00000000d6c80000,0x00000000d6d5f400,0x00000000d6f80000)
  to   space 1536K, 0% used [0x00000000d7000000,0x00000000d7000000,0x00000000d7180000)
 ParOldGen       total 68608K, used 51447K [0x0000000080000000, 0x0000000084300000, 0x00000000d5580000)
  object space 68608K, 74% used [0x0000000080000000,0x000000008323dd88,0x0000000084300000)
 Metaspace       used 52451K, committed 53696K, reserved 1114112K
  class space    used 5704K, committed 6208K, reserved 1048576K
}
Event: 10.462 GC heap after
{Heap after GC invocations=32 (full 2):
 PSYoungGen      total 23040K, used 544K [0x00000000d5580000, 0x00000000d7100000, 0x0000000100000000)
  eden space 22016K, 0% used [0x00000000d5580000,0x00000000d5580000,0x00000000d6b00000)
  from space 1024K, 53% used [0x00000000d7000000,0x00000000d7088000,0x00000000d7100000)
  to   space 1024K, 0% used [0x00000000d6f00000,0x00000000d6f00000,0x00000000d7000000)
 ParOldGen       total 68608K, used 52212K [0x0000000080000000, 0x0000000084300000, 0x00000000d5580000)
  object space 68608K, 76% used [0x0000000080000000,0x00000000832fd250,0x0000000084300000)
 Metaspace       used 52451K, committed 53696K, reserved 1114112K
  class space    used 5704K, committed 6208K, reserved 1048576K
}
Event: 10.897 GC heap before
{Heap before GC invocations=33 (full 2):
 PSYoungGen      total 23040K, used 22560K [0x00000000d5580000, 0x00000000d7100000, 0x0000000100000000)
  eden space 22016K, 100% used [0x00000000d5580000,0x00000000d6b00000,0x00000000d6b00000)
  from space 1024K, 53% used [0x00000000d7000000,0x00000000d7088000,0x00000000d7100000)
  to   space 1024K, 0% used [0x00000000d6f00000,0x00000000d6f00000,0x00000000d7000000)
 ParOldGen       total 68608K, used 52212K [0x0000000080000000, 0x0000000084300000, 0x00000000d5580000)
  object space 68608K, 76% used [0x0000000080000000,0x00000000832fd250,0x0000000084300000)
 Metaspace       used 54816K, committed 56128K, reserved 1114112K
  class space    used 5914K, committed 6464K, reserved 1048576K
}

