# JRE version: OpenJDK Runtime Environment Temurin-21.0.8+9 (21.0.8+9) (build 21.0.8+9-LTS)
# Java VM: OpenJDK 64-Bit Server VM Temurin-21.0.8+9 (21.0.8+9-LTS, mixed mode, sharing, tiered, compressed oops, compressed class ptrs, parallel gc, windows-amd64)
GC Precious Log:
 CardTable entry size: 512
 CPUs: 16 total, 16 available
 Memory: 16085M
 Large Page Support: Disabled
 NUMA Support: Disabled
 Compressed Oops: Enabled (32-bit)
 Alignments: Space 512K, Generation 512K, Heap 2M
 Heap Min Capacity: 100M
 Heap Initial Capacity: 100M
 Heap Max Capacity: 2G
 Pre-touch: Disabled
 Parallel Workers: 13
Heap:
 PSYoungGen      total 20992K, used 8117K [0x00000000d5580000, 0x00000000d6c80000, 0x0000000100000000)
  eden space 19456K, 35% used [0x00000000d5580000,0x00000000d5c35508,0x00000000d6880000)
  from space 1536K, 81% used [0x00000000d6880000,0x00000000d69b8000,0x00000000d6a00000)
  to   space 2048K, 0% used [0x00000000d6a80000,0x00000000d6a80000,0x00000000d6c80000)
 ParOldGen       total 76288K, used 68952K [0x0000000080000000, 0x0000000084a80000, 0x00000000d5580000)
  object space 76288K, 90% used [0x0000000080000000,0x0000000084356128,0x0000000084a80000)
 Metaspace       used 62711K, committed 64128K, reserved 1114112K
  class space    used 6520K, committed 7168K, reserved 1048576K
GC Heap History (20 events):
Event: 13.598 GC heap before
{Heap before GC invocations=61 (full 2):
 PSYoungGen      total 22016K, used 21698K [0x00000000d5580000, 0x00000000d6c00000, 0x0000000100000000)
  eden space 20992K, 100% used [0x00000000d5580000,0x00000000d6a00000,0x00000000d6a00000)
  from space 1024K, 68% used [0x00000000d6b00000,0x00000000d6bb0840,0x00000000d6c00000)
  to   space 1024K, 0% used [0x00000000d6a00000,0x00000000d6a00000,0x00000000d6b00000)
 ParOldGen       total 71680K, used 71647K [0x0000000080000000, 0x0000000084600000, 0x00000000d5580000)
  object space 71680K, 99% used [0x0000000080000000,0x00000000845f7e10,0x0000000084600000)
 Metaspace       used 57947K, committed 59392K, reserved 1114112K
  class space    used 6133K, committed 6784K, reserved 1048576K
}
Event: 13.599 GC heap after
{Heap after GC invocations=61 (full 2):
 PSYoungGen      total 22016K, used 832K [0x00000000d5580000, 0x00000000d6c00000, 0x0000000100000000)
  eden space 20992K, 0% used [0x00000000d5580000,0x00000000d5580000,0x00000000d6a00000)
  from space 1024K, 81% used [0x00000000d6a00000,0x00000000d6ad0000,0x00000000d6b00000)
  to   space 1024K, 0% used [0x00000000d6b00000,0x00000000d6b00000,0x00000000d6c00000)
 ParOldGen       total 72192K, used 72145K [0x0000000080000000, 0x0000000084680000, 0x00000000d5580000)
  object space 72192K, 99% used [0x0000000080000000,0x0000000084674650,0x0000000084680000)
 Metaspace       used 57947K, committed 59392K, reserved 1114112K
  class space    used 6133K, committed 6784K, reserved 1048576K
}
Event: 13.631 GC heap before
{Heap before GC invocations=62 (full 2):
 PSYoungGen      total 22016K, used 21824K [0x00000000d5580000, 0x00000000d6c00000, 0x0000000100000000)
  eden space 20992K, 100% used [0x00000000d5580000,0x00000000d6a00000,0x00000000d6a00000)
  from space 1024K, 81% used [0x00000000d6a00000,0x00000000d6ad0000,0x00000000d6b00000)
  to   space 1024K, 0% used [0x00000000d6b00000,0x00000000d6b00000,0x00000000d6c00000)
 ParOldGen       total 72192K, used 72145K [0x0000000080000000, 0x0000000084680000, 0x00000000d5580000)
  object space 72192K, 99% used [0x0000000080000000,0x0000000084674650,0x0000000084680000)
 Metaspace       used 57947K, committed 59392K, reserved 1114112K
  class space    used 6133K, committed 6784K, reserved 1048576K
}
Event: 13.633 GC heap after
{Heap after GC invocations=62 (full 2):
 PSYoungGen      total 22016K, used 704K [0x00000000d5580000, 0x00000000d6c00000, 0x0000000100000000)
  eden space 20992K, 0% used [0x00000000d5580000,0x00000000d5580000,0x00000000d6a00000)
  from space 1024K, 68% used [0x00000000d6b00000,0x00000000d6bb0000,0x00000000d6c00000)
  to   space 1024K, 0% used [0x00000000d6a00000,0x00000000d6a00000,0x00000000d6b00000)
 ParOldGen       total 72704K, used 72697K [0x0000000080000000, 0x0000000084700000, 0x00000000d5580000)
  object space 72704K, 99% used [0x0000000080000000,0x00000000846fe650,0x0000000084700000)
 Metaspace       used 57947K, committed 59392K, reserved 1114112K
  class space    used 6133K, committed 6784K, reserved 1048576K
}
Event: 13.651 GC heap before
{Heap before GC invocations=63 (full 2):
 PSYoungGen      total 22016K, used 21696K [0x00000000d5580000, 0x00000000d6c00000, 0x0000000100000000)
  eden space 20992K, 100% used [0x00000000d5580000,0x00000000d6a00000,0x00000000d6a00000)
  from space 1024K, 68% used [0x00000000d6b00000,0x00000000d6bb0000,0x00000000d6c00000)
  to   space 1024K, 0% used [0x00000000d6a00000,0x00000000d6a00000,0x00000000d6b00000)
 ParOldGen       total 72704K, used 72697K [0x0000000080000000, 0x0000000084700000, 0x00000000d5580000)
  object space 72704K, 99% used [0x0000000080000000,0x00000000846fe650,0x0000000084700000)
 Metaspace       used 57947K, committed 59392K, reserved 1114112K
  class space    used 6133K, committed 6784K, reserved 1048576K
}
Event: 13.652 GC heap after
{Heap after GC invocations=63 (full 2):
 PSYoungGen      total 22016K, used 576K [0x00000000d5580000, 0x00000000d6c00000, 0x0000000100000000)
  eden space 20992K, 0% used [0x00000000d5580000,0x00000000d5580000,0x00000000d6a00000)
  from space 1024K, 56% used [0x00000000d6a00000,0x00000000d6a90000,0x00000000d6b00000)
  to   space 1024K, 0% used [0x00000000d6b00000,0x00000000d6b00000,0x00000000d6c00000)
 ParOldGen       total 73728K, used 73217K [0x0000000080000000, 0x0000000084800000, 0x00000000d5580000)
  object space 73728K, 99% used [0x0000000080000000,0x0000000084780650,0x0000000084800000)
 Metaspace       used 57947K, committed 59392K, reserved 1114112K
  class space    used 6133K, committed 6784K, reserved 1048576K
}
Event: 13.681 GC heap before
{Heap before GC invocations=64 (full 2):
 PSYoungGen      total 22016K, used 21568K [0x00000000d5580000, 0x00000000d6c00000, 0x0000000100000000)
  eden space 20992K, 100% used [0x00000000d5580000,0x00000000d6a00000,0x00000000d6a00000)
  from space 1024K, 56% used [0x00000000d6a00000,0x00000000d6a90000,0x00000000d6b00000)
  to   space 1024K, 0% used [0x00000000d6b00000,0x00000000d6b00000,0x00000000d6c00000)
 ParOldGen       total 73728K, used 73217K [0x0000000080000000, 0x0000000084800000, 0x00000000d5580000)
  object space 73728K, 99% used [0x0000000080000000,0x0000000084780650,0x0000000084800000)
 Metaspace       used 57948K, committed 59392K, reserved 1114112K
  class space    used 6133K, committed 6784K, reserved 1048576K
}
Event: 13.682 GC heap after
{Heap after GC invocations=64 (full 2):
 PSYoungGen      total 20480K, used 1012K [0x00000000d5580000, 0x00000000d6f00000, 0x0000000100000000)
  eden space 19456K, 0% used [0x00000000d5580000,0x00000000d5580000,0x00000000d6880000)
  from space 1024K, 98% used [0x00000000d6b00000,0x00000000d6bfd0f0,0x00000000d6c00000)
  to   space 2560K, 0% used [0x00000000d6880000,0x00000000d6880000,0x00000000d6b00000)
 ParOldGen       total 74752K, used 74387K [0x0000000080000000, 0x0000000084900000, 0x00000000d5580000)
  object space 74752K, 99% used [0x0000000080000000,0x00000000848a4e48,0x0000000084900000)
 Metaspace       used 57948K, committed 59392K, reserved 1114112K
  class space    used 6133K, committed 6784K, reserved 1048576K
}
Event: 13.699 GC heap before
{Heap before GC invocations=65 (full 2):
 PSYoungGen      total 20480K, used 20468K [0x00000000d5580000, 0x00000000d6f00000, 0x0000000100000000)
  eden space 19456K, 100% used [0x00000000d5580000,0x00000000d6880000,0x00000000d6880000)
  from space 1024K, 98% used [0x00000000d6b00000,0x00000000d6bfd0f0,0x00000000d6c00000)
  to   space 2560K, 0% used [0x00000000d6880000,0x00000000d6880000,0x00000000d6b00000)
 ParOldGen       total 74752K, used 74387K [0x0000000080000000, 0x0000000084900000, 0x00000000d5580000)
  object space 74752K, 99% used [0x0000000080000000,0x00000000848a4e48,0x0000000084900000)
 Metaspace       used 57948K, committed 59392K, reserved 1114112K
  class space    used 6133K, committed 6784K, reserved 1048576K
}
Event: 13.700 GC heap after
{Heap after GC invocations=65 (full 2):
 PSYoungGen      total 20992K, used 1056K [0x00000000d5580000, 0x00000000d6b80000, 0x0000000100000000)
  eden space 19456K, 0% used [0x00000000d5580000,0x00000000d5580000,0x00000000d6880000)
  from space 1536K, 68% used [0x00000000d6880000,0x00000000d6988000,0x00000000d6a00000)
  to   space 1536K, 0% used [0x00000000d6a00000,0x00000000d6a00000,0x00000000d6b80000)
 ParOldGen       total 75264K, used 75257K [0x0000000080000000, 0x0000000084980000, 0x00000000d5580000)
  object space 75264K, 99% used [0x0000000080000000,0x000000008497e648,0x0000000084980000)
 Metaspace       used 57948K, committed 59392K, reserved 1114112K
  class space    used 6133K, committed 6784K, reserved 1048576K
}
Event: 13.766 GC heap before
{Heap before GC invocations=66 (full 2):
 PSYoungGen      total 20992K, used 19070K [0x00000000d5580000, 0x00000000d6b80000, 0x0000000100000000)
  eden space 19456K, 92% used [0x00000000d5580000,0x00000000d6717868,0x00000000d6880000)
  from space 1536K, 68% used [0x00000000d6880000,0x00000000d6988000,0x00000000d6a00000)
  to   space 1536K, 0% used [0x00000000d6a00000,0x00000000d6a00000,0x00000000d6b80000)
 ParOldGen       total 75264K, used 75257K [0x0000000080000000, 0x0000000084980000, 0x00000000d5580000)
  object space 75264K, 99% used [0x0000000080000000,0x000000008497e648,0x0000000084980000)
 Metaspace       used 58443K, committed 59776K, reserved 1114112K
  class space    used 6189K, committed 6784K, reserved 1048576K
}
Event: 13.767 GC heap after
{Heap after GC invocations=66 (full 2):
 PSYoungGen      total 20992K, used 1225K [0x00000000d5580000, 0x00000000d6b80000, 0x0000000100000000)
  eden space 19456K, 0% used [0x00000000d5580000,0x00000000d5580000,0x00000000d6880000)
  from space 1536K, 79% used [0x00000000d6a00000,0x00000000d6b32540,0x00000000d6b80000)
  to   space 1536K, 0% used [0x00000000d6880000,0x00000000d6880000,0x00000000d6a00000)
 ParOldGen       total 76288K, used 76209K [0x0000000080000000, 0x0000000084a80000, 0x00000000d5580000)
  object space 76288K, 99% used [0x0000000080000000,0x0000000084a6c658,0x0000000084a80000)
 Metaspace       used 58443K, committed 59776K, reserved 1114112K
  class space    used 6189K, committed 6784K, reserved 1048576K
}
Event: 13.767 GC heap before
{Heap before GC invocations=67 (full 3):
 PSYoungGen      total 20992K, used 1225K [0x00000000d5580000, 0x00000000d6b80000, 0x0000000100000000)
  eden space 19456K, 0% used [0x00000000d5580000,0x00000000d5580000,0x00000000d6880000)
  from space 1536K, 79% used [0x00000000d6a00000,0x00000000d6b32540,0x00000000d6b80000)
  to   space 1536K, 0% used [0x00000000d6880000,0x00000000d6880000,0x00000000d6a00000)
 ParOldGen       total 76288K, used 76209K [0x0000000080000000, 0x0000000084a80000, 0x00000000d5580000)
  object space 76288K, 99% used [0x0000000080000000,0x0000000084a6c658,0x0000000084a80000)
 Metaspace       used 58443K, committed 59776K, reserved 1114112K
  class space    used 6189K, committed 6784K, reserved 1048576K
}
Event: 13.843 GC heap after
{Heap after GC invocations=67 (full 3):
 PSYoungGen      total 20992K, used 0K [0x00000000d5580000, 0x00000000d6b80000, 0x0000000100000000)
  eden space 19456K, 0% used [0x00000000d5580000,0x00000000d5580000,0x00000000d6880000)
  from space 1536K, 0% used [0x00000000d6a00000,0x00000000d6a00000,0x00000000d6b80000)
  to   space 1536K, 0% used [0x00000000d6880000,0x00000000d6880000,0x00000000d6a00000)
 ParOldGen       total 76288K, used 65237K [0x0000000080000000, 0x0000000084a80000, 0x00000000d5580000)
  object space 76288K, 85% used [0x0000000080000000,0x0000000083fb5568,0x0000000084a80000)
 Metaspace       used 58443K, committed 59776K, reserved 1114112K
  class space    used 6189K, committed 6784K, reserved 1048576K
}
Event: 14.039 GC heap before
{Heap before GC invocations=68 (full 3):
 PSYoungGen      total 20992K, used 19456K [0x00000000d5580000, 0x00000000d6b80000, 0x0000000100000000)
  eden space 19456K, 100% used [0x00000000d5580000,0x00000000d6880000,0x00000000d6880000)
  from space 1536K, 0% used [0x00000000d6a00000,0x00000000d6a00000,0x00000000d6b80000)
  to   space 1536K, 0% used [0x00000000d6880000,0x00000000d6880000,0x00000000d6a00000)
 ParOldGen       total 76288K, used 65237K [0x0000000080000000, 0x0000000084a80000, 0x00000000d5580000)
  object space 76288K, 85% used [0x0000000080000000,0x0000000083fb5568,0x0000000084a80000)
 Metaspace       used 59733K, committed 61184K, reserved 1114112K
  class space    used 6267K, committed 6912K, reserved 1048576K
}
Event: 14.041 GC heap after
{Heap after GC invocations=68 (full 3):
 PSYoungGen      total 20992K, used 1535K [0x00000000d5580000, 0x00000000d6e80000, 0x0000000100000000)
  eden space 19456K, 0% used [0x00000000d5580000,0x00000000d5580000,0x00000000d6880000)
  from space 1536K, 99% used [0x00000000d6880000,0x00000000d69fffc8,0x00000000d6a00000)
  to   space 3072K, 0% used [0x00000000d6b80000,0x00000000d6b80000,0x00000000d6e80000)
 ParOldGen       total 76288K, used 66341K [0x0000000080000000, 0x0000000084a80000, 0x00000000d5580000)
  object space 76288K, 86% used [0x0000000080000000,0x00000000840c9588,0x0000000084a80000)
 Metaspace       used 59733K, committed 61184K, reserved 1114112K
  class space    used 6267K, committed 6912K, reserved 1048576K
}
Event: 14.272 GC heap before
{Heap before GC invocations=69 (full 3):
 PSYoungGen      total 20992K, used 20991K [0x00000000d5580000, 0x00000000d6e80000, 0x0000000100000000)
  eden space 19456K, 100% used [0x00000000d5580000,0x00000000d6880000,0x00000000d6880000)
  from space 1536K, 99% used [0x00000000d6880000,0x00000000d69fffc8,0x00000000d6a00000)
  to   space 3072K, 0% used [0x00000000d6b80000,0x00000000d6b80000,0x00000000d6e80000)
 ParOldGen       total 76288K, used 66341K [0x0000000080000000, 0x0000000084a80000, 0x00000000d5580000)
  object space 76288K, 86% used [0x0000000080000000,0x00000000840c9588,0x0000000084a80000)
 Metaspace       used 61016K, committed 62464K, reserved 1114112K
  class space    used 6356K, committed 6976K, reserved 1048576K
}
Event: 14.275 GC heap after
{Heap after GC invocations=69 (full 3):
 PSYoungGen      total 22528K, used 2892K [0x00000000d5580000, 0x00000000d6e80000, 0x0000000100000000)
  eden space 19456K, 0% used [0x00000000d5580000,0x00000000d5580000,0x00000000d6880000)
  from space 3072K, 94% used [0x00000000d6b80000,0x00000000d6e53158,0x00000000d6e80000)
  to   space 3072K, 0% used [0x00000000d6880000,0x00000000d6880000,0x00000000d6b80000)
 ParOldGen       total 76288K, used 67729K [0x0000000080000000, 0x0000000084a80000, 0x00000000d5580000)
  object space 76288K, 88% used [0x0000000080000000,0x0000000084224540,0x0000000084a80000)
 Metaspace       used 61016K, committed 62464K, reserved 1114112K
  class space    used 6356K, committed 6976K, reserved 1048576K
}
Event: 14.494 GC heap before
{Heap before GC invocations=70 (full 3):
 PSYoungGen      total 22528K, used 22348K [0x00000000d5580000, 0x00000000d6e80000, 0x0000000100000000)
  eden space 19456K, 100% used [0x00000000d5580000,0x00000000d6880000,0x00000000d6880000)
  from space 3072K, 94% used [0x00000000d6b80000,0x00000000d6e53158,0x00000000d6e80000)
  to   space 3072K, 0% used [0x00000000d6880000,0x00000000d6880000,0x00000000d6b80000)
 ParOldGen       total 76288K, used 67729K [0x0000000080000000, 0x0000000084a80000, 0x00000000d5580000)
  object space 76288K, 88% used [0x0000000080000000,0x0000000084224540,0x0000000084a80000)
 Metaspace       used 62323K, committed 63744K, reserved 1114112K
  class space    used 6482K, committed 7104K, reserved 1048576K
}
Event: 14.497 GC heap after
{Heap after GC invocations=70 (full 3):
 PSYoungGen      total 20992K, used 1248K [0x00000000d5580000, 0x00000000d6c80000, 0x0000000100000000)
  eden space 19456K, 0% used [0x00000000d5580000,0x00000000d5580000,0x00000000d6880000)
  from space 1536K, 81% used [0x00000000d6880000,0x00000000d69b8000,0x00000000d6a00000)
  to   space 2048K, 0% used [0x00000000d6a80000,0x00000000d6a80000,0x00000000d6c80000)
 ParOldGen       total 76288K, used 68952K [0x0000000080000000, 0x0000000084a80000, 0x00000000d5580000)
  object space 76288K, 90% used [0x0000000080000000,0x0000000084356128,0x0000000084a80000)
 Metaspace       used 62323K, committed 63744K, reserved 1114112K
  class space    used 6482K, committed 7104K, reserved 1048576K
}

