# JRE version: OpenJDK Runtime Environment Temurin-21.0.8+9 (21.0.8+9) (build 21.0.8+9-LTS)
# Java VM: OpenJDK 64-Bit Server VM Temurin-21.0.8+9 (21.0.8+9-LTS, mixed mode, sharing, tiered, compressed oops, compressed class ptrs, parallel gc, windows-amd64)
GC Precious Log:
 CardTable entry size: 512
 CPUs: 16 total, 16 available
 Memory: 16085M
 Large Page Support: Disabled
 NUMA Support: Disabled
 Compressed Oops: Enabled (32-bit)
 Alignments: Space 512K, Generation 512K, Heap 2M
 Heap Min Capacity: 100M
 Heap Initial Capacity: 100M
 Heap Max Capacity: 2G
 Pre-touch: Disabled
 Parallel Workers: 13
Heap:
 PSYoungGen      total 10240K, used 2886K [0x00000000d5580000, 0x00000000d6080000, 0x0000000100000000)
  eden space 9216K, 24% used [0x00000000d5580000,0x00000000d57af218,0x00000000d5e80000)
  from space 1024K, 63% used [0x00000000d5e80000,0x00000000d5f22648,0x00000000d5f80000)
  to   space 1024K, 0% used [0x00000000d5f80000,0x00000000d5f80000,0x00000000d6080000)
 ParOldGen       total 68608K, used 63044K [0x0000000080000000, 0x0000000084300000, 0x00000000d5580000)
  object space 68608K, 91% used [0x0000000080000000,0x0000000083d912f8,0x0000000084300000)
 Metaspace       used 57799K, committed 59200K, reserved 1114112K
  class space    used 6128K, committed 6784K, reserved 1048576K
GC Heap History (20 events):
Event: 13.222 GC heap before
{Heap before GC invocations=63 (full 2):
 PSYoungGen      total 10240K, used 9735K [0x00000000d5580000, 0x00000000d6080000, 0x0000000100000000)
  eden space 9216K, 100% used [0x00000000d5580000,0x00000000d5e80000,0x00000000d5e80000)
  from space 1024K, 50% used [0x00000000d5f80000,0x00000000d6001f30,0x00000000d6080000)
  to   space 1024K, 0% used [0x00000000d5e80000,0x00000000d5e80000,0x00000000d5f80000)
 ParOldGen       total 68608K, used 60226K [0x0000000080000000, 0x0000000084300000, 0x00000000d5580000)
  object space 68608K, 87% used [0x0000000080000000,0x0000000083ad0aa8,0x0000000084300000)
 Metaspace       used 57284K, committed 58624K, reserved 1114112K
  class space    used 6094K, committed 6720K, reserved 1048576K
}
Event: 13.223 GC heap after
{Heap after GC invocations=63 (full 2):
 PSYoungGen      total 10240K, used 416K [0x00000000d5580000, 0x00000000d6000000, 0x0000000100000000)
  eden space 9216K, 0% used [0x00000000d5580000,0x00000000d5580000,0x00000000d5e80000)
  from space 1024K, 40% used [0x00000000d5e80000,0x00000000d5ee8000,0x00000000d5f80000)
  to   space 512K, 0% used [0x00000000d5f80000,0x00000000d5f80000,0x00000000d6000000)
 ParOldGen       total 68608K, used 60532K [0x0000000080000000, 0x0000000084300000, 0x00000000d5580000)
  object space 68608K, 88% used [0x0000000080000000,0x0000000083b1d2d8,0x0000000084300000)
 Metaspace       used 57284K, committed 58624K, reserved 1114112K
  class space    used 6094K, committed 6720K, reserved 1048576K
}
Event: 13.335 GC heap before
{Heap before GC invocations=64 (full 2):
 PSYoungGen      total 10240K, used 9632K [0x00000000d5580000, 0x00000000d6000000, 0x0000000100000000)
  eden space 9216K, 100% used [0x00000000d5580000,0x00000000d5e80000,0x00000000d5e80000)
  from space 1024K, 40% used [0x00000000d5e80000,0x00000000d5ee8000,0x00000000d5f80000)
  to   space 512K, 0% used [0x00000000d5f80000,0x00000000d5f80000,0x00000000d6000000)
 ParOldGen       total 68608K, used 60532K [0x0000000080000000, 0x0000000084300000, 0x00000000d5580000)
  object space 68608K, 88% used [0x0000000080000000,0x0000000083b1d2d8,0x0000000084300000)
 Metaspace       used 57332K, committed 58688K, reserved 1114112K
  class space    used 6101K, committed 6720K, reserved 1048576K
}
Event: 13.337 GC heap after
{Heap after GC invocations=64 (full 2):
 PSYoungGen      total 9728K, used 384K [0x00000000d5580000, 0x00000000d6000000, 0x0000000100000000)
  eden space 9216K, 0% used [0x00000000d5580000,0x00000000d5580000,0x00000000d5e80000)
  from space 512K, 75% used [0x00000000d5f80000,0x00000000d5fe0000,0x00000000d6000000)
  to   space 512K, 0% used [0x00000000d5f00000,0x00000000d5f00000,0x00000000d5f80000)
 ParOldGen       total 68608K, used 60764K [0x0000000080000000, 0x0000000084300000, 0x00000000d5580000)
  object space 68608K, 88% used [0x0000000080000000,0x0000000083b572e8,0x0000000084300000)
 Metaspace       used 57332K, committed 58688K, reserved 1114112K
  class space    used 6101K, committed 6720K, reserved 1048576K
}
Event: 13.457 GC heap before
{Heap before GC invocations=65 (full 2):
 PSYoungGen      total 9728K, used 9600K [0x00000000d5580000, 0x00000000d6000000, 0x0000000100000000)
  eden space 9216K, 100% used [0x00000000d5580000,0x00000000d5e80000,0x00000000d5e80000)
  from space 512K, 75% used [0x00000000d5f80000,0x00000000d5fe0000,0x00000000d6000000)
  to   space 512K, 0% used [0x00000000d5f00000,0x00000000d5f00000,0x00000000d5f80000)
 ParOldGen       total 68608K, used 60764K [0x0000000080000000, 0x0000000084300000, 0x00000000d5580000)
  object space 68608K, 88% used [0x0000000080000000,0x0000000083b572e8,0x0000000084300000)
 Metaspace       used 57386K, committed 58688K, reserved 1114112K
  class space    used 6102K, committed 6720K, reserved 1048576K
}
Event: 13.457 GC heap after
{Heap after GC invocations=65 (full 2):
 PSYoungGen      total 9728K, used 512K [0x00000000d5580000, 0x00000000d6080000, 0x0000000100000000)
  eden space 9216K, 0% used [0x00000000d5580000,0x00000000d5580000,0x00000000d5e80000)
  from space 512K, 100% used [0x00000000d5f00000,0x00000000d5f80000,0x00000000d5f80000)
  to   space 1024K, 0% used [0x00000000d5f80000,0x00000000d5f80000,0x00000000d6080000)
 ParOldGen       total 68608K, used 60908K [0x0000000080000000, 0x0000000084300000, 0x00000000d5580000)
  object space 68608K, 88% used [0x0000000080000000,0x0000000083b7b2e8,0x0000000084300000)
 Metaspace       used 57386K, committed 58688K, reserved 1114112K
  class space    used 6102K, committed 6720K, reserved 1048576K
}
Event: 13.497 GC heap before
{Heap before GC invocations=66 (full 2):
 PSYoungGen      total 9728K, used 9728K [0x00000000d5580000, 0x00000000d6080000, 0x0000000100000000)
  eden space 9216K, 100% used [0x00000000d5580000,0x00000000d5e80000,0x00000000d5e80000)
  from space 512K, 100% used [0x00000000d5f00000,0x00000000d5f80000,0x00000000d5f80000)
  to   space 1024K, 0% used [0x00000000d5f80000,0x00000000d5f80000,0x00000000d6080000)
 ParOldGen       total 68608K, used 60908K [0x0000000080000000, 0x0000000084300000, 0x00000000d5580000)
  object space 68608K, 88% used [0x0000000080000000,0x0000000083b7b2e8,0x0000000084300000)
 Metaspace       used 57427K, committed 58752K, reserved 1114112K
  class space    used 6102K, committed 6720K, reserved 1048576K
}
Event: 13.498 GC heap after
{Heap after GC invocations=66 (full 2):
 PSYoungGen      total 10240K, used 640K [0x00000000d5580000, 0x00000000d6080000, 0x0000000100000000)
  eden space 9216K, 0% used [0x00000000d5580000,0x00000000d5580000,0x00000000d5e80000)
  from space 1024K, 62% used [0x00000000d5f80000,0x00000000d6020000,0x00000000d6080000)
  to   space 1024K, 0% used [0x00000000d5e80000,0x00000000d5e80000,0x00000000d5f80000)
 ParOldGen       total 68608K, used 61076K [0x0000000080000000, 0x0000000084300000, 0x00000000d5580000)
  object space 68608K, 89% used [0x0000000080000000,0x0000000083ba5250,0x0000000084300000)
 Metaspace       used 57427K, committed 58752K, reserved 1114112K
  class space    used 6102K, committed 6720K, reserved 1048576K
}
Event: 13.644 GC heap before
{Heap before GC invocations=67 (full 2):
 PSYoungGen      total 10240K, used 9856K [0x00000000d5580000, 0x00000000d6080000, 0x0000000100000000)
  eden space 9216K, 100% used [0x00000000d5580000,0x00000000d5e80000,0x00000000d5e80000)
  from space 1024K, 62% used [0x00000000d5f80000,0x00000000d6020000,0x00000000d6080000)
  to   space 1024K, 0% used [0x00000000d5e80000,0x00000000d5e80000,0x00000000d5f80000)
 ParOldGen       total 68608K, used 61076K [0x0000000080000000, 0x0000000084300000, 0x00000000d5580000)
  object space 68608K, 89% used [0x0000000080000000,0x0000000083ba5250,0x0000000084300000)
 Metaspace       used 57636K, committed 58944K, reserved 1114112K
  class space    used 6115K, committed 6720K, reserved 1048576K
}
Event: 13.647 GC heap after
{Heap after GC invocations=67 (full 2):
 PSYoungGen      total 10240K, used 480K [0x00000000d5580000, 0x00000000d6080000, 0x0000000100000000)
  eden space 9216K, 0% used [0x00000000d5580000,0x00000000d5580000,0x00000000d5e80000)
  from space 1024K, 46% used [0x00000000d5e80000,0x00000000d5ef8000,0x00000000d5f80000)
  to   space 1024K, 0% used [0x00000000d5f80000,0x00000000d5f80000,0x00000000d6080000)
 ParOldGen       total 68608K, used 61180K [0x0000000080000000, 0x0000000084300000, 0x00000000d5580000)
  object space 68608K, 89% used [0x0000000080000000,0x0000000083bbf250,0x0000000084300000)
 Metaspace       used 57636K, committed 58944K, reserved 1114112K
  class space    used 6115K, committed 6720K, reserved 1048576K
}
Event: 13.690 GC heap before
{Heap before GC invocations=68 (full 2):
 PSYoungGen      total 10240K, used 9696K [0x00000000d5580000, 0x00000000d6080000, 0x0000000100000000)
  eden space 9216K, 100% used [0x00000000d5580000,0x00000000d5e80000,0x00000000d5e80000)
  from space 1024K, 46% used [0x00000000d5e80000,0x00000000d5ef8000,0x00000000d5f80000)
  to   space 1024K, 0% used [0x00000000d5f80000,0x00000000d5f80000,0x00000000d6080000)
 ParOldGen       total 68608K, used 61180K [0x0000000080000000, 0x0000000084300000, 0x00000000d5580000)
  object space 68608K, 89% used [0x0000000080000000,0x0000000083bbf250,0x0000000084300000)
 Metaspace       used 57692K, committed 59072K, reserved 1114112K
  class space    used 6122K, committed 6720K, reserved 1048576K
}
Event: 13.691 GC heap after
{Heap after GC invocations=68 (full 2):
 PSYoungGen      total 10240K, used 761K [0x00000000d5580000, 0x00000000d6080000, 0x0000000100000000)
  eden space 9216K, 0% used [0x00000000d5580000,0x00000000d5580000,0x00000000d5e80000)
  from space 1024K, 74% used [0x00000000d5f80000,0x00000000d603e710,0x00000000d6080000)
  to   space 1024K, 0% used [0x00000000d5e80000,0x00000000d5e80000,0x00000000d5f80000)
 ParOldGen       total 68608K, used 61475K [0x0000000080000000, 0x0000000084300000, 0x00000000d5580000)
  object space 68608K, 89% used [0x0000000080000000,0x0000000083c08db8,0x0000000084300000)
 Metaspace       used 57692K, committed 59072K, reserved 1114112K
  class space    used 6122K, committed 6720K, reserved 1048576K
}
Event: 13.721 GC heap before
{Heap before GC invocations=69 (full 2):
 PSYoungGen      total 10240K, used 9977K [0x00000000d5580000, 0x00000000d6080000, 0x0000000100000000)
  eden space 9216K, 100% used [0x00000000d5580000,0x00000000d5e80000,0x00000000d5e80000)
  from space 1024K, 74% used [0x00000000d5f80000,0x00000000d603e710,0x00000000d6080000)
  to   space 1024K, 0% used [0x00000000d5e80000,0x00000000d5e80000,0x00000000d5f80000)
 ParOldGen       total 68608K, used 61475K [0x0000000080000000, 0x0000000084300000, 0x00000000d5580000)
  object space 68608K, 89% used [0x0000000080000000,0x0000000083c08db8,0x0000000084300000)
 Metaspace       used 57722K, committed 59136K, reserved 1114112K
  class space    used 6125K, committed 6784K, reserved 1048576K
}
Event: 13.722 GC heap after
{Heap after GC invocations=69 (full 2):
 PSYoungGen      total 10240K, used 489K [0x00000000d5580000, 0x00000000d6080000, 0x0000000100000000)
  eden space 9216K, 0% used [0x00000000d5580000,0x00000000d5580000,0x00000000d5e80000)
  from space 1024K, 47% used [0x00000000d5e80000,0x00000000d5efa4d0,0x00000000d5f80000)
  to   space 1024K, 0% used [0x00000000d5f80000,0x00000000d5f80000,0x00000000d6080000)
 ParOldGen       total 68608K, used 61957K [0x0000000080000000, 0x0000000084300000, 0x00000000d5580000)
  object space 68608K, 90% used [0x0000000080000000,0x0000000083c81600,0x0000000084300000)
 Metaspace       used 57722K, committed 59136K, reserved 1114112K
  class space    used 6125K, committed 6784K, reserved 1048576K
}
Event: 13.755 GC heap before
{Heap before GC invocations=70 (full 2):
 PSYoungGen      total 10240K, used 9705K [0x00000000d5580000, 0x00000000d6080000, 0x0000000100000000)
  eden space 9216K, 100% used [0x00000000d5580000,0x00000000d5e80000,0x00000000d5e80000)
  from space 1024K, 47% used [0x00000000d5e80000,0x00000000d5efa4d0,0x00000000d5f80000)
  to   space 1024K, 0% used [0x00000000d5f80000,0x00000000d5f80000,0x00000000d6080000)
 ParOldGen       total 68608K, used 61957K [0x0000000080000000, 0x0000000084300000, 0x00000000d5580000)
  object space 68608K, 90% used [0x0000000080000000,0x0000000083c81600,0x0000000084300000)
 Metaspace       used 57778K, committed 59200K, reserved 1114112K
  class space    used 6128K, committed 6784K, reserved 1048576K
}
Event: 13.755 GC heap after
{Heap after GC invocations=70 (full 2):
 PSYoungGen      total 10240K, used 630K [0x00000000d5580000, 0x00000000d6080000, 0x0000000100000000)
  eden space 9216K, 0% used [0x00000000d5580000,0x00000000d5580000,0x00000000d5e80000)
  from space 1024K, 61% used [0x00000000d5f80000,0x00000000d601da18,0x00000000d6080000)
  to   space 1024K, 0% used [0x00000000d5e80000,0x00000000d5e80000,0x00000000d5f80000)
 ParOldGen       total 68608K, used 62132K [0x0000000080000000, 0x0000000084300000, 0x00000000d5580000)
  object space 68608K, 90% used [0x0000000080000000,0x0000000083cad3c8,0x0000000084300000)
 Metaspace       used 57778K, committed 59200K, reserved 1114112K
  class space    used 6128K, committed 6784K, reserved 1048576K
}
Event: 13.771 GC heap before
{Heap before GC invocations=71 (full 2):
 PSYoungGen      total 10240K, used 9846K [0x00000000d5580000, 0x00000000d6080000, 0x0000000100000000)
  eden space 9216K, 100% used [0x00000000d5580000,0x00000000d5e80000,0x00000000d5e80000)
  from space 1024K, 61% used [0x00000000d5f80000,0x00000000d601da18,0x00000000d6080000)
  to   space 1024K, 0% used [0x00000000d5e80000,0x00000000d5e80000,0x00000000d5f80000)
 ParOldGen       total 68608K, used 62132K [0x0000000080000000, 0x0000000084300000, 0x00000000d5580000)
  object space 68608K, 90% used [0x0000000080000000,0x0000000083cad3c8,0x0000000084300000)
 Metaspace       used 57780K, committed 59200K, reserved 1114112K
  class space    used 6128K, committed 6784K, reserved 1048576K
}
Event: 13.772 GC heap after
{Heap after GC invocations=71 (full 2):
 PSYoungGen      total 10240K, used 609K [0x00000000d5580000, 0x00000000d6080000, 0x0000000100000000)
  eden space 9216K, 0% used [0x00000000d5580000,0x00000000d5580000,0x00000000d5e80000)
  from space 1024K, 59% used [0x00000000d5e80000,0x00000000d5f186a0,0x00000000d5f80000)
  to   space 1024K, 0% used [0x00000000d5f80000,0x00000000d5f80000,0x00000000d6080000)
 ParOldGen       total 68608K, used 62498K [0x0000000080000000, 0x0000000084300000, 0x00000000d5580000)
  object space 68608K, 91% used [0x0000000080000000,0x0000000083d08848,0x0000000084300000)
 Metaspace       used 57780K, committed 59200K, reserved 1114112K
  class space    used 6128K, committed 6784K, reserved 1048576K
}
Event: 13.789 GC heap before
{Heap before GC invocations=72 (full 2):
 PSYoungGen      total 10240K, used 9825K [0x00000000d5580000, 0x00000000d6080000, 0x0000000100000000)
  eden space 9216K, 100% used [0x00000000d5580000,0x00000000d5e80000,0x00000000d5e80000)
  from space 1024K, 59% used [0x00000000d5e80000,0x00000000d5f186a0,0x00000000d5f80000)
  to   space 1024K, 0% used [0x00000000d5f80000,0x00000000d5f80000,0x00000000d6080000)
 ParOldGen       total 68608K, used 62498K [0x0000000080000000, 0x0000000084300000, 0x00000000d5580000)
  object space 68608K, 91% used [0x0000000080000000,0x0000000083d08848,0x0000000084300000)
 Metaspace       used 57781K, committed 59200K, reserved 1114112K
  class space    used 6128K, committed 6784K, reserved 1048576K
}
Event: 13.789 GC heap after
{Heap after GC invocations=72 (full 2):
 PSYoungGen      total 10240K, used 547K [0x00000000d5580000, 0x00000000d6080000, 0x0000000100000000)
  eden space 9216K, 0% used [0x00000000d5580000,0x00000000d5580000,0x00000000d5e80000)
  from space 1024K, 53% used [0x00000000d5f80000,0x00000000d6008df0,0x00000000d6080000)
  to   space 1024K, 0% used [0x00000000d5e80000,0x00000000d5e80000,0x00000000d5f80000)
 ParOldGen       total 68608K, used 62806K [0x0000000080000000, 0x0000000084300000, 0x00000000d5580000)
  object space 68608K, 91% used [0x0000000080000000,0x0000000083d558a0,0x0000000084300000)
 Metaspace       used 57781K, committed 59200K, reserved 1114112K
  class space    used 6128K, committed 6784K, reserved 1048576K
}

