# JRE version: OpenJDK Runtime Environment Temurin-21.0.8+9 (21.0.8+9) (build 21.0.8+9-LTS)
# Java VM: OpenJDK 64-Bit Server VM Temurin-21.0.8+9 (21.0.8+9-LTS, mixed mode, sharing, tiered, compressed oops, compressed class ptrs, parallel gc, windows-amd64)
GC Precious Log:
 CardTable entry size: 512
 CPUs: 16 total, 16 available
 Memory: 16085M
 Large Page Support: Disabled
 NUMA Support: Disabled
 Compressed Oops: Enabled (32-bit)
 Alignments: Space 512K, Generation 512K, Heap 2M
 Heap Min Capacity: 100M
 Heap Initial Capacity: 100M
 Heap Max Capacity: 2G
 Pre-touch: Disabled
 Parallel Workers: 13
Heap:
 PSYoungGen      total 23040K, used 20121K [0x00000000d5580000, 0x00000000d6d80000, 0x0000000100000000)
  eden space 22016K, 87% used [0x00000000d5580000,0x00000000d6856470,0x00000000d6b00000)
  from space 1024K, 81% used [0x00000000d6c00000,0x00000000d6cd0030,0x00000000d6d00000)
  to   space 512K, 0% used [0x00000000d6d00000,0x00000000d6d00000,0x00000000d6d80000)
 ParOldGen       total 68608K, used 57518K [0x0000000080000000, 0x0000000084300000, 0x00000000d5580000)
  object space 68608K, 83% used [0x0000000080000000,0x000000008382b988,0x0000000084300000)
 Metaspace       used 58451K, committed 59776K, reserved 1114112K
  class space    used 6219K, committed 6784K, reserved 1048576K
GC Heap History (20 events):
Event: 6.701 GC heap before
{Heap before GC invocations=30 (full 2):
 PSYoungGen      total 25088K, used 24696K [0x00000000d5580000, 0x00000000d7100000, 0x0000000100000000)
  eden space 22016K, 100% used [0x00000000d5580000,0x00000000d6b00000,0x00000000d6b00000)
  from space 3072K, 87% used [0x00000000d6c00000,0x00000000d6e9e200,0x00000000d6f00000)
  to   space 2048K, 0% used [0x00000000d6f00000,0x00000000d6f00000,0x00000000d7100000)
 ParOldGen       total 68608K, used 47603K [0x0000000080000000, 0x0000000084300000, 0x00000000d5580000)
  object space 68608K, 69% used [0x0000000080000000,0x0000000082e7cd78,0x0000000084300000)
 Metaspace       used 49001K, committed 50304K, reserved 1114112K
  class space    used 5271K, committed 5824K, reserved 1048576K
}
Event: 6.706 GC heap after
{Heap after GC invocations=30 (full 2):
 PSYoungGen      total 24064K, used 1888K [0x00000000d5580000, 0x00000000d7100000, 0x0000000100000000)
  eden space 22016K, 0% used [0x00000000d5580000,0x00000000d5580000,0x00000000d6b00000)
  from space 2048K, 92% used [0x00000000d6f00000,0x00000000d70d8000,0x00000000d7100000)
  to   space 2560K, 0% used [0x00000000d6c00000,0x00000000d6c00000,0x00000000d6e80000)
 ParOldGen       total 68608K, used 50515K [0x0000000080000000, 0x0000000084300000, 0x00000000d5580000)
  object space 68608K, 73% used [0x0000000080000000,0x0000000083154f78,0x0000000084300000)
 Metaspace       used 49001K, committed 50304K, reserved 1114112K
  class space    used 5271K, committed 5824K, reserved 1048576K
}
Event: 6.961 GC heap before
{Heap before GC invocations=31 (full 2):
 PSYoungGen      total 24064K, used 23904K [0x00000000d5580000, 0x00000000d7100000, 0x0000000100000000)
  eden space 22016K, 100% used [0x00000000d5580000,0x00000000d6b00000,0x00000000d6b00000)
  from space 2048K, 92% used [0x00000000d6f00000,0x00000000d70d8000,0x00000000d7100000)
  to   space 2560K, 0% used [0x00000000d6c00000,0x00000000d6c00000,0x00000000d6e80000)
 ParOldGen       total 68608K, used 50515K [0x0000000080000000, 0x0000000084300000, 0x00000000d5580000)
  object space 68608K, 73% used [0x0000000080000000,0x0000000083154f78,0x0000000084300000)
 Metaspace       used 49228K, committed 50496K, reserved 1114112K
  class space    used 5298K, committed 5824K, reserved 1048576K
}
Event: 6.963 GC heap after
{Heap after GC invocations=31 (full 2):
 PSYoungGen      total 23040K, used 960K [0x00000000d5580000, 0x00000000d6f80000, 0x0000000100000000)
  eden space 22016K, 0% used [0x00000000d5580000,0x00000000d5580000,0x00000000d6b00000)
  from space 1024K, 93% used [0x00000000d6c00000,0x00000000d6cf0000,0x00000000d6d00000)
  to   space 1536K, 0% used [0x00000000d6e00000,0x00000000d6e00000,0x00000000d6f80000)
 ParOldGen       total 68608K, used 52235K [0x0000000080000000, 0x0000000084300000, 0x00000000d5580000)
  object space 68608K, 76% used [0x0000000080000000,0x0000000083302f78,0x0000000084300000)
 Metaspace       used 49228K, committed 50496K, reserved 1114112K
  class space    used 5298K, committed 5824K, reserved 1048576K
}
Event: 7.256 GC heap before
{Heap before GC invocations=32 (full 2):
 PSYoungGen      total 23040K, used 22932K [0x00000000d5580000, 0x00000000d6f80000, 0x0000000100000000)
  eden space 22016K, 99% used [0x00000000d5580000,0x00000000d6af5358,0x00000000d6b00000)
  from space 1024K, 93% used [0x00000000d6c00000,0x00000000d6cf0000,0x00000000d6d00000)
  to   space 1536K, 0% used [0x00000000d6e00000,0x00000000d6e00000,0x00000000d6f80000)
 ParOldGen       total 68608K, used 52235K [0x0000000080000000, 0x0000000084300000, 0x00000000d5580000)
  object space 68608K, 76% used [0x0000000080000000,0x0000000083302f78,0x0000000084300000)
 Metaspace       used 51428K, committed 52800K, reserved 1114112K
  class space    used 5572K, committed 6144K, reserved 1048576K
}
Event: 7.257 GC heap after
{Heap after GC invocations=32 (full 2):
 PSYoungGen      total 23552K, used 1325K [0x00000000d5580000, 0x00000000d6f80000, 0x0000000100000000)
  eden space 22016K, 0% used [0x00000000d5580000,0x00000000d5580000,0x00000000d6b00000)
  from space 1536K, 86% used [0x00000000d6e00000,0x00000000d6f4b590,0x00000000d6f80000)
  to   space 1536K, 0% used [0x00000000d6c80000,0x00000000d6c80000,0x00000000d6e00000)
 ParOldGen       total 68608K, used 53039K [0x0000000080000000, 0x0000000084300000, 0x00000000d5580000)
  object space 68608K, 77% used [0x0000000080000000,0x00000000833cbf88,0x0000000084300000)
 Metaspace       used 51428K, committed 52800K, reserved 1114112K
  class space    used 5572K, committed 6144K, reserved 1048576K
}
Event: 7.592 GC heap before
{Heap before GC invocations=33 (full 2):
 PSYoungGen      total 23552K, used 23290K [0x00000000d5580000, 0x00000000d6f80000, 0x0000000100000000)
  eden space 22016K, 99% used [0x00000000d5580000,0x00000000d6af35d0,0x00000000d6b00000)
  from space 1536K, 86% used [0x00000000d6e00000,0x00000000d6f4b590,0x00000000d6f80000)
  to   space 1536K, 0% used [0x00000000d6c80000,0x00000000d6c80000,0x00000000d6e00000)
 ParOldGen       total 68608K, used 53039K [0x0000000080000000, 0x0000000084300000, 0x00000000d5580000)
  object space 68608K, 77% used [0x0000000080000000,0x00000000833cbf88,0x0000000084300000)
 Metaspace       used 52292K, committed 53568K, reserved 1114112K
  class space    used 5687K, committed 6208K, reserved 1048576K
}
Event: 7.596 GC heap after
{Heap after GC invocations=33 (full 2):
 PSYoungGen      total 22528K, used 480K [0x00000000d5580000, 0x00000000d6e80000, 0x0000000100000000)
  eden space 22016K, 0% used [0x00000000d5580000,0x00000000d5580000,0x00000000d6b00000)
  from space 512K, 93% used [0x00000000d6c80000,0x00000000d6cf8000,0x00000000d6d00000)
  to   space 1024K, 0% used [0x00000000d6d80000,0x00000000d6d80000,0x00000000d6e80000)
 ParOldGen       total 68608K, used 54225K [0x0000000080000000, 0x0000000084300000, 0x00000000d5580000)
  object space 68608K, 79% used [0x0000000080000000,0x00000000834f4700,0x0000000084300000)
 Metaspace       used 52292K, committed 53568K, reserved 1114112K
  class space    used 5687K, committed 6208K, reserved 1048576K
}
Event: 7.896 GC heap before
{Heap before GC invocations=34 (full 2):
 PSYoungGen      total 22528K, used 22496K [0x00000000d5580000, 0x00000000d6e80000, 0x0000000100000000)
  eden space 22016K, 100% used [0x00000000d5580000,0x00000000d6b00000,0x00000000d6b00000)
  from space 512K, 93% used [0x00000000d6c80000,0x00000000d6cf8000,0x00000000d6d00000)
  to   space 1024K, 0% used [0x00000000d6d80000,0x00000000d6d80000,0x00000000d6e80000)
 ParOldGen       total 68608K, used 54225K [0x0000000080000000, 0x0000000084300000, 0x00000000d5580000)
  object space 68608K, 79% used [0x0000000080000000,0x00000000834f4700,0x0000000084300000)
 Metaspace       used 54219K, committed 55552K, reserved 1114112K
  class space    used 5877K, committed 6464K, reserved 1048576K
}
Event: 7.898 GC heap after
{Heap after GC invocations=34 (full 2):
 PSYoungGen      total 23040K, used 832K [0x00000000d5580000, 0x00000000d6e80000, 0x0000000100000000)
  eden space 22016K, 0% used [0x00000000d5580000,0x00000000d5580000,0x00000000d6b00000)
  from space 1024K, 81% used [0x00000000d6d80000,0x00000000d6e50010,0x00000000d6e80000)
  to   space 1024K, 0% used [0x00000000d6c80000,0x00000000d6c80000,0x00000000d6d80000)
 ParOldGen       total 68608K, used 54481K [0x0000000080000000, 0x0000000084300000, 0x00000000d5580000)
  object space 68608K, 79% used [0x0000000080000000,0x0000000083534700,0x0000000084300000)
 Metaspace       used 54219K, committed 55552K, reserved 1114112K
  class space    used 5877K, committed 6464K, reserved 1048576K
}
Event: 8.106 GC heap before
{Heap before GC invocations=35 (full 2):
 PSYoungGen      total 23040K, used 22848K [0x00000000d5580000, 0x00000000d6e80000, 0x0000000100000000)
  eden space 22016K, 100% used [0x00000000d5580000,0x00000000d6b00000,0x00000000d6b00000)
  from space 1024K, 81% used [0x00000000d6d80000,0x00000000d6e50010,0x00000000d6e80000)
  to   space 1024K, 0% used [0x00000000d6c80000,0x00000000d6c80000,0x00000000d6d80000)
 ParOldGen       total 68608K, used 54481K [0x0000000080000000, 0x0000000084300000, 0x00000000d5580000)
  object space 68608K, 79% used [0x0000000080000000,0x0000000083534700,0x0000000084300000)
 Metaspace       used 55385K, committed 56832K, reserved 1114112K
  class space    used 5953K, committed 6528K, reserved 1048576K
}
Event: 8.108 GC heap after
{Heap after GC invocations=35 (full 2):
 PSYoungGen      total 23040K, used 544K [0x00000000d5580000, 0x00000000d6e00000, 0x0000000100000000)
  eden space 22016K, 0% used [0x00000000d5580000,0x00000000d5580000,0x00000000d6b00000)
  from space 1024K, 53% used [0x00000000d6c80000,0x00000000d6d08000,0x00000000d6d80000)
  to   space 512K, 0% used [0x00000000d6d80000,0x00000000d6d80000,0x00000000d6e00000)
 ParOldGen       total 68608K, used 55113K [0x0000000080000000, 0x0000000084300000, 0x00000000d5580000)
  object space 68608K, 80% used [0x0000000080000000,0x00000000835d2730,0x0000000084300000)
 Metaspace       used 55385K, committed 56832K, reserved 1114112K
  class space    used 5953K, committed 6528K, reserved 1048576K
}
Event: 8.187 GC heap before
{Heap before GC invocations=36 (full 2):
 PSYoungGen      total 23040K, used 22560K [0x00000000d5580000, 0x00000000d6e00000, 0x0000000100000000)
  eden space 22016K, 100% used [0x00000000d5580000,0x00000000d6b00000,0x00000000d6b00000)
  from space 1024K, 53% used [0x00000000d6c80000,0x00000000d6d08000,0x00000000d6d80000)
  to   space 512K, 0% used [0x00000000d6d80000,0x00000000d6d80000,0x00000000d6e00000)
 ParOldGen       total 68608K, used 55113K [0x0000000080000000, 0x0000000084300000, 0x00000000d5580000)
  object space 68608K, 80% used [0x0000000080000000,0x00000000835d2730,0x0000000084300000)
 Metaspace       used 55475K, committed 56896K, reserved 1114112K
  class space    used 5960K, committed 6528K, reserved 1048576K
}
Event: 8.189 GC heap after
{Heap after GC invocations=36 (full 2):
 PSYoungGen      total 22528K, used 495K [0x00000000d5580000, 0x00000000d6f00000, 0x0000000100000000)
  eden space 22016K, 0% used [0x00000000d5580000,0x00000000d5580000,0x00000000d6b00000)
  from space 512K, 96% used [0x00000000d6d80000,0x00000000d6dfbe00,0x00000000d6e00000)
  to   space 2048K, 0% used [0x00000000d6b00000,0x00000000d6b00000,0x00000000d6d00000)
 ParOldGen       total 68608K, used 56421K [0x0000000080000000, 0x0000000084300000, 0x00000000d5580000)
  object space 68608K, 82% used [0x0000000080000000,0x0000000083719440,0x0000000084300000)
 Metaspace       used 55475K, committed 56896K, reserved 1114112K
  class space    used 5960K, committed 6528K, reserved 1048576K
}
Event: 8.354 GC heap before
{Heap before GC invocations=37 (full 2):
 PSYoungGen      total 22528K, used 22511K [0x00000000d5580000, 0x00000000d6f00000, 0x0000000100000000)
  eden space 22016K, 100% used [0x00000000d5580000,0x00000000d6b00000,0x00000000d6b00000)
  from space 512K, 96% used [0x00000000d6d80000,0x00000000d6dfbe00,0x00000000d6e00000)
  to   space 2048K, 0% used [0x00000000d6b00000,0x00000000d6b00000,0x00000000d6d00000)
 ParOldGen       total 68608K, used 56421K [0x0000000080000000, 0x0000000084300000, 0x00000000d5580000)
  object space 68608K, 82% used [0x0000000080000000,0x0000000083719440,0x0000000084300000)
 Metaspace       used 56679K, committed 58048K, reserved 1114112K
  class space    used 6069K, committed 6656K, reserved 1048576K
}
Event: 8.356 GC heap after
{Heap after GC invocations=37 (full 2):
 PSYoungGen      total 24064K, used 544K [0x00000000d5580000, 0x00000000d6e00000, 0x0000000100000000)
  eden space 22016K, 0% used [0x00000000d5580000,0x00000000d5580000,0x00000000d6b00000)
  from space 2048K, 26% used [0x00000000d6b00000,0x00000000d6b88000,0x00000000d6d00000)
  to   space 1024K, 0% used [0x00000000d6d00000,0x00000000d6d00000,0x00000000d6e00000)
 ParOldGen       total 68608K, used 56597K [0x0000000080000000, 0x0000000084300000, 0x00000000d5580000)
  object space 68608K, 82% used [0x0000000080000000,0x0000000083745440,0x0000000084300000)
 Metaspace       used 56679K, committed 58048K, reserved 1114112K
  class space    used 6069K, committed 6656K, reserved 1048576K
}
Event: 8.680 GC heap before
{Heap before GC invocations=38 (full 2):
 PSYoungGen      total 24064K, used 22560K [0x00000000d5580000, 0x00000000d6e00000, 0x0000000100000000)
  eden space 22016K, 100% used [0x00000000d5580000,0x00000000d6b00000,0x00000000d6b00000)
  from space 2048K, 26% used [0x00000000d6b00000,0x00000000d6b88000,0x00000000d6d00000)
  to   space 1024K, 0% used [0x00000000d6d00000,0x00000000d6d00000,0x00000000d6e00000)
 ParOldGen       total 68608K, used 56597K [0x0000000080000000, 0x0000000084300000, 0x00000000d5580000)
  object space 68608K, 82% used [0x0000000080000000,0x0000000083745440,0x0000000084300000)
 Metaspace       used 57094K, committed 58560K, reserved 1114112K
  class space    used 6083K, committed 6720K, reserved 1048576K
}
Event: 8.681 GC heap after
{Heap after GC invocations=38 (full 2):
 PSYoungGen      total 23040K, used 775K [0x00000000d5580000, 0x00000000d6e00000, 0x0000000100000000)
  eden space 22016K, 0% used [0x00000000d5580000,0x00000000d5580000,0x00000000d6b00000)
  from space 1024K, 75% used [0x00000000d6d00000,0x00000000d6dc1f30,0x00000000d6e00000)
  to   space 1024K, 0% used [0x00000000d6c00000,0x00000000d6c00000,0x00000000d6d00000)
 ParOldGen       total 68608K, used 57009K [0x0000000080000000, 0x0000000084300000, 0x00000000d5580000)
  object space 68608K, 83% used [0x0000000080000000,0x00000000837ac450,0x0000000084300000)
 Metaspace       used 57094K, committed 58560K, reserved 1114112K
  class space    used 6083K, committed 6720K, reserved 1048576K
}
Event: 8.793 GC heap before
{Heap before GC invocations=39 (full 2):
 PSYoungGen      total 23040K, used 22791K [0x00000000d5580000, 0x00000000d6e00000, 0x0000000100000000)
  eden space 22016K, 100% used [0x00000000d5580000,0x00000000d6b00000,0x00000000d6b00000)
  from space 1024K, 75% used [0x00000000d6d00000,0x00000000d6dc1f30,0x00000000d6e00000)
  to   space 1024K, 0% used [0x00000000d6c00000,0x00000000d6c00000,0x00000000d6d00000)
 ParOldGen       total 68608K, used 57009K [0x0000000080000000, 0x0000000084300000, 0x00000000d5580000)
  object space 68608K, 83% used [0x0000000080000000,0x00000000837ac450,0x0000000084300000)
 Metaspace       used 57233K, committed 58688K, reserved 1114112K
  class space    used 6087K, committed 6720K, reserved 1048576K
}
Event: 8.794 GC heap after
{Heap after GC invocations=39 (full 2):
 PSYoungGen      total 23040K, used 832K [0x00000000d5580000, 0x00000000d6d80000, 0x0000000100000000)
  eden space 22016K, 0% used [0x00000000d5580000,0x00000000d5580000,0x00000000d6b00000)
  from space 1024K, 81% used [0x00000000d6c00000,0x00000000d6cd0030,0x00000000d6d00000)
  to   space 512K, 0% used [0x00000000d6d00000,0x00000000d6d00000,0x00000000d6d80000)
 ParOldGen       total 68608K, used 57518K [0x0000000080000000, 0x0000000084300000, 0x00000000d5580000)
  object space 68608K, 83% used [0x0000000080000000,0x000000008382b988,0x0000000084300000)
 Metaspace       used 57233K, committed 58688K, reserved 1114112K
  class space    used 6087K, committed 6720K, reserved 1048576K
}

