# JRE version: OpenJDK Runtime Environment Temurin-21.0.8+9 (21.0.8+9) (build 21.0.8+9-LTS)
# Java VM: OpenJDK 64-Bit Server VM Temurin-21.0.8+9 (21.0.8+9-LTS, mixed mode, sharing, tiered, compressed oops, compressed class ptrs, parallel gc, windows-amd64)
GC Precious Log:
 CardTable entry size: 512
 CPUs: 16 total, 16 available
 Memory: 16085M
 Large Page Support: Disabled
 NUMA Support: Disabled
 Compressed Oops: Enabled (32-bit)
 Alignments: Space 512K, Generation 512K, Heap 2M
 Heap Min Capacity: 100M
 Heap Initial Capacity: 100M
 Heap Max Capacity: 2G
 Pre-touch: Disabled
 Parallel Workers: 13
Heap:
 PSYoungGen      total 20992K, used 8661K [0x00000000d5580000, 0x00000000d6c80000, 0x0000000100000000)
  eden space 20480K, 41% used [0x00000000d5580000,0x00000000d5db5570,0x00000000d6980000)
  from space 512K, 50% used [0x00000000d6980000,0x00000000d69c0000,0x00000000d6a00000)
  to   space 1024K, 0% used [0x00000000d6b80000,0x00000000d6b80000,0x00000000d6c80000)
 ParOldGen       total 68608K, used 54016K [0x0000000080000000, 0x0000000084300000, 0x00000000d5580000)
  object space 68608K, 78% used [0x0000000080000000,0x00000000834c0398,0x0000000084300000)
 Metaspace       used 56734K, committed 58112K, reserved 1114112K
  class space    used 6074K, committed 6656K, reserved 1048576K
GC Heap History (20 events):
Event: 4.348 GC heap before
{Heap before GC invocations=28 (full 2):
 PSYoungGen      total 24576K, used 24452K [0x00000000d5580000, 0x00000000d7300000, 0x0000000100000000)
  eden space 22016K, 100% used [0x00000000d5580000,0x00000000d6b00000,0x00000000d6b00000)
  from space 2560K, 95% used [0x00000000d6b00000,0x00000000d6d61000,0x00000000d6d80000)
  to   space 3584K, 0% used [0x00000000d6f80000,0x00000000d6f80000,0x00000000d7300000)
 ParOldGen       total 68608K, used 40326K [0x0000000080000000, 0x0000000084300000, 0x00000000d5580000)
  object space 68608K, 58% used [0x0000000080000000,0x00000000827619e8,0x0000000084300000)
 Metaspace       used 48485K, committed 49792K, reserved 1114112K
  class space    used 5223K, committed 5824K, reserved 1048576K
}
Event: 4.350 GC heap after
{Heap after GC invocations=28 (full 2):
 PSYoungGen      total 24576K, used 2528K [0x00000000d5580000, 0x00000000d7200000, 0x0000000100000000)
  eden space 22016K, 0% used [0x00000000d5580000,0x00000000d5580000,0x00000000d6b00000)
  from space 2560K, 98% used [0x00000000d6f80000,0x00000000d71f8010,0x00000000d7200000)
  to   space 3072K, 0% used [0x00000000d6c00000,0x00000000d6c00000,0x00000000d6f00000)
 ParOldGen       total 68608K, used 42580K [0x0000000080000000, 0x0000000084300000, 0x00000000d5580000)
  object space 68608K, 62% used [0x0000000080000000,0x0000000082995010,0x0000000084300000)
 Metaspace       used 48485K, committed 49792K, reserved 1114112K
  class space    used 5223K, committed 5824K, reserved 1048576K
}
Event: 4.411 GC heap before
{Heap before GC invocations=29 (full 2):
 PSYoungGen      total 24576K, used 24544K [0x00000000d5580000, 0x00000000d7200000, 0x0000000100000000)
  eden space 22016K, 100% used [0x00000000d5580000,0x00000000d6b00000,0x00000000d6b00000)
  from space 2560K, 98% used [0x00000000d6f80000,0x00000000d71f8010,0x00000000d7200000)
  to   space 3072K, 0% used [0x00000000d6c00000,0x00000000d6c00000,0x00000000d6f00000)
 ParOldGen       total 68608K, used 42580K [0x0000000080000000, 0x0000000084300000, 0x00000000d5580000)
  object space 68608K, 62% used [0x0000000080000000,0x0000000082995010,0x0000000084300000)
 Metaspace       used 48691K, committed 50048K, reserved 1114112K
  class space    used 5241K, committed 5824K, reserved 1048576K
}
Event: 4.415 GC heap after
{Heap after GC invocations=29 (full 2):
 PSYoungGen      total 25088K, used 2776K [0x00000000d5580000, 0x00000000d7100000, 0x0000000100000000)
  eden space 22016K, 0% used [0x00000000d5580000,0x00000000d5580000,0x00000000d6b00000)
  from space 3072K, 90% used [0x00000000d6c00000,0x00000000d6eb6200,0x00000000d6f00000)
  to   space 2048K, 0% used [0x00000000d6f00000,0x00000000d6f00000,0x00000000d7100000)
 ParOldGen       total 68608K, used 44940K [0x0000000080000000, 0x0000000084300000, 0x00000000d5580000)
  object space 68608K, 65% used [0x0000000080000000,0x0000000082be3020,0x0000000084300000)
 Metaspace       used 48691K, committed 50048K, reserved 1114112K
  class space    used 5241K, committed 5824K, reserved 1048576K
}
Event: 4.547 GC heap before
{Heap before GC invocations=30 (full 2):
 PSYoungGen      total 25088K, used 24792K [0x00000000d5580000, 0x00000000d7100000, 0x0000000100000000)
  eden space 22016K, 100% used [0x00000000d5580000,0x00000000d6b00000,0x00000000d6b00000)
  from space 3072K, 90% used [0x00000000d6c00000,0x00000000d6eb6200,0x00000000d6f00000)
  to   space 2048K, 0% used [0x00000000d6f00000,0x00000000d6f00000,0x00000000d7100000)
 ParOldGen       total 68608K, used 44940K [0x0000000080000000, 0x0000000084300000, 0x00000000d5580000)
  object space 68608K, 65% used [0x0000000080000000,0x0000000082be3020,0x0000000084300000)
 Metaspace       used 49054K, committed 50304K, reserved 1114112K
  class space    used 5277K, committed 5824K, reserved 1048576K
}
Event: 4.550 GC heap after
{Heap after GC invocations=30 (full 2):
 PSYoungGen      total 23040K, used 2024K [0x00000000d5580000, 0x00000000d7500000, 0x0000000100000000)
  eden space 20992K, 0% used [0x00000000d5580000,0x00000000d5580000,0x00000000d6a00000)
  from space 2048K, 98% used [0x00000000d6f00000,0x00000000d70fa000,0x00000000d7100000)
  to   space 5120K, 0% used [0x00000000d6a00000,0x00000000d6a00000,0x00000000d6f00000)
 ParOldGen       total 68608K, used 47537K [0x0000000080000000, 0x0000000084300000, 0x00000000d5580000)
  object space 68608K, 69% used [0x0000000080000000,0x0000000082e6c578,0x0000000084300000)
 Metaspace       used 49054K, committed 50304K, reserved 1114112K
  class space    used 5277K, committed 5824K, reserved 1048576K
}
Event: 4.746 GC heap before
{Heap before GC invocations=31 (full 2):
 PSYoungGen      total 23040K, used 23016K [0x00000000d5580000, 0x00000000d7500000, 0x0000000100000000)
  eden space 20992K, 100% used [0x00000000d5580000,0x00000000d6a00000,0x00000000d6a00000)
  from space 2048K, 98% used [0x00000000d6f00000,0x00000000d70fa000,0x00000000d7100000)
  to   space 5120K, 0% used [0x00000000d6a00000,0x00000000d6a00000,0x00000000d6f00000)
 ParOldGen       total 68608K, used 47537K [0x0000000080000000, 0x0000000084300000, 0x00000000d5580000)
  object space 68608K, 69% used [0x0000000080000000,0x0000000082e6c578,0x0000000084300000)
 Metaspace       used 49149K, committed 50432K, reserved 1114112K
  class space    used 5291K, committed 5824K, reserved 1048576K
}
Event: 4.749 GC heap after
{Heap after GC invocations=31 (full 2):
 PSYoungGen      total 22016K, used 640K [0x00000000d5580000, 0x00000000d6f80000, 0x0000000100000000)
  eden space 20992K, 0% used [0x00000000d5580000,0x00000000d5580000,0x00000000d6a00000)
  from space 1024K, 62% used [0x00000000d6a00000,0x00000000d6aa0000,0x00000000d6b00000)
  to   space 2560K, 0% used [0x00000000d6d00000,0x00000000d6d00000,0x00000000d6f80000)
 ParOldGen       total 68608K, used 49589K [0x0000000080000000, 0x0000000084300000, 0x00000000d5580000)
  object space 68608K, 72% used [0x0000000080000000,0x000000008306d588,0x0000000084300000)
 Metaspace       used 49149K, committed 50432K, reserved 1114112K
  class space    used 5291K, committed 5824K, reserved 1048576K
}
Event: 4.956 GC heap before
{Heap before GC invocations=32 (full 2):
 PSYoungGen      total 22016K, used 21605K [0x00000000d5580000, 0x00000000d6f80000, 0x0000000100000000)
  eden space 20992K, 99% used [0x00000000d5580000,0x00000000d69f9610,0x00000000d6a00000)
  from space 1024K, 62% used [0x00000000d6a00000,0x00000000d6aa0000,0x00000000d6b00000)
  to   space 2560K, 0% used [0x00000000d6d00000,0x00000000d6d00000,0x00000000d6f80000)
 ParOldGen       total 68608K, used 49589K [0x0000000080000000, 0x0000000084300000, 0x00000000d5580000)
  object space 68608K, 72% used [0x0000000080000000,0x000000008306d588,0x0000000084300000)
 Metaspace       used 51069K, committed 52480K, reserved 1114112K
  class space    used 5529K, committed 6144K, reserved 1048576K
}
Event: 4.958 GC heap after
{Heap after GC invocations=32 (full 2):
 PSYoungGen      total 23040K, used 1900K [0x00000000d5580000, 0x00000000d6f00000, 0x0000000100000000)
  eden space 20992K, 0% used [0x00000000d5580000,0x00000000d5580000,0x00000000d6a00000)
  from space 2048K, 92% used [0x00000000d6d00000,0x00000000d6edb008,0x00000000d6f00000)
  to   space 2560K, 0% used [0x00000000d6a00000,0x00000000d6a00000,0x00000000d6c80000)
 ParOldGen       total 68608K, used 50005K [0x0000000080000000, 0x0000000084300000, 0x00000000d5580000)
  object space 68608K, 72% used [0x0000000080000000,0x00000000830d5588,0x0000000084300000)
 Metaspace       used 51069K, committed 52480K, reserved 1114112K
  class space    used 5529K, committed 6144K, reserved 1048576K
}
Event: 5.149 GC heap before
{Heap before GC invocations=33 (full 2):
 PSYoungGen      total 23040K, used 22892K [0x00000000d5580000, 0x00000000d6f00000, 0x0000000100000000)
  eden space 20992K, 100% used [0x00000000d5580000,0x00000000d6a00000,0x00000000d6a00000)
  from space 2048K, 92% used [0x00000000d6d00000,0x00000000d6edb008,0x00000000d6f00000)
  to   space 2560K, 0% used [0x00000000d6a00000,0x00000000d6a00000,0x00000000d6c80000)
 ParOldGen       total 68608K, used 50005K [0x0000000080000000, 0x0000000084300000, 0x00000000d5580000)
  object space 68608K, 72% used [0x0000000080000000,0x00000000830d5588,0x0000000084300000)
 Metaspace       used 52241K, committed 53568K, reserved 1114112K
  class space    used 5676K, committed 6272K, reserved 1048576K
}
Event: 5.150 GC heap after
{Heap after GC invocations=33 (full 2):
 PSYoungGen      total 21504K, used 512K [0x00000000d5580000, 0x00000000d6d80000, 0x0000000100000000)
  eden space 20992K, 0% used [0x00000000d5580000,0x00000000d5580000,0x00000000d6a00000)
  from space 512K, 100% used [0x00000000d6a00000,0x00000000d6a80000,0x00000000d6a80000)
  to   space 1536K, 0% used [0x00000000d6c00000,0x00000000d6c00000,0x00000000d6d80000)
 ParOldGen       total 68608K, used 51456K [0x0000000080000000, 0x0000000084300000, 0x00000000d5580000)
  object space 68608K, 75% used [0x0000000080000000,0x0000000083240048,0x0000000084300000)
 Metaspace       used 52241K, committed 53568K, reserved 1114112K
  class space    used 5676K, committed 6272K, reserved 1048576K
}
Event: 5.312 GC heap before
{Heap before GC invocations=34 (full 2):
 PSYoungGen      total 21504K, used 21504K [0x00000000d5580000, 0x00000000d6d80000, 0x0000000100000000)
  eden space 20992K, 100% used [0x00000000d5580000,0x00000000d6a00000,0x00000000d6a00000)
  from space 512K, 100% used [0x00000000d6a00000,0x00000000d6a80000,0x00000000d6a80000)
  to   space 1536K, 0% used [0x00000000d6c00000,0x00000000d6c00000,0x00000000d6d80000)
 ParOldGen       total 68608K, used 51456K [0x0000000080000000, 0x0000000084300000, 0x00000000d5580000)
  object space 68608K, 75% used [0x0000000080000000,0x0000000083240048,0x0000000084300000)
 Metaspace       used 53729K, committed 55104K, reserved 1114112K
  class space    used 5824K, committed 6400K, reserved 1048576K
}
Event: 5.313 GC heap after
{Heap after GC invocations=34 (full 2):
 PSYoungGen      total 22016K, used 736K [0x00000000d5580000, 0x00000000d6d00000, 0x0000000100000000)
  eden space 20992K, 0% used [0x00000000d5580000,0x00000000d5580000,0x00000000d6a00000)
  from space 1024K, 71% used [0x00000000d6c00000,0x00000000d6cb8010,0x00000000d6d00000)
  to   space 1024K, 0% used [0x00000000d6b00000,0x00000000d6b00000,0x00000000d6c00000)
 ParOldGen       total 68608K, used 51752K [0x0000000080000000, 0x0000000084300000, 0x00000000d5580000)
  object space 68608K, 75% used [0x0000000080000000,0x000000008328a048,0x0000000084300000)
 Metaspace       used 53729K, committed 55104K, reserved 1114112K
  class space    used 5824K, committed 6400K, reserved 1048576K
}
Event: 5.465 GC heap before
{Heap before GC invocations=35 (full 2):
 PSYoungGen      total 22016K, used 21728K [0x00000000d5580000, 0x00000000d6d00000, 0x0000000100000000)
  eden space 20992K, 100% used [0x00000000d5580000,0x00000000d6a00000,0x00000000d6a00000)
  from space 1024K, 71% used [0x00000000d6c00000,0x00000000d6cb8010,0x00000000d6d00000)
  to   space 1024K, 0% used [0x00000000d6b00000,0x00000000d6b00000,0x00000000d6c00000)
 ParOldGen       total 68608K, used 51752K [0x0000000080000000, 0x0000000084300000, 0x00000000d5580000)
  object space 68608K, 75% used [0x0000000080000000,0x000000008328a048,0x0000000084300000)
 Metaspace       used 55168K, committed 56576K, reserved 1114112K
  class space    used 5939K, committed 6528K, reserved 1048576K
}
Event: 5.466 GC heap after
{Heap after GC invocations=35 (full 2):
 PSYoungGen      total 22016K, used 640K [0x00000000d5580000, 0x00000000d6c80000, 0x0000000100000000)
  eden space 20992K, 0% used [0x00000000d5580000,0x00000000d5580000,0x00000000d6a00000)
  from space 1024K, 62% used [0x00000000d6b00000,0x00000000d6ba0000,0x00000000d6c00000)
  to   space 512K, 0% used [0x00000000d6c00000,0x00000000d6c00000,0x00000000d6c80000)
 ParOldGen       total 68608K, used 52320K [0x0000000080000000, 0x0000000084300000, 0x00000000d5580000)
  object space 68608K, 76% used [0x0000000080000000,0x0000000083318078,0x0000000084300000)
 Metaspace       used 55168K, committed 56576K, reserved 1114112K
  class space    used 5939K, committed 6528K, reserved 1048576K
}
Event: 5.543 GC heap before
{Heap before GC invocations=36 (full 2):
 PSYoungGen      total 22016K, used 21632K [0x00000000d5580000, 0x00000000d6c80000, 0x0000000100000000)
  eden space 20992K, 100% used [0x00000000d5580000,0x00000000d6a00000,0x00000000d6a00000)
  from space 1024K, 62% used [0x00000000d6b00000,0x00000000d6ba0000,0x00000000d6c00000)
  to   space 512K, 0% used [0x00000000d6c00000,0x00000000d6c00000,0x00000000d6c80000)
 ParOldGen       total 68608K, used 52320K [0x0000000080000000, 0x0000000084300000, 0x00000000d5580000)
  object space 68608K, 76% used [0x0000000080000000,0x0000000083318078,0x0000000084300000)
 Metaspace       used 55520K, committed 57024K, reserved 1114112K
  class space    used 5963K, committed 6592K, reserved 1048576K
}
Event: 5.544 GC heap after
{Heap after GC invocations=36 (full 2):
 PSYoungGen      total 20992K, used 511K [0x00000000d5580000, 0x00000000d6f00000, 0x0000000100000000)
  eden space 20480K, 0% used [0x00000000d5580000,0x00000000d5580000,0x00000000d6980000)
  from space 512K, 99% used [0x00000000d6c00000,0x00000000d6c7ff60,0x00000000d6c80000)
  to   space 2560K, 0% used [0x00000000d6980000,0x00000000d6980000,0x00000000d6c00000)
 ParOldGen       total 68608K, used 53792K [0x0000000080000000, 0x0000000084300000, 0x00000000d5580000)
  object space 68608K, 78% used [0x0000000080000000,0x0000000083488388,0x0000000084300000)
 Metaspace       used 55520K, committed 57024K, reserved 1114112K
  class space    used 5963K, committed 6592K, reserved 1048576K
}
Event: 5.576 GC heap before
{Heap before GC invocations=37 (full 2):
 PSYoungGen      total 20992K, used 20991K [0x00000000d5580000, 0x00000000d6f00000, 0x0000000100000000)
  eden space 20480K, 100% used [0x00000000d5580000,0x00000000d6980000,0x00000000d6980000)
  from space 512K, 99% used [0x00000000d6c00000,0x00000000d6c7ff60,0x00000000d6c80000)
  to   space 2560K, 0% used [0x00000000d6980000,0x00000000d6980000,0x00000000d6c00000)
 ParOldGen       total 68608K, used 53792K [0x0000000080000000, 0x0000000084300000, 0x00000000d5580000)
  object space 68608K, 78% used [0x0000000080000000,0x0000000083488388,0x0000000084300000)
 Metaspace       used 55718K, committed 57216K, reserved 1114112K
  class space    used 5968K, committed 6592K, reserved 1048576K
}
Event: 5.577 GC heap after
{Heap after GC invocations=37 (full 2):
 PSYoungGen      total 20992K, used 256K [0x00000000d5580000, 0x00000000d6c80000, 0x0000000100000000)
  eden space 20480K, 0% used [0x00000000d5580000,0x00000000d5580000,0x00000000d6980000)
  from space 512K, 50% used [0x00000000d6980000,0x00000000d69c0000,0x00000000d6a00000)
  to   space 1024K, 0% used [0x00000000d6b80000,0x00000000d6b80000,0x00000000d6c80000)
 ParOldGen       total 68608K, used 54016K [0x0000000080000000, 0x0000000084300000, 0x00000000d5580000)
  object space 68608K, 78% used [0x0000000080000000,0x00000000834c0398,0x0000000084300000)
 Metaspace       used 55718K, committed 57216K, reserved 1114112K
  class space    used 5968K, committed 6592K, reserved 1048576K
}

