# JRE version: OpenJDK Runtime Environment Temurin-21.0.8+9 (21.0.8+9) (build 21.0.8+9-LTS)
# Java VM: OpenJDK 64-Bit Server VM Temurin-21.0.8+9 (21.0.8+9-LTS, mixed mode, sharing, tiered, compressed oops, compressed class ptrs, parallel gc, windows-amd64)
GC Precious Log:
 CardTable entry size: 512
 CPUs: 16 total, 16 available
 Memory: 16085M
 Large Page Support: Disabled
 NUMA Support: Disabled
 Compressed Oops: Enabled (32-bit)
 Alignments: Space 512K, Generation 512K, Heap 2M
 Heap Min Capacity: 100M
 Heap Initial Capacity: 100M
 Heap Max Capacity: 2G
 Pre-touch: Disabled
 Parallel Workers: 13
Heap:
 PSYoungGen      total 12800K, used 12788K [0x00000000d5580000, 0x00000000d6b80000, 0x0000000100000000)
  eden space 11264K, 100% used [0x00000000d5580000,0x00000000d6080000,0x00000000d6080000)
  from space 1536K, 99% used [0x00000000d6080000,0x00000000d61fd320,0x00000000d6200000)
  to   space 5632K, 89% used [0x00000000d6600000,0x00000000d6ae6e98,0x00000000d6b80000)
 ParOldGen       total 425984K, used 425835K [0x0000000080000000, 0x000000009a000000, 0x00000000d5580000)
  object space 425984K, 99% used [0x0000000080000000,0x0000000099fdad20,0x000000009a000000)
 Metaspace       used 78019K, committed 79616K, reserved 1179648K
  class space    used 7740K, committed 8448K, reserved 1048576K
GC Heap History (20 events):
Event: 669.841 GC heap before
{Heap before GC invocations=710 (full 4):
 PSYoungGen      total 10752K, used 10480K [0x00000000d5580000, 0x00000000d6580000, 0x0000000100000000)
  eden space 9728K, 100% used [0x00000000d5580000,0x00000000d5f00000,0x00000000d5f00000)
  from space 1024K, 73% used [0x00000000d6280000,0x00000000d633c030,0x00000000d6380000)
  to   space 1536K, 0% used [0x00000000d6400000,0x00000000d6400000,0x00000000d6580000)
 ParOldGen       total 412160K, used 411862K [0x0000000080000000, 0x0000000099280000, 0x00000000d5580000)
  object space 412160K, 99% used [0x0000000080000000,0x0000000099235bd8,0x0000000099280000)
 Metaspace       used 77987K, committed 79616K, reserved 1179648K
  class space    used 7740K, committed 8448K, reserved 1048576K
}
Event: 669.843 GC heap after
{Heap after GC invocations=710 (full 4):
 PSYoungGen      total 11264K, used 1513K [0x00000000d5580000, 0x00000000d6580000, 0x0000000100000000)
  eden space 9728K, 0% used [0x00000000d5580000,0x00000000d5580000,0x00000000d5f00000)
  from space 1536K, 98% used [0x00000000d6400000,0x00000000d657a400,0x00000000d6580000)
  to   space 2048K, 0% used [0x00000000d6180000,0x00000000d6180000,0x00000000d6380000)
 ParOldGen       total 412672K, used 412471K [0x0000000080000000, 0x0000000099300000, 0x00000000d5580000)
  object space 412672K, 99% used [0x0000000080000000,0x00000000992cdc18,0x0000000099300000)
 Metaspace       used 77987K, committed 79616K, reserved 1179648K
  class space    used 7740K, committed 8448K, reserved 1048576K
}
Event: 669.849 GC heap before
{Heap before GC invocations=711 (full 4):
 PSYoungGen      total 11264K, used 11241K [0x00000000d5580000, 0x00000000d6580000, 0x0000000100000000)
  eden space 9728K, 100% used [0x00000000d5580000,0x00000000d5f00000,0x00000000d5f00000)
  from space 1536K, 98% used [0x00000000d6400000,0x00000000d657a400,0x00000000d6580000)
  to   space 2048K, 0% used [0x00000000d6180000,0x00000000d6180000,0x00000000d6380000)
 ParOldGen       total 412672K, used 412471K [0x0000000080000000, 0x0000000099300000, 0x00000000d5580000)
  object space 412672K, 99% used [0x0000000080000000,0x00000000992cdc18,0x0000000099300000)
 Metaspace       used 78000K, committed 79616K, reserved 1179648K
  class space    used 7740K, committed 8448K, reserved 1048576K
}
Event: 669.852 GC heap after
{Heap after GC invocations=711 (full 4):
 PSYoungGen      total 12800K, used 896K [0x00000000d5580000, 0x00000000d6480000, 0x0000000100000000)
  eden space 11776K, 0% used [0x00000000d5580000,0x00000000d5580000,0x00000000d6100000)
  from space 1024K, 87% used [0x00000000d6180000,0x00000000d6260020,0x00000000d6280000)
  to   space 1536K, 0% used [0x00000000d6300000,0x00000000d6300000,0x00000000d6480000)
 ParOldGen       total 414208K, used 413784K [0x0000000080000000, 0x0000000099480000, 0x00000000d5580000)
  object space 414208K, 99% used [0x0000000080000000,0x0000000099416290,0x0000000099480000)
 Metaspace       used 78000K, committed 79616K, reserved 1179648K
  class space    used 7740K, committed 8448K, reserved 1048576K
}
Event: 669.880 GC heap before
{Heap before GC invocations=712 (full 4):
 PSYoungGen      total 12800K, used 12672K [0x00000000d5580000, 0x00000000d6480000, 0x0000000100000000)
  eden space 11776K, 100% used [0x00000000d5580000,0x00000000d6100000,0x00000000d6100000)
  from space 1024K, 87% used [0x00000000d6180000,0x00000000d6260020,0x00000000d6280000)
  to   space 1536K, 0% used [0x00000000d6300000,0x00000000d6300000,0x00000000d6480000)
 ParOldGen       total 414208K, used 413784K [0x0000000080000000, 0x0000000099480000, 0x00000000d5580000)
  object space 414208K, 99% used [0x0000000080000000,0x0000000099416290,0x0000000099480000)
 Metaspace       used 78000K, committed 79616K, reserved 1179648K
  class space    used 7740K, committed 8448K, reserved 1048576K
}
Event: 669.882 GC heap after
{Heap after GC invocations=712 (full 4):
 PSYoungGen      total 13312K, used 1364K [0x00000000d5580000, 0x00000000d6480000, 0x0000000100000000)
  eden space 11776K, 0% used [0x00000000d5580000,0x00000000d5580000,0x00000000d6100000)
  from space 1536K, 88% used [0x00000000d6300000,0x00000000d6455200,0x00000000d6480000)
  to   space 1536K, 0% used [0x00000000d6180000,0x00000000d6180000,0x00000000d6300000)
 ParOldGen       total 414720K, used 414544K [0x0000000080000000, 0x0000000099500000, 0x00000000d5580000)
  object space 414720K, 99% used [0x0000000080000000,0x00000000994d4310,0x0000000099500000)
 Metaspace       used 78000K, committed 79616K, reserved 1179648K
  class space    used 7740K, committed 8448K, reserved 1048576K
}
Event: 669.909 GC heap before
{Heap before GC invocations=713 (full 4):
 PSYoungGen      total 13312K, used 13140K [0x00000000d5580000, 0x00000000d6480000, 0x0000000100000000)
  eden space 11776K, 100% used [0x00000000d5580000,0x00000000d6100000,0x00000000d6100000)
  from space 1536K, 88% used [0x00000000d6300000,0x00000000d6455200,0x00000000d6480000)
  to   space 1536K, 0% used [0x00000000d6180000,0x00000000d6180000,0x00000000d6300000)
 ParOldGen       total 414720K, used 414544K [0x0000000080000000, 0x0000000099500000, 0x00000000d5580000)
  object space 414720K, 99% used [0x0000000080000000,0x00000000994d4310,0x0000000099500000)
 Metaspace       used 78000K, committed 79616K, reserved 1179648K
  class space    used 7740K, committed 8448K, reserved 1048576K
}
Event: 669.910 GC heap after
{Heap after GC invocations=713 (full 4):
 PSYoungGen      total 13312K, used 1284K [0x00000000d5580000, 0x00000000d6400000, 0x0000000100000000)
  eden space 11776K, 0% used [0x00000000d5580000,0x00000000d5580000,0x00000000d6100000)
  from space 1536K, 83% used [0x00000000d6180000,0x00000000d62c1210,0x00000000d6300000)
  to   space 1024K, 0% used [0x00000000d6300000,0x00000000d6300000,0x00000000d6400000)
 ParOldGen       total 415744K, used 415722K [0x0000000080000000, 0x0000000099600000, 0x00000000d5580000)
  object space 415744K, 99% used [0x0000000080000000,0x00000000995fa960,0x0000000099600000)
 Metaspace       used 78000K, committed 79616K, reserved 1179648K
  class space    used 7740K, committed 8448K, reserved 1048576K
}
Event: 669.927 GC heap before
{Heap before GC invocations=714 (full 4):
 PSYoungGen      total 13312K, used 13060K [0x00000000d5580000, 0x00000000d6400000, 0x0000000100000000)
  eden space 11776K, 100% used [0x00000000d5580000,0x00000000d6100000,0x00000000d6100000)
  from space 1536K, 83% used [0x00000000d6180000,0x00000000d62c1210,0x00000000d6300000)
  to   space 1024K, 0% used [0x00000000d6300000,0x00000000d6300000,0x00000000d6400000)
 ParOldGen       total 415744K, used 415722K [0x0000000080000000, 0x0000000099600000, 0x00000000d5580000)
  object space 415744K, 99% used [0x0000000080000000,0x00000000995fa960,0x0000000099600000)
 Metaspace       used 78001K, committed 79616K, reserved 1179648K
  class space    used 7740K, committed 8448K, reserved 1048576K
}
Event: 669.930 GC heap after
{Heap after GC invocations=714 (full 4):
 PSYoungGen      total 12288K, used 1012K [0x00000000d5580000, 0x00000000d6600000, 0x0000000100000000)
  eden space 11264K, 0% used [0x00000000d5580000,0x00000000d5580000,0x00000000d6080000)
  from space 1024K, 98% used [0x00000000d6300000,0x00000000d63fd200,0x00000000d6400000)
  to   space 2560K, 0% used [0x00000000d6080000,0x00000000d6080000,0x00000000d6300000)
 ParOldGen       total 417280K, used 416979K [0x0000000080000000, 0x0000000099780000, 0x00000000d5580000)
  object space 417280K, 99% used [0x0000000080000000,0x0000000099734ff0,0x0000000099780000)
 Metaspace       used 78001K, committed 79616K, reserved 1179648K
  class space    used 7740K, committed 8448K, reserved 1048576K
}
Event: 669.948 GC heap before
{Heap before GC invocations=715 (full 4):
 PSYoungGen      total 12288K, used 12276K [0x00000000d5580000, 0x00000000d6600000, 0x0000000100000000)
  eden space 11264K, 100% used [0x00000000d5580000,0x00000000d6080000,0x00000000d6080000)
  from space 1024K, 98% used [0x00000000d6300000,0x00000000d63fd200,0x00000000d6400000)
  to   space 2560K, 0% used [0x00000000d6080000,0x00000000d6080000,0x00000000d6300000)
 ParOldGen       total 417280K, used 416979K [0x0000000080000000, 0x0000000099780000, 0x00000000d5580000)
  object space 417280K, 99% used [0x0000000080000000,0x0000000099734ff0,0x0000000099780000)
 Metaspace       used 78006K, committed 79616K, reserved 1179648K
  class space    used 7740K, committed 8448K, reserved 1048576K
}
Event: 669.950 GC heap after
{Heap after GC invocations=715 (full 4):
 PSYoungGen      total 12800K, used 1252K [0x00000000d5580000, 0x00000000d6480000, 0x0000000100000000)
  eden space 11264K, 0% used [0x00000000d5580000,0x00000000d5580000,0x00000000d6080000)
  from space 1536K, 81% used [0x00000000d6080000,0x00000000d61b9210,0x00000000d6200000)
  to   space 2048K, 0% used [0x00000000d6280000,0x00000000d6280000,0x00000000d6480000)
 ParOldGen       total 418304K, used 417957K [0x0000000080000000, 0x0000000099880000, 0x00000000d5580000)
  object space 418304K, 99% used [0x0000000080000000,0x0000000099829640,0x0000000099880000)
 Metaspace       used 78006K, committed 79616K, reserved 1179648K
  class space    used 7740K, committed 8448K, reserved 1048576K
}
Event: 669.969 GC heap before
{Heap before GC invocations=716 (full 4):
 PSYoungGen      total 12800K, used 12516K [0x00000000d5580000, 0x00000000d6480000, 0x0000000100000000)
  eden space 11264K, 100% used [0x00000000d5580000,0x00000000d6080000,0x00000000d6080000)
  from space 1536K, 81% used [0x00000000d6080000,0x00000000d61b9210,0x00000000d6200000)
  to   space 2048K, 0% used [0x00000000d6280000,0x00000000d6280000,0x00000000d6480000)
 ParOldGen       total 418304K, used 417957K [0x0000000080000000, 0x0000000099880000, 0x00000000d5580000)
  object space 418304K, 99% used [0x0000000080000000,0x0000000099829640,0x0000000099880000)
 Metaspace       used 78009K, committed 79616K, reserved 1179648K
  class space    used 7740K, committed 8448K, reserved 1048576K
}
Event: 669.971 GC heap after
{Heap after GC invocations=716 (full 4):
 PSYoungGen      total 12800K, used 1268K [0x00000000d5580000, 0x00000000d6400000, 0x0000000100000000)
  eden space 11264K, 0% used [0x00000000d5580000,0x00000000d5580000,0x00000000d6080000)
  from space 1536K, 82% used [0x00000000d6280000,0x00000000d63bd200,0x00000000d6400000)
  to   space 1536K, 0% used [0x00000000d6080000,0x00000000d6080000,0x00000000d6200000)
 ParOldGen       total 419328K, used 419095K [0x0000000080000000, 0x0000000099980000, 0x00000000d5580000)
  object space 419328K, 99% used [0x0000000080000000,0x0000000099945cd0,0x0000000099980000)
 Metaspace       used 78009K, committed 79616K, reserved 1179648K
  class space    used 7740K, committed 8448K, reserved 1048576K
}
Event: 669.986 GC heap before
{Heap before GC invocations=717 (full 4):
 PSYoungGen      total 12800K, used 12532K [0x00000000d5580000, 0x00000000d6400000, 0x0000000100000000)
  eden space 11264K, 100% used [0x00000000d5580000,0x00000000d6080000,0x00000000d6080000)
  from space 1536K, 82% used [0x00000000d6280000,0x00000000d63bd200,0x00000000d6400000)
  to   space 1536K, 0% used [0x00000000d6080000,0x00000000d6080000,0x00000000d6200000)
 ParOldGen       total 419328K, used 419095K [0x0000000080000000, 0x0000000099980000, 0x00000000d5580000)
  object space 419328K, 99% used [0x0000000080000000,0x0000000099945cd0,0x0000000099980000)
 Metaspace       used 78009K, committed 79616K, reserved 1179648K
  class space    used 7740K, committed 8448K, reserved 1048576K
}
Event: 669.988 GC heap after
{Heap after GC invocations=717 (full 4):
 PSYoungGen      total 12800K, used 1204K [0x00000000d5580000, 0x00000000d6380000, 0x0000000100000000)
  eden space 11264K, 0% used [0x00000000d5580000,0x00000000d5580000,0x00000000d6080000)
  from space 1536K, 78% used [0x00000000d6080000,0x00000000d61ad200,0x00000000d6200000)
  to   space 1536K, 0% used [0x00000000d6200000,0x00000000d6200000,0x00000000d6380000)
 ParOldGen       total 420352K, used 420176K [0x0000000080000000, 0x0000000099a80000, 0x00000000d5580000)
  object space 420352K, 99% used [0x0000000080000000,0x0000000099a54340,0x0000000099a80000)
 Metaspace       used 78009K, committed 79616K, reserved 1179648K
  class space    used 7740K, committed 8448K, reserved 1048576K
}
Event: 670.013 GC heap before
{Heap before GC invocations=718 (full 4):
 PSYoungGen      total 12800K, used 12468K [0x00000000d5580000, 0x00000000d6380000, 0x0000000100000000)
  eden space 11264K, 100% used [0x00000000d5580000,0x00000000d6080000,0x00000000d6080000)
  from space 1536K, 78% used [0x00000000d6080000,0x00000000d61ad200,0x00000000d6200000)
  to   space 1536K, 0% used [0x00000000d6200000,0x00000000d6200000,0x00000000d6380000)
 ParOldGen       total 420352K, used 420176K [0x0000000080000000, 0x0000000099a80000, 0x00000000d5580000)
  object space 420352K, 99% used [0x0000000080000000,0x0000000099a54340,0x0000000099a80000)
 Metaspace       used 78009K, committed 79616K, reserved 1179648K
  class space    used 7740K, committed 8448K, reserved 1048576K
}
Event: 670.014 GC heap after
{Heap after GC invocations=718 (full 4):
 PSYoungGen      total 12800K, used 1274K [0x00000000d5580000, 0x00000000d6380000, 0x0000000100000000)
  eden space 11264K, 0% used [0x00000000d5580000,0x00000000d5580000,0x00000000d6080000)
  from space 1536K, 82% used [0x00000000d6200000,0x00000000d633e900,0x00000000d6380000)
  to   space 1536K, 0% used [0x00000000d6080000,0x00000000d6080000,0x00000000d6200000)
 ParOldGen       total 421376K, used 421274K [0x0000000080000000, 0x0000000099b80000, 0x00000000d5580000)
  object space 421376K, 99% used [0x0000000080000000,0x0000000099b669b0,0x0000000099b80000)
 Metaspace       used 78009K, committed 79616K, reserved 1179648K
  class space    used 7740K, committed 8448K, reserved 1048576K
}
Event: 670.033 GC heap before
{Heap before GC invocations=719 (full 4):
 PSYoungGen      total 12800K, used 12538K [0x00000000d5580000, 0x00000000d6380000, 0x0000000100000000)
  eden space 11264K, 100% used [0x00000000d5580000,0x00000000d6080000,0x00000000d6080000)
  from space 1536K, 82% used [0x00000000d6200000,0x00000000d633e900,0x00000000d6380000)
  to   space 1536K, 0% used [0x00000000d6080000,0x00000000d6080000,0x00000000d6200000)
 ParOldGen       total 421376K, used 421274K [0x0000000080000000, 0x0000000099b80000, 0x00000000d5580000)
  object space 421376K, 99% used [0x0000000080000000,0x0000000099b669b0,0x0000000099b80000)
 Metaspace       used 78014K, committed 79616K, reserved 1179648K
  class space    used 7740K, committed 8448K, reserved 1048576K
}
Event: 670.035 GC heap after
{Heap after GC invocations=719 (full 4):
 PSYoungGen      total 12800K, used 1524K [0x00000000d5580000, 0x00000000d6b80000, 0x0000000100000000)
  eden space 11264K, 0% used [0x00000000d5580000,0x00000000d5580000,0x00000000d6080000)
  from space 1536K, 99% used [0x00000000d6080000,0x00000000d61fd320,0x00000000d6200000)
  to   space 5632K, 0% used [0x00000000d6600000,0x00000000d6600000,0x00000000d6b80000)
 ParOldGen       total 424960K, used 424604K [0x0000000080000000, 0x0000000099f00000, 0x00000000d5580000)
  object space 424960K, 99% used [0x0000000080000000,0x0000000099ea7050,0x0000000099f00000)
 Metaspace       used 78014K, committed 79616K, reserved 1179648K
  class space    used 7740K, committed 8448K, reserved 1048576K
}

